2015-07-12 21:58:24 : ~~~ Clash Game Bot v4.0 Powered by GameBot.org ~~~
2015-07-12 21:58:24 : Au3 Script running on WIN_81  X64
2015-07-12 21:58:24 : =================== Bot Start ====================
2015-07-12 21:58:25 : Trying to locate Main Screen
2015-07-12 21:58:25 : Main Screen Located
2015-07-12 21:58:26 : Detecting your Buildings..
2015-07-12 21:58:32 : Your Town Hall is Level: 8
2015-07-12 21:58:33 : Language setting is English: Correct.
2015-07-12 21:58:34 : Trying to locate Main Screen
2015-07-12 21:58:34 : Main Screen Located
2015-07-12 21:58:35 : Halt Attack, Stay Online/Train/Collect/Donate...
2015-07-12 21:58:38 : Collecting Resources
2015-07-12 21:58:45 : Checking if Village needs Rearming..
2015-07-12 21:58:56 : Village Report
2015-07-12 21:58:56 : No. of Free/Total Builders: 0/5
2015-07-12 21:58:56 :  [T]: 3 136
2015-07-12 21:58:57 :  [G]: 1 237 654 [E]: 5 800 776 [D]: 78 543 [GEM]: 2 027
2015-07-12 21:58:59 : Donation not Planned, Skipped..
2015-07-12 21:59:00 : Checking Army Camp...
2015-07-12 21:59:02 : Total Army Camp capacity: 185/200
2015-07-12 21:59:02 : Training Troops...
2015-07-12 21:59:22 : Request CC not Planned, Skipped..
2015-07-12 21:59:24 : Checking Upgrade
2015-07-12 21:59:25 : Updating Village Resource Values
2015-07-12 21:59:25 : No. of Free/Total Builders: 0/5
2015-07-12 21:59:25 :  [T]: 3 136
2015-07-12 21:59:25 :  [G]: 1 237 654 [E]: 5 623 776 [D]: 78 508 [GEM]: 2 027
2015-07-12 21:59:25 : No builder available for upgrades
2015-07-12 21:59:26 : No free builder, Upgrade Walls skipped..
2015-07-12 21:59:27 : Mode: 
2015-07-12 21:59:29 : Trying to locate Main Screen
2015-07-12 21:59:29 : Main Screen Located
2015-07-12 21:59:30 : Halt Attack, Stay Online/Train/Collect/Donate...
2015-07-12 21:59:33 : Collecting Resources
2015-07-12 21:59:40 : Checking if Village needs Rearming..
2015-07-12 21:59:46 : ClashGameBot was Paused!
