2015-07-11 17:45:21 : ~~~ Clash Game Bot v4.0 Powered by GameBot.org ~~~
2015-07-11 17:45:21 : Au3 Script running on WIN_81  X64
2015-07-11 17:45:21 : =================== Bot Start ====================
2015-07-11 17:45:21 : Trying to locate Main Screen
2015-07-11 17:45:21 : Main Screen Located
2015-07-11 17:45:22 : Detecting your Buildings..
2015-07-11 17:45:23 : Town Hall Position: 433, 308
2015-07-11 17:45:24 : Taking snapshot for later review
2015-07-11 17:45:29 : Read building Name String = Town Hall (Level 8)
2015-07-11 17:45:29 : 1st $aString = 2, Town Hall , Level 8)
2015-07-11 17:45:29 : 2nd $aString = 2, Level 8, 
2015-07-11 17:45:29 : 3rd $aString = 2, Level, 8
2015-07-11 17:45:29 : Your Town Hall is Level: 8
2015-07-11 17:45:30 : Language setting is English: Correct.
2015-07-11 17:45:31 : Trying to locate Main Screen
2015-07-11 17:45:31 : Main Screen Located
2015-07-11 17:45:32 : Halt Attack, Stay Online/Train/Collect/Donate...
2015-07-11 17:45:35 : Collecting Resources
2015-07-11 17:45:43 : Checking if Village needs Rearming..
2015-07-11 17:45:45 : Taking snapshot for later review
2015-07-11 17:45:54 : Village Report
2015-07-11 17:45:54 : No. of Free/Total Builders: 0/5
2015-07-11 17:45:54 :  [T]: 3 166
2015-07-11 17:45:54 :  [G]: 405 013 [E]: 5 355 045 [D]: 78 842 [GEM]: 2 021
2015-07-11 17:45:59 : Func Train 
2015-07-11 17:45:59 : Checking Army Camp...
2015-07-11 17:46:01 : $sArmyInfo = 199#200
2015-07-11 17:46:01 : $CurCamp = 199
2015-07-11 17:46:01 : $TotalCamp = 200
2015-07-11 17:46:01 : Total Army Camp capacity: 199/200
2015-07-11 17:46:02 : Training Troops...
2015-07-11 17:46:04 : This is not a Barrack
2015-07-11 17:46:04 : Barrack1 selected
2015-07-11 17:46:04 : Barrack1 selected
2015-07-11 17:46:04 : Barrack1 selected
2015-07-11 17:46:05 : Barrack2 selected
2015-07-11 17:46:05 : Barrack2 selected
2015-07-11 17:46:05 : Barrack3 selected
2015-07-11 17:46:05 : Barrack3 selected
2015-07-11 17:46:06 : Barrack4 selected
2015-07-11 17:46:06 : Barrack4 selected
2015-07-11 17:46:07 : This is not a Barrack
2015-07-11 17:46:07 : This is not a Barrack
2015-07-11 17:46:07 : This is not a Barrack
2015-07-11 17:46:07 : This is not a Barrack
2015-07-11 17:46:07 : This is not a Barrack
2015-07-11 17:46:08 : Barrack4 selected
2015-07-11 17:46:08 : AfterAttack: True
2015-07-11 17:46:11 : Barrack3 selected
2015-07-11 17:46:11 : AfterAttack: True
2015-07-11 17:46:14 : Barrack2 selected
2015-07-11 17:46:14 : AfterAttack: True
2015-07-11 17:46:16 : Barrack1 selected
2015-07-11 17:46:16 : AfterAttack: True
2015-07-11 17:46:18 : This is not a Barrack
2015-07-11 17:46:19 : This is not a Dark Barrack
2015-07-11 17:46:20 : Dark Barrack2 selected
2015-07-11 17:46:20 : Dark Barrack2 selected
2015-07-11 17:46:20 : ====== Check Dark Barrack: 1 ======
