2015-07-12 16:54:00 : ~~~ Clash Game Bot v4.0 Powered by GameBot.org ~~~
2015-07-12 16:54:01 : Au3 Script running on WIN_81  X64
2015-07-12 16:54:01 : =================== Bot Start ====================
2015-07-12 16:54:01 : Trying to locate Main Screen
2015-07-12 16:54:01 : Main Screen Located
2015-07-12 16:54:02 : Detecting your Buildings..
2015-07-12 16:54:08 : Your Town Hall is Level: 8
2015-07-12 16:54:09 : Language setting is English: Correct.
2015-07-12 16:54:10 : Trying to locate Main Screen
2015-07-12 16:54:10 : Main Screen Located
2015-07-12 16:54:13 : Collecting Resources
2015-07-12 16:54:20 : Checking if Village needs Rearming..
2015-07-12 16:54:31 : Village Report
2015-07-12 16:54:31 : No. of Free/Total Builders: 0/5
2015-07-12 16:54:31 :  [T]: 3 157
2015-07-12 16:54:31 :  [G]: 985 802 [E]: 6 001 000 [D]: 80 000 [GEM]: 2 027
2015-07-12 16:54:35 : Chat Request: any
2015-07-12 16:54:35 : Custom Donation Keyword found: any
2015-07-12 16:54:36 : Donating 1 Dragons
2015-07-12 16:54:36 : Donating 1 Archers
2015-07-12 16:54:37 : Donating 2 Minions
2015-07-12 16:54:39 : Chat Request: I need reinforcement troops
2015-07-12 16:54:41 : Checking Army Camp...
2015-07-12 16:54:43 : Total Army Camp capacity: 198/200
2015-07-12 16:54:43 : Training Troops...
2015-07-12 16:55:03 : Requesting Clan Castle Troops
2015-07-12 16:55:04 : Your Clan Castle is already full or you are not in a clan.
2015-07-12 16:55:06 : Checking Upgrade
2015-07-12 16:55:07 : Updating Village Resource Values
2015-07-12 16:55:07 : No. of Free/Total Builders: 0/5
2015-07-12 16:55:07 :  [T]: 3 157
2015-07-12 16:55:07 :  [G]: 985 802 [E]: 5 911 000 [D]: 79 965 [GEM]: 2 027
2015-07-12 16:55:07 : No builder available for upgrades
2015-07-12 16:55:08 : No free builder, Upgrade Walls skipped..
2015-07-12 16:55:10 : Going to Attack...
2015-07-12 16:55:15 : ============== Searching For Live Base ===============
2015-07-12 16:55:15 : ~~~~~~~~~~~~~~~ SEARCH CONDITIONS ~~~~~~~~~~~~~~~~
2015-07-12 16:55:15 : Meet: Gold or Elixir, TH Outside
2015-07-12 16:55:15 : ~~~~~~~~~~~~~~ RESOURCE CONDITIONS ~~~~~~~~~~~~~~~
2015-07-12 16:55:15 : Aim: [G]: 100000 [E]:      0 [D]:    0 [T]: 0, Out
2015-07-12 16:55:15 : ~~~~~~~~~~~~~~~ ADVANCED SETTINGS ~~~~~~~~~~~~~~~~
2015-07-12 16:55:15 : THSnipe Combo, 1 Tile(s), AttackTH, Attack2:Extreme
2015-07-12 16:55:15 : ==================================================
2015-07-12 16:55:26 :   1> [G]:  56465 [E]:  63200 [D]: 1386 [T]:26 [TH]:10, In
2015-07-12 16:55:39 :   2> [G]: 331291 [E]: 106119 [D]: 1984 [T]:17 [TH]:10, In
2015-07-12 16:55:49 :   3> [G]: 383493 [E]: 274620 [D]: 3341 [T]:17 [TH]:10, In
2015-07-12 16:55:57 :   4> [G]:  58820 [E]: 170644 [D]:  407 [T]: 1 [TH]: 9, In
2015-07-12 16:56:03 :   5> [G]:  96140 [E]:  60313 [D]: 1300 [T]:15 [TH]:10, In
2015-07-12 16:56:07 :   6> [G]: 174422 [E]: 185990 [D]: 2486 [T]:12 [TH]: 9, In
2015-07-12 16:56:14 :   7> [G]:  94856 [E]: 147195 [D]:  518 [T]: 1 [TH]: 9, In
2015-07-12 16:56:21 :   8> [G]: 112687 [E]:  94756 [D]: 1741 [T]: 2 [TH]: 9, In
2015-07-12 16:56:31 :   9> [G]: 277057 [E]:   4288 [D]:  698 [T]:13 [TH]:10, In
2015-07-12 16:56:41 :  10> [G]: 269201 [E]: 147110 [D]: 2315 [T]:30 [TH]:10, In
2015-07-12 16:56:47 :  11> [G]:  36064 [E]:  56589 [D]:  793 [T]: 1 [TH]: 9, In
2015-07-12 16:56:53 :  12> [G]:  14965 [E]:  56962 [D]:   56 [T]: 1 [TH]: 9, In
2015-07-12 16:57:03 :  13> [G]: 296749 [E]:  56001 [D]:  746 [T]:14 [TH]:10, In
2015-07-12 16:57:10 :  14> [G]: 140503 [E]:  28911 [D]:  212 [T]: 1 [TH]: 9, In
2015-07-12 16:57:20 :  15> [G]: 210497 [E]: 131347 [D]: 1956 [T]:28 [TH]:10, In
2015-07-12 16:57:30 :  16> [G]: 334637 [E]: 375207 [D]: 1242 [T]:18 [TH]:10, In
2015-07-12 16:57:36 :  17> [G]:  15281 [E]:  98093 [D]:  187 [T]:12 [TH]: 9, In
2015-07-12 16:57:47 :  18> [G]: 295159 [E]: 222148 [D]:  939 [T]:18 [TH]:10, In
2015-07-12 16:57:53 :  19> [G]: 359713 [E]: 340007 [D]: 2235 [T]:13 [TH]: 8, In
2015-07-12 16:57:58 :  20> [G]:   7701 [E]:   3888 [D]:  891 [T]: 2 [TH]: 9, In
2015-07-12 16:58:04 :  21> [G]:  13301 [E]:  11914 [D]:  432 [T]: 1 [TH]: 9, In
2015-07-12 16:58:10 :  22> [G]:   1895 [E]:  21343 [D]:  249 [T]: 2 [TH]: 9, In
2015-07-12 16:58:16 :  23> [G]: 154003 [E]: 191205 [D]:  531 [T]: 1 [TH]: 9, In
2015-07-12 16:58:23 :  24> [G]:  26497 [E]:  22451 [D]: 1783 [T]: 2 [TH]: 9, In
2015-07-12 16:58:33 :  25> [G]: 246269 [E]:  74695 [D]:  840 [T]:17 [TH]:10, In
2015-07-12 16:58:41 :  26> [G]:  40084 [E]:   5434 [D]:   79 [T]: 1 [TH]: 9, In
2015-07-12 16:58:51 :  27> [G]: 122688 [E]: 126101 [D]: 3254 [T]:22 [TH]:10, In
2015-07-12 16:58:56 :  28> [G]:  11118 [E]:  25449 [D]:  136 [T]: 8 [TH]: 9, In
2015-07-12 16:59:02 :  29> [G]:  34851 [E]: 155696 [D]:  412 [T]: 1 [TH]: 9, In
2015-07-12 16:59:09 :  30> [G]:  14145 [E]: 101359 [D]: 1051 [T]: 2 [TH]: 9, In
2015-07-12 16:59:13 :  31> [G]:  14145 [E]: 101359 [D]: 1051 [T]: 2 [TH]: -, -
2015-07-12 16:59:20 :  32> [G]: 110856 [E]:  82255 [D]: 1101 [T]: 1 [TH]: 9, In
2015-07-12 16:59:27 :  33> [G]:  55368 [E]: 180314 [D]:  746 [T]: 1 [TH]: 9, In
2015-07-12 16:59:34 :  34> [G]:  95635 [E]:  86829 [D]:  947 [T]: 1 [TH]: 9, In
2015-07-12 16:59:42 :  35> [G]: 167694 [E]:  90888 [D]: 1192 [T]: 1 [TH]: 9, In
2015-07-12 16:59:46 :  36> [G]:  36496 [E]:  83775 [D]: 1406 [T]: 2 [TH]: 9, In
2015-07-12 16:59:53 :  37> [G]: 156852 [E]:  92375 [D]: 1573 [T]: 3 [TH]: 9, In
2015-07-12 16:59:57 :  38> [G]: 156852 [E]:  92375 [D]: 1573 [T]: 3 [TH]: 9, In
2015-07-12 17:00:04 :  39> [G]:  16828 [E]: 150124 [D]: 2503 [T]: 1 [TH]: 9, In
2015-07-12 17:00:10 :  40> [G]:  92264 [E]: 253942 [D]: 1153 [T]: 2 [TH]: 9, In
2015-07-12 17:00:20 :  41> [G]: 279023 [E]: 198358 [D]: 2336 [T]:26 [TH]:10, In
2015-07-12 17:00:27 :  42> [G]:  40382 [E]:  67336 [D]: 1685 [T]: 1 [TH]: 9, In
2015-07-12 17:00:32 :  43> [G]: 105756 [E]: 234406 [D]: 2251 [T]:31 [TH]:10, In
2015-07-12 17:00:39 :  44> [G]:  60265 [E]:  67692 [D]: 1156 [T]: 3 [TH]: 9, In
2015-07-12 17:00:47 :  45> [G]: 152389 [E]: 113251 [D]:  896 [T]: 6 [TH]: 9, In
2015-07-12 17:00:51 :  46> [G]:  89010 [E]:  44288 [D]:  685 [T]: 3 [TH]: 9, In
2015-07-12 17:00:59 :  47> [G]: 133068 [E]:  64016 [D]:  709 [T]: 3 [TH]: 9, In
2015-07-12 17:01:06 :  48> [G]:  79114 [E]:  37336 [D]:  734 [T]: 1 [TH]: 9, In
2015-07-12 17:01:11 :  49> [G]: 278497 [E]: 173676 [D]: 1712 [T]:29 [TH]:10, In
2015-07-12 17:01:18 :  50> [G]:   9107 [E]: 295341 [D]: 2013 [T]: 3 [TH]: 8, In
2015-07-12 17:01:24 :  51> [G]:  32642 [E]:  83208 [D]: 2018 [T]: 5 [TH]: 9, In
2015-07-12 17:01:34 :  52> [G]:  80819 [E]: 246290 [D]: 2450 [T]:14 [TH]:10, In
2015-07-12 17:01:41 :  53> [G]:  52175 [E]:  84460 [D]:  152 [T]: 3 [TH]: 9, In
2015-07-12 17:01:47 :  54> [G]: 153664 [E]:  49091 [D]:  458 [T]: 4 [TH]: 9, In
2015-07-12 17:01:59 :  55> [G]: 138465 [E]: 158038 [D]:  865 [T]: 1 [TH]: 9, In
2015-07-12 17:02:07 :  56> [G]: 266343 [E]: 295494 [D]: 2630 [T]: 8 [TH]: 9, In
2015-07-12 17:02:12 :  57> [G]:  65291 [E]: 117281 [D]: 1648 [T]:34 [TH]:10, In
2015-07-12 17:02:18 :  58> [G]:  53817 [E]:   3803 [D]:  541 [T]: 4 [TH]: 9, In
2015-07-12 17:02:24 :  59> [G]:  98403 [E]:  60755 [D]: 1129 [T]: 2 [TH]: 9, In
2015-07-12 17:02:32 :  60> [G]: 102402 [E]:   3326 [D]: 1963 [T]: 2 [TH]: 9, In
2015-07-12 17:02:42 :  61> [G]:  93660 [E]: 237588 [D]: 1155 [T]:31 [TH]:10, In
2015-07-12 17:02:46 :  62> [G]:  80080 [E]: 233139 [D]: 1401 [T]: 1 [TH]: 9, In
2015-07-12 17:02:52 :  63> [G]:  42820 [E]:  33995 [D]: 1024 [T]: 2 [TH]: 9, In
2015-07-12 17:02:59 :  64> [G]:  75853 [E]:  97369 [D]: 1797 [T]: 1 [TH]: 9, In
2015-07-12 17:03:05 :  65> [G]:  79569 [E]:  37764 [D]:  605 [T]: 1 [TH]: 9, In
2015-07-12 17:03:10 :  66> [G]:  16837 [E]:  18088 [D]:  313 [T]: 1 [TH]: 9, In
2015-07-12 17:03:14 :  67> [G]:  99154 [E]:  30777 [D]:  885 [T]: 1 [TH]: 9, In
2015-07-12 17:03:19 :  68> [G]:  49923 [E]:  15640 [D]:  951 [T]: 2 [TH]: 9, In
2015-07-12 17:03:26 :  69> [G]: 575382 [E]: 236471 [D]: 3607 [T]: 2 [TH]: 9, Out
2015-07-12 17:03:26 : No major traps found near TH.
2015-07-12 17:03:26 : ~~~~~~~~~~~~~~~~ Live Base Found! ~~~~~~~~~~~~~~~~
2015-07-12 17:03:28 : ================ Search Complete =================
2015-07-12 17:03:28 : Initiating attack for: Live Base
2015-07-12 17:03:34 : -Archers 8
2015-07-12 17:03:34 : -Dragons 9
2015-07-12 17:03:34 : -Minions 5
2015-07-12 17:03:34 : -Clan Castle 
2015-07-12 17:03:34 : -King 
2015-07-12 17:03:34 : -Jump Spells 2
2015-07-12 17:03:34 : -Rage Spells 2
2015-07-12 17:03:34 : -Heal Spells 2
2015-07-12 17:03:34 :  ====== Start Attack ====== 
2015-07-12 17:03:36 : Extreme Attacking TH Outside with BAM PULSE!
2015-07-12 17:03:36 : Dropping first wave of 8 Archers
2015-07-12 17:03:39 : Deployment of Archers Successful!
2015-07-12 17:04:19 : Dropping first wave of 6 Minions
2015-07-12 17:04:21 : Deployment of Minions Successful!
2015-07-12 17:04:21 : No Archers troop Found!!!
2015-07-12 17:04:21 : Dropping first wave of 1 Dragons
2015-07-12 17:04:23 : Deployment of Dragons Successful!
2015-07-12 17:05:03 : Extreme Attacking TH Outside in FULL!
2015-07-12 17:05:03 : ~Finished Attacking, waiting to finish
2015-07-12 17:05:03 : Calculating Smart Attack Strategy
2015-07-12 17:05:03 : Calculated  (in 0.3 seconds) :
2015-07-12 17:05:03 : Attacking on two sides
2015-07-12 17:05:05 : Dropping first wave of Archers 4
2015-07-12 17:05:06 : Dropping first wave of Minions 5
2015-07-12 17:05:08 : ClashGameBot was Paused!
