2015-07-13 21:02:58 : ~~~ Clash Game Bot v4.0 Powered by GameBot.org ~~~
2015-07-13 21:02:58 : Executable running on WIN_81  X64
2015-07-13 21:02:58 : =================== Bot Start ====================
2015-07-13 21:02:58 : Trying to locate Main Screen
2015-07-13 21:02:58 : Main Screen Located
2015-07-13 21:03:00 : Detecting your Buildings..
2015-07-13 21:03:00 : Town Hall Position: 433, 308
2015-07-13 21:03:02 : Taking snapshot for later review
2015-07-13 21:03:05 : Read building Name String = Town Hall (Level 8)
2015-07-13 21:03:05 : 1st $aString = 2, Town Hall , Level 8)
2015-07-13 21:03:05 : 2nd $aString = 2, Level 8, 
2015-07-13 21:03:05 : 3rd $aString = 2, Level, 8
2015-07-13 21:03:05 : Your Town Hall is Level: 8
2015-07-13 21:03:06 : Language setting is English: Correct.
2015-07-13 21:03:07 : Trying to locate Main Screen
2015-07-13 21:03:07 : Main Screen Located
2015-07-13 21:03:09 : Collecting Resources
2015-07-13 21:03:17 : Checking if Village needs Rearming..
2015-07-13 21:03:19 : Taking snapshot for later review
2015-07-13 21:03:30 : Village Report
2015-07-13 21:03:30 : No. of Free/Total Builders: 0/5
2015-07-13 21:03:30 :  [T]: 3 155
2015-07-13 21:03:30 :  [G]: 271 262 [E]: 5 751 900 [D]: 49 136 [GEM]: 2 061
2015-07-13 21:03:32 : Donation not Planned, Skipped..
2015-07-13 21:03:33 : Func Train 
2015-07-13 21:03:33 : Checking Army Camp...
2015-07-13 21:03:35 : $sArmyInfo = 200#200
2015-07-13 21:03:35 : $CurCamp = 200
2015-07-13 21:03:35 : $TotalCamp = 150
2015-07-13 21:03:35 : Total Army Camp capacity: 200/150
2015-07-13 21:03:35 : Training Troops...
2015-07-13 21:03:37 : Barrack #1 is available
2015-07-13 21:03:38 : Barrack #1 selected
2015-07-13 21:03:38 : Barrack #1 selected
2015-07-13 21:03:38 : Barrack #1 selected
2015-07-13 21:03:40 : Barrack #2 is available
2015-07-13 21:03:40 : Barrack #2 selected
2015-07-13 21:03:41 : Barrack #2 selected
2015-07-13 21:03:41 : Barrack #2 selected
2015-07-13 21:03:42 : Barrack #3 is available
2015-07-13 21:03:43 : Barrack #3 selected
2015-07-13 21:03:43 : Barrack #3 selected
2015-07-13 21:03:43 : Barrack #3 selected
2015-07-13 21:03:46 : Barrack #4 is available
2015-07-13 21:03:47 : Barrack #4 selected
2015-07-13 21:03:47 : Barrack #4 selected
2015-07-13 21:03:47 : Barrack #4 selected
2015-07-13 21:03:49 : Dark Barrack #1 is upgrading
2015-07-13 21:03:49 : Dark Barrack #2 is available
2015-07-13 21:03:50 : Dark Barrack #2 selected
2015-07-13 21:03:50 : Dark Barrack #2 selected
2015-07-13 21:03:50 : Dark Barrack #2 selected
2015-07-13 21:03:52 : ---================================================================---
2015-07-13 21:03:56 : Request CC not Planned, Skipped..
2015-07-13 21:04:00 : No free builder, Upgrade Walls skipped..
2015-07-13 21:04:02 : Going to Attack...
2015-07-13 21:04:06 : Shield btn clr chk-#1: 000000, #2: 000000, #3: FFFFFF, #4: FEFFFE
2015-07-13 21:04:06 : ButtonPixel = 441, 374
2015-07-13 21:04:06 : Pixel color found #1: 000000, #2: 000000, #3: FFFFFF, #4: FEFFFE
2015-07-13 21:04:07 : ============== Searching For Dead Base ===============
2015-07-13 21:04:07 : ~~~~~~~~~~~~~~~ SEARCH CONDITIONS ~~~~~~~~~~~~~~~~
2015-07-13 21:04:07 : Meet: Gold or Elixir, TH Outside
2015-07-13 21:04:07 : ~~~~~~~~~~~~~~ RESOURCE CONDITIONS ~~~~~~~~~~~~~~~
2015-07-13 21:04:07 : Aim: [G]:      0 [E]:      0 [D]:    0 [T]: 0 [TH]: 7, Out
2015-07-13 21:04:07 : ============== Searching For Live Base ===============
2015-07-13 21:04:07 : ~~~~~~~~~~~~~~~ SEARCH CONDITIONS ~~~~~~~~~~~~~~~~
2015-07-13 21:04:07 : Meet: Gold or Elixir, TH Outside
2015-07-13 21:04:07 : ~~~~~~~~~~~~~~ RESOURCE CONDITIONS ~~~~~~~~~~~~~~~
2015-07-13 21:04:07 : Aim: [G]:      0 [E]:      0 [D]:    0 [T]: 0 [TH]:4-6, Out, Out
2015-07-13 21:04:07 : ~~~~~~~~~~~~~~~ ADVANCED SETTINGS ~~~~~~~~~~~~~~~~
2015-07-13 21:04:07 : THSnipe Combo, 1 Tile(s), AttackTH, Attack2:Extreme
2015-07-13 21:04:07 : ==================================================
2015-07-13 21:04:08 : Loop to clean screen without Clouds , n?:1
2015-07-13 21:04:09 : Loop to clean screen without Clouds , n?:2
2015-07-13 21:04:09 : Loop to clean screen without Clouds , n?:3
2015-07-13 21:04:10 : Loop to clean screen without Clouds , n?:4
2015-07-13 21:04:11 : Loop to clean screen without Clouds , n?:5
2015-07-13 21:04:11 : Loop to clean screen without Clouds , n?:6
2015-07-13 21:04:12 : Loop to clean screen without Clouds , n?:7
2015-07-13 21:04:12 : Loop to clean screen without Clouds , n?:8
2015-07-13 21:04:13 : Loop to clean screen without Clouds , n?:9
2015-07-13 21:04:14 : Loop to clean screen without Clouds , n?:10
2015-07-13 21:04:14 : Loop to clean screen without Clouds , n?:11
2015-07-13 21:04:15 : Loop to clean screen without Clouds , n?:12
2015-07-13 21:04:18 :   1> [G]:  42680 [E]:  74516 [D]:  452 [T]:27 [TH]:10, In
2015-07-13 21:04:19 : Loop to clean screen without Clouds , n?:1
2015-07-13 21:04:20 : Loop to clean screen without Clouds , n?:2
2015-07-13 21:04:21 : Loop to clean screen without Clouds , n?:3
2015-07-13 21:04:21 : Loop to clean screen without Clouds , n?:4
