2015-07-11 23:07:15 : ~~~ Clash Game Bot v4.0 Powered by GameBot.org ~~~
2015-07-11 23:07:15 : Au3 Script running on WIN_81  X64
2015-07-11 23:07:15 : =================== Bot Start ====================
2015-07-11 23:07:15 : Trying to locate Main Screen
2015-07-11 23:07:17 : Click 126,700,2,500 #0126
2015-07-11 23:07:18 : Waiting for Main Screen
2015-07-11 23:07:24 : Main Screen Located
2015-07-11 23:07:24 : Click 1,1,1,0 #0166 | Away
2015-07-11 23:07:25 : Detecting your Buildings..
2015-07-11 23:07:25 : Click 1,1,2,200 
2015-07-11 23:07:25 : Town Hall Position: 433, 308
2015-07-11 23:07:25 : Click 433,313,1,0 
2015-07-11 23:07:27 : Taking snapshot for later review
2015-07-11 23:07:30 : Read building Name String = Town Hall (Level 8)
2015-07-11 23:07:30 : 1st $aString = 2, Town Hall , Level 8)
2015-07-11 23:07:30 : 2nd $aString = 2, Level 8, 
2015-07-11 23:07:30 : 3rd $aString = 2, Level, 8
2015-07-11 23:07:30 : Your Town Hall is Level: 8
2015-07-11 23:07:30 : Click 1,1,2,200 
2015-07-11 23:07:31 : Language setting is English: Correct.
2015-07-11 23:07:32 : Trying to locate Main Screen
2015-07-11 23:07:32 : Main Screen Located
2015-07-11 23:07:32 : Halt Attack, Stay Online/Train/Collect/Donate...
2015-07-11 23:07:35 : Click 1,1,1,0 #0332 | Away
2015-07-11 23:07:37 : Checking if Village needs Rearming..
2015-07-11 23:07:37 : Click 1,1,1,0 #0224 | Away
2015-07-11 23:07:38 : Click 433,313,1,0 #0225 | Rearm - Click Town Hall
2015-07-11 23:07:39 : Taking snapshot for later review
2015-07-11 23:07:45 : Click 1,1,1,0 #0234 | Away
2015-07-11 23:07:48 : PureClick 1,1,1,0 #0319 | Away
2015-07-11 23:07:48 : Village Report
2015-07-11 23:07:48 : No. of Free/Total Builders: 0/5
2015-07-11 23:07:48 :  [T]: 3 166
2015-07-11 23:07:49 :  [G]: 470 717 [E]: 5 261 047 [D]: 79 026 [GEM]: 2 021
2015-07-11 23:07:51 : Donation not Planned, Skipped..
2015-07-11 23:07:52 : Func Train 
2015-07-11 23:07:52 : Checking Army Camp...
2015-07-11 23:07:52 : Click 1,1,1,0 #0292 | Away
2015-07-11 23:07:52 : Click 40,525,1,0 #0293 | Train - Click Army Camp
2015-07-11 23:07:53 : $sArmyInfo = 199#200
2015-07-11 23:07:53 : $CurCamp = 199
2015-07-11 23:07:53 : $TotalCamp = 200
2015-07-11 23:07:54 : Total Army Camp capacity: 199/200
2015-07-11 23:07:54 : Click 1,1,1,0 #0295 | Away
2015-07-11 23:07:54 : Training Troops...
2015-07-11 23:07:54 : Click 1,1,1,0 #0268 | Away
2015-07-11 23:07:54 : Click 40,525,1,0 #0293 | Train - Click Army Camp
2015-07-11 23:07:56 : Click 773,337,1,0 #9999
2015-07-11 23:07:56 : This is not a Barrack
2015-07-11 23:07:56 : This is not a Barrack
2015-07-11 23:07:56 : Barrack1 selected
2015-07-11 23:07:56 : Barrack1 selected
2015-07-11 23:07:57 : Barrack1 selected
2015-07-11 23:07:57 : Click 773,337,1,0 #0271 | Train - Next Button 
2015-07-11 23:07:57 : Barrack2 selected
2015-07-11 23:07:57 : Barrack2 selected
2015-07-11 23:07:57 : Click 773,337,1,0 #0271 | Train - Next Button 
2015-07-11 23:07:58 : Barrack3 selected
2015-07-11 23:07:58 : Barrack3 selected
2015-07-11 23:07:58 : Click 773,337,1,0 #0271 | Train - Next Button 
2015-07-11 23:07:58 : Barrack4 selected
2015-07-11 23:07:59 : Barrack4 selected
2015-07-11 23:07:59 : Click 773,337,1,0 #0271 | Train - Next Button 
2015-07-11 23:07:59 : This is not a Barrack
2015-07-11 23:07:59 : This is not a Barrack
2015-07-11 23:07:59 : This is not a Barrack
2015-07-11 23:08:00 : This is not a Barrack
2015-07-11 23:08:00 : This is not a Barrack
2015-07-11 23:08:00 : Click 84,336,1,0 #0272 | Train - Prev Button 
2015-07-11 23:08:01 : Barrack4 selected
2015-07-11 23:08:01 : AfterAttack: False
2015-07-11 23:08:02 : Click 546,425,3,10 #0282 | Train - Train Dragon
2015-07-11 23:08:02 : Click 84,336,1,0 #0325 | Train - Prev Button 
2015-07-11 23:08:03 : Barrack3 selected
2015-07-11 23:08:03 : AfterAttack: False
2015-07-11 23:08:04 : Click 331,320,15,10 #0275 | Train - Train Archer
2015-07-11 23:08:04 : Click 546,425,3,10 #0282 | Train - Train Dragon
2015-07-11 23:08:04 : Click 84,336,1,0 #0325 | Train - Prev Button 
2015-07-11 23:08:05 : Barrack2 selected
2015-07-11 23:08:05 : AfterAttack: False
2015-07-11 23:08:06 : Click 546,425,3,10 #0282 | Train - Train Dragon
2015-07-11 23:08:07 : Click 84,336,1,0 #0325 | Train - Prev Button 
2015-07-11 23:08:08 : Barrack1 selected
2015-07-11 23:08:08 : AfterAttack: False
2015-07-11 23:08:08 : Click 546,425,3,10 #0282 | Train - Train Dragon
2015-07-11 23:08:09 : Click 84,336,1,0 #0325 | Train - Prev Button 
2015-07-11 23:08:10 : This is not a Barrack
2015-07-11 23:08:10 : Click 84,336,1,0 #0324
2015-07-11 23:08:11 : This is not a Dark Barrack
2015-07-11 23:08:11 : Click 84,336,1,0 #0324
2015-07-11 23:08:12 : Dark Barrack2 selected
2015-07-11 23:08:12 : Dark Barrack2 selected
2015-07-11 23:08:12 : Click 496,197,10,0 #0287 | Train - Remove Troops
2015-07-11 23:08:13 : Click 220,320,0,100 #0274 | Train - Train Barbarian
2015-07-11 23:08:13 : Click 84,336,1,0 #0289 | Train - Prev Button 
2015-07-11 23:08:14 : This is not a Dark Barrack
2015-07-11 23:08:14 : This is not a Dark Barrack
2015-07-11 23:08:15 : This is not a Dark Barrack
2015-07-11 23:08:15 : This is not a Dark Barrack
2015-07-11 23:08:15 : This is not a Dark Barrack
2015-07-11 23:08:16 : This is not a Dark Barrack
2015-07-11 23:08:16 : ---================================================================---
2015-07-11 23:08:17 : Click 1,1,2,250 #0291 | Away
2015-07-11 23:08:20 : Request CC not Planned, Skipped..
