2015-07-11 20:46:44 : ~~~ Clash Game Bot v4.0 Powered by GameBot.org ~~~
2015-07-11 20:46:44 : Au3 Script running on WIN_81  X64
2015-07-11 20:46:44 : =================== Bot Start ====================
2015-07-11 20:46:44 : Trying to locate Main Screen
2015-07-11 20:46:44 : Color: 215967
2015-07-11 20:46:46 : Color: 000000
2015-07-11 20:46:46 : Color: 000000
2015-07-11 20:46:46 : Color: 000000
2015-07-11 20:46:46 : Color: 000000
2015-07-11 20:46:46 : Color: 000000
2015-07-11 20:46:46 : Color: 000000
2015-07-11 20:46:46 : Color: 000000
2015-07-11 20:46:46 : Color: 000000
2015-07-11 20:46:46 : Color: 000000
2015-07-11 20:46:46 : Color: 000000
2015-07-11 20:46:46 : Color: 000000
2015-07-11 20:46:46 : Color: 000000
2015-07-11 20:46:46 : Color: 000000
2015-07-11 20:46:46 : Color: 000000
2015-07-11 20:46:46 : Color: 000000
2015-07-11 20:46:46 : Color: 000000
2015-07-11 20:46:46 : Color: 000000
2015-07-11 20:46:46 : Color: 000000
2015-07-11 20:46:46 : Color: 000000
2015-07-11 20:46:46 : Color: 000000
2015-07-11 20:46:46 : Color: 000000
2015-07-11 20:46:46 : Color: 000000
2015-07-11 20:46:46 : Color: 000000
2015-07-11 20:46:46 : Color: 000000
2015-07-11 20:46:46 : Color: 000000
2015-07-11 20:46:46 : Color: 000000
2015-07-11 20:46:46 : Color: 000000
2015-07-11 20:46:46 : Color: 000000
2015-07-11 20:46:46 : Color: 000000
2015-07-11 20:46:46 : Color: 000000
2015-07-11 20:46:46 : Color: 000000
2015-07-11 20:46:46 : Color: 7ABDDE
2015-07-11 20:46:46 : Color: 4096C8
2015-07-11 20:46:46 : Color: 4094C8
2015-07-11 20:46:46 : Color: 3E94C8
2015-07-11 20:46:46 : Color: 3890C8
2015-07-11 20:46:46 : Color: 3890C8
2015-07-11 20:46:46 : Color: 358EC8
2015-07-11 20:46:46 : Color: 328CC8
2015-07-11 20:46:46 : Color: 3088C0
2015-07-11 20:46:46 : Color: 3086C0
2015-07-11 20:46:46 : Color: 2884C0
2015-07-11 20:46:46 : Color: 2880C0
2015-07-11 20:46:46 : Color: 2880BB
2015-07-11 20:46:46 : Color: 207CB8
2015-07-11 20:46:46 : Color: 2078B8
2015-07-11 20:46:46 : Color: 2074B8
2015-07-11 20:46:46 : Color: 1E70B6
2015-07-11 20:46:46 : Color: 1B6CB0
2015-07-11 20:46:46 : Color: 186CB0
2015-07-11 20:46:46 : Color: 1868AD
2015-07-11 20:46:46 : Color: 1864AA
2015-07-11 20:46:46 : Color: A0D0E8
2015-07-11 20:46:46 : Color: 8CB6D0
2015-07-11 20:46:46 : Color: 000000
2015-07-11 20:46:46 : Color: 161616
2015-07-11 20:46:46 : Color: 3F3F3F
2015-07-11 20:46:46 : Color: 505050
2015-07-11 20:46:46 : Color: 535353
2015-07-11 20:46:46 : Color: 515151
2015-07-11 20:46:46 : Color: 636363
2015-07-11 20:46:46 : Color: 000000
2015-07-11 20:46:46 : Color: D1D0C2
2015-07-11 20:46:46 : Color: 215967
2015-07-11 20:46:46 : PureClick 1,1,1,0 #0133 | Away
2015-07-11 20:46:47 : Waiting for Main Screen
2015-07-11 20:46:47 : Color: 215967
2015-07-11 20:46:49 : Color: 000000
2015-07-11 20:46:49 : Color: 000000
2015-07-11 20:46:49 : Color: 000000
2015-07-11 20:46:49 : Color: 000000
2015-07-11 20:46:49 : Color: 000000
2015-07-11 20:46:49 : Color: 000000
2015-07-11 20:46:49 : Color: 000000
2015-07-11 20:46:49 : Color: 000000
2015-07-11 20:46:49 : Color: 000000
2015-07-11 20:46:49 : Color: 000000
2015-07-11 20:46:49 : Color: 000000
2015-07-11 20:46:49 : Color: 000000
2015-07-11 20:46:49 : Color: 000000
2015-07-11 20:46:49 : Color: 000000
2015-07-11 20:46:49 : Color: 000000
2015-07-11 20:46:49 : Color: 000000
2015-07-11 20:46:49 : Color: 000000
2015-07-11 20:46:49 : Color: 000000
2015-07-11 20:46:49 : Color: 000000
2015-07-11 20:46:49 : Color: 000000
2015-07-11 20:46:49 : Color: 000000
2015-07-11 20:46:49 : Color: 000000
2015-07-11 20:46:49 : Color: 000000
2015-07-11 20:46:49 : Color: 000000
2015-07-11 20:46:49 : Color: 000000
2015-07-11 20:46:49 : Color: 000000
2015-07-11 20:46:49 : Color: 000000
2015-07-11 20:46:49 : Color: 000000
2015-07-11 20:46:49 : Color: 000000
2015-07-11 20:46:49 : Color: 000000
2015-07-11 20:46:49 : Color: 000000
2015-07-11 20:46:49 : Color: A9B93F
2015-07-11 20:46:49 : Color: B2C347
2015-07-11 20:46:49 : Color: B5C44A
2015-07-11 20:46:49 : Color: A2B042
2015-07-11 20:46:49 : Color: AAC440
2015-07-11 20:46:49 : Color: AFC046
2015-07-11 20:46:49 : Color: 8F623B
2015-07-11 20:46:49 : Color: 493320
2015-07-11 20:46:49 : Color: BC4248
2015-07-11 20:46:49 : Color: C44850
2015-07-11 20:46:49 : Color: BF413F
2015-07-11 20:46:49 : Color: B43734
2015-07-11 20:46:49 : Color: 83AF37
2015-07-11 20:46:49 : Color: 8DB637
2015-07-11 20:46:49 : Color: 759C2E
2015-07-11 20:46:49 : Color: 75A02F
2015-07-11 20:46:49 : Color: 83AD31
2015-07-11 20:46:49 : Color: 83B134
2015-07-11 20:46:49 : Color: 86B030
2015-07-11 20:46:49 : Color: 749D30
2015-07-11 20:46:49 : Color: 729B31
2015-07-11 20:46:49 : Color: A2BC49
2015-07-11 20:46:49 : Color: 2B2E2A
2015-07-11 20:46:49 : Color: 79FB0B
2015-07-11 20:46:49 : Color: 50D505
2015-07-11 20:46:49 : Color: 4AD505
2015-07-11 20:46:49 : Color: 648224
2015-07-11 20:46:49 : Color: D1BDB0
2015-07-11 20:46:49 : Color: D5BEAF
2015-07-11 20:46:49 : Color: ECD8CD
2015-07-11 20:46:49 : Color: 000000
2015-07-11 20:46:49 : Color: 83A730
2015-07-11 20:46:49 : Color: 42B1CE
2015-07-11 20:46:49 : Color: 21300C
2015-07-11 20:46:49 : Color: D29C18
2015-07-11 20:46:49 : Color: 0C1806
2015-07-11 20:46:49 : Color: DCAB55
2015-07-11 20:46:49 : Color: 565556
2015-07-11 20:46:49 : Color: 082D53
2015-07-11 20:46:49 : Color: 000000
2015-07-11 20:46:49 : Color: 000000
2015-07-11 20:46:49 : Color: 000000
2015-07-11 20:46:49 : Color: 000000
2015-07-11 20:46:49 : Color: 000000
2015-07-11 20:46:49 : Color: 000000
2015-07-11 20:46:49 : Color: 000000
2015-07-11 20:46:49 : Color: 000000
2015-07-11 20:46:49 : Color: 000000
2015-07-11 20:46:49 : Color: 000000
2015-07-11 20:46:49 : Color: 000000
2015-07-11 20:46:49 : Color: 000000
2015-07-11 20:46:49 : Color: 000000
2015-07-11 20:46:49 : Color: 000000
2015-07-11 20:46:49 : Color: 000000
2015-07-11 20:46:50 : Color: 000000
2015-07-11 20:46:50 : Color: A65A25
2015-07-11 20:46:50 : Color: E4A539
2015-07-11 20:46:50 : Color: E2A539
2015-07-11 20:46:50 : Color: E1A538
2015-07-11 20:46:50 : Color: E1A339
2015-07-11 20:46:50 : Color: E1A139
2015-07-11 20:46:50 : Color: E1A139
2015-07-11 20:46:50 : Color: E1A139
2015-07-11 20:46:50 : Color: E1A133
2015-07-11 20:46:50 : Color: E1A032
2015-07-11 20:46:50 : Color: E19E32
2015-07-11 20:46:50 : Color: E19D37
2015-07-11 20:46:50 : Color: E19D32
2015-07-11 20:46:50 : Color: D99A32
2015-07-11 20:46:50 : Color: D99A32
2015-07-11 20:46:50 : Color: 000000
2015-07-11 20:46:50 : Color: AB5E25
2015-07-11 20:46:50 : Color: E1A539
2015-07-11 20:46:50 : Color: E2A539
2015-07-11 20:46:50 : Color: E1A539
2015-07-11 20:46:50 : Color: E1A239
2015-07-11 20:46:50 : Color: E1A139
2015-07-11 20:46:50 : Color: E1A139
2015-07-11 20:46:50 : Color: E1A139
2015-07-11 20:46:50 : Color: E1A131
2015-07-11 20:46:50 : Color: E19D32
2015-07-11 20:46:50 : Color: E19D32
2015-07-11 20:46:50 : Color: E19D37
2015-07-11 20:46:50 : Color: DB9D32
2015-07-11 20:46:50 : Color: D99A32
2015-07-11 20:46:50 : Color: D99A32
2015-07-11 20:46:50 : Color: 000000
2015-07-11 20:46:50 : Color: A85E25
2015-07-11 20:46:50 : Color: E3A539
2015-07-11 20:46:50 : Color: E1A539
2015-07-11 20:46:50 : Color: E1A539
2015-07-11 20:46:50 : Color: E1A239
2015-07-11 20:46:50 : Color: E1A139
2015-07-11 20:46:50 : Color: E1A339
2015-07-11 20:46:50 : Color: E1A139
2015-07-11 20:46:50 : Color: E1A131
2015-07-11 20:46:50 : Color: E19D32
2015-07-11 20:46:50 : Color: E19D32
2015-07-11 20:46:50 : Color: E19D32
2015-07-11 20:46:50 : Color: DB9D32
2015-07-11 20:46:50 : Color: D99A32
2015-07-11 20:46:50 : Color: DD9A32
2015-07-11 20:46:50 : Color: 000000
2015-07-11 20:46:50 : Color: A85E25
2015-07-11 20:46:50 : Color: E3A539
2015-07-11 20:46:50 : Color: E1A539
2015-07-11 20:46:50 : Color: E1A539
2015-07-11 20:46:50 : Color: E1A239
2015-07-11 20:46:50 : Color: E1A139
2015-07-11 20:46:50 : Color: E1A339
2015-07-11 20:46:50 : Color: E1A139
2015-07-11 20:46:50 : Color: E1A131
2015-07-11 20:46:50 : Color: E19D32
2015-07-11 20:46:50 : Color: E19D32
2015-07-11 20:46:50 : Color: E19D32
2015-07-11 20:46:50 : Color: DB9D32
2015-07-11 20:46:50 : Color: D99932
2015-07-11 20:46:50 : Color: DD9A32
2015-07-11 20:46:50 : Color: 000000
2015-07-11 20:46:50 : Color: A85E26
2015-07-11 20:46:50 : Color: E3A539
2015-07-11 20:46:50 : Color: E1A539
2015-07-11 20:46:50 : Color: E1A539
2015-07-11 20:46:50 : Color: E1A239
2015-07-11 20:46:50 : Color: E1A139
2015-07-11 20:46:50 : Color: E1A339
2015-07-11 20:46:50 : Color: E1A139
2015-07-11 20:46:50 : Color: E1A131
2015-07-11 20:46:50 : Color: E19D32
2015-07-11 20:46:50 : Color: E19D32
2015-07-11 20:46:50 : Color: E19D32
2015-07-11 20:46:50 : Color: DB9D32
2015-07-11 20:46:50 : Color: D99A32
2015-07-11 20:46:50 : Color: DD9A32
2015-07-11 20:46:50 : Color: 000000
2015-07-11 20:46:50 : Color: A85D25
2015-07-11 20:46:50 : Color: E3A539
2015-07-11 20:46:50 : Color: E1A539
2015-07-11 20:46:50 : Color: E1A539
2015-07-11 20:46:50 : Color: E1A239
2015-07-11 20:46:50 : Color: E1A139
2015-07-11 20:46:50 : Color: E1A339
2015-07-11 20:46:50 : Color: E1A139
2015-07-11 20:46:50 : Color: E1A131
2015-07-11 20:46:50 : Color: E19D32
2015-07-11 20:46:50 : Color: E19D32
2015-07-11 20:46:50 : Color: E19D32
2015-07-11 20:46:50 : Color: DB9D32
2015-07-11 20:46:50 : Color: D99932
2015-07-11 20:46:50 : Color: DD9A32
2015-07-11 20:46:50 : Color: 000000
2015-07-11 20:46:50 : Color: A85E25
2015-07-11 20:46:50 : Color: E3A539
2015-07-11 20:46:50 : Color: E1A539
2015-07-11 20:46:50 : Color: E1A539
2015-07-11 20:46:50 : Color: E1A239
2015-07-11 20:46:50 : Color: E1A139
2015-07-11 20:46:50 : Color: E1A339
2015-07-11 20:46:50 : Color: E1A139
2015-07-11 20:46:50 : Color: E1A131
2015-07-11 20:46:50 : Color: E19D32
2015-07-11 20:46:50 : Color: E19E32
2015-07-11 20:46:50 : Color: E19D32
2015-07-11 20:46:50 : Color: DB9D32
2015-07-11 20:46:50 : Color: D99932
2015-07-11 20:46:50 : Color: DD9932
2015-07-11 20:46:50 : Color: 000000
2015-07-11 20:46:50 : Color: A85D25
2015-07-11 20:46:50 : Color: E3A539
2015-07-11 20:46:50 : Color: E1A539
2015-07-11 20:46:50 : Color: E1A539
2015-07-11 20:46:50 : Color: E1A239
2015-07-11 20:46:50 : Color: E1A139
2015-07-11 20:46:50 : Color: E1A339
2015-07-11 20:46:50 : Color: E1A139
2015-07-11 20:46:50 : Color: E1A131
2015-07-11 20:46:50 : Color: E19E33
2015-07-11 20:46:50 : Color: E19E32
2015-07-11 20:46:51 : Color: E19D32
2015-07-11 20:46:51 : Color: DB9D33
2015-07-11 20:46:51 : Color: DA9932
2015-07-11 20:46:51 : Color: DC9A32
2015-07-11 20:46:51 : Color: 000000
2015-07-11 20:46:51 : Color: A85D25
2015-07-11 20:46:51 : Color: E3A539
2015-07-11 20:46:51 : Color: E1A539
2015-07-11 20:46:51 : Color: E2A539
2015-07-11 20:46:51 : Color: E1A239
2015-07-11 20:46:51 : Color: E1A239
2015-07-11 20:46:51 : Color: E1A339
2015-07-11 20:46:51 : Color: E1A139
2015-07-11 20:46:51 : Color: E1A131
2015-07-11 20:46:51 : Color: E19E34
2015-07-11 20:46:51 : Color: E19E32
2015-07-11 20:46:51 : Color: E19D32
2015-07-11 20:46:51 : Color: DC9D33
2015-07-11 20:46:51 : Color: DA9932
2015-07-11 20:46:51 : Color: DC9932
2015-07-11 20:46:51 : Color: 000000
2015-07-11 20:46:51 : Color: A85D25
2015-07-11 20:46:51 : Color: E2A539
2015-07-11 20:46:51 : Color: E1A538
2015-07-11 20:46:51 : Color: E2A538
2015-07-11 20:46:51 : Color: E1A239
2015-07-11 20:46:51 : Color: E1A239
2015-07-11 20:46:51 : Color: E1A239
2015-07-11 20:46:51 : Color: E1A139
2015-07-11 20:46:51 : Color: E1A131
2015-07-11 20:46:51 : Color: E19E34
2015-07-11 20:46:51 : Color: E19E32
2015-07-11 20:46:51 : Color: E19D33
2015-07-11 20:46:51 : Color: DC9D34
2015-07-11 20:46:51 : Color: DB9932
2015-07-11 20:46:51 : Color: DC9932
2015-07-11 20:46:51 : Color: 000000
2015-07-11 20:46:51 : Color: A85D24
2015-07-11 20:46:51 : Color: E2A539
2015-07-11 20:46:51 : Color: E1A538
2015-07-11 20:46:51 : Color: E2A538
2015-07-11 20:46:51 : Color: E1A239
2015-07-11 20:46:51 : Color: E1A239
2015-07-11 20:46:51 : Color: E1A239
2015-07-11 20:46:51 : Color: E1A139
2015-07-11 20:46:51 : Color: E1A131
2015-07-11 20:46:51 : Color: E19E35
2015-07-11 20:46:51 : Color: E19F31
2015-07-11 20:46:51 : Color: E19D33
2015-07-11 20:46:51 : Color: DC9D34
2015-07-11 20:46:51 : Color: DC9932
2015-07-11 20:46:51 : Color: DB9932
2015-07-11 20:46:51 : Color: 000000
2015-07-11 20:46:51 : Color: A85D25
2015-07-11 20:46:51 : Color: E2A539
2015-07-11 20:46:51 : Color: E1A438
2015-07-11 20:46:51 : Color: E2A438
2015-07-11 20:46:51 : Color: E1A239
2015-07-11 20:46:51 : Color: E1A339
2015-07-11 20:46:51 : Color: E1A239
2015-07-11 20:46:51 : Color: E1A139
2015-07-11 20:46:51 : Color: E1A132
2015-07-11 20:46:51 : Color: E19E36
2015-07-11 20:46:51 : Color: E19F31
2015-07-11 20:46:51 : Color: E19D33
2015-07-11 20:46:51 : Color: DD9D35
2015-07-11 20:46:51 : Color: DD9932
2015-07-11 20:46:51 : Color: DB9932
2015-07-11 20:46:51 : Color: 000000
2015-07-11 20:46:51 : Color: A85D24
2015-07-11 20:46:51 : Color: E2A538
2015-07-11 20:46:51 : Color: E1A438
2015-07-11 20:46:51 : Color: E2A438
2015-07-11 20:46:51 : Color: E1A239
2015-07-11 20:46:51 : Color: E1A339
2015-07-11 20:46:51 : Color: E1A239
2015-07-11 20:46:51 : Color: E1A139
2015-07-11 20:46:51 : Color: E1A132
2015-07-11 20:46:51 : Color: E19E36
2015-07-11 20:46:51 : Color: E19F31
2015-07-11 20:46:51 : Color: E19D34
2015-07-11 20:46:51 : Color: DD9D35
2015-07-11 20:46:51 : Color: DE9932
2015-07-11 20:46:51 : Color: DA9932
2015-07-11 20:46:51 : Color: 000000
2015-07-11 20:46:51 : Color: A85D25
2015-07-11 20:46:51 : Color: E2A538
2015-07-11 20:46:51 : Color: E1A438
2015-07-11 20:46:51 : Color: E3A438
2015-07-11 20:46:51 : Color: E1A239
2015-07-11 20:46:51 : Color: E1A339
2015-07-11 20:46:51 : Color: E1A139
2015-07-11 20:46:51 : Color: E1A139
2015-07-11 20:46:51 : Color: E1A132
2015-07-11 20:46:51 : Color: E19F37
2015-07-11 20:46:51 : Color: E1A031
2015-07-11 20:46:51 : Color: E19D34
2015-07-11 20:46:51 : Color: DE9D36
2015-07-11 20:46:51 : Color: DF9932
2015-07-11 20:46:51 : Color: DA9931
2015-07-11 20:46:51 : Color: 000000
2015-07-11 20:46:51 : Color: A85D24
2015-07-11 20:46:51 : Color: E1A438
2015-07-11 20:46:51 : Color: E1A438
2015-07-11 20:46:51 : Color: E3A438
2015-07-11 20:46:51 : Color: E1A239
2015-07-11 20:46:51 : Color: E1A439
2015-07-11 20:46:51 : Color: E1A139
2015-07-11 20:46:51 : Color: E1A038
2015-07-11 20:46:51 : Color: E1A132
2015-07-11 20:46:51 : Color: E19F38
2015-07-11 20:46:51 : Color: E1A031
2015-07-11 20:46:51 : Color: E19D34
2015-07-11 20:46:51 : Color: DE9D37
2015-07-11 20:46:51 : Color: DF9932
2015-07-11 20:46:51 : Color: DA9931
2015-07-11 20:46:51 : Color: 000000
2015-07-11 20:46:51 : Color: A85D24
2015-07-11 20:46:51 : Color: E1A438
2015-07-11 20:46:52 : Color: E1A438
2015-07-11 20:46:52 : Color: E3A438
2015-07-11 20:46:52 : Color: E1A239
2015-07-11 20:46:52 : Color: E1A439
2015-07-11 20:46:52 : Color: E1A139
2015-07-11 20:46:52 : Color: E1A138
2015-07-11 20:46:52 : Color: E1A132
2015-07-11 20:46:52 : Color: E19F38
2015-07-11 20:46:52 : Color: E1A031
2015-07-11 20:46:52 : Color: E19D35
2015-07-11 20:46:52 : Color: DF9D37
2015-07-11 20:46:52 : Color: E09932
2015-07-11 20:46:52 : Color: D99931
2015-07-11 20:46:52 : Color: 000000
2015-07-11 20:46:52 : Color: A85D24
2015-07-11 20:46:52 : Color: E1A438
2015-07-11 20:46:52 : Color: E1A437
2015-07-11 20:46:52 : Color: E3A437
2015-07-11 20:46:52 : Color: E1A239
2015-07-11 20:46:52 : Color: E1A539
2015-07-11 20:46:52 : Color: E1A139
2015-07-11 20:46:52 : Color: E1A138
2015-07-11 20:46:52 : Color: E1A132
2015-07-11 20:46:52 : Color: E19F39
2015-07-11 20:46:52 : Color: E1A131
2015-07-11 20:46:52 : Color: E19D35
2015-07-11 20:46:52 : Color: DF9D37
2015-07-11 20:46:52 : Color: E19932
2015-07-11 20:46:52 : Color: D99932
2015-07-11 20:46:52 : Color: 000000
2015-07-11 20:46:52 : Color: A85C24
2015-07-11 20:46:52 : Color: E1A438
2015-07-11 20:46:52 : Color: E1A438
2015-07-11 20:46:52 : Color: E3A438
2015-07-11 20:46:52 : Color: E1A239
2015-07-11 20:46:52 : Color: E1A438
2015-07-11 20:46:52 : Color: E1A138
2015-07-11 20:46:52 : Color: E1A138
2015-07-11 20:46:52 : Color: E1A132
2015-07-11 20:46:52 : Color: E19F38
2015-07-11 20:46:52 : Color: E1A031
2015-07-11 20:46:52 : Color: E19D35
2015-07-11 20:46:52 : Color: DF9D37
2015-07-11 20:46:52 : Color: E09A31
2015-07-11 20:46:52 : Color: DA9932
2015-07-11 20:46:52 : Color: 000000
2015-07-11 20:46:52 : Color: A85D24
2015-07-11 20:46:52 : Color: E2A438
2015-07-11 20:46:52 : Color: E1A438
2015-07-11 20:46:52 : Color: E3A438
2015-07-11 20:46:52 : Color: E1A239
2015-07-11 20:46:52 : Color: E1A438
2015-07-11 20:46:52 : Color: E1A138
2015-07-11 20:46:52 : Color: E1A038
2015-07-11 20:46:52 : Color: E1A032
2015-07-11 20:46:52 : Color: E19F37
2015-07-11 20:46:52 : Color: E1A032
2015-07-11 20:46:52 : Color: E19D35
2015-07-11 20:46:52 : Color: DF9D37
2015-07-11 20:46:52 : Color: DF9A32
2015-07-11 20:46:52 : Color: DA9931
2015-07-11 20:46:52 : Color: 000000
2015-07-11 20:46:52 : Color: A75D24
2015-07-11 20:46:52 : Color: E2A438
2015-07-11 20:46:52 : Color: E1A438
2015-07-11 20:46:52 : Color: E3A438
2015-07-11 20:46:52 : Color: E1A239
2015-07-11 20:46:52 : Color: E1A438
2015-07-11 20:46:52 : Color: E1A138
2015-07-11 20:46:52 : Color: E1A138
2015-07-11 20:46:52 : Color: E1A032
2015-07-11 20:46:52 : Color: E19F37
2015-07-11 20:46:52 : Color: E1A033
2015-07-11 20:46:52 : Color: E19D35
2015-07-11 20:46:52 : Color: DF9D36
2015-07-11 20:46:52 : Color: DE9A31
2015-07-11 20:46:52 : Color: DB9931
2015-07-11 20:46:52 : Color: 000000
2015-07-11 20:46:52 : Color: A75C24
2015-07-11 20:46:52 : Color: E2A438
2015-07-11 20:46:52 : Color: E1A438
2015-07-11 20:46:52 : Color: E2A438
2015-07-11 20:46:52 : Color: E1A238
2015-07-11 20:46:52 : Color: E1A338
2015-07-11 20:46:52 : Color: E1A138
2015-07-11 20:46:52 : Color: E1A038
2015-07-11 20:46:52 : Color: E1A132
2015-07-11 20:46:52 : Color: E19F36
2015-07-11 20:46:52 : Color: E19F34
2015-07-11 20:46:52 : Color: E19D35
2015-07-11 20:46:52 : Color: E09D36
2015-07-11 20:46:52 : Color: DD9B31
2015-07-11 20:46:52 : Color: DC9931
2015-07-11 20:46:52 : Color: 000000
2015-07-11 20:46:52 : Color: A75C24
2015-07-11 20:46:52 : Color: E3A438
2015-07-11 20:46:52 : Color: E1A438
2015-07-11 20:46:52 : Color: E2A438
2015-07-11 20:46:52 : Color: E1A238
2015-07-11 20:46:52 : Color: E1A238
2015-07-11 20:46:52 : Color: E1A238
2015-07-11 20:46:52 : Color: E1A038
2015-07-11 20:46:52 : Color: E1A032
2015-07-11 20:46:52 : Color: E19F35
2015-07-11 20:46:52 : Color: E19F35
2015-07-11 20:46:52 : Color: E19D35
2015-07-11 20:46:52 : Color: E09D35
2015-07-11 20:46:52 : Color: DD9B31
2015-07-11 20:46:52 : Color: DD9931
2015-07-11 20:46:52 : Color: 000000
2015-07-11 20:46:52 : Color: A75C24
2015-07-11 20:46:52 : Color: E3A437
2015-07-11 20:46:52 : Color: E1A438
2015-07-11 20:46:52 : Color: E2A438
2015-07-11 20:46:52 : Color: E1A238
2015-07-11 20:46:52 : Color: E1A238
2015-07-11 20:46:52 : Color: E1A238
2015-07-11 20:46:53 : Color: E1A038
2015-07-11 20:46:53 : Color: E1A032
2015-07-11 20:46:53 : Color: E19F34
2015-07-11 20:46:53 : Color: E19E36
2015-07-11 20:46:53 : Color: E19D36
2015-07-11 20:46:53 : Color: E09D35
2015-07-11 20:46:53 : Color: DC9B31
2015-07-11 20:46:53 : Color: DE9931
2015-07-11 20:46:53 : Color: 000000
2015-07-11 20:46:53 : Color: A75C23
2015-07-11 20:46:53 : Color: E3A438
2015-07-11 20:46:53 : Color: E1A438
2015-07-11 20:46:53 : Color: E2A438
2015-07-11 20:46:53 : Color: E1A238
2015-07-11 20:46:53 : Color: E1A238
2015-07-11 20:46:53 : Color: E1A238
2015-07-11 20:46:53 : Color: E1A038
2015-07-11 20:46:53 : Color: E1A032
2015-07-11 20:46:53 : Color: E19F33
2015-07-11 20:46:53 : Color: E19E37
2015-07-11 20:46:53 : Color: E19D36
2015-07-11 20:46:53 : Color: E09D35
2015-07-11 20:46:53 : Color: DB9C31
2015-07-11 20:46:53 : Color: DE9931
2015-07-11 20:46:53 : Color: 000000
2015-07-11 20:46:53 : Color: A75C23
2015-07-11 20:46:53 : Color: E4A437
2015-07-11 20:46:53 : Color: E1A538
2015-07-11 20:46:53 : Color: E1A538
2015-07-11 20:46:53 : Color: E1A238
2015-07-11 20:46:53 : Color: E1A138
2015-07-11 20:46:53 : Color: E1A238
2015-07-11 20:46:53 : Color: E1A038
2015-07-11 20:46:53 : Color: E1A032
2015-07-11 20:46:53 : Color: E19F32
2015-07-11 20:46:53 : Color: E19E38
2015-07-11 20:46:53 : Color: E19D36
2015-07-11 20:46:53 : Color: E09D34
2015-07-11 20:46:53 : Color: DA9C31
2015-07-11 20:46:53 : Color: DF9931
2015-07-11 20:46:53 : Color: 000000
2015-07-11 20:46:53 : Color: A75C23
2015-07-11 20:46:53 : Color: E4A437
2015-07-11 20:46:53 : Color: E1A438
2015-07-11 20:46:53 : Color: E1A438
2015-07-11 20:46:53 : Color: E1A238
2015-07-11 20:46:53 : Color: E1A138
2015-07-11 20:46:53 : Color: E1A238
2015-07-11 20:46:53 : Color: E1A038
2015-07-11 20:46:53 : Color: E1A032
2015-07-11 20:46:53 : Color: E19F31
2015-07-11 20:46:53 : Color: E19D38
2015-07-11 20:46:53 : Color: E19D36
2015-07-11 20:46:53 : Color: E19D34
2015-07-11 20:46:53 : Color: DA9C31
2015-07-11 20:46:53 : Color: E09931
2015-07-11 20:46:53 : Color: 000000
2015-07-11 20:46:53 : Color: A75C23
2015-07-11 20:46:53 : Color: E4A437
2015-07-11 20:46:53 : Color: E1A438
2015-07-11 20:46:53 : Color: E1A538
2015-07-11 20:46:53 : Color: E1A238
2015-07-11 20:46:53 : Color: E1A038
2015-07-11 20:46:53 : Color: E1A238
2015-07-11 20:46:53 : Color: E1A038
2015-07-11 20:46:53 : Color: E1A032
2015-07-11 20:46:53 : Color: E19F31
2015-07-11 20:46:53 : Color: E19D39
2015-07-11 20:46:53 : Color: E19D36
2015-07-11 20:46:53 : Color: E19D33
2015-07-11 20:46:53 : Color: D99C31
2015-07-11 20:46:53 : Color: E19931
2015-07-11 20:46:53 : Color: 000000
2015-07-11 20:46:53 : Color: A75C23
2015-07-11 20:46:53 : Color: E4A437
2015-07-11 20:46:53 : Color: E1A438
2015-07-11 20:46:53 : Color: E1A438
2015-07-11 20:46:53 : Color: E1A238
2015-07-11 20:46:53 : Color: E1A038
2015-07-11 20:46:53 : Color: E1A238
2015-07-11 20:46:53 : Color: E1A038
2015-07-11 20:46:53 : Color: E1A032
2015-07-11 20:46:53 : Color: E19F31
2015-07-11 20:46:53 : Color: E19D38
2015-07-11 20:46:53 : Color: E19D36
2015-07-11 20:46:53 : Color: E19D33
2015-07-11 20:46:53 : Color: DA9C31
2015-07-11 20:46:53 : Color: DC9630
2015-07-11 20:46:53 : Color: 000000
2015-07-11 20:46:53 : Color: A85C23
2015-07-11 20:46:53 : Color: E4A437
2015-07-11 20:46:53 : Color: E1A538
2015-07-11 20:46:53 : Color: E1A438
2015-07-11 20:46:53 : Color: E1A238
2015-07-11 20:46:53 : Color: E1A038
2015-07-11 20:46:53 : Color: E1A238
2015-07-11 20:46:53 : Color: E1A038
2015-07-11 20:46:53 : Color: E1A032
2015-07-11 20:46:53 : Color: E19F32
2015-07-11 20:46:53 : Color: E19E37
2015-07-11 20:46:53 : Color: E19D35
2015-07-11 20:46:53 : Color: E09D33
2015-07-11 20:46:53 : Color: DB9C31
2015-07-11 20:46:53 : Color: C5872B
2015-07-11 20:46:53 : Color: 000000
2015-07-11 20:46:53 : Color: A75C23
2015-07-11 20:46:53 : Color: E3A437
2015-07-11 20:46:53 : Color: E1A438
2015-07-11 20:46:53 : Color: E2A438
2015-07-11 20:46:53 : Color: E1A238
2015-07-11 20:46:53 : Color: E1A138
2015-07-11 20:46:53 : Color: E1A238
2015-07-11 20:46:53 : Color: E1A038
2015-07-11 20:46:53 : Color: E1A032
2015-07-11 20:46:53 : Color: E19F32
2015-07-11 20:46:53 : Color: E19E36
2015-07-11 20:46:54 : Color: E19D35
2015-07-11 20:46:54 : Color: E19D32
2015-07-11 20:46:54 : Color: DB9B31
2015-07-11 20:46:54 : Color: 895E1E
2015-07-11 20:46:54 : Color: 000000
2015-07-11 20:46:54 : Color: A75B23
2015-07-11 20:46:54 : Color: E3A437
2015-07-11 20:46:54 : Color: E1A438
2015-07-11 20:46:54 : Color: E2A437
2015-07-11 20:46:54 : Color: E1A238
2015-07-11 20:46:54 : Color: E1A038
2015-07-11 20:46:54 : Color: E1A238
2015-07-11 20:46:54 : Color: E1A038
2015-07-11 20:46:54 : Color: E1A032
2015-07-11 20:46:54 : Color: E19F32
2015-07-11 20:46:54 : Color: E19E35
2015-07-11 20:46:54 : Color: E19D34
2015-07-11 20:46:54 : Color: E09D32
2015-07-11 20:46:54 : Color: DB9A31
2015-07-11 20:46:54 : Color: 291C09
2015-07-11 20:46:54 : Color: 000000
2015-07-11 20:46:54 : Color: A75B22
2015-07-11 20:46:54 : Color: E2A437
2015-07-11 20:46:54 : Color: E1A438
2015-07-11 20:46:54 : Color: E2A437
2015-07-11 20:46:54 : Color: E1A238
2015-07-11 20:46:54 : Color: E1A138
2015-07-11 20:46:54 : Color: E1A238
2015-07-11 20:46:54 : Color: E1A038
2015-07-11 20:46:54 : Color: E1A032
2015-07-11 20:46:54 : Color: E19F33
2015-07-11 20:46:54 : Color: E19F34
2015-07-11 20:46:54 : Color: E19D34
2015-07-11 20:46:54 : Color: E09D32
2015-07-11 20:46:54 : Color: BB832A
2015-07-11 20:46:54 : Color: 0E0E0D
2015-07-11 20:46:54 : Color: 000000
2015-07-11 20:46:54 : Color: A75C22
2015-07-11 20:46:54 : Color: E2A438
2015-07-11 20:46:54 : Color: E1A437
2015-07-11 20:46:54 : Color: E2A437
2015-07-11 20:46:54 : Color: E1A238
2015-07-11 20:46:54 : Color: E1A138
2015-07-11 20:46:54 : Color: E1A138
2015-07-11 20:46:54 : Color: E1A038
2015-07-11 20:46:54 : Color: E1A032
2015-07-11 20:46:54 : Color: E19F33
2015-07-11 20:46:54 : Color: E19F33
2015-07-11 20:46:54 : Color: E19D33
2015-07-11 20:46:54 : Color: E09D32
2015-07-11 20:46:54 : Color: 8A601E
2015-07-11 20:46:54 : Color: 292C24
2015-07-11 20:46:54 : Color: 000000
2015-07-11 20:46:54 : Color: A85B22
2015-07-11 20:46:54 : Color: E2A438
2015-07-11 20:46:54 : Color: E1A437
2015-07-11 20:46:54 : Color: E3A437
2015-07-11 20:46:54 : Color: E1A238
2015-07-11 20:46:54 : Color: E1A138
2015-07-11 20:46:54 : Color: E1A138
2015-07-11 20:46:54 : Color: E1A038
2015-07-11 20:46:54 : Color: E1A032
2015-07-11 20:46:54 : Color: E19F34
2015-07-11 20:46:54 : Color: E19F33
2015-07-11 20:46:54 : Color: E19D32
2015-07-11 20:46:54 : Color: DF9D31
2015-07-11 20:46:54 : Color: 342612
2015-07-11 20:46:54 : Color: AAA998
2015-07-11 20:46:54 : Color: 000000
2015-07-11 20:46:54 : Color: A85C23
2015-07-11 20:46:54 : Color: E1A438
2015-07-11 20:46:54 : Color: E1A437
2015-07-11 20:46:54 : Color: E3A437
2015-07-11 20:46:54 : Color: E1A238
2015-07-11 20:46:54 : Color: E1A138
2015-07-11 20:46:54 : Color: E1A138
2015-07-11 20:46:54 : Color: E1A038
2015-07-11 20:46:54 : Color: E1A032
2015-07-11 20:46:54 : Color: E19F34
2015-07-11 20:46:54 : Color: E1A032
2015-07-11 20:46:54 : Color: E19D32
2015-07-11 20:46:54 : Color: 9E6F23
2015-07-11 20:46:54 : Color: 1A1B16
2015-07-11 20:46:54 : Color: F8F3DC
2015-07-11 20:46:54 : Color: 000000
2015-07-11 20:46:54 : Color: A85B22
2015-07-11 20:46:54 : Color: E1A438
2015-07-11 20:46:54 : Color: E1A437
2015-07-11 20:46:54 : Color: E3A437
2015-07-11 20:46:54 : Color: E1A238
2015-07-11 20:46:54 : Color: E1A138
2015-07-11 20:46:54 : Color: E1A138
2015-07-11 20:46:54 : Color: E1A038
2015-07-11 20:46:54 : Color: E1A031
2015-07-11 20:46:54 : Color: E19F35
2015-07-11 20:46:54 : Color: E1A031
2015-07-11 20:46:54 : Color: AF7A26
2015-07-11 20:46:54 : Color: 171108
2015-07-11 20:46:54 : Color: 979282
2015-07-11 20:46:54 : Color: F8F6DF
2015-07-11 20:46:54 : Color: 000000
2015-07-11 20:46:54 : Color: A85C22
2015-07-11 20:46:54 : Color: E1A438
2015-07-11 20:46:54 : Color: E1A437
2015-07-11 20:46:54 : Color: E3A437
2015-07-11 20:46:54 : Color: E1A238
2015-07-11 20:46:54 : Color: E1A138
2015-07-11 20:46:54 : Color: E1A038
2015-07-11 20:46:54 : Color: E1A038
2015-07-11 20:46:54 : Color: E1A032
2015-07-11 20:46:54 : Color: E09E35
2015-07-11 20:46:54 : Color: AA7924
2015-07-11 20:46:54 : Color: 110E07
2015-07-11 20:46:54 : Color: 8D8B77
2015-07-11 20:46:55 : Color: F8F0D0
2015-07-11 20:46:55 : Color: F6EFD6
2015-07-11 20:46:55 : Color: 000000
2015-07-11 20:46:55 : Color: A85C22
2015-07-11 20:46:55 : Color: E1A438
2015-07-11 20:46:55 : Color: E2A437
2015-07-11 20:46:55 : Color: E3A437
2015-07-11 20:46:55 : Color: E1A138
2015-07-11 20:46:55 : Color: E1A138
2015-07-11 20:46:55 : Color: E1A038
2015-07-11 20:46:55 : Color: E1A038
2015-07-11 20:46:55 : Color: E09F32
2015-07-11 20:46:55 : Color: 926722
2015-07-11 20:46:55 : Color: 040302
2015-07-11 20:46:55 : Color: B7B49D
2015-07-11 20:46:55 : Color: F8F0D8
2015-07-11 20:46:55 : Color: F0EACA
2015-07-11 20:46:55 : Color: F1E9D0
2015-07-11 20:46:55 : Color: 000000
2015-07-11 20:46:55 : Color: A85B21
2015-07-11 20:46:55 : Color: E2A437
2015-07-11 20:46:55 : Color: E3A437
2015-07-11 20:46:55 : Color: E3A437
2015-07-11 20:46:55 : Color: E1A138
2015-07-11 20:46:55 : Color: E1A038
2015-07-11 20:46:55 : Color: E1A138
2015-07-11 20:46:55 : Color: E1A038
2015-07-11 20:46:55 : Color: 513912
2015-07-11 20:46:55 : Color: 0D0D0B
2015-07-11 20:46:55 : Color: CFCBB3
2015-07-11 20:46:55 : Color: F8F4D6
2015-07-11 20:46:55 : Color: F4EBC9
2015-07-11 20:46:55 : Color: EEE3BB
2015-07-11 20:46:55 : Color: F0E6C9
2015-07-11 20:46:55 : Color: 000000
2015-07-11 20:46:55 : Color: A75B21
2015-07-11 20:46:55 : Color: E2A437
2015-07-11 20:46:55 : Color: E3A437
2015-07-11 20:46:55 : Color: E4A437
2015-07-11 20:46:55 : Color: E1A138
2015-07-11 20:46:55 : Color: E1A038
2015-07-11 20:46:55 : Color: E1A138
2015-07-11 20:46:55 : Color: 72511C
2015-07-11 20:46:55 : Color: 31322B
2015-07-11 20:46:55 : Color: DDD6BA
2015-07-11 20:46:55 : Color: F8F1D0
2015-07-11 20:46:55 : Color: F1E8C4
2015-07-11 20:46:55 : Color: F0E3C1
2015-07-11 20:46:55 : Color: EEE0BC
2015-07-11 20:46:55 : Color: F0E3BA
2015-07-11 20:46:55 : Color: 000000
2015-07-11 20:46:55 : Color: A75B21
2015-07-11 20:46:55 : Color: E3A437
2015-07-11 20:46:55 : Color: E4A437
2015-07-11 20:46:55 : Color: E3A437
2015-07-11 20:46:55 : Color: E1A238
2015-07-11 20:46:55 : Color: E1A038
2015-07-11 20:46:55 : Color: E1A138
2015-07-11 20:46:55 : Color: 644719
2015-07-11 20:46:55 : Color: 4E4C41
2015-07-11 20:46:55 : Color: F8F1CE
2015-07-11 20:46:55 : Color: F8F0D0
2015-07-11 20:46:55 : Color: F1E5BF
2015-07-11 20:46:55 : Color: F0E2BA
2015-07-11 20:46:55 : Color: EEE1BB
2015-07-11 20:46:55 : Color: E9DDA8
2015-07-11 20:46:55 : Color: 000000
2015-07-11 20:46:55 : Color: A85B21
2015-07-11 20:46:55 : Color: E3A437
2015-07-11 20:46:55 : Color: E5A437
2015-07-11 20:46:55 : Color: E4A437
2015-07-11 20:46:55 : Color: E1A138
2015-07-11 20:46:55 : Color: E1A038
2015-07-11 20:46:55 : Color: E1A138
2015-07-11 20:46:55 : Color: D49735
2015-07-11 20:46:55 : Color: 1F1607
2015-07-11 20:46:55 : Color: 6C6958
2015-07-11 20:46:55 : Color: F7EECF
2015-07-11 20:46:55 : Color: F0EAC5
2015-07-11 20:46:55 : Color: F0E2B7
2015-07-11 20:46:55 : Color: EBDFB2
2015-07-11 20:46:55 : Color: EEE0B7
2015-07-11 20:46:55 : Color: 000000
2015-07-11 20:46:55 : Color: A85C21
2015-07-11 20:46:55 : Color: E4A437
2015-07-11 20:46:55 : Color: E5A437
2015-07-11 20:46:55 : Color: E4A437
2015-07-11 20:46:55 : Color: E1A138
2015-07-11 20:46:55 : Color: E1A038
2015-07-11 20:46:55 : Color: E1A138
2015-07-11 20:46:55 : Color: E1A038
2015-07-11 20:46:55 : Color: C58C2B
2015-07-11 20:46:55 : Color: 040401
2015-07-11 20:46:55 : Color: 9D9681
2015-07-11 20:46:55 : Color: F7EBCF
2015-07-11 20:46:55 : Color: F0E4B8
2015-07-11 20:46:55 : Color: E8DCA5
2015-07-11 20:46:55 : Color: F0E0B9
2015-07-11 20:46:55 : Color: 000000
2015-07-11 20:46:55 : Color: A75C21
2015-07-11 20:46:55 : Color: E4A437
2015-07-11 20:46:55 : Color: E6A437
2015-07-11 20:46:55 : Color: E4A437
2015-07-11 20:46:55 : Color: E1A138
2015-07-11 20:46:55 : Color: E1A037
2015-07-11 20:46:55 : Color: E1A238
2015-07-11 20:46:55 : Color: E1A038
2015-07-11 20:46:55 : Color: E1A031
2015-07-11 20:46:56 : Color: BB842C
2015-07-11 20:46:56 : Color: 050402
2015-07-11 20:46:56 : Color: B0AA8F
2015-07-11 20:46:56 : Color: F0E8C4
2015-07-11 20:46:56 : Color: EDE1B1
2015-07-11 20:46:56 : Color: E9DDB3
2015-07-11 20:46:56 : Color: 000000
2015-07-11 20:46:56 : Color: A85B21
2015-07-11 20:46:56 : Color: E4A437
2015-07-11 20:46:56 : Color: E7A336
2015-07-11 20:46:56 : Color: E3A437
2015-07-11 20:46:56 : Color: E1A138
2015-07-11 20:46:56 : Color: E1A037
2015-07-11 20:46:56 : Color: E1A238
2015-07-11 20:46:56 : Color: E1A038
2015-07-11 20:46:56 : Color: E1A031
2015-07-11 20:46:56 : Color: E19F35
2015-07-11 20:46:56 : Color: A67628
2015-07-11 20:46:56 : Color: 130F0A
2015-07-11 20:46:56 : Color: B9B094
2015-07-11 20:46:56 : Color: F0E5BB
2015-07-11 20:46:56 : Color: EEDFB3
2015-07-11 20:46:56 : Color: 000000
2015-07-11 20:46:56 : Color: A85B21
2015-07-11 20:46:56 : Color: E5A436
2015-07-11 20:46:56 : Color: E8A436
2015-07-11 20:46:56 : Color: E4A437
2015-07-11 20:46:56 : Color: E1A137
2015-07-11 20:46:56 : Color: E1A038
2015-07-11 20:46:56 : Color: E1A238
2015-07-11 20:46:56 : Color: E1A038
2015-07-11 20:46:56 : Color: E1A031
2015-07-11 20:46:56 : Color: E19F35
2015-07-11 20:46:56 : Color: E1A037
2015-07-11 20:46:56 : Color: 845B1F
2015-07-11 20:46:56 : Color: 1C1A16
2015-07-11 20:46:56 : Color: CCC4A6
2015-07-11 20:46:56 : Color: F0E4C1
2015-07-11 20:46:56 : Color: 000000
2015-07-11 20:46:56 : Color: A75A21
2015-07-11 20:46:56 : Color: E5A436
2015-07-11 20:46:56 : Color: E8A436
2015-07-11 20:46:56 : Color: E4A437
2015-07-11 20:46:56 : Color: E1A137
2015-07-11 20:46:56 : Color: E1A038
2015-07-11 20:46:56 : Color: E1A237
2015-07-11 20:46:56 : Color: E1A037
2015-07-11 20:46:56 : Color: E1A031
2015-07-11 20:46:56 : Color: E19F35
2015-07-11 20:46:56 : Color: E1A037
2015-07-11 20:46:56 : Color: E19C35
2015-07-11 20:46:56 : Color: 634516
2015-07-11 20:46:56 : Color: 272621
2015-07-11 20:46:56 : Color: E1DABD
2015-07-11 20:46:56 : Color: 000000
2015-07-11 20:46:56 : Color: A75B20
2015-07-11 20:46:56 : Color: E5A337
2015-07-11 20:46:56 : Color: E7A336
2015-07-11 20:46:56 : Color: E3A437
2015-07-11 20:46:56 : Color: E1A137
2015-07-11 20:46:56 : Color: E1A037
2015-07-11 20:46:56 : Color: E1A237
2015-07-11 20:46:56 : Color: E1A037
2015-07-11 20:46:56 : Color: E1A031
2015-07-11 20:46:56 : Color: E19F34
2015-07-11 20:46:56 : Color: E19F37
2015-07-11 20:46:56 : Color: E19C35
2015-07-11 20:46:56 : Color: E19C32
2015-07-11 20:46:56 : Color: 412D0E
2015-07-11 20:46:56 : Color: 2A281F
2015-07-11 20:46:56 : Color: 000000
2015-07-11 20:46:56 : Color: A85B20
2015-07-11 20:46:56 : Color: E4A437
2015-07-11 20:46:56 : Color: E7A437
2015-07-11 20:46:56 : Color: E3A437
2015-07-11 20:46:56 : Color: E1A137
2015-07-11 20:46:56 : Color: E1A037
2015-07-11 20:46:56 : Color: E1A137
2015-07-11 20:46:56 : Color: E1A037
2015-07-11 20:46:56 : Color: E1A031
2015-07-11 20:46:56 : Color: E19E34
2015-07-11 20:46:56 : Color: E19F36
2015-07-11 20:46:56 : Color: E19C34
2015-07-11 20:46:56 : Color: E19C32
2015-07-11 20:46:56 : Color: DA972F
2015-07-11 20:46:56 : Color: 31220B
2015-07-11 20:46:56 : Color: 000000
2015-07-11 20:46:56 : Color: A85B20
2015-07-11 20:46:56 : Color: E4A437
2015-07-11 20:46:56 : Color: E6A437
2015-07-11 20:46:56 : Color: E2A437
2015-07-11 20:46:56 : Color: E1A137
2015-07-11 20:46:56 : Color: E1A037
2015-07-11 20:46:56 : Color: E1A137
2015-07-11 20:46:56 : Color: E1A037
2015-07-11 20:46:56 : Color: E1A031
2015-07-11 20:46:56 : Color: E19F33
2015-07-11 20:46:56 : Color: E19F35
2015-07-11 20:46:56 : Color: E19C34
2015-07-11 20:46:56 : Color: E19D32
2015-07-11 20:46:56 : Color: E19B31
2015-07-11 20:46:56 : Color: CE8D2D
2015-07-11 20:46:56 : Color: 000000
2015-07-11 20:46:56 : Color: A85B20
2015-07-11 20:46:56 : Color: E3A437
2015-07-11 20:46:57 : Color: E5A437
2015-07-11 20:46:57 : Color: E2A437
2015-07-11 20:46:57 : Color: E1A137
2015-07-11 20:46:57 : Color: E1A037
2015-07-11 20:46:57 : Color: E1A137
2015-07-11 20:46:57 : Color: E1A037
2015-07-11 20:46:57 : Color: E1A031
2015-07-11 20:46:57 : Color: E19F32
2015-07-11 20:46:57 : Color: E19F34
2015-07-11 20:46:57 : Color: E19D33
2015-07-11 20:46:57 : Color: E19D32
2015-07-11 20:46:57 : Color: E09B31
2015-07-11 20:46:57 : Color: DE9930
2015-07-11 20:46:57 : Color: 000000
2015-07-11 20:46:57 : Color: A85B1F
2015-07-11 20:46:57 : Color: E3A437
2015-07-11 20:46:57 : Color: E4A437
2015-07-11 20:46:57 : Color: E2A437
2015-07-11 20:46:57 : Color: E1A137
2015-07-11 20:46:57 : Color: E1A037
2015-07-11 20:46:57 : Color: E1A137
2015-07-11 20:46:57 : Color: E1A037
2015-07-11 20:46:57 : Color: E1A031
2015-07-11 20:46:57 : Color: E19F32
2015-07-11 20:46:57 : Color: E19E34
2015-07-11 20:46:57 : Color: E29D33
2015-07-11 20:46:57 : Color: E19D31
2015-07-11 20:46:57 : Color: E09B30
2015-07-11 20:46:57 : Color: DD9930
2015-07-11 20:46:57 : Color: 000000
2015-07-11 20:46:57 : Color: A75A20
2015-07-11 20:46:57 : Color: E3A437
2015-07-11 20:46:57 : Color: E4A437
2015-07-11 20:46:57 : Color: E2A436
2015-07-11 20:46:57 : Color: E1A137
2015-07-11 20:46:57 : Color: E1A037
2015-07-11 20:46:57 : Color: E1A137
2015-07-11 20:46:57 : Color: E1A037
2015-07-11 20:46:57 : Color: E1A031
2015-07-11 20:46:57 : Color: E19F31
2015-07-11 20:46:57 : Color: E19E33
2015-07-11 20:46:57 : Color: E29D32
2015-07-11 20:46:57 : Color: E09D31
2015-07-11 20:46:57 : Color: E09A30
2015-07-11 20:46:57 : Color: DC9930
2015-07-11 20:46:57 : Color: 000000
2015-07-11 20:46:57 : Color: A85A20
2015-07-11 20:46:57 : Color: E2A437
2015-07-11 20:46:57 : Color: E3A437
2015-07-11 20:46:57 : Color: E1A436
2015-07-11 20:46:57 : Color: E1A137
2015-07-11 20:46:57 : Color: E1A037
2015-07-11 20:46:57 : Color: E1A037
2015-07-11 20:46:57 : Color: E1A037
2015-07-11 20:46:57 : Color: E1A031
2015-07-11 20:46:57 : Color: E19F31
2015-07-11 20:46:57 : Color: E19E32
2015-07-11 20:46:57 : Color: E29D32
2015-07-11 20:46:57 : Color: E09D31
2015-07-11 20:46:57 : Color: E09A30
2015-07-11 20:46:57 : Color: DC9930
2015-07-11 20:46:57 : Color: 000000
2015-07-11 20:46:57 : Color: A85A20
2015-07-11 20:46:57 : Color: E1A437
2015-07-11 20:46:57 : Color: E2A437
2015-07-11 20:46:57 : Color: E1A336
2015-07-11 20:46:57 : Color: E1A137
2015-07-11 20:46:57 : Color: E1A037
2015-07-11 20:46:57 : Color: E1A037
2015-07-11 20:46:57 : Color: E1A037
2015-07-11 20:46:57 : Color: E1A031
2015-07-11 20:46:57 : Color: E19F31
2015-07-11 20:46:57 : Color: E29D32
2015-07-11 20:46:57 : Color: E19D31
2015-07-11 20:46:57 : Color: E09D31
2015-07-11 20:46:57 : Color: E19930
2015-07-11 20:46:57 : Color: DB9930
2015-07-11 20:46:57 : Color: 000000
2015-07-11 20:46:57 : Color: A85A20
2015-07-11 20:46:57 : Color: E1A437
2015-07-11 20:46:57 : Color: E1A437
2015-07-11 20:46:57 : Color: E1A336
2015-07-11 20:46:57 : Color: E1A137
2015-07-11 20:46:57 : Color: E1A037
2015-07-11 20:46:57 : Color: E1A037
2015-07-11 20:46:57 : Color: E1A037
2015-07-11 20:46:57 : Color: E1A031
2015-07-11 20:46:57 : Color: E19F30
2015-07-11 20:46:57 : Color: E19D31
2015-07-11 20:46:57 : Color: E19D30
2015-07-11 20:46:57 : Color: E09D30
2015-07-11 20:46:57 : Color: E09930
2015-07-11 20:46:57 : Color: DA9930
2015-07-11 20:46:57 : Color: 000000
2015-07-11 20:46:57 : Color: A75A20
2015-07-11 20:46:57 : Color: E1A437
2015-07-11 20:46:57 : Color: E1A437
2015-07-11 20:46:57 : Color: E1A336
2015-07-11 20:46:57 : Color: E1A137
2015-07-11 20:46:57 : Color: E1A037
2015-07-11 20:46:57 : Color: E1A037
2015-07-11 20:46:57 : Color: E1A037
2015-07-11 20:46:57 : Color: E1A031
2015-07-11 20:46:57 : Color: E19F30
2015-07-11 20:46:58 : Color: E19D30
2015-07-11 20:46:58 : Color: E19D30
2015-07-11 20:46:58 : Color: DF9D30
2015-07-11 20:46:58 : Color: E09930
2015-07-11 20:46:58 : Color: D99830
2015-07-11 20:46:58 : Color: 000000
2015-07-11 20:46:58 : Color: A85A1F
2015-07-11 20:46:58 : Color: E1A437
2015-07-11 20:46:58 : Color: E2A437
2015-07-11 20:46:58 : Color: E1A336
2015-07-11 20:46:58 : Color: E1A137
2015-07-11 20:46:58 : Color: E1A137
2015-07-11 20:46:58 : Color: E1A037
2015-07-11 20:46:58 : Color: E1A037
2015-07-11 20:46:58 : Color: E1A031
2015-07-11 20:46:58 : Color: E19F30
2015-07-11 20:46:58 : Color: E19D31
2015-07-11 20:46:58 : Color: E19D31
2015-07-11 20:46:58 : Color: E09C30
2015-07-11 20:46:58 : Color: E09930
2015-07-11 20:46:58 : Color: DA9830
2015-07-11 20:46:58 : Color: 000000
2015-07-11 20:46:58 : Color: A85A1F
2015-07-11 20:46:58 : Color: E2A437
2015-07-11 20:46:58 : Color: E3A437
2015-07-11 20:46:58 : Color: E2A336
2015-07-11 20:46:58 : Color: E1A137
2015-07-11 20:46:58 : Color: E1A137
2015-07-11 20:46:58 : Color: E1A137
2015-07-11 20:46:58 : Color: E1A037
2015-07-11 20:46:58 : Color: E1A031
2015-07-11 20:46:58 : Color: E19F31
2015-07-11 20:46:58 : Color: E19D31
2015-07-11 20:46:58 : Color: E19C31
2015-07-11 20:46:58 : Color: DF9C30
2015-07-11 20:46:58 : Color: E09930
2015-07-11 20:46:58 : Color: DB9830
2015-07-11 20:46:58 : Color: 000000
2015-07-11 20:46:58 : Color: A75A1F
2015-07-11 20:46:58 : Color: E2A437
2015-07-11 20:46:58 : Color: E3A437
2015-07-11 20:46:58 : Color: E3A336
2015-07-11 20:46:58 : Color: E1A137
2015-07-11 20:46:58 : Color: E1A137
2015-07-11 20:46:58 : Color: E1A137
2015-07-11 20:46:58 : Color: E1A037
2015-07-11 20:46:58 : Color: E1A031
2015-07-11 20:46:58 : Color: E19F32
2015-07-11 20:46:58 : Color: E19D32
2015-07-11 20:46:58 : Color: E19C32
2015-07-11 20:46:58 : Color: E09C30
2015-07-11 20:46:58 : Color: E19930
2015-07-11 20:46:58 : Color: DC9830
2015-07-11 20:46:58 : Color: 000000
2015-07-11 20:46:58 : Color: A85A1E
2015-07-11 20:46:58 : Color: E3A437
2015-07-11 20:46:58 : Color: E4A437
2015-07-11 20:46:58 : Color: E4A436
2015-07-11 20:46:58 : Color: E1A137
2015-07-11 20:46:58 : Color: E1A237
2015-07-11 20:46:58 : Color: E1A137
2015-07-11 20:46:58 : Color: E1A037
2015-07-11 20:46:58 : Color: E1A031
2015-07-11 20:46:58 : Color: E19E33
2015-07-11 20:46:58 : Color: E19E33
2015-07-11 20:46:58 : Color: E19C32
2015-07-11 20:46:58 : Color: E09C31
2015-07-11 20:46:58 : Color: E09A30
2015-07-11 20:46:58 : Color: DC9830
2015-07-11 20:46:58 : Color: 000000
2015-07-11 20:46:58 : Color: A7591F
2015-07-11 20:46:58 : Color: E3A336
2015-07-11 20:46:58 : Color: E5A437
2015-07-11 20:46:58 : Color: E4A436
2015-07-11 20:46:58 : Color: E1A137
2015-07-11 20:46:58 : Color: E1A237
2015-07-11 20:46:58 : Color: E1A137
2015-07-11 20:46:58 : Color: E1A037
2015-07-11 20:46:58 : Color: E1A031
2015-07-11 20:46:58 : Color: E19F33
2015-07-11 20:46:58 : Color: E19E33
2015-07-11 20:46:58 : Color: E19C32
2015-07-11 20:46:58 : Color: E09C31
2015-07-11 20:46:58 : Color: E09A30
2015-07-11 20:46:58 : Color: DD9830
2015-07-11 20:46:58 : Color: 000000
2015-07-11 20:46:58 : Color: A8591F
2015-07-11 20:46:58 : Color: E4A437
2015-07-11 20:46:58 : Color: E6A437
2015-07-11 20:46:58 : Color: E5A436
2015-07-11 20:46:58 : Color: E1A137
2015-07-11 20:46:58 : Color: E1A337
2015-07-11 20:46:58 : Color: E1A137
2015-07-11 20:46:58 : Color: E1A037
2015-07-11 20:46:58 : Color: E1A031
2015-07-11 20:46:58 : Color: E19F34
2015-07-11 20:46:58 : Color: E19E34
2015-07-11 20:46:58 : Color: E19C33
2015-07-11 20:46:58 : Color: E09C31
2015-07-11 20:46:58 : Color: E09A30
2015-07-11 20:46:58 : Color: DE9830
2015-07-11 20:46:59 : Color: 000000
2015-07-11 20:46:59 : Color: A95A1F
2015-07-11 20:46:59 : Color: E5A437
2015-07-11 20:46:59 : Color: E7A437
2015-07-11 20:46:59 : Color: E5A436
2015-07-11 20:46:59 : Color: E1A137
2015-07-11 20:46:59 : Color: E1A337
2015-07-11 20:46:59 : Color: E1A137
2015-07-11 20:46:59 : Color: E1A037
2015-07-11 20:46:59 : Color: E1A031
2015-07-11 20:46:59 : Color: E19E35
2015-07-11 20:46:59 : Color: E19F35
2015-07-11 20:46:59 : Color: E19C33
2015-07-11 20:46:59 : Color: E19C31
2015-07-11 20:46:59 : Color: E19B30
2015-07-11 20:46:59 : Color: DE9830
2015-07-11 20:46:59 : Color: 000000
2015-07-11 20:46:59 : Color: A95B20
2015-07-11 20:46:59 : Color: E5A436
2015-07-11 20:46:59 : Color: E8A436
2015-07-11 20:46:59 : Color: E6A436
2015-07-11 20:46:59 : Color: E1A137
2015-07-11 20:46:59 : Color: E1A337
2015-07-11 20:46:59 : Color: E1A137
2015-07-11 20:46:59 : Color: E1A037
2015-07-11 20:46:59 : Color: E1A031
2015-07-11 20:46:59 : Color: E19E36
2015-07-11 20:46:59 : Color: E19F35
2015-07-11 20:46:59 : Color: E19C34
2015-07-11 20:46:59 : Color: E19C31
2015-07-11 20:46:59 : Color: E19B30
2015-07-11 20:46:59 : Color: DF982F
2015-07-11 20:46:59 : Color: 000000
2015-07-11 20:46:59 : Color: AA5C21
2015-07-11 20:46:59 : Color: E6A436
2015-07-11 20:46:59 : Color: E8A436
2015-07-11 20:46:59 : Color: E6A436
2015-07-11 20:46:59 : Color: E1A137
2015-07-11 20:46:59 : Color: E1A437
2015-07-11 20:46:59 : Color: E1A237
2015-07-11 20:46:59 : Color: E1A037
2015-07-11 20:46:59 : Color: E19F31
2015-07-11 20:46:59 : Color: E19E36
2015-07-11 20:46:59 : Color: E19F36
2015-07-11 20:46:59 : Color: E19C34
