2015-07-11 20:17:06 : ~~~ Clash Game Bot v4.0 Powered by GameBot.org ~~~
2015-07-11 20:17:06 : Au3 Script running on WIN_81  X64
2015-07-11 20:17:06 : =================== Bot Start ====================
2015-07-11 20:17:07 : Trying to locate Main Screen
2015-07-11 20:17:07 : Main Screen Located
2015-07-11 20:17:07 : Click 1,1,1,0 #0166 | Away
2015-07-11 20:17:08 : Detecting your Buildings..
2015-07-11 20:17:08 : Click 1,1,2,200 
2015-07-11 20:17:08 : Town Hall Position: 433, 308
2015-07-11 20:17:08 : Click 433,313,1,0 
2015-07-11 20:17:10 : Taking snapshot for later review
2015-07-11 20:17:15 : ClashGameBot was Paused!
2015-07-11 20:17:23 : ClashGameBot was Resumed.
2015-07-11 20:17:24 : Read building Name String = Town Hall (Level 8)
2015-07-11 20:17:24 : 1st $aString = 2, Town Hall , Level 8)
2015-07-11 20:17:24 : 2nd $aString = 2, Level 8, 
2015-07-11 20:17:24 : 3rd $aString = 2, Level, 8
2015-07-11 20:17:24 : Your Town Hall is Level: 8
2015-07-11 20:17:24 : Click 1,1,2,200 
2015-07-11 20:17:25 : Language setting is English: Correct.
2015-07-11 20:17:26 : Trying to locate Main Screen
2015-07-11 20:17:26 : Main Screen Located
2015-07-11 20:17:27 : Halt Attack, Stay Online/Train/Collect/Donate...
2015-07-11 20:17:29 : Click 1,1,1,0 #0332 | Away
2015-07-11 20:17:32 : Checking if Village needs Rearming..
2015-07-11 20:17:32 : Click 1,1,1,0 #0224 | Away
2015-07-11 20:17:32 : Click 433,313,1,0 #0225 | Rearm - Click Town Hall
2015-07-11 20:17:34 : Taking snapshot for later review
2015-07-11 20:17:40 : Click 1,1,1,0 #0234 | Away
2015-07-11 20:17:43 : PureClick 1,1,1,0 #0319 | Away
2015-07-11 20:17:43 : Village Report
2015-07-11 20:17:43 : No. of Free/Total Builders: 0/5
2015-07-11 20:17:43 :  [T]: 3 166
2015-07-11 20:17:43 :  [G]: 415 680 [E]: 5 288 162 [D]: 78 589 [GEM]: 2 021
2015-07-11 20:17:46 : Click 1,1,1,0 #0167 | Away
2015-07-11 20:17:46 : Click 19,349,1,0 #0168 | Donate - Open Chat
2015-07-11 20:17:46 : Click 189,24,1,0 #0169 | Donate - Select Clan Tab
2015-07-11 20:17:46 : Click 331,330,1,0 #0173 | Donate - Click Chat
2015-07-11 20:17:48 : Func Train 
2015-07-11 20:17:48 : Checking Army Camp...
2015-07-11 20:17:48 : Click 1,1,1,0 #0292 | Away
2015-07-11 20:17:48 : Click 40,525,1,0 #0293 | Train - Click Army Camp
2015-07-11 20:17:49 : $sArmyInfo = 200#200
2015-07-11 20:17:49 : $CurCamp = 200
2015-07-11 20:17:49 : $TotalCamp = 200
2015-07-11 20:17:50 : Total Army Camp capacity: 200/200
2015-07-11 20:17:50 : Click 1,1,1,0 #0295 | Away
2015-07-11 20:17:50 : Training Troops...
2015-07-11 20:17:50 : Click 1,1,1,0 #0268 | Away
2015-07-11 20:17:50 : Click 40,525,1,0 #0293 | Train - Click Army Camp
2015-07-11 20:17:52 : Click 773,337,1,0 #9999
2015-07-11 20:17:52 : This is not a Barrack
2015-07-11 20:17:52 : This is not a Barrack
2015-07-11 20:17:52 : Barrack1 selected
2015-07-11 20:17:52 : Barrack1 selected
2015-07-11 20:17:53 : Barrack1 selected
2015-07-11 20:17:53 : Click 773,337,1,0 #0271 | Train - Next Button 
2015-07-11 20:17:53 : Barrack2 selected
2015-07-11 20:17:53 : Barrack2 selected
2015-07-11 20:17:53 : Click 773,337,1,0 #0271 | Train - Next Button 
2015-07-11 20:17:54 : Barrack3 selected
2015-07-11 20:17:54 : Barrack3 selected
2015-07-11 20:17:54 : Click 773,337,1,0 #0271 | Train - Next Button 
2015-07-11 20:17:54 : Barrack4 selected
2015-07-11 20:17:54 : Barrack4 selected
2015-07-11 20:17:54 : Click 773,337,1,0 #0271 | Train - Next Button 
2015-07-11 20:17:55 : This is not a Barrack
2015-07-11 20:17:55 : This is not a Barrack
2015-07-11 20:17:55 : This is not a Barrack
2015-07-11 20:17:55 : This is not a Barrack
2015-07-11 20:17:56 : This is not a Barrack
2015-07-11 20:17:56 : Click 84,336,1,0 #0272 | Train - Prev Button 
2015-07-11 20:17:57 : Barrack4 selected
2015-07-11 20:17:57 : AfterAttack: True
2015-07-11 20:17:57 : Click 546,425,3,10 #0282 | Train - Train Dragon
2015-07-11 20:17:57 : Problem Affect: False
2015-07-11 20:17:57 : WatchSpot: 
2015-07-11 20:17:58 : Click 84,336,1,0 #0325 | Train - Prev Button 
2015-07-11 20:17:59 : Barrack3 selected
2015-07-11 20:17:59 : AfterAttack: True
2015-07-11 20:17:59 : Click 496,197,10,0 #0273 | Train - Remove Troops
2015-07-11 20:17:59 : Click 496,197,10,0 #0273 | Train - Remove Troops
2015-07-11 20:18:00 : Click 496,197,10,0 #0273 | Train - Remove Troops
2015-07-11 20:18:00 : Click 331,320,15,10 #0275 | Train - Train Archer
2015-07-11 20:18:00 : Problem Affect: False
2015-07-11 20:18:00 : WatchSpot: 
2015-07-11 20:18:00 : Problem Affect: False
2015-07-11 20:18:00 : WatchSpot: 
2015-07-11 20:18:00 : Problem Affect: False
2015-07-11 20:18:00 : WatchSpot: 
2015-07-11 20:18:00 : Problem Affect: False
2015-07-11 20:18:00 : WatchSpot: 
2015-07-11 20:18:01 : Problem Affect: False
2015-07-11 20:18:01 : WatchSpot: 
2015-07-11 20:18:01 : Problem Affect: False
2015-07-11 20:18:01 : WatchSpot: 
2015-07-11 20:18:01 : Problem Affect: False
2015-07-11 20:18:01 : WatchSpot: 
2015-07-11 20:18:01 : Problem Affect: False
2015-07-11 20:18:01 : WatchSpot: 
2015-07-11 20:18:01 : Problem Affect: False
2015-07-11 20:18:01 : WatchSpot: 
2015-07-11 20:18:01 : Problem Affect: False
2015-07-11 20:18:01 : WatchSpot: 
2015-07-11 20:18:01 : Problem Affect: False
2015-07-11 20:18:01 : WatchSpot: 
2015-07-11 20:18:01 : Problem Affect: False
2015-07-11 20:18:01 : WatchSpot: 
2015-07-11 20:18:01 : Problem Affect: False
2015-07-11 20:18:01 : WatchSpot: 
2015-07-11 20:18:01 : Problem Affect: False
2015-07-11 20:18:01 : WatchSpot: 
2015-07-11 20:18:01 : Problem Affect: False
2015-07-11 20:18:01 : WatchSpot: 
2015-07-11 20:18:01 : Click 546,425,3,10 #0282 | Train - Train Dragon
2015-07-11 20:18:01 : Problem Affect: False
2015-07-11 20:18:01 : WatchSpot: 
2015-07-11 20:18:01 : Problem Affect: False
2015-07-11 20:18:01 : WatchSpot: 
2015-07-11 20:18:01 : Problem Affect: False
2015-07-11 20:18:01 : WatchSpot: 
2015-07-11 20:18:02 : Click 84,336,1,0 #0325 | Train - Prev Button 
2015-07-11 20:18:03 : Barrack2 selected
2015-07-11 20:18:03 : AfterAttack: True
2015-07-11 20:18:04 : Click 546,425,3,10 #0282 | Train - Train Dragon
2015-07-11 20:18:04 : Problem Affect: False
2015-07-11 20:18:04 : WatchSpot: 
2015-07-11 20:18:04 : Click 84,336,1,0 #0325 | Train - Prev Button 
2015-07-11 20:18:05 : Barrack1 selected
2015-07-11 20:18:05 : AfterAttack: True
2015-07-11 20:18:06 : Click 546,425,3,10 #0282 | Train - Train Dragon
2015-07-11 20:18:06 : Problem Affect: False
2015-07-11 20:18:06 : WatchSpot: 
2015-07-11 20:18:07 : Click 84,336,1,0 #0325 | Train - Prev Button 
2015-07-11 20:18:08 : This is not a Barrack
2015-07-11 20:18:08 : Click 84,336,1,0 #0324
2015-07-11 20:18:09 : This is not a Dark Barrack
2015-07-11 20:18:09 : Click 84,336,1,0 #0324
2015-07-11 20:18:10 : Dark Barrack2 selected
2015-07-11 20:18:10 : Dark Barrack2 selected
2015-07-11 20:18:10 : Click 496,197,10,0 #0287 | Train - Remove Troops
2015-07-11 20:18:10 : Click 496,197,10,0 #0287 | Train - Remove Troops
2015-07-11 20:18:10 : Click 496,197,10,0 #0287 | Train - Remove Troops
2015-07-11 20:18:11 : Click 496,197,10,0 #0287 | Train - Remove Troops
2015-07-11 20:18:11 : Click 331,320,5,5 #0275 | Train - Train Archer
2015-07-11 20:18:11 : Problem Affect: False
2015-07-11 20:18:11 : WatchSpot: 
2015-07-11 20:18:11 : Click 220,320,16,5 #0274 | Train - Train Barbarian
2015-07-11 20:18:11 : Problem Affect: False
2015-07-11 20:18:11 : WatchSpot: 
2015-07-11 20:18:12 : Click 84,336,1,0 #0289 | Train - Prev Button 
2015-07-11 20:18:13 : This is not a Dark Barrack
2015-07-11 20:18:13 : This is not a Dark Barrack
2015-07-11 20:18:13 : This is not a Dark Barrack
2015-07-11 20:18:13 : This is not a Dark Barrack
2015-07-11 20:18:14 : This is not a Dark Barrack
2015-07-11 20:18:15 : This is not a Dark Barrack
2015-07-11 20:18:15 : ---================================================================---
2015-07-11 20:18:15 : Click 1,1,2,250 #0291 | Away
2015-07-11 20:18:16 : ClashGameBot was Paused!
