2015-07-11 17:47:42 : ~~~ Clash Game Bot v4.0 Powered by GameBot.org ~~~
2015-07-11 17:47:42 : Au3 Script running on WIN_81  X64
2015-07-11 17:47:42 : =================== Bot Start ====================
2015-07-11 17:47:42 : Trying to locate Main Screen
2015-07-11 17:47:42 : Main Screen Located
2015-07-11 17:47:43 : Detecting your Buildings..
2015-07-11 17:47:44 : Town Hall Position: 433, 308
2015-07-11 17:47:45 : Taking snapshot for later review
2015-07-11 17:47:50 : Read building Name String = Town Hall (Level 8)
2015-07-11 17:47:50 : 1st $aString = 2, Town Hall , Level 8)
2015-07-11 17:47:50 : 2nd $aString = 2, Level 8, 
2015-07-11 17:47:50 : 3rd $aString = 2, Level, 8
2015-07-11 17:47:50 : Your Town Hall is Level: 8
2015-07-11 17:47:51 : Language setting is English: Correct.
2015-07-11 17:47:52 : Trying to locate Main Screen
2015-07-11 17:47:52 : Main Screen Located
2015-07-11 17:47:53 : Halt Attack, Stay Online/Train/Collect/Donate...
2015-07-11 17:47:56 : Collecting Resources
2015-07-11 17:48:03 : Checking if Village needs Rearming..
2015-07-11 17:48:05 : Taking snapshot for later review
2015-07-11 17:48:14 : Village Report
2015-07-11 17:48:14 : No. of Free/Total Builders: 0/5
2015-07-11 17:48:14 :  [T]: 3 166
2015-07-11 17:48:15 :  [G]: 405 013 [E]: 5 352 045 [D]: 78 858 [GEM]: 2 021
2015-07-11 17:48:19 : Func Train 
2015-07-11 17:48:19 : Checking Army Camp...
2015-07-11 17:48:20 : $sArmyInfo = 200#200
2015-07-11 17:48:20 : $CurCamp = 200
2015-07-11 17:48:20 : $TotalCamp = 200
2015-07-11 17:48:21 : Total Army Camp capacity: 200/200
2015-07-11 17:48:21 : Training Troops...
2015-07-11 17:48:23 : This is not a Barrack
2015-07-11 17:48:23 : Barrack1 selected
2015-07-11 17:48:23 : Barrack1 selected
2015-07-11 17:48:23 : Barrack1 selected
2015-07-11 17:48:24 : Barrack2 selected
2015-07-11 17:48:24 : Barrack2 selected
2015-07-11 17:48:25 : Barrack3 selected
2015-07-11 17:48:25 : Barrack3 selected
2015-07-11 17:48:25 : Barrack4 selected
2015-07-11 17:48:25 : Barrack4 selected
2015-07-11 17:48:26 : This is not a Barrack
2015-07-11 17:48:26 : This is not a Barrack
2015-07-11 17:48:26 : This is not a Barrack
2015-07-11 17:48:26 : This is not a Barrack
2015-07-11 17:48:27 : This is not a Barrack
2015-07-11 17:48:28 : Barrack4 selected
2015-07-11 17:48:28 : AfterAttack: True
2015-07-11 17:48:30 : Barrack3 selected
2015-07-11 17:48:30 : AfterAttack: True
2015-07-11 17:48:33 : Barrack2 selected
2015-07-11 17:48:34 : AfterAttack: True
2015-07-11 17:48:36 : Barrack1 selected
2015-07-11 17:48:36 : AfterAttack: True
2015-07-11 17:48:38 : This is not a Barrack
2015-07-11 17:48:39 : This is not a Dark Barrack
2015-07-11 17:48:41 : Dark Barrack2 selected
2015-07-11 17:48:41 : Dark Barrack2 selected
2015-07-11 17:48:41 : ====== Check Dark Barrack: 1 ======
2015-07-11 17:48:41 : This is not a Dark Barrack
2015-07-11 17:48:42 : This is not a Dark Barrack
2015-07-11 17:48:42 : This is not a Dark Barrack
2015-07-11 17:48:42 : This is not a Dark Barrack
2015-07-11 17:48:42 : This is not a Dark Barrack
2015-07-11 17:48:43 : This is not a Dark Barrack
2015-07-11 17:48:43 : ---================================================================---
2015-07-11 17:48:47 : Requesting Clan Castle Troops
2015-07-11 17:48:47 : Your Clan Castle is already full or you are not in a clan.
2015-07-11 17:48:48 : Checking Troop Upgrade in Laboratory ...
2015-07-11 17:48:48 : Updating village values [E]: 5351845 [D]: 78844
2015-07-11 17:48:49 : ButtonPixel = 483, 565
2015-07-11 17:48:49 : #1: 050602, #2: 708CB0, #3: 603818, #4: D8FF58
2015-07-11 17:48:49 : Taking snapshot for later review
2015-07-11 17:48:51 : ClashGameBot was Paused!
