2015-07-11 20:47:20 : ~~~ Clash Game Bot v4.0 Powered by GameBot.org ~~~
2015-07-11 20:47:20 : Au3 Script running on WIN_81  X64
2015-07-11 20:47:20 : =================== Bot Start ====================
2015-07-11 20:47:21 : Trying to locate Main Screen
2015-07-11 20:47:21 : Main Screen Located
2015-07-11 20:47:21 : Click 1,1,1,0 #0166 | Away
2015-07-11 20:47:22 : Detecting your Buildings..
2015-07-11 20:47:22 : Click 1,1,2,200 
2015-07-11 20:47:22 : Town Hall Position: 433, 308
2015-07-11 20:47:22 : Click 433,313,1,0 
2015-07-11 20:47:24 : Taking snapshot for later review
2015-07-11 20:47:29 : Read building Name String = Town Hall (Level 8)
2015-07-11 20:47:29 : 1st $aString = 2, Town Hall , Level 8)
2015-07-11 20:47:29 : 2nd $aString = 2, Level 8, 
2015-07-11 20:47:29 : 3rd $aString = 2, Level, 8
2015-07-11 20:47:29 : Your Town Hall is Level: 8
2015-07-11 20:47:29 : Click 1,1,2,200 
2015-07-11 20:47:29 : Language setting is English: Correct.
2015-07-11 20:47:31 : Trying to locate Main Screen
2015-07-11 20:47:31 : Main Screen Located
2015-07-11 20:47:31 : Halt Attack, Stay Online/Train/Collect/Donate...
2015-07-11 20:47:34 : Click 1,1,1,0 #0332 | Away
2015-07-11 20:47:36 : Checking if Village needs Rearming..
2015-07-11 20:47:36 : Click 1,1,1,0 #0224 | Away
2015-07-11 20:47:37 : Click 433,313,1,0 #0225 | Rearm - Click Town Hall
2015-07-11 20:47:38 : Taking snapshot for later review
2015-07-11 20:47:44 : Click 1,1,1,0 #0234 | Away
2015-07-11 20:47:47 : PureClick 1,1,1,0 #0319 | Away
2015-07-11 20:47:47 : Village Report
2015-07-11 20:47:47 : No. of Free/Total Builders: 0/5
2015-07-11 20:47:47 :  [T]: 3 166
2015-07-11 20:47:48 :  [G]: 415 680 [E]: 5 292 162 [D]: 78 420 [GEM]: 2 021
2015-07-11 20:47:50 : Click 1,1,1,0 #0167 | Away
2015-07-11 20:47:50 : Click 19,349,1,0 #0168 | Donate - Open Chat
2015-07-11 20:47:50 : Click 189,24,1,0 #0169 | Donate - Select Clan Tab
2015-07-11 20:47:51 : Click 331,330,1,0 #0173 | Donate - Click Chat
2015-07-11 20:47:52 : Func Train 
2015-07-11 20:47:52 : Checking Army Camp...
2015-07-11 20:47:52 : Click 1,1,1,0 #0292 | Away
2015-07-11 20:47:52 : Click 40,525,1,0 #0293 | Train - Click Army Camp
2015-07-11 20:47:53 : $sArmyInfo = 200#200
2015-07-11 20:47:53 : $CurCamp = 200
2015-07-11 20:47:53 : $TotalCamp = 200
2015-07-11 20:47:54 : Total Army Camp capacity: 200/200
2015-07-11 20:47:54 : Click 1,1,1,0 #0295 | Away
2015-07-11 20:47:54 : Training Troops...
2015-07-11 20:47:54 : Click 1,1,1,0 #0268 | Away
2015-07-11 20:47:54 : Click 40,525,1,0 #0293 | Train - Click Army Camp
2015-07-11 20:47:56 : Click 773,337,1,0 #9999
2015-07-11 20:47:56 : This is not a Barrack
2015-07-11 20:47:56 : This is not a Barrack
2015-07-11 20:47:56 : Barrack1 selected
2015-07-11 20:47:57 : Barrack1 selected
2015-07-11 20:47:57 : Barrack1 selected
2015-07-11 20:47:57 : Click 773,337,1,0 #0271 | Train - Next Button 
2015-07-11 20:47:57 : Barrack2 selected
2015-07-11 20:47:57 : Barrack2 selected
2015-07-11 20:47:57 : Click 773,337,1,0 #0271 | Train - Next Button 
2015-07-11 20:47:58 : Barrack3 selected
2015-07-11 20:47:58 : Barrack3 selected
2015-07-11 20:47:58 : Click 773,337,1,0 #0271 | Train - Next Button 
2015-07-11 20:47:59 : Barrack4 selected
2015-07-11 20:47:59 : Barrack4 selected
2015-07-11 20:47:59 : Click 773,337,1,0 #0271 | Train - Next Button 
2015-07-11 20:47:59 : This is not a Barrack
2015-07-11 20:47:59 : This is not a Barrack
2015-07-11 20:47:59 : This is not a Barrack
2015-07-11 20:48:00 : This is not a Barrack
2015-07-11 20:48:00 : This is not a Barrack
2015-07-11 20:48:00 : Click 84,336,1,0 #0272 | Train - Prev Button 
2015-07-11 20:48:01 : Barrack4 selected
2015-07-11 20:48:01 : AfterAttack: True
2015-07-11 20:48:02 : Click 546,425,3,10 #0282 | Train - Train Dragon
2015-07-11 20:48:02 : Color: E8E8E0
2015-07-11 20:48:02 : Color: 8F8F8F
2015-07-11 20:48:02 : Click 84,336,1,0 #0325 | Train - Prev Button 
2015-07-11 20:48:02 : Color: E8E8E0
2015-07-11 20:48:03 : Color: 888070
2015-07-11 20:48:03 : Color: 888070
2015-07-11 20:48:03 : Color: F0F0E8
2015-07-11 20:48:03 : Barrack3 selected
2015-07-11 20:48:03 : AfterAttack: True
2015-07-11 20:48:03 : Color: F04276
2015-07-11 20:48:03 : Click 496,197,10,0 #0273 | Train - Remove Troops
2015-07-11 20:48:03 : Color: E8E8E0
2015-07-11 20:48:03 : Color: E8E8E0
2015-07-11 20:48:03 : Color: E8E8E0
2015-07-11 20:48:03 : Color: E8E8E0
2015-07-11 20:48:03 : Color: E8E8E0
2015-07-11 20:48:03 : Color: E8E8E0
2015-07-11 20:48:03 : Color: E8E8E0
2015-07-11 20:48:04 : Color: E8E8E0
2015-07-11 20:48:04 : Color: E8E8E0
2015-07-11 20:48:04 : Color: E8E8E0
2015-07-11 20:48:04 : Color: F04276
2015-07-11 20:48:04 : Click 496,197,10,0 #0273 | Train - Remove Troops
2015-07-11 20:48:04 : Color: E8E8E0
2015-07-11 20:48:04 : Color: E8E8E0
2015-07-11 20:48:04 : Color: E8E8E0
2015-07-11 20:48:04 : Color: E8E8E0
2015-07-11 20:48:04 : Color: E8E8E0
2015-07-11 20:48:04 : Color: E8E8E0
2015-07-11 20:48:04 : Color: E8E8E0
2015-07-11 20:48:04 : Color: E8E8E0
2015-07-11 20:48:04 : Color: E8E8E0
2015-07-11 20:48:04 : Color: E8E8E0
2015-07-11 20:48:04 : Color: 625990
2015-07-11 20:48:04 : Click 496,197,10,0 #0273 | Train - Remove Troops
2015-07-11 20:48:04 : Color: E8E8E0
2015-07-11 20:48:04 : Color: E8E8E0
2015-07-11 20:48:04 : Color: E8E8E0
2015-07-11 20:48:04 : Color: E8E8E0
2015-07-11 20:48:04 : Color: E8E8E0
2015-07-11 20:48:04 : Color: E8E8E0
2015-07-11 20:48:04 : Color: E8E8E0
2015-07-11 20:48:04 : Color: E8E8E0
2015-07-11 20:48:04 : Color: E8E8E0
2015-07-11 20:48:04 : Color: E8E8E0
2015-07-11 20:48:04 : Color: D1D0C2
2015-07-11 20:48:05 : Click 331,320,15,10 #0275 | Train - Train Archer
2015-07-11 20:48:05 : Color: E8E8E0
2015-07-11 20:48:05 : Color: E05AD0
2015-07-11 20:48:05 : Color: FFFFFF
2015-07-11 20:48:05 : Color: E8E8E0
2015-07-11 20:48:05 : Color: E05AD0
2015-07-11 20:48:05 : Color: FFFFFF
2015-07-11 20:48:05 : Color: E8E8E0
2015-07-11 20:48:05 : Color: FF7BF6
2015-07-11 20:48:05 : Color: FFFFFF
2015-07-11 20:48:05 : Color: E8E8E0
2015-07-11 20:48:05 : Color: FF7EF7
2015-07-11 20:48:05 : Color: FFFFFF
2015-07-11 20:48:05 : Color: E8E8E0
2015-07-11 20:48:05 : Color: FF7EF7
2015-07-11 20:48:05 : Color: FFFFFF
2015-07-11 20:48:05 : Color: E8E8E0
2015-07-11 20:48:05 : Color: FF7BF6
2015-07-11 20:48:05 : Color: FFFFFF
2015-07-11 20:48:05 : Color: E8E8E0
2015-07-11 20:48:05 : Color: FF79F5
2015-07-11 20:48:05 : Color: FFFFFF
2015-07-11 20:48:05 : Color: E8E8E0
2015-07-11 20:48:05 : Color: FF79F5
2015-07-11 20:48:05 : Color: FFFFFF
2015-07-11 20:48:05 : Color: E8E8E0
2015-07-11 20:48:05 : Color: FF7BF6
2015-07-11 20:48:05 : Color: FFFFFF
2015-07-11 20:48:05 : Color: E8E8E0
2015-07-11 20:48:05 : Color: FF79F5
2015-07-11 20:48:05 : Color: FFFFFF
2015-07-11 20:48:05 : Color: E8E8E0
2015-07-11 20:48:05 : Color: FF7BF6
2015-07-11 20:48:05 : Color: FFFFFF
2015-07-11 20:48:05 : Color: E8E8E0
2015-07-11 20:48:06 : Color: FF7BF6
2015-07-11 20:48:06 : Color: FFFFFF
2015-07-11 20:48:06 : Color: E8E8E0
2015-07-11 20:48:06 : Color: FF79F5
2015-07-11 20:48:06 : Color: FFFFFF
2015-07-11 20:48:06 : Color: E8E8E0
2015-07-11 20:48:06 : Color: FE76F1
2015-07-11 20:48:06 : Color: FFFFFF
2015-07-11 20:48:06 : Color: E8E8E0
2015-07-11 20:48:06 : Color: FF7BF6
2015-07-11 20:48:06 : Color: FFFFFF
2015-07-11 20:48:06 : Click 546,425,3,10 #0282 | Train - Train Dragon
2015-07-11 20:48:06 : Color: E8E8E0
2015-07-11 20:48:06 : Color: E058D7
2015-07-11 20:48:06 : Color: FFFFFF
2015-07-11 20:48:06 : Color: E8E8E0
2015-07-11 20:48:06 : Color: E058D7
2015-07-11 20:48:06 : Color: FFFFFF
2015-07-11 20:48:06 : Color: E8E8E0
2015-07-11 20:48:06 : Color: FF7BF5
2015-07-11 20:48:06 : Color: FFFFFF
2015-07-11 20:48:07 : Click 84,336,1,0 #0325 | Train - Prev Button 
2015-07-11 20:48:07 : Color: E8E8E0
2015-07-11 20:48:08 : Color: 888070
2015-07-11 20:48:08 : Color: F0F0E8
2015-07-11 20:48:08 : Barrack2 selected
2015-07-11 20:48:08 : AfterAttack: True
2015-07-11 20:48:08 : Click 546,425,3,10 #0282 | Train - Train Dragon
2015-07-11 20:48:08 : Color: E8E8E0
2015-07-11 20:48:08 : Color: 8F8F8F
2015-07-11 20:48:09 : Click 84,336,1,0 #0325 | Train - Prev Button 
2015-07-11 20:48:09 : Color: E8E8E0
2015-07-11 20:48:10 : Color: F0F0E8
2015-07-11 20:48:10 : Barrack1 selected
2015-07-11 20:48:10 : AfterAttack: True
2015-07-11 20:48:10 : Click 546,425,3,10 #0282 | Train - Train Dragon
2015-07-11 20:48:10 : Color: E8E8E0
2015-07-11 20:48:11 : Color: 8F8F8F
2015-07-11 20:48:11 : Click 84,336,1,0 #0325 | Train - Prev Button 
2015-07-11 20:48:11 : Color: E8E8E0
2015-07-11 20:48:12 : Color: 888070
2015-07-11 20:48:12 : Color: 888070
2015-07-11 20:48:12 : Color: 888070
2015-07-11 20:48:12 : Color: 888070
2015-07-11 20:48:12 : This is not a Barrack
2015-07-11 20:48:12 : Click 84,336,1,0 #0324
2015-07-11 20:48:12 : Color: E8E8E0
2015-07-11 20:48:13 : Color: 6B6964
2015-07-11 20:48:13 : Color: 888070
2015-07-11 20:48:13 : This is not a Dark Barrack
2015-07-11 20:48:13 : Click 84,336,1,0 #0324
2015-07-11 20:48:13 : Color: E8E8E0
2015-07-11 20:48:14 : Color: 6B6964
2015-07-11 20:48:14 : Color: F0F0E8
2015-07-11 20:48:14 : Dark Barrack2 selected
2015-07-11 20:48:14 : Color: 6B6964
2015-07-11 20:48:14 : Color: F0F0E8
2015-07-11 20:48:14 : Dark Barrack2 selected
2015-07-11 20:48:15 : Click 331,320,5,5 #0275 | Train - Train Archer
2015-07-11 20:48:15 : Color: E8E8E0
2015-07-11 20:48:15 : Color: BEBEBE
2015-07-11 20:48:15 : Click 220,320,16,5 #0274 | Train - Train Barbarian
2015-07-11 20:48:15 : Color: E8E8E0
2015-07-11 20:48:15 : Color: BCBCBC
2015-07-11 20:48:16 : Click 84,336,1,0 #0289 | Train - Prev Button 
2015-07-11 20:48:16 : Color: E8E8E0
2015-07-11 20:48:16 : Color: 6B6964
2015-07-11 20:48:16 : Color: 888070
2015-07-11 20:48:16 : This is not a Dark Barrack
2015-07-11 20:48:17 : Color: 6B6964
2015-07-11 20:48:17 : Color: 888070
2015-07-11 20:48:17 : This is not a Dark Barrack
2015-07-11 20:48:17 : Color: 6B6964
2015-07-11 20:48:17 : Color: 888070
2015-07-11 20:48:17 : This is not a Dark Barrack
2015-07-11 20:48:17 : Color: 6B6964
2015-07-11 20:48:17 : Color: 888070
2015-07-11 20:48:17 : This is not a Dark Barrack
2015-07-11 20:48:17 : Color: 6B6964
2015-07-11 20:48:17 : Color: 888070
2015-07-11 20:48:17 : This is not a Dark Barrack
2015-07-11 20:48:19 : Color: 6B6964
2015-07-11 20:48:19 : Color: 888070
2015-07-11 20:48:20 : This is not a Dark Barrack
2015-07-11 20:48:20 : ---================================================================---
2015-07-11 20:48:20 : Click 1,1,2,250 #0291 | Away
2015-07-11 20:48:20 : Color: E8E8E0
2015-07-11 20:48:20 : Color: 58371F
2015-07-11 20:48:21 : Color: 42B1CE
2015-07-11 20:48:21 : Color: 000000
2015-07-11 20:48:21 : Color: 000000
2015-07-11 20:48:22 : Color: 42B1CE
2015-07-11 20:48:22 : Color: 000000
2015-07-11 20:48:22 : Color: 000000
2015-07-11 20:48:24 : Color: 42B1CE
2015-07-11 20:48:24 : Color: 000000
2015-07-11 20:48:24 : Color: 000000
2015-07-11 20:48:24 : Requesting Clan Castle Troops
2015-07-11 20:48:24 : Click 40,525,1,0 #9999
2015-07-11 20:48:24 : Color: 5A3820
2015-07-11 20:48:24 : Color: 204264
2015-07-11 20:48:24 : Color: 81888D
2015-07-11 20:48:24 : Color: BC2BD1
2015-07-11 20:48:24 : Color: D8D8D8
2015-07-11 20:48:24 : Your Clan Castle is already full or you are not in a clan.
2015-07-11 20:48:24 : Click 1,1,2,0 #9999
2015-07-11 20:48:24 : Color: E8E8E0
2015-07-11 20:48:24 : Color: E8E8E0
2015-07-11 20:48:25 : Color: 42B1CE
2015-07-11 20:48:25 : Color: 000000
2015-07-11 20:48:25 : Color: 000000
2015-07-11 20:48:26 : Color: 42B1CE
2015-07-11 20:48:26 : Color: 000000
2015-07-11 20:48:26 : Color: 000000
2015-07-11 20:48:27 : Color: 42B1CE
2015-07-11 20:48:27 : Color: 000000
2015-07-11 20:48:27 : Color: 000000
2015-07-11 20:48:27 : No free builder, Upgrade Walls skipped..
2015-07-11 20:48:28 : Color: 42B1CE
2015-07-11 20:48:28 : Color: 000000
2015-07-11 20:48:28 : Color: 000000
2015-07-11 20:48:29 : Color: 42B1CE
2015-07-11 20:48:29 : Color: 000000
2015-07-11 20:48:29 : Color: 000000
2015-07-11 20:48:30 : Trying to locate Main Screen
2015-07-11 20:48:30 : Color: 42B1CE
2015-07-11 20:48:30 : Color: 000000
2015-07-11 20:48:31 : Color: 000000
2015-07-11 20:48:31 : Main Screen Located
2015-07-11 20:48:31 : Color: CA7E1A
2015-07-11 20:48:31 : Color: CB811A
2015-07-11 20:48:31 : Color: CA7D1A
2015-07-11 20:48:31 : Color: B8791E
2015-07-11 20:48:31 : Color: 805B21
2015-07-11 20:48:31 : Color: EED5B4
2015-07-11 20:48:31 : Color: 68563D
2015-07-11 20:48:31 : Color: 59360C
2015-07-11 20:48:31 : Color: BB6F19
2015-07-11 20:48:31 : Color: D6BB96
2015-07-11 20:48:31 : Color: D8BD9A
2015-07-11 20:48:31 : Color: 3A260E
2015-07-11 20:48:31 : Color: D6BB96
2015-07-11 20:48:31 : Color: D8BD9A
2015-07-11 20:48:31 : Color: 3A260E
2015-07-11 20:48:31 : Color: C67B1A
2015-07-11 20:48:31 : Color: CA7E1A
2015-07-11 20:48:31 : Color: CB811A
2015-07-11 20:48:31 : Color: C67B1A
2015-07-11 20:48:31 : Color: CA7E1A
2015-07-11 20:48:31 : Color: CB811A
2015-07-11 20:48:31 : Color: EFC78D
2015-07-11 20:48:31 : Color: 000000
2015-07-11 20:48:31 : Color: 010100
2015-07-11 20:48:31 : Color: A14604
2015-07-11 20:48:31 : Color: A14704
2015-07-11 20:48:31 : Color: A14604
2015-07-11 20:48:31 : Color: B47119
2015-07-11 20:48:31 : Color: CF8320
2015-07-11 20:48:31 : Color: D18423
2015-07-11 20:48:31 : Color: C67B19
2015-07-11 20:48:31 : Color: CA7A1B
2015-07-11 20:48:31 : Color: CC7A1B
2015-07-11 20:48:31 : Color: CB811A
2015-07-11 20:48:31 : Color: CA7D1A
2015-07-11 20:48:31 : Color: CA7E1A
2015-07-11 20:48:31 : Color: 805B21
2015-07-11 20:48:31 : Color: EED5B4
2015-07-11 20:48:31 : Color: E1C6A8
2015-07-11 20:48:31 : Color: 59360C
2015-07-11 20:48:31 : Color: BB6F19
2015-07-11 20:48:31 : Color: C9791C
2015-07-11 20:48:31 : Color: D8BD9A
2015-07-11 20:48:31 : Color: 3A260E
2015-07-11 20:48:31 : Color: B47119
2015-07-11 20:48:31 : Color: D8BD9A
2015-07-11 20:48:31 : Color: 3A260E
2015-07-11 20:48:31 : Color: B47119
2015-07-11 20:48:31 : Color: CA7E1A
2015-07-11 20:48:31 : Color: CB811A
2015-07-11 20:48:31 : Color: CA7D1A
2015-07-11 20:48:31 : Color: CA7E1A
2015-07-11 20:48:31 : Color: CB811A
2015-07-11 20:48:31 : Color: CA7D1A
2015-07-11 20:48:31 : Color: 000000
2015-07-11 20:48:31 : Color: 010100
2015-07-11 20:48:31 : Color: 081004
2015-07-11 20:48:31 : Color: A14704
2015-07-11 20:48:31 : Color: A14604
2015-07-11 20:48:31 : Color: A14504
2015-07-11 20:48:31 : Color: CF8320
2015-07-11 20:48:31 : Color: D18423
2015-07-11 20:48:31 : Color: CE821F
2015-07-11 20:48:31 : Color: CA7A1B
2015-07-11 20:48:31 : Color: CC7A1B
2015-07-11 20:48:31 : Color: C97C1B
2015-07-11 20:48:31 : Color: CA7D1A
2015-07-11 20:48:31 : Color: CA7E1A
2015-07-11 20:48:31 : Color: B66310
2015-07-11 20:48:31 : Color: EED5B4
2015-07-11 20:48:31 : Color: E1C6A8
2015-07-11 20:48:31 : Color: 422E10
2015-07-11 20:48:31 : Color: BB6F19
2015-07-11 20:48:31 : Color: C9791C
2015-07-11 20:48:31 : Color: C6771A
2015-07-11 20:48:31 : Color: 3A260E
2015-07-11 20:48:31 : Color: B47119
2015-07-11 20:48:31 : Color: CF8320
2015-07-11 20:48:31 : Color: 3A260E
2015-07-11 20:48:31 : Color: B47119
2015-07-11 20:48:31 : Color: CF8320
2015-07-11 20:48:31 : Color: CB811A
2015-07-11 20:48:31 : Color: CA7D1A
2015-07-11 20:48:31 : Color: CA7E1A
2015-07-11 20:48:31 : Color: CB811A
2015-07-11 20:48:31 : Color: CA7D1A
2015-07-11 20:48:31 : Color: CA7E1A
2015-07-11 20:48:31 : Color: 010100
2015-07-11 20:48:31 : Color: 081004
2015-07-11 20:48:31 : Color: 080F04
2015-07-11 20:48:31 : Color: A14604
2015-07-11 20:48:31 : Color: A14504
2015-07-11 20:48:31 : Color: 9E4602
2015-07-11 20:48:31 : Color: D18423
2015-07-11 20:48:31 : Color: CE821F
2015-07-11 20:48:31 : Color: CD811C
2015-07-11 20:48:31 : Color: CC7A1B
2015-07-11 20:48:31 : Color: C97C1B
2015-07-11 20:48:31 : Color: C7791B
2015-07-11 20:48:31 : Color: CA7E1A
2015-07-11 20:48:31 : Color: B66310
2015-07-11 20:48:31 : Color: A04904
2015-07-11 20:48:31 : Color: E1C6A8
2015-07-11 20:48:31 : Color: 422E10
2015-07-11 20:48:31 : Color: BE7F1F
2015-07-11 20:48:31 : Color: C9791C
2015-07-11 20:48:31 : Color: C6771A
2015-07-11 20:48:31 : Color: BD6B13
2015-07-11 20:48:31 : Color: B47119
2015-07-11 20:48:31 : Color: CF8320
2015-07-11 20:48:31 : Color: D18423
2015-07-11 20:48:31 : Color: B47119
2015-07-11 20:48:32 : Color: CF8320
2015-07-11 20:48:32 : Color: D18423
2015-07-11 20:48:32 : Color: CA7D1A
2015-07-11 20:48:32 : Color: CA7E1A
2015-07-11 20:48:32 : Color: B66310
2015-07-11 20:48:32 : Color: CA7D1A
2015-07-11 20:48:32 : Color: CA7E1A
2015-07-11 20:48:32 : Color: B66310
2015-07-11 20:48:32 : Color: 081004
2015-07-11 20:48:32 : Color: 080F04
2015-07-11 20:48:32 : Color: 090F04
2015-07-11 20:48:32 : Color: A14504
2015-07-11 20:48:32 : Color: 9E4602
2015-07-11 20:48:32 : Color: 9F4502
2015-07-11 20:48:32 : Color: CE821F
2015-07-11 20:48:32 : Color: CD811C
2015-07-11 20:48:32 : Color: C87B19
2015-07-11 20:48:32 : Color: C97C1B
2015-07-11 20:48:32 : Color: C7791B
2015-07-11 20:48:32 : Color: 9F4902
2015-07-11 20:48:32 : Color: B66310
2015-07-11 20:48:32 : Color: A04904
2015-07-11 20:48:32 : Color: A7550C
2015-07-11 20:48:32 : Color: 422E10
2015-07-11 20:48:32 : Color: BE7F1F
2015-07-11 20:48:32 : Color: CE8A22
2015-07-11 20:48:32 : Color: C6771A
2015-07-11 20:48:32 : Color: BD6B13
2015-07-11 20:48:32 : Color: AF5A0A
2015-07-11 20:48:32 : Color: CF8320
2015-07-11 20:48:32 : Color: D18423
2015-07-11 20:48:32 : Color: CE821F
2015-07-11 20:48:32 : Color: CF8320
2015-07-11 20:48:32 : Color: D18423
2015-07-11 20:48:32 : Color: CE821F
2015-07-11 20:48:32 : Color: CA7E1A
2015-07-11 20:48:32 : Color: B66310
2015-07-11 20:48:32 : Color: A04904
2015-07-11 20:48:32 : Color: CA7E1A
2015-07-11 20:48:32 : Color: B66310
2015-07-11 20:48:32 : Color: A04904
2015-07-11 20:48:32 : Color: 080F04
2015-07-11 20:48:32 : Color: 090F04
2015-07-11 20:48:32 : Color: 0B1004
2015-07-11 20:48:32 : Color: 9E4602
2015-07-11 20:48:32 : Color: 9F4502
2015-07-11 20:48:32 : Color: A04502
2015-07-11 20:48:32 : Color: CD811C
2015-07-11 20:48:32 : Color: C87B19
2015-07-11 20:48:32 : Color: 9F4804
2015-07-11 20:48:32 : Color: C7791B
2015-07-11 20:48:32 : Color: 9F4902
2015-07-11 20:48:32 : Color: A34C04
2015-07-11 20:48:32 : Color: A04904
2015-07-11 20:48:32 : Color: A7550C
2015-07-11 20:48:32 : Color: EFC88E
2015-07-11 20:48:32 : Color: BE7F1F
2015-07-11 20:48:32 : Color: CE8A22
2015-07-11 20:48:32 : Color: CE8922
2015-07-11 20:48:32 : Color: BD6B13
2015-07-11 20:48:32 : Color: AF5A0A
2015-07-11 20:48:32 : Color: A24B04
2015-07-11 20:48:32 : Color: D18423
2015-07-11 20:48:32 : Color: CE821F
2015-07-11 20:48:32 : Color: CD811C
2015-07-11 20:48:32 : Color: D18423
2015-07-11 20:48:32 : Color: CE821F
2015-07-11 20:48:32 : Color: CD811C
2015-07-11 20:48:32 : Color: B66310
2015-07-11 20:48:32 : Color: A04904
2015-07-11 20:48:32 : Color: A7550C
2015-07-11 20:48:32 : Color: B66310
2015-07-11 20:48:32 : Color: A04904
2015-07-11 20:48:32 : Color: A7550C
2015-07-11 20:48:32 : Color: 090F04
2015-07-11 20:48:32 : Color: 0B1004
2015-07-11 20:48:32 : Color: 0B1104
2015-07-11 20:48:32 : Color: 9F4502
2015-07-11 20:48:32 : Color: A04502
2015-07-11 20:48:32 : Color: A74B0A
2015-07-11 20:48:32 : Color: C87B19
2015-07-11 20:48:32 : Color: 9F4804
2015-07-11 20:48:32 : Color: A7510A
2015-07-11 20:48:32 : Color: 9F4902
2015-07-11 20:48:32 : Color: A34C04
2015-07-11 20:48:32 : Color: AB520C
2015-07-11 20:48:32 : Color: A7550C
2015-07-11 20:48:32 : Color: EFC88E
2015-07-11 20:48:32 : Color: 000000
2015-07-11 20:48:32 : Color: CE8A22
2015-07-11 20:48:32 : Color: CE8922
2015-07-11 20:48:32 : Color: CE8822
2015-07-11 20:48:32 : Color: AF5A0A
2015-07-11 20:48:32 : Color: A24B04
2015-07-11 20:48:32 : Color: A04903
2015-07-11 20:48:32 : Color: CE821F
2015-07-11 20:48:32 : Color: CD811C
2015-07-11 20:48:32 : Color: C87B19
2015-07-11 20:48:32 : Color: CE821F
2015-07-11 20:48:32 : Color: CD811C
2015-07-11 20:48:32 : Color: C87B19
2015-07-11 20:48:32 : Color: A04904
2015-07-11 20:48:32 : Color: A7550C
2015-07-11 20:48:32 : Color: EFC88E
2015-07-11 20:48:32 : Color: A04904
2015-07-11 20:48:32 : Color: A7550C
2015-07-11 20:48:32 : Color: EFC88E
2015-07-11 20:48:32 : Color: 0B1004
2015-07-11 20:48:32 : Color: 0B1104
2015-07-11 20:48:32 : Color: 0B1104
2015-07-11 20:48:32 : Color: A04502
2015-07-11 20:48:32 : Color: A74B0A
2015-07-11 20:48:32 : Color: EEC78D
2015-07-11 20:48:33 : Color: 9F4804
2015-07-11 20:48:33 : Color: A7510A
2015-07-11 20:48:33 : Color: EEC78D
2015-07-11 20:48:33 : Color: A34C04
2015-07-11 20:48:33 : Color: AB520C
2015-07-11 20:48:33 : Color: F0C88E
2015-07-11 20:48:33 : Color: EFC88E
2015-07-11 20:48:33 : Color: 000000
2015-07-11 20:48:33 : Color: 010200
2015-07-11 20:48:33 : Color: CE8922
2015-07-11 20:48:33 : Color: CE8822
2015-07-11 20:48:33 : Color: CE8822
2015-07-11 20:48:33 : Color: A24B04
2015-07-11 20:48:33 : Color: A04903
2015-07-11 20:48:33 : Color: A24B04
2015-07-11 20:48:33 : Color: CD811C
2015-07-11 20:48:33 : Color: C87B19
2015-07-11 20:48:33 : Color: 9F4804
2015-07-11 20:48:33 : Color: CD811C
2015-07-11 20:48:33 : Color: C87B19
2015-07-11 20:48:33 : Color: 9F4804
2015-07-11 20:48:33 : Color: A7550C
2015-07-11 20:48:33 : Color: EFC88E
2015-07-11 20:48:33 : Color: 000000
2015-07-11 20:48:33 : Color: EEC78D
2015-07-11 20:48:33 : Color: A7550C
2015-07-11 20:48:33 : Color: EFC88E
2015-07-11 20:48:33 : Color: 000000
2015-07-11 20:48:33 : Color: 000000
2015-07-11 20:48:33 : Color: 0C1204
2015-07-11 20:48:33 : Color: 0B1104
2015-07-11 20:48:33 : Color: 0B1104
2015-07-11 20:48:33 : Color: 0B1104
2015-07-11 20:48:33 : Color: A74B0A
2015-07-11 20:48:33 : Color: EEC78D
2015-07-11 20:48:33 : Color: 000000
2015-07-11 20:48:33 : Color: A7510A
2015-07-11 20:48:33 : Color: EEC78D
2015-07-11 20:48:33 : Color: 000000
2015-07-11 20:48:33 : Color: AB520C
2015-07-11 20:48:33 : Color: F0C88E
2015-07-11 20:48:33 : Color: 000000
2015-07-11 20:48:33 : Color: 000000
2015-07-11 20:48:33 : Color: 010200
2015-07-11 20:48:33 : Color: 0B1404
2015-07-11 20:48:33 : Color: CE8822
2015-07-11 20:48:33 : Color: CE8822
2015-07-11 20:48:33 : Color: A24C04
2015-07-11 20:48:33 : Color: A04903
2015-07-11 20:48:33 : Color: A24B04
2015-07-11 20:48:33 : Color: A04804
2015-07-11 20:48:33 : Color: C87B19
2015-07-11 20:48:33 : Color: 9F4804
2015-07-11 20:48:33 : Color: A7510A
2015-07-11 20:48:33 : Color: C87B19
2015-07-11 20:48:33 : Color: 9F4804
2015-07-11 20:48:33 : Color: A7510A
2015-07-11 20:48:33 : Color: EFC88E
2015-07-11 20:48:33 : Color: 000000
2015-07-11 20:48:33 : Color: EEC78D
2015-07-11 20:48:33 : Color: 010200
2015-07-11 20:48:33 : Color: 000000
2015-07-11 20:48:33 : Color: 0E1504
2015-07-11 20:48:33 : Color: EFC88E
2015-07-11 20:48:33 : Color: 000000
2015-07-11 20:48:33 : Color: 000000
2015-07-11 20:48:33 : Color: 0C1204
2015-07-11 20:48:33 : Color: 010200
2015-07-11 20:48:33 : Color: 010100
2015-07-11 20:48:33 : Color: 0A0F04
2015-07-11 20:48:33 : Color: 0B1104
2015-07-11 20:48:33 : Color: 0B1104
2015-07-11 20:48:33 : Color: 0B1104
2015-07-11 20:48:33 : Color: EEC78D
2015-07-11 20:48:33 : Color: 000000
2015-07-11 20:48:33 : Color: 010100
2015-07-11 20:48:33 : Color: EEC78D
2015-07-11 20:48:33 : Color: 000000
2015-07-11 20:48:33 : Color: 010100
2015-07-11 20:48:33 : Color: F0C88E
2015-07-11 20:48:33 : Color: 000000
2015-07-11 20:48:33 : Color: 010200
2015-07-11 20:48:33 : Color: 010200
2015-07-11 20:48:33 : Color: 0B1404
2015-07-11 20:48:33 : Color: 080F04
2015-07-11 20:48:33 : Color: CE8822
2015-07-11 20:48:33 : Color: A24C04
2015-07-11 20:48:33 : Color: A9500C
2015-07-11 20:48:33 : Color: A24B04
2015-07-11 20:48:33 : Color: A04804
2015-07-11 20:48:33 : Color: A84D0C
2015-07-11 20:48:33 : Color: 9F4804
2015-07-11 20:48:33 : Color: A7510A
2015-07-11 20:48:33 : Color: EEC78D
2015-07-11 20:48:33 : Color: 9F4804
2015-07-11 20:48:33 : Color: A7510A
2015-07-11 20:48:33 : Color: EEC78D
2015-07-11 20:48:33 : Color: 000000
2015-07-11 20:48:33 : Color: EEC78D
2015-07-11 20:48:33 : Color: 010200
2015-07-11 20:48:33 : Color: 000000
2015-07-11 20:48:33 : Color: 0E1504
2015-07-11 20:48:33 : Color: 0B1404
2015-07-11 20:48:33 : Color: 000000
2015-07-11 20:48:33 : Color: 000000
2015-07-11 20:48:33 : Color: 0C1204
2015-07-11 20:48:33 : Color: 010200
2015-07-11 20:48:33 : Color: 010100
2015-07-11 20:48:33 : Color: 0A0F04
2015-07-11 20:48:33 : Color: 0B1404
2015-07-11 20:48:33 : Color: 0B1104
2015-07-11 20:48:34 : Color: 0B1104
2015-07-11 20:48:34 : Color: 050802
2015-07-11 20:48:34 : Color: 000000
2015-07-11 20:48:34 : Color: 010100
2015-07-11 20:48:34 : Color: 141504
2015-07-11 20:48:34 : Color: 000000
2015-07-11 20:48:34 : Color: 010100
2015-07-11 20:48:34 : Color: 081204
2015-07-11 20:48:34 : Color: 000000
2015-07-11 20:48:34 : Color: 010200
2015-07-11 20:48:34 : Color: 0A1204
2015-07-11 20:48:34 : Color: 0B1404
2015-07-11 20:48:34 : Color: 080F04
2015-07-11 20:48:34 : Color: 081004
2015-07-11 20:48:34 : Color: A24C04
2015-07-11 20:48:34 : Color: A9500C
2015-07-11 20:48:34 : Color: F0C88E
2015-07-11 20:48:34 : Color: A04804
2015-07-11 20:48:34 : Color: A84D0C
2015-07-11 20:48:34 : Color: EFC78D
2015-07-11 20:48:34 : Color: A7510A
2015-07-11 20:48:34 : Color: EEC78D
2015-07-11 20:48:34 : Color: 000000
2015-07-11 20:48:34 : Color: A7510A
2015-07-11 20:48:34 : Color: EEC78D
2015-07-11 20:48:34 : Color: 000000
2015-07-11 20:48:34 : Color: 010200
2015-07-11 20:48:34 : Color: 000000
2015-07-11 20:48:34 : Color: 0E1504
2015-07-11 20:48:34 : Color: 0B1404
2015-07-11 20:48:34 : Color: 080F04
2015-07-11 20:48:34 : Color: 101304
2015-07-11 20:48:34 : Color: 010200
2015-07-11 20:48:34 : Color: 010100
2015-07-11 20:48:34 : Color: 0A0F04
2015-07-11 20:48:34 : Color: 0B1404
2015-07-11 20:48:34 : Color: 080F04
2015-07-11 20:48:34 : Color: 101304
2015-07-11 20:48:34 : Color: 0B1104
2015-07-11 20:48:34 : Color: 050802
2015-07-11 20:48:34 : Color: 8E8E8B
2015-07-11 20:48:34 : Color: 010100
2015-07-11 20:48:34 : Color: 141504
2015-07-11 20:48:34 : Color: 0D1304
2015-07-11 20:48:34 : Color: 010100
2015-07-11 20:48:34 : Color: 081204
2015-07-11 20:48:34 : Color: 0B1304
2015-07-11 20:48:34 : Color: 010200
2015-07-11 20:48:34 : Color: 0A1204
2015-07-11 20:48:34 : Color: 0C1204
2015-07-11 20:48:34 : Color: 080F04
2015-07-11 20:48:34 : Color: 081004
2015-07-11 20:48:34 : Color: 080F04
2015-07-11 20:48:34 : Color: A9500C
2015-07-11 20:48:34 : Color: F0C88E
2015-07-11 20:48:34 : Color: 000000
2015-07-11 20:48:34 : Color: A84D0C
2015-07-11 20:48:34 : Color: EFC78D
2015-07-11 20:48:34 : Color: 000000
2015-07-11 20:48:34 : Color: EEC78D
2015-07-11 20:48:34 : Color: 000000
2015-07-11 20:48:34 : Color: 010100
2015-07-11 20:48:34 : Color: EEC78D
2015-07-11 20:48:34 : Color: 000000
2015-07-11 20:48:34 : Color: 010100
2015-07-11 20:48:34 : Color: 0B1404
2015-07-11 20:48:34 : Color: 080F04
2015-07-11 20:48:34 : Color: 101304
2015-07-11 20:48:34 : Color: 081004
2015-07-11 20:48:34 : Color: 101304
2015-07-11 20:48:34 : Color: 0B1404
2015-07-11 20:48:34 : Color: 080F04
2015-07-11 20:48:34 : Color: 101304
2015-07-11 20:48:34 : Color: 081004
2015-07-11 20:48:34 : Color: 101304
2015-07-11 20:48:34 : Color: 050802
2015-07-11 20:48:34 : Color: 8E8E8B
2015-07-11 20:48:34 : Color: FDFDFD
2015-07-11 20:48:34 : Color: 141504
2015-07-11 20:48:34 : Color: 0D1304
2015-07-11 20:48:34 : Color: 0D1404
2015-07-11 20:48:34 : Color: 081204
2015-07-11 20:48:34 : Color: 0B1304
2015-07-11 20:48:34 : Color: 080F04
2015-07-11 20:48:34 : Color: 0A1204
2015-07-11 20:48:34 : Color: 0C1204
2015-07-11 20:48:34 : Color: 0A0F04
2015-07-11 20:48:34 : Color: 081004
2015-07-11 20:48:34 : Color: 080F04
2015-07-11 20:48:34 : Color: 080F04
2015-07-11 20:48:34 : Color: F0C88E
2015-07-11 20:48:34 : Color: 000000
2015-07-11 20:48:34 : Color: 010200
2015-07-11 20:48:34 : Color: EFC78D
2015-07-11 20:48:34 : Color: 000000
2015-07-11 20:48:34 : Color: 010100
2015-07-11 20:48:34 : Color: 000000
2015-07-11 20:48:34 : Color: 010100
2015-07-11 20:48:34 : Color: 081204
2015-07-11 20:48:34 : Color: 000000
2015-07-11 20:48:34 : Color: 010100
2015-07-11 20:48:35 : Color: 081204
2015-07-11 20:48:35 : Color: 080F04
2015-07-11 20:48:35 : Color: 101304
2015-07-11 20:48:35 : Color: 081004
2015-07-11 20:48:35 : Color: 101304
2015-07-11 20:48:35 : Color: 080F04
2015-07-11 20:48:35 : Color: 101304
2015-07-11 20:48:35 : Color: 080F04
2015-07-11 20:48:35 : Color: 101304
2015-07-11 20:48:35 : Color: 081004
2015-07-11 20:48:35 : Color: 101304
2015-07-11 20:48:35 : Color: 080F04
2015-07-11 20:48:35 : Color: 0F1204
2015-07-11 20:48:35 : Color: 8E8E8B
2015-07-11 20:48:35 : Color: FDFDFD
2015-07-11 20:48:35 : Color: FFFFFF
2015-07-11 20:48:35 : Color: 0D1304
2015-07-11 20:48:35 : Color: 0D1404
2015-07-11 20:48:35 : Color: 0D1304
2015-07-11 20:48:35 : Color: 0B1304
2015-07-11 20:48:35 : Color: 080F04
2015-07-11 20:48:35 : Color: 080E04
2015-07-11 20:48:35 : Color: 0C1204
2015-07-11 20:48:35 : Color: 0A0F04
2015-07-11 20:48:35 : Color: 0C0F04
2015-07-11 20:48:35 : Color: 080F04
2015-07-11 20:48:35 : Color: 080F04
2015-07-11 20:48:35 : Color: 080F04
2015-07-11 20:48:35 : Color: 000000
2015-07-11 20:48:35 : Color: 010200
2015-07-11 20:48:35 : Color: 152007
2015-07-11 20:48:35 : Color: 000000
2015-07-11 20:48:35 : Color: 010100
2015-07-11 20:48:35 : Color: 081004
2015-07-11 20:48:35 : Color: 010100
2015-07-11 20:48:35 : Color: 081204
2015-07-11 20:48:35 : Color: 0B1304
2015-07-11 20:48:35 : Color: 010100
2015-07-11 20:48:35 : Color: 081204
2015-07-11 20:48:35 : Color: 0B1304
2015-07-11 20:48:35 : Color: 081004
2015-07-11 20:48:35 : Color: 101304
2015-07-11 20:48:35 : Color: 080F04
2015-07-11 20:48:35 : Color: 101304
2015-07-11 20:48:35 : Color: 080F04
2015-07-11 20:48:35 : Color: 0F1204
2015-07-11 20:48:35 : Color: 081004
2015-07-11 20:48:35 : Color: 101304
2015-07-11 20:48:35 : Color: 080F04
2015-07-11 20:48:35 : Color: 0F1204
2015-07-11 20:48:35 : Color: 080F04
2015-07-11 20:48:35 : Color: 0D1104
2015-07-11 20:48:35 : Color: FDFDFD
2015-07-11 20:48:35 : Color: FFFFFF
2015-07-11 20:48:35 : Color: FFFFFF
2015-07-11 20:48:35 : Color: 0D1404
2015-07-11 20:48:35 : Color: 0D1304
2015-07-11 20:48:35 : Color: 0B1204
2015-07-11 20:48:35 : Color: 080F04
2015-07-11 20:48:35 : Color: 080E04
2015-07-11 20:48:35 : Color: 080C04
2015-07-11 20:48:35 : Color: 0A0F04
2015-07-11 20:48:35 : Color: 0C0F04
2015-07-11 20:48:35 : Color: 0A0F04
2015-07-11 20:48:35 : Color: 080F04
2015-07-11 20:48:35 : Color: 080F04
2015-07-11 20:48:35 : Color: 070D03
2015-07-11 20:48:35 : Color: 010200
2015-07-11 20:48:35 : Color: 152007
2015-07-11 20:48:35 : Color: 131E07
2015-07-11 20:48:35 : Color: 010100
2015-07-11 20:48:35 : Color: 081004
2015-07-11 20:48:35 : Color: 080F04
2015-07-11 20:48:35 : Color: 081204
2015-07-11 20:48:35 : Color: 0B1304
2015-07-11 20:48:35 : Color: 080F04
2015-07-11 20:48:35 : Color: 081204
2015-07-11 20:48:35 : Color: 0B1304
2015-07-11 20:48:35 : Color: 080F04
2015-07-11 20:48:35 : Color: 080F04
2015-07-11 20:48:35 : Color: 101304
2015-07-11 20:48:35 : Color: 080F04
2015-07-11 20:48:35 : Color: 0F1204
2015-07-11 20:48:35 : Color: 080F04
2015-07-11 20:48:35 : Color: 0D1104
2015-07-11 20:48:35 : Color: 080F04
2015-07-11 20:48:35 : Color: 0F1204
2015-07-11 20:48:35 : Color: 080F04
2015-07-11 20:48:35 : Color: 0D1104
2015-07-11 20:48:35 : Color: 080F04
2015-07-11 20:48:35 : Color: 0B1104
2015-07-11 20:48:35 : Color: FFFFFF
2015-07-11 20:48:35 : Color: FFFFFF
2015-07-11 20:48:35 : Color: FFFFFF
2015-07-11 20:48:35 : Color: 0D1304
2015-07-11 20:48:35 : Color: 0B1204
2015-07-11 20:48:35 : Color: 0F1204
2015-07-11 20:48:35 : Color: 080E04
2015-07-11 20:48:35 : Color: 080C04
2015-07-11 20:48:35 : Color: 080F04
2015-07-11 20:48:35 : Color: 0C0F04
2015-07-11 20:48:35 : Color: 0A0F04
2015-07-11 20:48:35 : Color: 080F04
2015-07-11 20:48:35 : Color: 080F04
2015-07-11 20:48:35 : Color: 070D03
2015-07-11 20:48:35 : Color: 090909
2015-07-11 20:48:35 : Color: 152007
2015-07-11 20:48:35 : Color: 131E07
2015-07-11 20:48:36 : Color: 081004
2015-07-11 20:48:36 : Color: 081004
2015-07-11 20:48:36 : Color: 080F04
2015-07-11 20:48:36 : Color: 090F04
2015-07-11 20:48:36 : Color: 0B1304
2015-07-11 20:48:36 : Color: 080F04
2015-07-11 20:48:36 : Color: 080E04
2015-07-11 20:48:36 : Color: 0B1304
2015-07-11 20:48:36 : Color: 080F04
2015-07-11 20:48:36 : Color: 080E04
2015-07-11 20:48:36 : Color: 080F04
2015-07-11 20:48:36 : Color: 0F1204
2015-07-11 20:48:36 : Color: 080F04
2015-07-11 20:48:36 : Color: 0D1104
2015-07-11 20:48:36 : Color: 070D03
2015-07-11 20:48:36 : Color: 0B1104
2015-07-11 20:48:36 : Color: 080F04
2015-07-11 20:48:36 : Color: 0D1104
2015-07-11 20:48:36 : Color: 080F04
2015-07-11 20:48:36 : Color: 0B1104
2015-07-11 20:48:36 : Color: 070D03
2015-07-11 20:48:36 : Color: 0B1104
2015-07-11 20:48:36 : Color: FFFFFF
2015-07-11 20:48:36 : Color: FFFFFF
2015-07-11 20:48:36 : Color: C6C8C4
2015-07-11 20:48:36 : Color: 0B1204
2015-07-11 20:48:36 : Color: 0F1204
2015-07-11 20:48:36 : Color: 0A0B03
2015-07-11 20:48:36 : Color: 080C04
2015-07-11 20:48:36 : Color: 080F04
2015-07-11 20:48:36 : Color: 070C03
2015-07-11 20:48:36 : Color: 0A0F04
2015-07-11 20:48:36 : Color: 080F04
2015-07-11 20:48:36 : Color: 070D03
2015-07-11 20:48:36 : Color: 070D03
2015-07-11 20:48:36 : Color: 090909
2015-07-11 20:48:36 : Color: 3F403F
2015-07-11 20:48:36 : Color: 131E07
2015-07-11 20:48:36 : Color: 081004
2015-07-11 20:48:36 : Color: 080E04
2015-07-11 20:48:36 : Color: 080F04
2015-07-11 20:48:36 : Color: 090F04
2015-07-11 20:48:36 : Color: 0B1004
2015-07-11 20:48:36 : Color: 080F04
2015-07-11 20:48:36 : Color: 080E04
2015-07-11 20:48:36 : Color: 080C04
2015-07-11 20:48:36 : Color: 080F04
2015-07-11 20:48:36 : Color: 080E04
2015-07-11 20:48:36 : Color: 080C04
2015-07-11 20:48:36 : Color: 080F04
2015-07-11 20:48:36 : Color: 0D1104
2015-07-11 20:48:36 : Color: 070D03
2015-07-11 20:48:36 : Color: 0B1104
2015-07-11 20:48:36 : Color: 090909
2015-07-11 20:48:36 : Color: 0B1104
2015-07-11 20:48:36 : Color: 080F04
2015-07-11 20:48:36 : Color: 0B1104
2015-07-11 20:48:36 : Color: 070D03
2015-07-11 20:48:36 : Color: 0B1104
2015-07-11 20:48:36 : Color: 090909
2015-07-11 20:48:36 : Color: 0B1004
2015-07-11 20:48:36 : Color: FFFFFF
2015-07-11 20:48:36 : Color: C6C8C4
2015-07-11 20:48:36 : Color: 2A2B29
2015-07-11 20:48:36 : Color: 0F1204
2015-07-11 20:48:36 : Color: 0A0B03
2015-07-11 20:48:36 : Color: 5A5A58
2015-07-11 20:48:36 : Color: 070C03
2015-07-11 20:48:36 : Color: 080F04
2015-07-11 20:48:36 : Color: 070C03
2015-07-11 20:48:36 : Color: 212220
2015-07-11 20:48:36 : Color: 000000
2015-07-11 20:48:36 : Color: 080F04
2015-07-11 20:48:36 : Color: 070D03
2015-07-11 20:48:36 : Color: 000000
2015-07-11 20:48:36 : Color: 090909
2015-07-11 20:48:36 : Color: 3F403F
2015-07-11 20:48:36 : Color: 40413F
2015-07-11 20:48:36 : Color: 081004
2015-07-11 20:48:36 : Color: 080E04
2015-07-11 20:48:36 : Color: 080F04
2015-07-11 20:48:36 : Color: 090F04
2015-07-11 20:48:36 : Color: 0B1004
2015-07-11 20:48:36 : Color: 0B1104
2015-07-11 20:48:36 : Color: 080E04
2015-07-11 20:48:36 : Color: 080C04
2015-07-11 20:48:36 : Color: 080F04
2015-07-11 20:48:36 : Color: 080E04
2015-07-11 20:48:36 : Color: 080C04
2015-07-11 20:48:36 : Color: 080F04
2015-07-11 20:48:36 : Color: 070D03
2015-07-11 20:48:36 : Color: 0B1104
2015-07-11 20:48:36 : Color: 090909
2015-07-11 20:48:36 : Color: 0B1104
2015-07-11 20:48:36 : Color: 3F403F
2015-07-11 20:48:36 : Color: 070D03
2015-07-11 20:48:36 : Color: 0B1104
2015-07-11 20:48:36 : Color: 090909
2015-07-11 20:48:36 : Color: 0B1004
2015-07-11 20:48:36 : Color: 3F403F
2015-07-11 20:48:36 : Color: C6C8C4
2015-07-11 20:48:36 : Color: 2A2B29
2015-07-11 20:48:37 : Color: 010101
2015-07-11 20:48:37 : Color: 0A0B03
2015-07-11 20:48:37 : Color: 5A5A58
2015-07-11 20:48:37 : Color: 070C03
2015-07-11 20:48:37 : Color: F8F9F8
2015-07-11 20:48:37 : Color: 070C03
2015-07-11 20:48:37 : Color: 212220
2015-07-11 20:48:37 : Color: 000000
2015-07-11 20:48:37 : Color: FEFEFE
2015-07-11 20:48:37 : Color: 070D03
2015-07-11 20:48:37 : Color: 000000
2015-07-11 20:48:37 : Color: 020202
2015-07-11 20:48:37 : Color: 3F403F
2015-07-11 20:48:37 : Color: 40413F
2015-07-11 20:48:37 : Color: 525450
2015-07-11 20:48:37 : Color: 080E04
2015-07-11 20:48:37 : Color: 080F04
2015-07-11 20:48:37 : Color: 0B1204
2015-07-11 20:48:37 : Color: 0B1004
2015-07-11 20:48:37 : Color: 0B1104
2015-07-11 20:48:37 : Color: 0B1104
2015-07-11 20:48:37 : Color: 080C04
2015-07-11 20:48:37 : Color: 080F04
2015-07-11 20:48:37 : Color: 070C03
2015-07-11 20:48:37 : Color: 080C04
2015-07-11 20:48:37 : Color: 080F04
2015-07-11 20:48:37 : Color: 070C03
2015-07-11 20:48:37 : Color: 090909
2015-07-11 20:48:37 : Color: 0B1104
2015-07-11 20:48:37 : Color: 3F403F
2015-07-11 20:48:37 : Color: 40413F
2015-07-11 20:48:37 : Color: 090909
2015-07-11 20:48:37 : Color: 0B1004
2015-07-11 20:48:37 : Color: 3F403F
2015-07-11 20:48:37 : Color: 40413F
2015-07-11 20:48:37 : Color: 2A2B29
2015-07-11 20:48:37 : Color: 010101
2015-07-11 20:48:37 : Color: 7F817D
2015-07-11 20:48:37 : Color: 5A5A58
2015-07-11 20:48:37 : Color: 070C03
2015-07-11 20:48:37 : Color: F8F9F8
2015-07-11 20:48:37 : Color: F9FAF9
2015-07-11 20:48:37 : Color: 212220
2015-07-11 20:48:37 : Color: 000000
2015-07-11 20:48:37 : Color: FEFEFE
2015-07-11 20:48:37 : Color: FFFFFF
2015-07-11 20:48:37 : Color: 000000
2015-07-11 20:48:37 : Color: 020202
2015-07-11 20:48:37 : Color: 020202
2015-07-11 20:48:37 : Color: 40413F
2015-07-11 20:48:37 : Color: 525450
2015-07-11 20:48:37 : Color: ABAEA9
2015-07-11 20:48:37 : Color: 080F04
2015-07-11 20:48:37 : Color: 0B1204
2015-07-11 20:48:37 : Color: 0B1404
2015-07-11 20:48:37 : Color: 0B1104
2015-07-11 20:48:37 : Color: 0B1104
2015-07-11 20:48:37 : Color: 0B1104
2015-07-11 20:48:37 : Color: 080F04
2015-07-11 20:48:37 : Color: 070C03
2015-07-11 20:48:37 : Color: 212220
2015-07-11 20:48:37 : Color: 080F04
2015-07-11 20:48:37 : Color: 070C03
2015-07-11 20:48:37 : Color: 212220
2015-07-11 20:48:37 : Color: 292A29
2015-07-11 20:48:37 : Color: 3F403F
2015-07-11 20:48:37 : Color: 40413F
2015-07-11 20:48:37 : Color: 525450
2015-07-11 20:48:37 : Color: 3F403F
2015-07-11 20:48:37 : Color: 40413F
2015-07-11 20:48:37 : Color: 525450
2015-07-11 20:48:37 : Color: 010101
2015-07-11 20:48:37 : Color: 7F817D
2015-07-11 20:48:37 : Color: FFFFFF
2015-07-11 20:48:37 : Color: F8F9F8
2015-07-11 20:48:37 : Color: F9FAF9
2015-07-11 20:48:37 : Color: FBFBFA
2015-07-11 20:48:37 : Color: FEFEFE
2015-07-11 20:48:37 : Color: FFFFFF
2015-07-11 20:48:37 : Color: FFFFFF
2015-07-11 20:48:37 : Color: 020202
2015-07-11 20:48:37 : Color: 020202
2015-07-11 20:48:37 : Color: 020202
2015-07-11 20:48:37 : Color: 525450
2015-07-11 20:48:37 : Color: ABAEA9
2015-07-11 20:48:37 : Color: FFFFFF
2015-07-11 20:48:37 : Color: 0B1204
2015-07-11 20:48:37 : Color: 0B1404
2015-07-11 20:48:37 : Color: 010200
2015-07-11 20:48:37 : Color: 0B1104
2015-07-11 20:48:37 : Color: 0B1104
2015-07-11 20:48:37 : Color: 0B1104
2015-07-11 20:48:37 : Color: 070C03
2015-07-11 20:48:37 : Color: 212220
2015-07-11 20:48:37 : Color: FEFEFE
2015-07-11 20:48:37 : Color: 070C03
2015-07-11 20:48:37 : Color: 212220
2015-07-11 20:48:37 : Color: 292A29
2015-07-11 20:48:37 : Color: FEFEFE
2015-07-11 20:48:37 : Color: 40413F
2015-07-11 20:48:37 : Color: 525450
2015-07-11 20:48:37 : Color: ABAEA9
2015-07-11 20:48:37 : Color: 40413F
2015-07-11 20:48:37 : Color: 525450
2015-07-11 20:48:37 : Color: ABAEA9
2015-07-11 20:48:37 : Color: 7F817D
2015-07-11 20:48:38 : Color: FFFFFF
2015-07-11 20:48:38 : Color: FFFFFF
2015-07-11 20:48:38 : Color: F9FAF9
2015-07-11 20:48:38 : Color: FBFBFA
2015-07-11 20:48:38 : Color: FDFDFD
2015-07-11 20:48:38 : Color: FFFFFF
2015-07-11 20:48:38 : Color: FFFFFF
2015-07-11 20:48:38 : Color: FFFFFF
2015-07-11 20:48:38 : Color: 020202
2015-07-11 20:48:38 : Color: 020202
2015-07-11 20:48:38 : Color: 3E3F3D
2015-07-11 20:48:38 : Color: ABAEA9
2015-07-11 20:48:38 : Color: FFFFFF
2015-07-11 20:48:38 : Color: FFFFFF
2015-07-11 20:48:38 : Color: 0B1404
2015-07-11 20:48:38 : Color: 010200
2015-07-11 20:48:38 : Color: 292A29
2015-07-11 20:48:38 : Color: 0B1104
2015-07-11 20:48:38 : Color: 0B1104
2015-07-11 20:48:38 : Color: 050802
2015-07-11 20:48:38 : Color: 212220
2015-07-11 20:48:38 : Color: FEFEFE
2015-07-11 20:48:38 : Color: FFFFFF
2015-07-11 20:48:38 : Color: 212220
2015-07-11 20:48:38 : Color: 292A29
2015-07-11 20:48:38 : Color: FEFEFE
2015-07-11 20:48:38 : Color: FFFFFF
2015-07-11 20:48:38 : Color: 525450
2015-07-11 20:48:38 : Color: ABAEA9
2015-07-11 20:48:38 : Color: FFFFFF
2015-07-11 20:48:38 : Color: 525450
2015-07-11 20:48:38 : Color: ABAEA9
2015-07-11 20:48:38 : Color: FFFFFF
2015-07-11 20:48:38 : Color: FFFFFF
2015-07-11 20:48:38 : Color: FFFFFF
2015-07-11 20:48:38 : Color: F0F1F0
2015-07-11 20:48:38 : Color: FBFBFA
2015-07-11 20:48:38 : Color: FDFDFD
2015-07-11 20:48:38 : Color: FFFFFF
2015-07-11 20:48:38 : Color: FFFFFF
2015-07-11 20:48:38 : Color: FFFFFF
2015-07-11 20:48:38 : Color: FFFFFF
2015-07-11 20:48:38 : Color: 020202
2015-07-11 20:48:38 : Color: 3E3F3D
2015-07-11 20:48:38 : Color: FFFFFF
2015-07-11 20:48:38 : Color: FFFFFF
2015-07-11 20:48:38 : Color: FFFFFF
2015-07-11 20:48:38 : Color: FFFFFF
2015-07-11 20:48:38 : Color: 010200
2015-07-11 20:48:38 : Color: 292A29
2015-07-11 20:48:38 : Color: 535551
2015-07-11 20:48:38 : Color: 0B1104
2015-07-11 20:48:38 : Color: 050802
2015-07-11 20:48:38 : Color: 8E8E8B
2015-07-11 20:48:38 : Color: FEFEFE
2015-07-11 20:48:38 : Color: FFFFFF
2015-07-11 20:48:38 : Color: FFFFFF
2015-07-11 20:48:38 : Color: FEFEFE
2015-07-11 20:48:38 : Color: FFFFFF
2015-07-11 20:48:38 : Color: FFFFFF
2015-07-11 20:48:38 : Color: ABAEA9
2015-07-11 20:48:38 : Color: FFFFFF
2015-07-11 20:48:38 : Color: FFFFFF
2015-07-11 20:48:38 : Color: ABAEA9
2015-07-11 20:48:38 : Color: FFFFFF
2015-07-11 20:48:38 : Color: FFFFFF
2015-07-11 20:48:38 : Color: FFFFFF
2015-07-11 20:48:38 : Color: F0F1F0
2015-07-11 20:48:38 : Color: 010100
2015-07-11 20:48:38 : Color: FDFDFD
2015-07-11 20:48:38 : Color: FFFFFF
2015-07-11 20:48:38 : Color: FFFFFF
2015-07-11 20:48:38 : Color: FFFFFF
2015-07-11 20:48:38 : Color: FFFFFF
2015-07-11 20:48:38 : Color: FFFFFF
2015-07-11 20:48:38 : Color: 3E3F3D
2015-07-11 20:48:38 : Color: FFFFFF
2015-07-11 20:48:38 : Color: FFFFFF
2015-07-11 20:48:38 : Color: FFFFFF
2015-07-11 20:48:38 : Color: FFFFFF
2015-07-11 20:48:38 : Color: 868884
2015-07-11 20:48:38 : Color: 292A29
2015-07-11 20:48:38 : Color: 535551
2015-07-11 20:48:38 : Color: 5B5C59
2015-07-11 20:48:38 : Color: 050802
2015-07-11 20:48:38 : Color: 8E8E8B
2015-07-11 20:48:38 : Color: FDFDFD
2015-07-11 20:48:38 : Color: FFFFFF
2015-07-11 20:48:38 : Color: FFFFFF
2015-07-11 20:48:38 : Color: FFFFFF
2015-07-11 20:48:38 : Color: FFFFFF
2015-07-11 20:48:38 : Color: FFFFFF
2015-07-11 20:48:38 : Color: FFFFFF
2015-07-11 20:48:38 : Color: FFFFFF
2015-07-11 20:48:38 : Color: FFFFFF
2015-07-11 20:48:38 : Color: FFFFFF
2015-07-11 20:48:38 : Color: FFFFFF
2015-07-11 20:48:38 : Color: FFFFFF
2015-07-11 20:48:38 : Color: FFFFFF
2015-07-11 20:48:38 : Color: F0F1F0
2015-07-11 20:48:39 : Color: 010100
2015-07-11 20:48:39 : Color: 6A6E66
2015-07-11 20:48:39 : Color: FFFFFF
2015-07-11 20:48:39 : Color: FFFFFF
2015-07-11 20:48:39 : Color: FFFFFF
2015-07-11 20:48:39 : Color: FFFFFF
2015-07-11 20:48:39 : Color: FFFFFF
2015-07-11 20:48:39 : Color: FEFEFD
2015-07-11 20:48:39 : Color: FFFFFF
2015-07-11 20:48:39 : Color: FFFFFF
2015-07-11 20:48:39 : Color: FFFFFF
2015-07-11 20:48:39 : Color: FFFFFF
2015-07-11 20:48:39 : Color: 868884
2015-07-11 20:48:39 : Color: 343534
2015-07-11 20:48:39 : Color: 535551
2015-07-11 20:48:39 : Color: 5B5C59
2015-07-11 20:48:39 : Color: 5A5C59
2015-07-11 20:48:39 : Color: 8E8E8B
2015-07-11 20:48:39 : Color: FDFDFD
2015-07-11 20:48:39 : Color: FFFFFF
2015-07-11 20:48:39 : Color: FFFFFF
2015-07-11 20:48:39 : Color: FFFFFF
2015-07-11 20:48:39 : Color: FFFFFF
2015-07-11 20:48:39 : Color: FFFFFF
2015-07-11 20:48:39 : Color: FFFFFF
2015-07-11 20:48:39 : Color: FFFFFF
2015-07-11 20:48:39 : Color: FFFFFF
2015-07-11 20:48:39 : Color: FFFFFF
2015-07-11 20:48:39 : Color: 868884
2015-07-11 20:48:39 : Color: FFFFFF
2015-07-11 20:48:39 : Color: FFFFFF
2015-07-11 20:48:39 : Color: 868884
2015-07-11 20:48:39 : Color: 010100
2015-07-11 20:48:39 : Color: 6A6E66
2015-07-11 20:48:39 : Color: FFFFFF
2015-07-11 20:48:39 : Color: FFFFFF
2015-07-11 20:48:39 : Color: FFFFFF
2015-07-11 20:48:39 : Color: 8D9089
2015-07-11 20:48:39 : Color: FFFFFF
2015-07-11 20:48:39 : Color: FEFEFD
2015-07-11 20:48:39 : Color: 434542
2015-07-11 20:48:39 : Color: FFFFFF
2015-07-11 20:48:39 : Color: FFFFFF
2015-07-11 20:48:39 : Color: 3D3D3C
2015-07-11 20:48:39 : Color: 868884
2015-07-11 20:48:39 : Color: 343534
2015-07-11 20:48:39 : Color: BCBFB9
2015-07-11 20:48:39 : Color: 5B5C59
2015-07-11 20:48:39 : Color: 5A5C59
2015-07-11 20:48:39 : Color: 444642
2015-07-11 20:48:39 : Color: FDFDFD
2015-07-11 20:48:39 : Color: FFFFFF
2015-07-11 20:48:39 : Color: FFFFFF
2015-07-11 20:48:39 : Color: FFFFFF
2015-07-11 20:48:39 : Color: FFFFFF
2015-07-11 20:48:39 : Color: FFFFFF
2015-07-11 20:48:39 : Color: FFFFFF
2015-07-11 20:48:39 : Color: FFFFFF
2015-07-11 20:48:39 : Color: FFFFFF
2015-07-11 20:48:39 : Color: FFFFFF
2015-07-11 20:48:39 : Color: 868884
2015-07-11 20:48:39 : Color: 343534
2015-07-11 20:48:39 : Color: FFFFFF
2015-07-11 20:48:39 : Color: 868884
2015-07-11 20:48:39 : Color: 343534
2015-07-11 20:48:39 : Color: 6A6E66
2015-07-11 20:48:39 : Color: FFFFFF
2015-07-11 20:48:39 : Color: FFFFFF
2015-07-11 20:48:39 : Color: FFFFFF
2015-07-11 20:48:39 : Color: 8D9089
2015-07-11 20:48:39 : Color: 000000
2015-07-11 20:48:39 : Color: FEFEFD
2015-07-11 20:48:39 : Color: 434542
2015-07-11 20:48:39 : Color: 747572
2015-07-11 20:48:39 : Color: FFFFFF
2015-07-11 20:48:39 : Color: 3D3D3C
2015-07-11 20:48:39 : Color: 010101
2015-07-11 20:48:39 : Color: 343534
2015-07-11 20:48:39 : Color: BCBFB9
2015-07-11 20:48:39 : Color: FFFFFF
2015-07-11 20:48:39 : Color: 5A5C59
2015-07-11 20:48:39 : Color: 444642
2015-07-11 20:48:39 : Color: 101110
2015-07-11 20:48:39 : Color: FFFFFF
2015-07-11 20:48:39 : Color: FFFFFF
2015-07-11 20:48:39 : Color: FFFFFF
2015-07-11 20:48:39 : Color: FFFFFF
2015-07-11 20:48:39 : Color: FFFFFF
2015-07-11 20:48:39 : Color: FEFEFD
2015-07-11 20:48:39 : Color: FFFFFF
2015-07-11 20:48:39 : Color: FFFFFF
2015-07-11 20:48:39 : Color: FEFEFD
2015-07-11 20:48:39 : Color: 868884
2015-07-11 20:48:39 : Color: 343534
2015-07-11 20:48:39 : Color: BCBFB9
2015-07-11 20:48:39 : Color: 868884
2015-07-11 20:48:39 : Color: 343534
2015-07-11 20:48:39 : Color: BCBFB9
2015-07-11 20:48:39 : Color: FFFFFF
2015-07-11 20:48:39 : Color: FFFFFF
2015-07-11 20:48:40 : Color: FFFFFF
2015-07-11 20:48:40 : Color: 8D9089
2015-07-11 20:48:40 : Color: 000000
2015-07-11 20:48:40 : Color: 696C66
2015-07-11 20:48:40 : Color: 434542
2015-07-11 20:48:40 : Color: 747572
2015-07-11 20:48:40 : Color: FDFDFD
2015-07-11 20:48:40 : Color: 3D3D3C
2015-07-11 20:48:40 : Color: 010101
2015-07-11 20:48:40 : Color: 83857F
2015-07-11 20:48:40 : Color: BCBFB9
2015-07-11 20:48:40 : Color: FFFFFF
2015-07-11 20:48:40 : Color: FFFFFF
2015-07-11 20:48:40 : Color: 444642
2015-07-11 20:48:40 : Color: 101110
2015-07-11 20:48:40 : Color: 010100
2015-07-11 20:48:40 : Color: FFFFFF
2015-07-11 20:48:40 : Color: FFFFFF
2015-07-11 20:48:40 : Color: C6C8C4
2015-07-11 20:48:40 : Color: FFFFFF
2015-07-11 20:48:40 : Color: FEFEFD
2015-07-11 20:48:40 : Color: 434542
2015-07-11 20:48:40 : Color: FFFFFF
2015-07-11 20:48:40 : Color: FEFEFD
2015-07-11 20:48:40 : Color: 434542
2015-07-11 20:48:40 : Color: 343534
2015-07-11 20:48:40 : Color: BCBFB9
2015-07-11 20:48:40 : Color: FFFFFF
2015-07-11 20:48:40 : Color: 343534
2015-07-11 20:48:40 : Color: BCBFB9
2015-07-11 20:48:40 : Color: FFFFFF
2015-07-11 20:48:40 : Color: FFFFFF
2015-07-11 20:48:40 : Color: FFFFFF
2015-07-11 20:48:40 : Color: FFFFFF
2015-07-11 20:48:40 : Color: 000000
2015-07-11 20:48:40 : Color: 696C66
2015-07-11 20:48:40 : Color: FFFFFF
2015-07-11 20:48:40 : Color: 747572
2015-07-11 20:48:40 : Color: FDFDFD
2015-07-11 20:48:40 : Color: FEFEFE
2015-07-11 20:48:40 : Color: 010101
2015-07-11 20:48:40 : Color: 83857F
2015-07-11 20:48:40 : Color: FFFFFF
2015-07-11 20:48:40 : Color: FFFFFF
2015-07-11 20:48:40 : Color: FFFFFF
2015-07-11 20:48:40 : Color: FFFFFF
2015-07-11 20:48:40 : Color: 101110
2015-07-11 20:48:40 : Color: 010100
2015-07-11 20:48:40 : Color: 070903
2015-07-11 20:48:40 : Color: FFFFFF
2015-07-11 20:48:40 : Color: C6C8C4
2015-07-11 20:48:40 : Color: 2A2B29
2015-07-11 20:48:40 : Color: FEFEFD
2015-07-11 20:48:40 : Color: 434542
2015-07-11 20:48:40 : Color: 747572
2015-07-11 20:48:40 : Color: FEFEFD
2015-07-11 20:48:40 : Color: 434542
2015-07-11 20:48:40 : Color: 747572
2015-07-11 20:48:40 : Color: BCBFB9
2015-07-11 20:48:40 : Color: FFFFFF
2015-07-11 20:48:40 : Color: FFFFFF
2015-07-11 20:48:40 : Color: BCBFB9
2015-07-11 20:48:40 : Color: FFFFFF
2015-07-11 20:48:40 : Color: FFFFFF
2015-07-11 20:48:40 : Color: FFFFFF
2015-07-11 20:48:40 : Color: FFFFFF
2015-07-11 20:48:40 : Color: FFFFFF
2015-07-11 20:48:40 : Color: 696C66
2015-07-11 20:48:40 : Color: FFFFFF
2015-07-11 20:48:40 : Color: FFFFFF
2015-07-11 20:48:40 : Color: FDFDFD
2015-07-11 20:48:40 : Color: FEFEFE
2015-07-11 20:48:40 : Color: FFFFFF
2015-07-11 20:48:40 : Color: 83857F
2015-07-11 20:48:40 : Color: FFFFFF
2015-07-11 20:48:40 : Color: FFFFFF
2015-07-11 20:48:40 : Color: FFFFFF
2015-07-11 20:48:40 : Color: FFFFFF
2015-07-11 20:48:40 : Color: 000000
2015-07-11 20:48:40 : Color: 010100
2015-07-11 20:48:40 : Color: 070903
2015-07-11 20:48:40 : Color: 0A0E03
2015-07-11 20:48:40 : Color: C6C8C4
2015-07-11 20:48:40 : Color: 2A2B29
2015-07-11 20:48:40 : Color: 010101
2015-07-11 20:48:40 : Color: 434542
2015-07-11 20:48:40 : Color: 747572
2015-07-11 20:48:40 : Color: FDFDFD
2015-07-11 20:48:40 : Color: 434542
2015-07-11 20:48:40 : Color: 747572
2015-07-11 20:48:40 : Color: FDFDFD
2015-07-11 20:48:40 : Color: FFFFFF
2015-07-11 20:48:40 : Color: FFFFFF
2015-07-11 20:48:40 : Color: FFFFFF
2015-07-11 20:48:40 : Color: FFFFFF
2015-07-11 20:48:40 : Color: FFFFFF
2015-07-11 20:48:41 : Color: FFFFFF
2015-07-11 20:48:41 : Color: FFFFFF
2015-07-11 20:48:41 : Color: FFFFFF
2015-07-11 20:48:41 : Color: FEFEFE
2015-07-11 20:48:41 : Color: FFFFFF
2015-07-11 20:48:41 : Color: FFFFFF
2015-07-11 20:48:41 : Color: CACCC8
2015-07-11 20:48:41 : Color: FEFEFE
2015-07-11 20:48:41 : Color: FFFFFF
2015-07-11 20:48:41 : Color: FFFFFF
2015-07-11 20:48:41 : Color: FFFFFF
2015-07-11 20:48:41 : Color: FFFFFF
2015-07-11 20:48:41 : Color: F8F8F7
2015-07-11 20:48:41 : Color: FFFFFF
2015-07-11 20:48:41 : Color: 000000
2015-07-11 20:48:41 : Color: 101010
2015-07-11 20:48:41 : Color: 070903
2015-07-11 20:48:41 : Color: 0A0E03
2015-07-11 20:48:41 : Color: 040601
2015-07-11 20:48:41 : Color: 2A2B29
2015-07-11 20:48:41 : Color: 010101
2015-07-11 20:48:41 : Color: 7F817D
2015-07-11 20:48:41 : Color: 747572
2015-07-11 20:48:41 : Color: FDFDFD
2015-07-11 20:48:41 : Color: FEFEFE
2015-07-11 20:48:41 : Color: 747572
2015-07-11 20:48:41 : Color: FDFDFD
2015-07-11 20:48:41 : Color: FEFEFE
2015-07-11 20:48:41 : Color: FFFFFF
2015-07-11 20:48:41 : Color: FFFFFF
2015-07-11 20:48:41 : Color: 000000
2015-07-11 20:48:41 : Color: E1E2DF
2015-07-11 20:48:41 : Color: FFFFFF
2015-07-11 20:48:41 : Color: FFFFFF
2015-07-11 20:48:41 : Color: 000000
2015-07-11 20:48:41 : Color: 010100
2015-07-11 20:48:41 : Color: FFFFFF
2015-07-11 20:48:41 : Color: FFFFFF
2015-07-11 20:48:41 : Color: FEFEFE
2015-07-11 20:48:41 : Color: FDFDFD
2015-07-11 20:48:41 : Color: FFFFFF
2015-07-11 20:48:41 : Color: CACCC8
2015-07-11 20:48:41 : Color: 020301
2015-07-11 20:48:41 : Color: FFFFFF
2015-07-11 20:48:41 : Color: FFFFFF
2015-07-11 20:48:41 : Color: 000000
2015-07-11 20:48:41 : Color: FFFFFF
2015-07-11 20:48:41 : Color: F8F8F7
2015-07-11 20:48:41 : Color: 000000
2015-07-11 20:48:41 : Color: 000000
2015-07-11 20:48:41 : Color: 101010
2015-07-11 20:48:41 : Color: FEFEFE
2015-07-11 20:48:41 : Color: 0A0E03
2015-07-11 20:48:41 : Color: 040601
2015-07-11 20:48:41 : Color: 010100
2015-07-11 20:48:41 : Color: 010101
2015-07-11 20:48:41 : Color: 7F817D
2015-07-11 20:48:41 : Color: FFFFFF
2015-07-11 20:48:41 : Color: FDFDFD
2015-07-11 20:48:41 : Color: FEFEFE
2015-07-11 20:48:41 : Color: FFFFFF
2015-07-11 20:48:41 : Color: FDFDFD
2015-07-11 20:48:41 : Color: FEFEFE
2015-07-11 20:48:41 : Color: FFFFFF
2015-07-11 20:48:41 : Color: FFFFFF
2015-07-11 20:48:41 : Color: 000000
2015-07-11 20:48:41 : Color: E1E2DF
2015-07-11 20:48:41 : Color: 101010
2015-07-11 20:48:41 : Color: 010100
2015-07-11 20:48:41 : Color: 888C83
2015-07-11 20:48:41 : Color: FFFFFF
2015-07-11 20:48:41 : Color: 000000
2015-07-11 20:48:41 : Color: 010100
2015-07-11 20:48:41 : Color: FFFFFF
2015-07-11 20:48:41 : Color: 101010
2015-07-11 20:48:41 : Color: 70736D
2015-07-11 20:48:41 : Color: FEFEFE
2015-07-11 20:48:41 : Color: FDFDFD
2015-07-11 20:48:41 : Color: FCFCFB
2015-07-11 20:48:41 : Color: CACCC8
2015-07-11 20:48:41 : Color: 020301
2015-07-11 20:48:41 : Color: 363834
2015-07-11 20:48:41 : Color: FFFFFF
2015-07-11 20:48:41 : Color: 000000
2015-07-11 20:48:41 : Color: 000000
2015-07-11 20:48:41 : Color: F8F8F7
2015-07-11 20:48:41 : Color: 000000
2015-07-11 20:48:41 : Color: 3A3C39
2015-07-11 20:48:41 : Color: 101010
2015-07-11 20:48:41 : Color: FEFEFE
2015-07-11 20:48:41 : Color: FFFFFF
2015-07-11 20:48:41 : Color: 040601
2015-07-11 20:48:41 : Color: 010100
2015-07-11 20:48:41 : Color: 010200
2015-07-11 20:48:41 : Color: 7F817D
2015-07-11 20:48:41 : Color: FFFFFF
2015-07-11 20:48:41 : Color: FFFFFF
2015-07-11 20:48:41 : Color: FEFEFE
2015-07-11 20:48:42 : Color: FFFFFF
2015-07-11 20:48:42 : Color: FFFFFF
2015-07-11 20:48:42 : Color: FEFEFE
2015-07-11 20:48:42 : Color: FFFFFF
2015-07-11 20:48:42 : Color: FFFFFF
2015-07-11 20:48:42 : Color: 000000
2015-07-11 20:48:42 : Color: E1E2DF
2015-07-11 20:48:42 : Color: 101010
2015-07-11 20:48:42 : Color: 010100
2015-07-11 20:48:42 : Color: 888C83
2015-07-11 20:48:42 : Color: FEFEFE
2015-07-11 20:48:42 : Color: 000000
2015-07-11 20:48:42 : Color: 010100
2015-07-11 20:48:42 : Color: FFFFFF
2015-07-11 20:48:42 : Color: 101010
2015-07-11 20:48:42 : Color: 70736D
2015-07-11 20:48:42 : Color: FEFEFE
2015-07-11 20:48:42 : Color: FDFDFD
2015-07-11 20:48:42 : Color: FCFCFB
2015-07-11 20:48:42 : Color: F9FAF9
2015-07-11 20:48:42 : Color: 020301
2015-07-11 20:48:42 : Color: 363834
2015-07-11 20:48:42 : Color: FFFFFF
2015-07-11 20:48:42 : Color: 000000
2015-07-11 20:48:42 : Color: 000000
2015-07-11 20:48:42 : Color: E7E8E5
2015-07-11 20:48:42 : Color: 000000
2015-07-11 20:48:42 : Color: 3A3C39
2015-07-11 20:48:42 : Color: FFFFFF
2015-07-11 20:48:42 : Color: FEFEFE
2015-07-11 20:48:42 : Color: FFFFFF
2015-07-11 20:48:42 : Color: FFFFFF
2015-07-11 20:48:42 : Color: 010100
2015-07-11 20:48:42 : Color: 010200
2015-07-11 20:48:42 : Color: 111110
2015-07-11 20:48:42 : Color: FFFFFF
2015-07-11 20:48:42 : Color: FFFFFF
2015-07-11 20:48:42 : Color: F0F1F0
2015-07-11 20:48:42 : Color: FFFFFF
2015-07-11 20:48:42 : Color: FFFFFF
2015-07-11 20:48:42 : Color: 000000
2015-07-11 20:48:42 : Color: FFFFFF
2015-07-11 20:48:42 : Color: FFFFFF
2015-07-11 20:48:42 : Color: 000000
2015-07-11 20:48:42 : Color: 101010
2015-07-11 20:48:42 : Color: 010100
2015-07-11 20:48:42 : Color: 888C83
2015-07-11 20:48:42 : Color: FEFEFE
2015-07-11 20:48:42 : Color: FFFFFF
2015-07-11 20:48:42 : Color: 101010
2015-07-11 20:48:42 : Color: 70736D
2015-07-11 20:48:42 : Color: FEFEFE
2015-07-11 20:48:42 : Color: FFFFFF
2015-07-11 20:48:42 : Color: FCFCFB
2015-07-11 20:48:42 : Color: F9FAF9
2015-07-11 20:48:42 : Color: 646464
2015-07-11 20:48:42 : Color: 363834
2015-07-11 20:48:42 : Color: FFFFFF
2015-07-11 20:48:42 : Color: FFFFFF
2015-07-11 20:48:42 : Color: 000000
2015-07-11 20:48:42 : Color: E7E8E5
2015-07-11 20:48:42 : Color: FEFEFE
2015-07-11 20:48:42 : Color: 3A3C39
2015-07-11 20:48:42 : Color: FFFFFF
2015-07-11 20:48:42 : Color: FFFFFF
2015-07-11 20:48:42 : Color: FFFFFF
2015-07-11 20:48:42 : Color: FFFFFF
2015-07-11 20:48:42 : Color: D4D7D2
2015-07-11 20:48:42 : Color: 010200
2015-07-11 20:48:42 : Color: 111110
2015-07-11 20:48:42 : Color: 010200
2015-07-11 20:48:42 : Color: FFFFFF
2015-07-11 20:48:42 : Color: F0F1F0
2015-07-11 20:48:42 : Color: 010100
2015-07-11 20:48:42 : Color: FFFFFF
2015-07-11 20:48:42 : Color: 000000
2015-07-11 20:48:42 : Color: 000000
2015-07-11 20:48:42 : Color: FFFFFF
2015-07-11 20:48:42 : Color: 000000
2015-07-11 20:48:42 : Color: 000000
2015-07-11 20:48:42 : Color: FEFEFE
2015-07-11 20:48:42 : Color: FFFFFF
2015-07-11 20:48:42 : Color: FFFFFF
2015-07-11 20:48:42 : Color: FEFEFE
2015-07-11 20:48:42 : Color: FFFFFF
2015-07-11 20:48:42 : Color: FFFFFF
2015-07-11 20:48:42 : Color: F9FAF9
2015-07-11 20:48:42 : Color: 646464
2015-07-11 20:48:42 : Color: FFFFFF
2015-07-11 20:48:42 : Color: FFFFFF
2015-07-11 20:48:42 : Color: FFFFFF
2015-07-11 20:48:42 : Color: FFFFFF
2015-07-11 20:48:42 : Color: E7E8E5
2015-07-11 20:48:42 : Color: FEFEFE
2015-07-11 20:48:42 : Color: FFFFFF
2015-07-11 20:48:42 : Color: FFFFFF
2015-07-11 20:48:42 : Color: FFFFFF
2015-07-11 20:48:42 : Color: FFFFFF
2015-07-11 20:48:43 : Color: FFFFFF
2015-07-11 20:48:43 : Color: D4D7D2
2015-07-11 20:48:43 : Color: 777B73
2015-07-11 20:48:43 : Color: 111110
2015-07-11 20:48:43 : Color: 010200
2015-07-11 20:48:43 : Color: 18230A
2015-07-11 20:48:43 : Color: F0F1F0
2015-07-11 20:48:43 : Color: 010100
2015-07-11 20:48:43 : Color: 6A6E66
2015-07-11 20:48:43 : Color: 000000
2015-07-11 20:48:43 : Color: 000000
2015-07-11 20:48:43 : Color: E7E8E5
2015-07-11 20:48:43 : Color: 000000
2015-07-11 20:48:43 : Color: 000000
2015-07-11 20:48:43 : Color: E7E8E5
2015-07-11 20:48:43 : Color: FFFFFF
2015-07-11 20:48:43 : Color: FFFFFF
2015-07-11 20:48:43 : Color: D4D7D2
2015-07-11 20:48:43 : Color: FFFFFF
2015-07-11 20:48:43 : Color: FFFFFF
2015-07-11 20:48:43 : Color: D4D7D2
2015-07-11 20:48:43 : Color: 646464
2015-07-11 20:48:43 : Color: FFFFFF
2015-07-11 20:48:43 : Color: FFFFFF
2015-07-11 20:48:43 : Color: FFFFFF
2015-07-11 20:48:43 : Color: FFFFFF
2015-07-11 20:48:43 : Color: FCFCFC
2015-07-11 20:48:43 : Color: FEFEFE
2015-07-11 20:48:43 : Color: FFFFFF
2015-07-11 20:48:43 : Color: FFFFFF
2015-07-11 20:48:43 : Color: FFFFFF
2015-07-11 20:48:43 : Color: FFFFFF
2015-07-11 20:48:43 : Color: 555851
2015-07-11 20:48:43 : Color: D4D7D2
2015-07-11 20:48:43 : Color: 777B73
2015-07-11 20:48:43 : Color: 3C3F39
2015-07-11 20:48:43 : Color: 010200
2015-07-11 20:48:43 : Color: 18230A
2015-07-11 20:48:43 : Color: 050702
2015-07-11 20:48:43 : Color: 010100
2015-07-11 20:48:43 : Color: 6A6E66
2015-07-11 20:48:43 : Color: FFFFFF
2015-07-11 20:48:43 : Color: 000000
2015-07-11 20:48:43 : Color: E7E8E5
2015-07-11 20:48:43 : Color: FEFEFE
2015-07-11 20:48:43 : Color: 000000
2015-07-11 20:48:43 : Color: E7E8E5
2015-07-11 20:48:43 : Color: FEFEFE
2015-07-11 20:48:43 : Color: FFFFFF
2015-07-11 20:48:43 : Color: D4D7D2
2015-07-11 20:48:43 : Color: 777B73
2015-07-11 20:48:43 : Color: FFFFFF
2015-07-11 20:48:43 : Color: D4D7D2
2015-07-11 20:48:43 : Color: 777B73
2015-07-11 20:48:43 : Color: FFFFFF
2015-07-11 20:48:43 : Color: FFFFFF
2015-07-11 20:48:43 : Color: FFFFFF
2015-07-11 20:48:43 : Color: FFFFFF
2015-07-11 20:48:43 : Color: FCFCFC
2015-07-11 20:48:43 : Color: FBFBFA
2015-07-11 20:48:43 : Color: FFFFFF
2015-07-11 20:48:43 : Color: FFFFFF
2015-07-11 20:48:43 : Color: FFFFFF
2015-07-11 20:48:43 : Color: FFFFFF
2015-07-11 20:48:43 : Color: 555851
2015-07-11 20:48:43 : Color: 040403
2015-07-11 20:48:43 : Color: 777B73
2015-07-11 20:48:43 : Color: 3C3F39
2015-07-11 20:48:43 : Color: 080907
2015-07-11 20:48:43 : Color: 18230A
2015-07-11 20:48:43 : Color: 050702
2015-07-11 20:48:43 : Color: 010200
2015-07-11 20:48:43 : Color: 6A6E66
2015-07-11 20:48:43 : Color: FFFFFF
2015-07-11 20:48:43 : Color: FFFFFF
2015-07-11 20:48:43 : Color: E7E8E5
2015-07-11 20:48:43 : Color: FEFEFE
2015-07-11 20:48:43 : Color: FFFFFF
2015-07-11 20:48:43 : Color: E7E8E5
2015-07-11 20:48:43 : Color: FEFEFE
2015-07-11 20:48:43 : Color: FFFFFF
2015-07-11 20:48:43 : Color: D4D7D2
2015-07-11 20:48:43 : Color: 777B73
2015-07-11 20:48:43 : Color: 3C3F39
2015-07-11 20:48:43 : Color: D4D7D2
2015-07-11 20:48:43 : Color: 777B73
2015-07-11 20:48:43 : Color: 3C3F39
2015-07-11 20:48:43 : Color: FFFFFF
2015-07-11 20:48:43 : Color: FFFFFF
2015-07-11 20:48:43 : Color: FFFFFF
2015-07-11 20:48:43 : Color: FCFCFC
2015-07-11 20:48:43 : Color: FBFBFA
2015-07-11 20:48:43 : Color: FEFEFD
2015-07-11 20:48:43 : Color: FFFFFF
2015-07-11 20:48:43 : Color: FFFFFF
2015-07-11 20:48:43 : Color: FFFFFF
2015-07-11 20:48:44 : Color: 555851
2015-07-11 20:48:44 : Color: 040403
2015-07-11 20:48:44 : Color: 010101
2015-07-11 20:48:44 : Color: 3C3F39
2015-07-11 20:48:44 : Color: 080907
2015-07-11 20:48:44 : Color: 070706
2015-07-11 20:48:44 : Color: 050702
2015-07-11 20:48:44 : Color: 010200
2015-07-11 20:48:44 : Color: 10110F
2015-07-11 20:48:44 : Color: FFFFFF
2015-07-11 20:48:44 : Color: FFFFFF
2015-07-11 20:48:44 : Color: FFFFFF
2015-07-11 20:48:44 : Color: FEFEFE
2015-07-11 20:48:44 : Color: FFFFFF
2015-07-11 20:48:44 : Color: FFFFFF
2015-07-11 20:48:44 : Color: FEFEFE
2015-07-11 20:48:44 : Color: FFFFFF
2015-07-11 20:48:44 : Color: FFFFFF
2015-07-11 20:48:44 : Color: 777B73
2015-07-11 20:48:44 : Color: 3C3F39
2015-07-11 20:48:44 : Color: 080907
2015-07-11 20:48:44 : Color: 80847A
2015-07-11 20:48:44 : Color: 777B73
2015-07-11 20:48:44 : Color: 3C3F39
2015-07-11 20:48:44 : Color: 080907
2015-07-11 20:48:44 : Color: FEFFFE
2015-07-11 20:48:44 : Color: FFFFFF
2015-07-11 20:48:44 : Color: FFFFFF
2015-07-11 20:48:44 : Color: FFFFFF
2015-07-11 20:48:44 : Color: FBFBFA
2015-07-11 20:48:44 : Color: FEFEFD
2015-07-11 20:48:44 : Color: FFFFFF
2015-07-11 20:48:44 : Color: FFFFFF
2015-07-11 20:48:44 : Color: FFFFFF
2015-07-11 20:48:44 : Color: FFFFFF
2015-07-11 20:48:44 : Color: 040403
2015-07-11 20:48:44 : Color: 010101
2015-07-11 20:48:44 : Color: 000000
2015-07-11 20:48:44 : Color: 080907
2015-07-11 20:48:44 : Color: 070706
2015-07-11 20:48:44 : Color: 030401
2015-07-11 20:48:44 : Color: 010200
2015-07-11 20:48:44 : Color: 10110F
2015-07-11 20:48:44 : Color: 3C3E39
2015-07-11 20:48:44 : Color: FFFFFF
2015-07-11 20:48:44 : Color: FFFFFF
2015-07-11 20:48:44 : Color: FFFFFF
2015-07-11 20:48:44 : Color: FFFFFF
2015-07-11 20:48:44 : Color: FFFFFF
2015-07-11 20:48:44 : Color: FFFFFF
2015-07-11 20:48:44 : Color: FFFFFF
2015-07-11 20:48:44 : Color: FFFFFF
2015-07-11 20:48:44 : Color: FFFFFF
2015-07-11 20:48:44 : Color: 3C3F39
2015-07-11 20:48:44 : Color: 080907
2015-07-11 20:48:44 : Color: 80847A
2015-07-11 20:48:44 : Color: 070706
2015-07-11 20:48:44 : Color: FEFFFE
2015-07-11 20:48:44 : Color: 3C3F39
2015-07-11 20:48:44 : Color: 080907
2015-07-11 20:48:44 : Color: FEFFFE
2015-07-11 20:48:44 : Color: 070706
2015-07-11 20:48:44 : Color: FFFFFF
2015-07-11 20:48:44 : Color: FFFFFF
2015-07-11 20:48:44 : Color: FFFFFF
2015-07-11 20:48:44 : Color: FEFEFE
2015-07-11 20:48:44 : Color: FEFEFD
2015-07-11 20:48:44 : Color: FFFFFF
2015-07-11 20:48:44 : Color: FFFFFF
2015-07-11 20:48:44 : Color: FFFFFF
2015-07-11 20:48:44 : Color: FFFFFF
2015-07-11 20:48:44 : Color: DBDDD8
2015-07-11 20:48:44 : Color: 010101
2015-07-11 20:48:44 : Color: 000000
2015-07-11 20:48:44 : Color: 000000
2015-07-11 20:48:44 : Color: 070706
2015-07-11 20:48:44 : Color: 030401
2015-07-11 20:48:44 : Color: 101010
2015-07-11 20:48:44 : Color: 10110F
2015-07-11 20:48:44 : Color: 3C3E39
2015-07-11 20:48:44 : Color: 61655B
2015-07-11 20:48:44 : Color: FFFFFF
2015-07-11 20:48:44 : Color: FFFFFF
2015-07-11 20:48:44 : Color: FFFFFF
2015-07-11 20:48:44 : Color: FFFFFF
2015-07-11 20:48:44 : Color: FFFFFF
2015-07-11 20:48:44 : Color: FFFFFF
2015-07-11 20:48:44 : Color: FFFFFF
2015-07-11 20:48:44 : Color: FFFFFF
2015-07-11 20:48:44 : Color: FFFFFF
2015-07-11 20:48:44 : Color: 080907
2015-07-11 20:48:44 : Color: 80847A
2015-07-11 20:48:44 : Color: 070706
2015-07-11 20:48:45 : Color: FEFFFE
2015-07-11 20:48:45 : Color: 030401
2015-07-11 20:48:45 : Color: FFFFFF
2015-07-11 20:48:45 : Color: 080907
2015-07-11 20:48:45 : Color: FEFFFE
2015-07-11 20:48:45 : Color: 070706
2015-07-11 20:48:45 : Color: FFFFFF
2015-07-11 20:48:45 : Color: 030401
2015-07-11 20:48:45 : Color: E1E2E0
2015-07-11 20:48:45 : Color: FFFFFF
2015-07-11 20:48:45 : Color: FEFEFE
2015-07-11 20:48:45 : Color: FDFDFD
2015-07-11 20:48:45 : Color: FFFFFF
2015-07-11 20:48:45 : Color: FFFFFF
2015-07-11 20:48:45 : Color: 838580
2015-07-11 20:48:45 : Color: FFFFFF
2015-07-11 20:48:45 : Color: DBDDD8
2015-07-11 20:48:45 : Color: 060903
2015-07-11 20:48:45 : Color: 000000
2015-07-11 20:48:45 : Color: 000000
2015-07-11 20:48:45 : Color: 050702
2015-07-11 20:48:45 : Color: 030401
2015-07-11 20:48:45 : Color: 101010
2015-07-11 20:48:45 : Color: FEFEFE
2015-07-11 20:48:45 : Color: 3C3E39
2015-07-11 20:48:45 : Color: 61655B
2015-07-11 20:48:45 : Color: 81857B
2015-07-11 20:48:45 : Color: FFFFFF
2015-07-11 20:48:45 : Color: FFFFFF
2015-07-11 20:48:45 : Color: FEFEFE
2015-07-11 20:48:45 : Color: FFFFFF
2015-07-11 20:48:45 : Color: FFFFFF
2015-07-11 20:48:45 : Color: FFFFFF
2015-07-11 20:48:45 : Color: FFFFFF
2015-07-11 20:48:45 : Color: FFFFFF
2015-07-11 20:48:45 : Color: FFFFFF
2015-07-11 20:48:45 : Color: 070706
2015-07-11 20:48:45 : Color: FEFFFE
2015-07-11 20:48:45 : Color: 030401
2015-07-11 20:48:45 : Color: FFFFFF
2015-07-11 20:48:45 : Color: 101010
2015-07-11 20:48:45 : Color: E1E2E0
2015-07-11 20:48:45 : Color: 070706
2015-07-11 20:48:45 : Color: FFFFFF
2015-07-11 20:48:45 : Color: 030401
2015-07-11 20:48:45 : Color: E1E2E0
2015-07-11 20:48:45 : Color: 101010
2015-07-11 20:48:45 : Color: 6C6C6C
2015-07-11 20:48:45 : Color: FEFEFE
2015-07-11 20:48:45 : Color: FDFDFD
2015-07-11 20:48:45 : Color: FCFCFB
2015-07-11 20:48:45 : Color: FFFFFF
2015-07-11 20:48:45 : Color: 838580
2015-07-11 20:48:45 : Color: 343433
2015-07-11 20:48:45 : Color: DBDDD8
2015-07-11 20:48:45 : Color: 060903
2015-07-11 20:48:45 : Color: 000000
2015-07-11 20:48:45 : Color: 000000
2015-07-11 20:48:45 : Color: 050702
2015-07-11 20:48:45 : Color: 3B3D39
2015-07-11 20:48:45 : Color: 101010
2015-07-11 20:48:45 : Color: FEFEFE
2015-07-11 20:48:45 : Color: FFFFFF
2015-07-11 20:48:45 : Color: 61655B
2015-07-11 20:48:45 : Color: 81857B
2015-07-11 20:48:45 : Color: 959B8D
2015-07-11 20:48:45 : Color: FFFFFF
2015-07-11 20:48:45 : Color: FFFFFF
2015-07-11 20:48:45 : Color: FEFEFE
2015-07-11 20:48:45 : Color: FDFDFD
2015-07-11 20:48:45 : Color: FFFFFF
2015-07-11 20:48:45 : Color: FFFFFF
2015-07-11 20:48:45 : Color: DBDDD8
2015-07-11 20:48:45 : Color: FFFFFF
2015-07-11 20:48:45 : Color: FFFFFF
2015-07-11 20:48:45 : Color: DBDDD8
2015-07-11 20:48:45 : Color: 030401
2015-07-11 20:48:45 : Color: FFFFFF
2015-07-11 20:48:45 : Color: 101010
2015-07-11 20:48:45 : Color: E1E2E0
2015-07-11 20:48:45 : Color: FEFEFE
2015-07-11 20:48:45 : Color: 030401
2015-07-11 20:48:45 : Color: E1E2E0
2015-07-11 20:48:45 : Color: 101010
2015-07-11 20:48:45 : Color: 6C6C6C
2015-07-11 20:48:45 : Color: FEFEFE
2015-07-11 20:48:45 : Color: FDFDFD
2015-07-11 20:48:45 : Color: FCFCFB
2015-07-11 20:48:45 : Color: FAFBF9
2015-07-11 20:48:45 : Color: 838580
2015-07-11 20:48:45 : Color: 343433
2015-07-11 20:48:45 : Color: FFFFFF
2015-07-11 20:48:45 : Color: 060903
2015-07-11 20:48:45 : Color: 000000
2015-07-11 20:48:45 : Color: E8EAE6
2015-07-11 20:48:46 : Color: 050702
2015-07-11 20:48:46 : Color: 3B3D39
2015-07-11 20:48:46 : Color: FFFFFF
2015-07-11 20:48:46 : Color: FEFEFE
2015-07-11 20:48:46 : Color: FFFFFF
2015-07-11 20:48:46 : Color: FFFFFF
2015-07-11 20:48:46 : Color: 81857B
2015-07-11 20:48:46 : Color: 959B8D
2015-07-11 20:48:46 : Color: FFFFFF
2015-07-11 20:48:46 : Color: 6D7365
2015-07-11 20:48:46 : Color: FEFEFE
2015-07-11 20:48:46 : Color: FDFDFD
2015-07-11 20:48:46 : Color: FCFCFB
2015-07-11 20:48:46 : Color: FFFFFF
2015-07-11 20:48:46 : Color: DBDDD8
2015-07-11 20:48:46 : Color: 060903
2015-07-11 20:48:46 : Color: FFFFFF
2015-07-11 20:48:46 : Color: DBDDD8
2015-07-11 20:48:46 : Color: 060903
2015-07-11 20:48:46 : Color: 101010
2015-07-11 20:48:46 : Color: E1E2E0
2015-07-11 20:48:46 : Color: FEFEFE
2015-07-11 20:48:46 : Color: FFFFFF
2015-07-11 20:48:46 : Color: 101010
2015-07-11 20:48:46 : Color: 6C6C6C
2015-07-11 20:48:46 : Color: FEFEFE
2015-07-11 20:48:46 : Color: FFFFFF
2015-07-11 20:48:46 : Color: FCFCFB
2015-07-11 20:48:46 : Color: FAFBF9
2015-07-11 20:48:46 : Color: 020302
2015-07-11 20:48:46 : Color: 343433
2015-07-11 20:48:46 : Color: FFFFFF
2015-07-11 20:48:46 : Color: FFFFFF
2015-07-11 20:48:46 : Color: 000000
2015-07-11 20:48:46 : Color: E8EAE6
2015-07-11 20:48:46 : Color: FEFEFE
2015-07-11 20:48:46 : Color: 3B3D39
2015-07-11 20:48:46 : Color: FFFFFF
2015-07-11 20:48:46 : Color: FFFFFF
2015-07-11 20:48:46 : Color: FFFFFF
2015-07-11 20:48:46 : Color: FFFFFF
2015-07-11 20:48:46 : Color: D8DBD3
2015-07-11 20:48:46 : Color: 959B8D
2015-07-11 20:48:46 : Color: FFFFFF
2015-07-11 20:48:46 : Color: 6D7365
2015-07-11 20:48:46 : Color: 060903
2015-07-11 20:48:46 : Color: FDFDFD
2015-07-11 20:48:46 : Color: FCFCFB
2015-07-11 20:48:46 : Color: F9FAF9
2015-07-11 20:48:46 : Color: DBDDD8
2015-07-11 20:48:46 : Color: 060903
2015-07-11 20:48:46 : Color: 000000
2015-07-11 20:48:46 : Color: DBDDD8
2015-07-11 20:48:46 : Color: 060903
2015-07-11 20:48:46 : Color: 000000
2015-07-11 20:48:46 : Color: FEFEFE
2015-07-11 20:48:46 : Color: FFFFFF
2015-07-11 20:48:46 : Color: FFFFFF
2015-07-11 20:48:46 : Color: FEFEFE
2015-07-11 20:48:46 : Color: FFFFFF
2015-07-11 20:48:46 : Color: FFFFFF
2015-07-11 20:48:46 : Color: FAFBF9
2015-07-11 20:48:46 : Color: 020302
2015-07-11 20:48:46 : Color: 2F4415
2015-07-11 20:48:46 : Color: FFFFFF
2015-07-11 20:48:46 : Color: FFFFFF
2015-07-11 20:48:46 : Color: FFFFFF
2015-07-11 20:48:46 : Color: E8EAE6
2015-07-11 20:48:46 : Color: FEFEFE
2015-07-11 20:48:46 : Color: FFFFFF
2015-07-11 20:48:46 : Color: FFFFFF
2015-07-11 20:48:46 : Color: FFFFFF
2015-07-11 20:48:46 : Color: FFFFFF
2015-07-11 20:48:46 : Color: FFFFFF
2015-07-11 20:48:46 : Color: D8DBD3
2015-07-11 20:48:46 : Color: 787C73
2015-07-11 20:48:46 : Color: 6D7365
2015-07-11 20:48:46 : Color: 060903
2015-07-11 20:48:46 : Color: 16220A
2015-07-11 20:48:46 : Color: FCFCFB
2015-07-11 20:48:46 : Color: F9FAF9
2015-07-11 20:48:46 : Color: 646464
2015-07-11 20:48:46 : Color: 060903
2015-07-11 20:48:46 : Color: 000000
2015-07-11 20:48:46 : Color: E8EAE6
2015-07-11 20:48:46 : Color: 060903
2015-07-11 20:48:46 : Color: 000000
2015-07-11 20:48:46 : Color: E8EAE6
2015-07-11 20:48:46 : Color: FFFFFF
2015-07-11 20:48:47 : Color: FFFFFF
2015-07-11 20:48:47 : Color: D8DBD3
2015-07-11 20:48:47 : Color: FFFFFF
2015-07-11 20:48:47 : Color: FFFFFF
2015-07-11 20:48:47 : Color: D8DBD3
2015-07-11 20:48:47 : Color: 020302
2015-07-11 20:48:47 : Color: 2F4415
2015-07-11 20:48:47 : Color: 324E19
2015-07-11 20:48:47 : Color: FFFFFF
2015-07-11 20:48:47 : Color: FFFFFF
2015-07-11 20:48:47 : Color: FCFCFC
2015-07-11 20:48:47 : Color: FEFEFE
2015-07-11 20:48:47 : Color: FFFFFF
2015-07-11 20:48:47 : Color: FFFFFF
2015-07-11 20:48:47 : Color: FFFFFF
2015-07-11 20:48:47 : Color: FFFFFF
2015-07-11 20:48:47 : Color: 595E53
2015-07-11 20:48:47 : Color: D8DBD3
2015-07-11 20:48:47 : Color: 787C73
2015-07-11 20:48:47 : Color: 3A3C38
2015-07-11 20:48:47 : Color: 060903
2015-07-11 20:48:47 : Color: 16220A
2015-07-11 20:48:47 : Color: 050702
2015-07-11 20:48:47 : Color: F9FAF9
2015-07-11 20:48:47 : Color: 646464
2015-07-11 20:48:47 : Color: FFFFFF
2015-07-11 20:48:47 : Color: 000000
2015-07-11 20:48:47 : Color: E8EAE6
2015-07-11 20:48:47 : Color: FEFEFE
2015-07-11 20:48:47 : Color: 000000
2015-07-11 20:48:47 : Color: E8EAE6
2015-07-11 20:48:47 : Color: FEFEFE
2015-07-11 20:48:47 : Color: FFFFFF
2015-07-11 20:48:47 : Color: D8DBD3
2015-07-11 20:48:47 : Color: 787C73
2015-07-11 20:48:47 : Color: FFFFFF
2015-07-11 20:48:47 : Color: D8DBD3
2015-07-11 20:48:47 : Color: 787C73
2015-07-11 20:48:47 : Color: 2F4415
2015-07-11 20:48:47 : Color: 324E19
2015-07-11 20:48:47 : Color: 365319
2015-07-11 20:48:47 : Color: FFFFFF
2015-07-11 20:48:47 : Color: FCFCFC
2015-07-11 20:48:47 : Color: FBFBFA
2015-07-11 20:48:47 : Color: FFFFFF
2015-07-11 20:48:47 : Color: FFFFFF
2015-07-11 20:48:47 : Color: FFFFFF
2015-07-11 20:48:47 : Color: FFFFFF
2015-07-11 20:48:47 : Color: 595E53
2015-07-11 20:48:47 : Color: 040403
2015-07-11 20:48:47 : Color: 787C73
2015-07-11 20:48:47 : Color: 3A3C38
2015-07-11 20:48:47 : Color: 080907
2015-07-11 20:48:47 : Color: 16220A
2015-07-11 20:48:47 : Color: 050702
2015-07-11 20:48:47 : Color: 010100
2015-07-11 20:48:47 : Color: 646464
2015-07-11 20:48:47 : Color: FFFFFF
2015-07-11 20:48:47 : Color: FFFFFF
2015-07-11 20:48:47 : Color: E8EAE6
2015-07-11 20:48:47 : Color: FEFEFE
2015-07-11 20:48:47 : Color: FFFFFF
2015-07-11 20:48:47 : Color: E8EAE6
2015-07-11 20:48:47 : Color: FEFEFE
2015-07-11 20:48:47 : Color: FFFFFF
2015-07-11 20:48:47 : Color: D8DBD3
2015-07-11 20:48:47 : Color: 787C73
2015-07-11 20:48:47 : Color: 3A3C38
2015-07-11 20:48:47 : Color: D8DBD3
2015-07-11 20:48:47 : Color: 787C73
2015-07-11 20:48:47 : Color: 3A3C38
2015-07-11 20:48:47 : Color: 324E19
2015-07-11 20:48:47 : Color: 365319
2015-07-11 20:48:47 : Color: 395518
2015-07-11 20:48:47 : Color: FCFCFC
2015-07-11 20:48:47 : Color: FBFBFA
2015-07-11 20:48:47 : Color: FEFEFE
2015-07-11 20:48:47 : Color: FFFFFF
2015-07-11 20:48:47 : Color: FFFFFF
2015-07-11 20:48:47 : Color: FFFFFF
2015-07-11 20:48:47 : Color: 595E53
2015-07-11 20:48:47 : Color: 040403
2015-07-11 20:48:47 : Color: 010101
2015-07-11 20:48:47 : Color: 3A3C38
2015-07-11 20:48:47 : Color: 080907
2015-07-11 20:48:47 : Color: 070706
2015-07-11 20:48:47 : Color: 050702
2015-07-11 20:48:47 : Color: 010100
2015-07-11 20:48:47 : Color: 10100F
2015-07-11 20:48:48 : Color: FFFFFF
2015-07-11 20:48:48 : Color: FFFFFF
2015-07-11 20:48:48 : Color: FFFFFF
2015-07-11 20:48:48 : Color: FEFEFE
2015-07-11 20:48:48 : Color: FFFFFF
2015-07-11 20:48:48 : Color: FFFFFF
2015-07-11 20:48:48 : Color: FEFEFE
2015-07-11 20:48:48 : Color: FFFFFF
2015-07-11 20:48:48 : Color: FFFFFF
2015-07-11 20:48:48 : Color: 787C73
2015-07-11 20:48:48 : Color: 3A3C38
2015-07-11 20:48:48 : Color: 080907
2015-07-11 20:48:48 : Color: 82877B
2015-07-11 20:48:48 : Color: 787C73
2015-07-11 20:48:48 : Color: 3A3C38
2015-07-11 20:48:48 : Color: 080907
2015-07-11 20:48:48 : Color: FEFFFE
2015-07-11 20:48:48 : Color: 365319
2015-07-11 20:48:48 : Color: 395518
2015-07-11 20:48:48 : Color: 3A5819
2015-07-11 20:48:48 : Color: FBFBFA
2015-07-11 20:48:48 : Color: FEFEFE
2015-07-11 20:48:48 : Color: FFFFFF
2015-07-11 20:48:48 : Color: FFFFFF
2015-07-11 20:48:48 : Color: FFFFFF
2015-07-11 20:48:48 : Color: FFFFFF
2015-07-11 20:48:48 : Color: 040403
2015-07-11 20:48:48 : Color: 010101
2015-07-11 20:48:48 : Color: 000000
2015-07-11 20:48:48 : Color: 080907
2015-07-11 20:48:48 : Color: 070706
2015-07-11 20:48:48 : Color: 040602
2015-07-11 20:48:48 : Color: 010100
2015-07-11 20:48:48 : Color: 10100F
2015-07-11 20:48:48 : Color: 3C3E39
2015-07-11 20:48:48 : Color: FFFFFF
2015-07-11 20:48:48 : Color: FFFFFF
2015-07-11 20:48:48 : Color: FFFFFF
2015-07-11 20:48:48 : Color: FFFFFF
2015-07-11 20:48:48 : Color: FFFFFF
2015-07-11 20:48:48 : Color: FFFFFF
2015-07-11 20:48:48 : Color: FFFFFF
2015-07-11 20:48:48 : Color: FFFFFF
2015-07-11 20:48:48 : Color: FFFFFF
2015-07-11 20:48:48 : Color: 3A3C38
2015-07-11 20:48:48 : Color: 080907
2015-07-11 20:48:48 : Color: 82877B
2015-07-11 20:48:48 : Color: 070706
2015-07-11 20:48:48 : Color: FEFFFE
2015-07-11 20:48:48 : Color: 3A3C38
2015-07-11 20:48:48 : Color: 080907
2015-07-11 20:48:48 : Color: FEFFFE
2015-07-11 20:48:48 : Color: 070706
2015-07-11 20:48:48 : Color: FFFFFF
2015-07-11 20:48:48 : Color: 395518
2015-07-11 20:48:48 : Color: 3A5819
2015-07-11 20:48:48 : Color: 3A591B
2015-07-11 20:48:48 : Color: FEFEFE
2015-07-11 20:48:48 : Color: FFFFFF
2015-07-11 20:48:48 : Color: FFFFFF
2015-07-11 20:48:48 : Color: FFFFFF
2015-07-11 20:48:48 : Color: FFFFFF
2015-07-11 20:48:48 : Color: DCDFD9
2015-07-11 20:48:48 : Color: 010101
2015-07-11 20:48:48 : Color: 000000
2015-07-11 20:48:48 : Color: 000000
2015-07-11 20:48:48 : Color: 070706
2015-07-11 20:48:48 : Color: 040602
2015-07-11 20:48:48 : Color: 2B3D12
2015-07-11 20:48:48 : Color: 10100F
2015-07-11 20:48:48 : Color: 3C3E39
2015-07-11 20:48:48 : Color: 5F625A
2015-07-11 20:48:48 : Color: FFFFFF
2015-07-11 20:48:48 : Color: FFFFFF
2015-07-11 20:48:48 : Color: FFFFFF
2015-07-11 20:48:48 : Color: FFFFFF
2015-07-11 20:48:48 : Color: FFFFFF
2015-07-11 20:48:48 : Color: FFFFFF
2015-07-11 20:48:48 : Color: FFFFFF
2015-07-11 20:48:48 : Color: FFFFFF
2015-07-11 20:48:48 : Color: FFFFFF
2015-07-11 20:48:48 : Color: 080907
2015-07-11 20:48:48 : Color: 82877B
2015-07-11 20:48:48 : Color: 070706
2015-07-11 20:48:48 : Color: FEFFFE
2015-07-11 20:48:48 : Color: 040602
2015-07-11 20:48:48 : Color: FFFFFF
2015-07-11 20:48:48 : Color: 080907
2015-07-11 20:48:48 : Color: FEFFFE
2015-07-11 20:48:49 : Color: 070706
2015-07-11 20:48:49 : Color: FFFFFF
2015-07-11 20:48:49 : Color: 040602
2015-07-11 20:48:49 : Color: E4E7E1
2015-07-11 20:48:49 : Color: 3A5819
2015-07-11 20:48:49 : Color: 3A591B
2015-07-11 20:48:49 : Color: 2F4816
2015-07-11 20:48:49 : Color: FFFFFF
2015-07-11 20:48:49 : Color: FFFFFF
2015-07-11 20:48:49 : Color: 858981
2015-07-11 20:48:49 : Color: FFFFFF
2015-07-11 20:48:49 : Color: DCDFD9
2015-07-11 20:48:49 : Color: 080B04
2015-07-11 20:48:49 : Color: 000000
2015-07-11 20:48:49 : Color: 000000
2015-07-11 20:48:49 : Color: 090D04
2015-07-11 20:48:49 : Color: 070706
2015-07-11 20:48:49 : Color: 040602
2015-07-11 20:48:49 : Color: 2B3D12
2015-07-11 20:48:49 : Color: 10100F
2015-07-11 20:48:49 : Color: 3C3E39
2015-07-11 20:48:49 : Color: 5F625A
2015-07-11 20:48:49 : Color: FFFFFF
2015-07-11 20:48:49 : Color: FFFFFF
2015-07-11 20:48:49 : Color: FFFFFF
2015-07-11 20:48:49 : Color: FFFFFF
2015-07-11 20:48:49 : Color: FFFFFF
2015-07-11 20:48:49 : Color: FFFFFF
2015-07-11 20:48:49 : Color: FFFFFF
2015-07-11 20:48:49 : Color: FFFFFF
2015-07-11 20:48:49 : Color: FFFFFF
2015-07-11 20:48:49 : Color: 080907
2015-07-11 20:48:49 : Color: 82877B
2015-07-11 20:48:49 : Color: 070706
2015-07-11 20:48:49 : Color: FEFFFE
2015-07-11 20:48:49 : Color: 040602
2015-07-11 20:48:49 : Color: FFFFFF
2015-07-11 20:48:49 : Color: 080907
2015-07-11 20:48:49 : Color: FEFFFE
2015-07-11 20:48:49 : Color: 070706
2015-07-11 20:48:49 : Color: FFFFFF
2015-07-11 20:48:49 : Color: 040602
2015-07-11 20:48:49 : Color: E4E7E1
2015-07-11 20:48:49 : Color: 3A5819
2015-07-11 20:48:49 : Color: 3A591B
2015-07-11 20:48:49 : Color: 2F4816
2015-07-11 20:48:49 : Color: FFFFFF
2015-07-11 20:48:49 : Color: FFFFFF
2015-07-11 20:48:49 : Color: 858981
2015-07-11 20:48:49 : Color: FFFFFF
2015-07-11 20:48:49 : Color: DCDFD9
2015-07-11 20:48:49 : Color: 080B04
2015-07-11 20:48:49 : Color: 000000
2015-07-11 20:48:49 : Color: 000000
2015-07-11 20:48:49 : Color: 090D04
2015-07-11 20:48:49 : Color: 070706
2015-07-11 20:48:49 : Color: 040602
2015-07-11 20:48:49 : Color: 2B3D12
2015-07-11 20:48:49 : Color: 10100F
2015-07-11 20:48:49 : Color: 3C3E39
2015-07-11 20:48:49 : Color: 5F625A
2015-07-11 20:48:49 : Color: FFFFFF
2015-07-11 20:48:49 : Color: FFFFFF
2015-07-11 20:48:49 : Color: FFFFFF
2015-07-11 20:48:49 : Color: FFFFFF
2015-07-11 20:48:49 : Color: FFFFFF
2015-07-11 20:48:49 : Color: FFFFFF
2015-07-11 20:48:49 : Color: FFFFFF
2015-07-11 20:48:49 : Color: FFFFFF
2015-07-11 20:48:49 : Color: FFFFFF
2015-07-11 20:48:49 : Color: 080907
2015-07-11 20:48:49 : Color: 82877B
2015-07-11 20:48:49 : Color: 070706
2015-07-11 20:48:49 : Color: FEFFFE
2015-07-11 20:48:49 : Color: 040602
2015-07-11 20:48:49 : Color: FFFFFF
2015-07-11 20:48:49 : Color: 080907
2015-07-11 20:48:49 : Color: FEFFFE
2015-07-11 20:48:49 : Color: 070706
2015-07-11 20:48:49 : Color: FFFFFF
2015-07-11 20:48:49 : Color: 040602
2015-07-11 20:48:49 : Color: E4E7E1
2015-07-11 20:48:49 : Color: 3A5819
2015-07-11 20:48:49 : Color: 3A591B
2015-07-11 20:48:49 : Color: 2F4816
2015-07-11 20:48:49 : Color: FFFFFF
2015-07-11 20:48:50 : Color: FFFFFF
2015-07-11 20:48:50 : Color: 858981
2015-07-11 20:48:50 : Color: FFFFFF
2015-07-11 20:48:50 : Color: DCDFD9
2015-07-11 20:48:50 : Color: 080B04
2015-07-11 20:48:50 : Color: 000000
2015-07-11 20:48:50 : Color: 000000
2015-07-11 20:48:50 : Color: 090D04
2015-07-11 20:48:50 : Color: 070706
2015-07-11 20:48:50 : Color: 040602
2015-07-11 20:48:50 : Color: 2B3D12
2015-07-11 20:48:50 : Color: 10100F
2015-07-11 20:48:50 : Color: 3C3E39
2015-07-11 20:48:50 : Color: 5F625A
2015-07-11 20:48:50 : Color: FFFFFF
2015-07-11 20:48:50 : Color: FFFFFF
2015-07-11 20:48:50 : Color: FFFFFF
2015-07-11 20:48:50 : Color: FFFFFF
2015-07-11 20:48:50 : Color: FFFFFF
2015-07-11 20:48:50 : Color: FFFFFF
2015-07-11 20:48:50 : Color: FFFFFF
2015-07-11 20:48:50 : Color: FFFFFF
2015-07-11 20:48:50 : Color: FFFFFF
2015-07-11 20:48:50 : Color: 080907
2015-07-11 20:48:50 : Color: 82877B
2015-07-11 20:48:50 : Color: 070706
2015-07-11 20:48:50 : Color: FEFFFE
2015-07-11 20:48:50 : Color: 040602
2015-07-11 20:48:50 : Color: FFFFFF
2015-07-11 20:48:50 : Color: 080907
2015-07-11 20:48:50 : Color: FEFFFE
2015-07-11 20:48:50 : Color: 070706
2015-07-11 20:48:50 : Color: FFFFFF
2015-07-11 20:48:50 : Color: 040602
2015-07-11 20:48:50 : Color: E4E7E1
2015-07-11 20:48:50 : Color: 3A5819
2015-07-11 20:48:50 : Color: 3A591B
2015-07-11 20:48:50 : Color: 2F4816
2015-07-11 20:48:50 : Color: FFFFFF
2015-07-11 20:48:50 : Color: FFFFFF
2015-07-11 20:48:50 : Color: 858981
2015-07-11 20:48:50 : Color: FFFFFF
2015-07-11 20:48:50 : Color: DCDFD9
2015-07-11 20:48:50 : Color: 080B04
2015-07-11 20:48:50 : Color: 000000
2015-07-11 20:48:50 : Color: 000000
2015-07-11 20:48:50 : Color: 090D04
