2015-07-12 16:47:26 : ~~~ Clash Game Bot v4.0 Powered by GameBot.org ~~~
2015-07-12 16:47:26 : Au3 Script running on WIN_81  X64
2015-07-12 16:47:26 : =================== Bot Start ====================
2015-07-12 16:47:26 : Trying to locate Main Screen
2015-07-12 16:47:26 : Main Screen Located
2015-07-12 16:47:28 : Detecting your Buildings..
2015-07-12 16:47:34 : Your Town Hall is Level: 8
2015-07-12 16:47:35 : Language setting is English: Correct.
2015-07-12 16:47:36 : Trying to locate Main Screen
2015-07-12 16:47:36 : Main Screen Located
2015-07-12 16:47:38 : Collecting Resources
2015-07-12 16:47:46 : Checking if Village needs Rearming..
2015-07-12 16:47:57 : Village Report
2015-07-12 16:47:57 : No. of Free/Total Builders: 0/5
2015-07-12 16:47:57 :  [T]: 3 147
2015-07-12 16:47:57 :  [G]: 817 504 [E]: 6 001 000 [D]: 80 000 [GEM]: 2 027
2015-07-12 16:48:01 : Chat Request: I need reinforcement troops
2015-07-12 16:48:03 : Checking Army Camp...
2015-07-12 16:48:05 : Total Army Camp capacity: 200/200
2015-07-12 16:48:05 : Training Troops...
2015-07-12 16:48:25 : Requesting Clan Castle Troops
2015-07-12 16:48:25 : Your Clan Castle is already full or you are not in a clan.
2015-07-12 16:48:27 : Checking Upgrade
2015-07-12 16:48:28 : Updating Village Resource Values
2015-07-12 16:48:28 : No. of Free/Total Builders: 0/5
2015-07-12 16:48:28 :  [T]: 3 147
2015-07-12 16:48:28 :  [G]: 817 504 [E]: 5 911 000 [D]: 79 965 [GEM]: 2 027
2015-07-12 16:48:28 : No builder available for upgrades
2015-07-12 16:48:29 : No free builder, Upgrade Walls skipped..
2015-07-12 16:48:31 : Going to Attack...
2015-07-12 16:48:36 : ============== Searching For Live Base ===============
2015-07-12 16:48:36 : ~~~~~~~~~~~~~~~ SEARCH CONDITIONS ~~~~~~~~~~~~~~~~
2015-07-12 16:48:36 : Meet: Gold or Elixir, TH Outside
2015-07-12 16:48:36 : ~~~~~~~~~~~~~~ RESOURCE CONDITIONS ~~~~~~~~~~~~~~~
2015-07-12 16:48:36 : Aim: [G]: 100000 [E]:      0 [D]:    0 [T]: 0, Out
2015-07-12 16:48:36 : ~~~~~~~~~~~~~~~ ADVANCED SETTINGS ~~~~~~~~~~~~~~~~
2015-07-12 16:48:36 : THSnipe Combo, 1 Tile(s), AttackTH, Attack2:Extreme
2015-07-12 16:48:36 : ==================================================
2015-07-12 16:48:42 :   1> [G]: 262497 [E]: 156487 [D]: 1603 [T]:19 [TH]:10, In
2015-07-12 16:48:52 :   2> [G]: 122096 [E]:  91716 [D]: 1784 [T]:22 [TH]:10, In
2015-07-12 16:49:02 :   3> [G]:  94370 [E]:  91962 [D]: 1378 [T]:31 [TH]:10, In
2015-07-12 16:49:12 :   4> [G]: 323587 [E]: 207629 [D]:  988 [T]:32 [TH]:10, In
2015-07-12 16:49:21 :   5> [G]: 155885 [E]:  82711 [D]: 1278 [T]:31 [TH]:10, In
2015-07-12 16:49:26 :   6> [G]:  54620 [E]:  98653 [D]: 2434 [T]: 5 [TH]: 9, In
2015-07-12 16:49:36 :   7> [G]: 117355 [E]: 102911 [D]:  663 [T]: 2 [TH]: 9, In
2015-07-12 16:49:44 :   8> [G]:  85506 [E]:  66222 [D]:  898 [T]: 1 [TH]: 9, In
2015-07-12 16:49:48 :   9> [G]: 116622 [E]:  39149 [D]:  268 [T]: 1 [TH]: 9, In
2015-07-12 16:49:54 :  10> [G]: 152882 [E]: 220619 [D]:  734 [T]:11 [TH]: 9, In
2015-07-12 16:50:04 :  11> [G]: 150154 [E]: 205136 [D]: 2018 [T]:25 [TH]: -, -
2015-07-12 16:50:11 :  12> [G]:  94616 [E]:  63924 [D]: 1433 [T]: 1 [TH]: 9, In
2015-07-12 16:50:20 :  13> [G]: 231529 [E]:  38378 [D]:    8 [T]: 2 [TH]: 9, In
2015-07-12 16:50:25 :  14> [G]:  52393 [E]: 116105 [D]: 1316 [T]: 4 [TH]: 9, In
2015-07-12 16:50:31 :  15> [G]:  11191 [E]:  24824 [D]:  578 [T]: 2 [TH]: 9, In
2015-07-12 16:50:37 :  16> [G]:  71225 [E]: 131737 [D]: 1394 [T]: 1 [TH]: 9, In
2015-07-12 16:50:43 :  17> [G]: 117972 [E]: 292454 [D]:  515 [T]: 3 [TH]: 9, In
2015-07-12 16:50:49 :  18> [G]: 114376 [E]: 142545 [D]:  432 [T]: 1 [TH]: 9, In
2015-07-12 16:50:57 :  19> [G]:  35701 [E]: 104845 [D]:  579 [T]: 1 [TH]: 9, In
2015-07-12 16:51:02 :  20> [G]: 126787 [E]:  21128 [D]: 1363 [T]: 3 [TH]: 9, In
2015-07-12 16:51:07 :  21> [G]:  64859 [E]:  52586 [D]: 3272 [T]:26 [TH]:10, In
2015-07-12 16:51:13 :  22> [G]: 301420 [E]: 332009 [D]: 2219 [T]:31 [TH]: 8, Out
2015-07-12 16:51:13 : No major traps found near TH.
2015-07-12 16:51:14 : ~~~~~~~~~~~~~~~~ Live Base Found! ~~~~~~~~~~~~~~~~
2015-07-12 16:51:15 : ================ Search Complete =================
2015-07-12 16:51:15 : Initiating attack for: Live Base
2015-07-12 16:51:21 : -Archers 12
2015-07-12 16:51:21 : -Dragons 9
2015-07-12 16:51:21 : -Minions 4
2015-07-12 16:51:21 : -Clan Castle 
2015-07-12 16:51:21 : -King 
2015-07-12 16:51:21 : -Jump Spells 2
2015-07-12 16:51:21 : -Rage Spells 2
2015-07-12 16:51:21 : -Heal Spells 2
2015-07-12 16:51:21 :  ====== Start Attack ====== 
