2015-07-12 23:56:46 : ~~~ Clash Game Bot v4.0 Powered by GameBot.org ~~~
2015-07-12 23:56:46 : Au3 Script running on WIN_81  X64
2015-07-12 23:56:46 : =================== Bot Start ====================
2015-07-12 23:56:46 : Trying to locate Main Screen
2015-07-12 23:56:46 : Main Screen Located
2015-07-12 23:56:47 : Detecting your Buildings..
2015-07-12 23:56:52 : Your Town Hall is Level: 8
2015-07-12 23:56:53 : Language setting is English: Correct.
2015-07-12 23:56:54 : Trying to locate Main Screen
2015-07-12 23:56:54 : Main Screen Located
2015-07-12 23:56:56 : Collecting Resources
2015-07-12 23:57:04 : Checking if Village needs Rearming..
2015-07-12 23:57:15 : Village Report
2015-07-12 23:57:15 : No. of Free/Total Builders: 0/5
2015-07-12 23:57:15 :  [T]: 3 138
2015-07-12 23:57:15 :  [G]: 1 598 374 [E]: 5 870 741 [D]: 79 972 [GEM]: 2 027
2015-07-12 23:57:17 : Donation not Planned, Skipped..
2015-07-12 23:57:18 : Checking Army Camp...
2015-07-12 23:57:20 : Total Army Camp capacity: 200/200
2015-07-12 23:57:20 : Training Troops...
2015-07-12 23:57:40 : Request CC not Planned, Skipped..
2015-07-12 23:57:42 : Checking Upgrade
2015-07-12 23:57:43 : Updating Village Resource Values
2015-07-12 23:57:43 : No. of Free/Total Builders: 0/5
2015-07-12 23:57:43 :  [T]: 3 138
2015-07-12 23:57:43 :  [G]: 1 598 374 [E]: 5 869 141 [D]: 79 965 [GEM]: 2 027
2015-07-12 23:57:43 : No builder available for upgrades
2015-07-12 23:57:44 : No free builder, Upgrade Walls skipped..
2015-07-12 23:57:47 : Going to Attack...
2015-07-12 23:57:52 : ============== Searching For Dead Base ===============
2015-07-12 23:57:52 : ~~~~~~~~~~~~~~~ SEARCH CONDITIONS ~~~~~~~~~~~~~~~~
2015-07-12 23:57:52 : Meet: Gold or Elixir, TH Outside
2015-07-12 23:57:52 : ~~~~~~~~~~~~~~ RESOURCE CONDITIONS ~~~~~~~~~~~~~~~
2015-07-12 23:57:52 : Aim: [G]:      0 [E]:      0 [D]:    0 [T]: 0, Out, Out
2015-07-12 23:57:52 : ============== Searching For Live Base ===============
2015-07-12 23:57:52 : ~~~~~~~~~~~~~~~ SEARCH CONDITIONS ~~~~~~~~~~~~~~~~
2015-07-12 23:57:52 : Meet: Gold or Elixir, TH Outside
2015-07-12 23:57:52 : ~~~~~~~~~~~~~~ RESOURCE CONDITIONS ~~~~~~~~~~~~~~~
2015-07-12 23:57:52 : Aim: [G]:      0 [E]:      0 [D]:    0 [T]: 0, Out, Out
2015-07-12 23:57:52 : ~~~~~~~~~~~~~~~ ADVANCED SETTINGS ~~~~~~~~~~~~~~~~
2015-07-12 23:57:52 : THSnipe Combo, 1 Tile(s), AttackTH, Attack2:Extreme
2015-07-12 23:57:52 : ==================================================
2015-07-12 23:57:56 :   1> [G]: 442098 [E]: 139823 [D]: 1321 [T]:21 [TH]:10, In
2015-07-12 23:58:11 :   2> [G]: 161077 [E]: 280333 [D]:  517 [T]:17 [TH]:10, In
2015-07-12 23:58:20 :   3> [G]:  70946 [E]:  65519 [D]: 1087 [T]:21 [TH]:10, In
2015-07-12 23:58:31 :   4> [G]: 257938 [E]: 145545 [D]: 2033 [T]:29 [TH]:10, In
2015-07-12 23:58:40 :   5> [G]:  96435 [E]:  69343 [D]:  929 [T]: 3 [TH]: 9, In
2015-07-12 23:58:44 :   6> [G]:  58522 [E]: 158084 [D]:  522 [T]: 2 [TH]: 9, In
2015-07-12 23:58:55 :   7> [G]: 407773 [E]:  71463 [D]: 1977 [T]:13 [TH]:10, In
2015-07-12 23:59:02 :   8> [G]:   9934 [E]: 156647 [D]: 1501 [T]: 2 [TH]: 9, In
2015-07-12 23:59:08 :   9> [G]:  48456 [E]: 100940 [D]:  831 [T]: 2 [TH]: 9, In
2015-07-12 23:59:13 :  10> [G]: 195206 [E]: 188329 [D]: 3194 [T]:14 [TH]:10, In
2015-07-12 23:59:20 :  11> [G]:  92803 [E]: 134971 [D]:  515 [T]: 2 [TH]: 9, In
2015-07-12 23:59:31 :  12> [G]: 227278 [E]: 103010 [D]: 2456 [T]:33 [TH]:10, In
2015-07-12 23:59:36 :  13> [G]:  88993 [E]: 134280 [D]:  353 [T]: 1 [TH]: 8, In
2015-07-12 23:59:41 :  14> [G]: 164734 [E]: 113386 [D]:  762 [T]: 6 [TH]: 9, In
2015-07-12 23:59:48 :  15> [G]: 127408 [E]:  87220 [D]:  563 [T]: 1 [TH]: 9, In
2015-07-12 23:59:56 :  16> [G]:  18592 [E]:   5218 [D]: 1338 [T]: 2 [TH]: 9, In
2015-07-13 00:00:04 :  17> [G]:  43061 [E]:    489 [D]:  812 [T]: 1 [TH]: 9, In
2015-07-13 00:00:13 :  18> [G]:  17068 [E]:  14957 [D]:  570 [T]: 2 [TH]: 9, In
2015-07-13 00:00:19 :  19> [G]:  19400 [E]:  23544 [D]:  941 [T]: 1 [TH]: 9, In
2015-07-13 00:00:27 :  20> [G]:  85691 [E]:  91726 [D]: 1295 [T]: 1 [TH]: 9, In
2015-07-13 00:00:34 :  21> [G]:  82893 [E]:  71495 [D]:  542 [T]: 2 [TH]: 9, In
2015-07-13 00:00:50 :  22> [G]: 116613 [E]:  73325 [D]: 2783 [T]:25 [TH]:10, In
2015-07-13 00:00:57 :  23> [G]:  24363 [E]:  73095 [D]:  928 [T]: 1 [TH]: 9, In
2015-07-13 00:01:05 :  24> [G]:  53232 [E]:  25110 [D]:  112 [T]: 1 [TH]: 9, In
2015-07-13 00:01:14 :  25> [G]: 128502 [E]:  40207 [D]: 2081 [T]: 3 [TH]: 9, In
2015-07-13 00:01:20 :  26> [G]:  72488 [E]:  31686 [D]:  447 [T]: 1 [TH]: 9, In
2015-07-13 00:01:25 :  27> [G]:  89511 [E]:  39057 [D]:  680 [T]: 1 [TH]: 9, In
2015-07-13 00:01:30 :  28> [G]:  52547 [E]:  32934 [D]:   89 [T]: 3 [TH]: 9, In
2015-07-13 00:01:36 :  29> [G]:  82289 [E]:  74793 [D]:  525 [T]:13 [TH]:10, In
2015-07-13 00:01:46 :  30> [G]: 402669 [E]: 159095 [D]:  882 [T]:13 [TH]:10, In
2015-07-13 00:01:51 :  31> [G]:  24477 [E]:   2774 [D]:  516 [T]: 1 [TH]: 9, In
2015-07-13 00:01:56 :  32> [G]:  44122 [E]:  15394 [D]:   49 [T]: 1 [TH]: 9, In
2015-07-13 00:02:01 :  33> [G]: 230070 [E]:  99851 [D]: 1034 [T]:18 [TH]:10, In
2015-07-13 00:02:11 :  34> [G]: 232726 [E]:  48890 [D]: 2110 [T]:16 [TH]:10, In
2015-07-13 00:02:21 :  35> [G]: 115644 [E]: 165596 [D]: 2746 [T]:24 [TH]:10, In
2015-07-13 00:02:28 :  36> [G]:  76403 [E]:  37396 [D]:  923 [T]: 2 [TH]: 9, In
2015-07-13 00:02:35 :  37> [G]:  33160 [E]:  59300 [D]: 1256 [T]: 2 [TH]: 9, In
2015-07-13 00:02:42 :  38> [G]:  21602 [E]:  91825 [D]: 1312 [T]:12 [TH]: 9, In
2015-07-13 00:02:49 :  39> [G]: 169340 [E]:  95962 [D]:  542 [T]: 1 [TH]: 9, In
2015-07-13 00:02:59 :  40> [G]:  61576 [E]:  49771 [D]:  467 [T]:15 [TH]:10, In
2015-07-13 00:03:09 :  41> [G]: 123923 [E]:  66987 [D]: 1373 [T]:18 [TH]:10, In
2015-07-13 00:03:20 :  42> [G]: 123910 [E]: 115767 [D]: 1901 [T]:32 [TH]:10, In
2015-07-13 00:03:28 :  43> [G]: 264388 [E]: 344274 [D]: 1925 [T]: 1 [TH]: 9, In
2015-07-13 00:03:35 :  44> [G]: 111756 [E]:  63788 [D]: 1335 [T]: 1 [TH]: 9, In
2015-07-13 00:03:45 :  45> [G]:  32736 [E]:   2726 [D]:  930 [T]:23 [TH]:10, In
2015-07-13 00:03:52 :  46> [G]: 264316 [E]: 223883 [D]: 2665 [T]: 1 [TH]: 9, In
2015-07-13 00:03:59 :  47> [G]: 127628 [E]:  55760 [D]: 1044 [T]: 4 [TH]: 9, In
2015-07-13 00:04:06 :  48> [G]: 112498 [E]: 100159 [D]:  989 [T]: 1 [TH]: 9, In
2015-07-13 00:04:12 :  49> [G]:  33210 [E]:  26147 [D]:  732 [T]: 1 [TH]: 9, In
2015-07-13 00:04:20 :  50> [G]:  44303 [E]:  61071 [D]:  340 [T]: 2 [TH]: 9, In
2015-07-13 00:04:29 :  51> [G]:  35578 [E]:  15486 [D]:  693 [T]:16 [TH]:10, In
2015-07-13 00:04:39 :  52> [G]: 111890 [E]:  25177 [D]:  908 [T]:13 [TH]:10, In
2015-07-13 00:04:49 :  53> [G]:  69534 [E]: 129620 [D]: 1319 [T]:20 [TH]:10, In
2015-07-13 00:04:59 :  54> [G]:  61155 [E]:  48491 [D]: 1015 [T]:25 [TH]:10, In
2015-07-13 00:05:05 :  55> [G]:  25871 [E]:   4311 [D]:  446 [T]: 1 [TH]: 9, In
2015-07-13 00:05:11 :  56> [G]:  49718 [E]: 124676 [D]:   34 [T]: 1 [TH]: 9, In
2015-07-13 00:05:18 :  57> [G]:  79098 [E]:  41915 [D]:  462 [T]: 1 [TH]: 9, In
2015-07-13 00:05:25 :  58> [G]:   3675 [E]:  31247 [D]:  465 [T]: 1 [TH]: 9, In
2015-07-13 00:05:36 :  59> [G]:  45726 [E]:  51028 [D]:  739 [T]:15 [TH]:10, In
2015-07-13 00:05:41 :  60> [G]: 133320 [E]:  43803 [D]: 1559 [T]: 1 [TH]: 9, In
2015-07-13 00:05:49 :  61> [G]:  96960 [E]:  81076 [D]:   85 [T]: 1 [TH]: 9, In
2015-07-13 00:05:54 :  62> [G]: 140162 [E]:   3638 [D]: 1540 [T]: 1 [TH]: 8, In
2015-07-13 00:06:00 :  63> [G]:  41928 [E]: 120812 [D]:  700 [T]: 1 [TH]: 9, In
2015-07-13 00:06:07 :  64> [G]:  18205 [E]:  25188 [D]:  958 [T]: 3 [TH]: 9, In
2015-07-13 00:06:17 :  65> [G]: 252547 [E]:  22003 [D]: 2477 [T]:28 [TH]:10, In
2015-07-13 00:06:27 :  66> [G]:  70828 [E]:  87643 [D]:  742 [T]:33 [TH]:10, In
2015-07-13 00:06:32 :  67> [G]:  63903 [E]:  16926 [D]:  771 [T]: 2 [TH]: 9, In
2015-07-13 00:06:42 :  68> [G]: 231575 [E]: 140211 [D]: 1005 [T]:22 [TH]:10, In
2015-07-13 00:06:50 :  69> [G]:  15480 [E]: 168326 [D]:  573 [T]: 3 [TH]: 9, In
2015-07-13 00:06:59 :  70> [G]:  85594 [E]: 157221 [D]:  437 [T]:30 [TH]:10, In
2015-07-13 00:07:12 :  71> [G]:  17522 [E]:  83682 [D]: 2426 [T]:13 [TH]:10, In
2015-07-13 00:07:22 :  72> [G]:  85013 [E]: 136985 [D]: 1915 [T]:14 [TH]: 9, In
2015-07-13 00:07:28 :  73> [G]:  73543 [E]:  97948 [D]: 1065 [T]: 1 [TH]: 9, In
2015-07-13 00:07:38 :  74> [G]: 115491 [E]:  40277 [D]: 2463 [T]:21 [TH]:10, In
2015-07-13 00:07:44 :  75> [G]: 189530 [E]: 174762 [D]: 1259 [T]: 1 [TH]: 9, In
2015-07-13 00:07:53 :  76> [G]:  91014 [E]: 291114 [D]: 1591 [T]: 1 [TH]: 9, In
2015-07-13 00:08:00 :  77> [G]:  12408 [E]:  66744 [D]:  322 [T]: 4 [TH]: 9, In
2015-07-13 00:08:07 :  78> [G]:   4610 [E]: 194558 [D]:  220 [T]: 1 [TH]: 9, In
2015-07-13 00:08:13 :  79> [G]:  65389 [E]:  50302 [D]:  533 [T]: 1 [TH]: 9, In
2015-07-13 00:08:18 :  80> [G]: 273968 [E]: 149897 [D]:  897 [T]:33 [TH]:10, In
2015-07-13 00:08:29 :  81> [G]: 250646 [E]: 141879 [D]: 1256 [T]:12 [TH]: 9, Out
2015-07-13 00:08:29 : No major traps found near TH.
2015-07-13 00:08:29 : ~~~~~~~~~~~~~~~ TH Outside Found! ~~~~~~~~~~~~~~~~
2015-07-13 00:08:30 : ================ Search Complete =================
2015-07-13 00:08:30 : Mode: 2
2015-07-13 00:08:30 : Initiating attack for: TH Snipe
2015-07-13 00:08:37 : -Archers 10
2015-07-13 00:08:37 : -Dragons 9
2015-07-13 00:08:37 : -Minions 5
2015-07-13 00:08:37 : -King 
2015-07-13 00:08:37 : -Jump Spells 2
2015-07-13 00:08:37 : -Rage Spells 2
2015-07-13 00:08:37 : -Heal Spells 2
2015-07-13 00:08:37 :  ====== Start Attack ====== 
2015-07-13 00:08:39 : Extreme Attacking TH Outside with DAM PULSE!
2015-07-13 00:08:39 : Dropping first wave of 8 Archers
2015-07-13 00:08:42 : Deployment of Archers Successful!
2015-07-13 00:09:12 : Dropping first wave of 6 Minions
2015-07-13 00:09:14 : Deployment of Minions Successful!
2015-07-13 00:09:15 : Dropping second wave of 8 Archers
2015-07-13 00:09:17 : Deployment of Archers Successful!
2015-07-13 00:09:48 : Townhall has been destroyed!
2015-07-13 00:09:51 : Checking if the battle has finished
2015-07-13 00:09:53 : detected [G]:  [E]:  [DE]:  |  Exit in 178.2 sec.
2015-07-13 00:09:53 : Battle has finished
2015-07-13 00:09:53 : Returning Home
2015-07-13 00:09:59 : Loot: [G]: 1 000 [E]: 1 000 [DE]: 1 000 [T]: 0
2015-07-13 00:09:59 : Bonus [G]: 180 000 [E]: 180 000 [DE]: 1 200
2015-07-13 00:10:02 : Your league level is: Champion
2015-07-13 00:10:02 : Stars earned: 1
2015-07-13 00:10:02 : Taking snapshot of your loot
2015-07-13 00:10:02 : Pushbullet: Last Raid screenshot has been sent!
2015-07-13 00:10:16 : Trying to locate Main Screen
2015-07-13 00:10:16 : Main Screen Located
2015-07-13 00:10:18 : Collecting Resources
2015-07-13 00:10:26 : Checking if Village needs Rearming..
2015-07-13 00:10:37 : Village Report
2015-07-13 00:10:37 : No. of Free/Total Builders: 0/5
2015-07-13 00:10:37 :  [T]: 3 142
2015-07-13 00:10:38 :  [G]: 1 736 732 [E]: 6 001 000 [D]: 80 000 [GEM]: 2 027
2015-07-13 00:10:42 : Chat Request: any
2015-07-13 00:10:42 : Custom Donation Keyword found: any
2015-07-13 00:10:42 : Donating 1 Dragons
2015-07-13 00:10:43 : Donating 1 Archers
2015-07-13 00:10:43 : Donating 2 Minions
2015-07-13 00:10:46 : Checking Army Camp...
2015-07-13 00:10:48 : Total Army Camp capacity: 198/200
2015-07-13 00:10:48 : Training Troops...
2015-07-13 00:11:08 : Requesting Clan Castle Troops
2015-07-13 00:11:12 : Checking Upgrade
2015-07-13 00:11:13 : Updating Village Resource Values
2015-07-13 00:11:13 : No. of Free/Total Builders: 0/5
2015-07-13 00:11:13 :  [T]: 3 142
2015-07-13 00:11:13 :  [G]: 1 736 732 [E]: 5 910 000 [D]: 79 965 [GEM]: 2 027
2015-07-13 00:11:13 : No builder available for upgrades
2015-07-13 00:11:14 : No free builder, Upgrade Walls skipped..
2015-07-13 00:11:17 : Going to Attack...
2015-07-13 00:11:22 : ============== Searching For Dead Base ===============
2015-07-13 00:11:22 : ~~~~~~~~~~~~~~~ SEARCH CONDITIONS ~~~~~~~~~~~~~~~~
2015-07-13 00:11:22 : Meet: Gold or Elixir, TH Outside
2015-07-13 00:11:22 : ~~~~~~~~~~~~~~ RESOURCE CONDITIONS ~~~~~~~~~~~~~~~
2015-07-13 00:11:22 : Aim: [G]:      0 [E]:      0 [D]:    0 [T]: 0, Out, Out, Out
2015-07-13 00:11:22 : ============== Searching For Live Base ===============
2015-07-13 00:11:22 : ~~~~~~~~~~~~~~~ SEARCH CONDITIONS ~~~~~~~~~~~~~~~~
2015-07-13 00:11:22 : Meet: Gold or Elixir, TH Outside
2015-07-13 00:11:22 : ~~~~~~~~~~~~~~ RESOURCE CONDITIONS ~~~~~~~~~~~~~~~
2015-07-13 00:11:22 : Aim: [G]:      0 [E]:      0 [D]:    0 [T]: 0, Out, Out, Out
2015-07-13 00:11:22 : ~~~~~~~~~~~~~~~ ADVANCED SETTINGS ~~~~~~~~~~~~~~~~
2015-07-13 00:11:22 : THSnipe Combo, 1 Tile(s), AttackTH, Attack2:Extreme
2015-07-13 00:11:22 : ==================================================
2015-07-13 00:11:29 :   1> [G]:  47432 [E]:  61625 [D]: 3258 [T]:17 [TH]:10, In
2015-07-13 00:11:34 :   2> [G]: 224626 [E]: 162116 [D]:  966 [T]:17 [TH]:10, In
2015-07-13 00:11:44 :   3> [G]: 106079 [E]: 187971 [D]: 1692 [T]:19 [TH]: -, -
2015-07-13 00:11:57 :   4> [G]:  72016 [E]: 183846 [D]: 1311 [T]:31 [TH]:10, In
2015-07-13 00:12:07 :   5> [G]: 140637 [E]: 210488 [D]:  621 [T]:14 [TH]:10, In
2015-07-13 00:12:16 :   6> [G]: 132522 [E]: 170958 [D]: 1229 [T]: 1 [TH]: 9, In
2015-07-13 00:12:21 :   7> [G]: 189439 [E]: 179884 [D]: 2722 [T]: 7 [TH]: 9, In
2015-07-13 00:12:29 :   8> [G]:  43034 [E]:  53067 [D]: 1061 [T]: 1 [TH]: 9, In
2015-07-13 00:12:37 :   9> [G]:  61289 [E]:  25474 [D]:  408 [T]: 6 [TH]: 9, In
2015-07-13 00:12:46 :  10> [G]:  49303 [E]:  39221 [D]:  763 [T]:28 [TH]:10, In
2015-07-13 00:12:55 :  11> [G]:  37769 [E]: 102719 [D]:  932 [T]: 1 [TH]: 9, In
2015-07-13 00:13:02 :  12> [G]: 142675 [E]:  37893 [D]:  789 [T]: 1 [TH]: 9, In
