2015-07-11 20:58:58 : ~~~ Clash Game Bot v4.0 Powered by GameBot.org ~~~
2015-07-11 20:58:58 : Au3 Script running on WIN_81  X64
2015-07-11 20:58:58 : =================== Bot Start ====================
2015-07-11 20:58:58 : Trying to locate Main Screen
2015-07-11 20:59:00 : PureClick 1,1,1,0 #0133 | Away
2015-07-11 20:59:00 : Waiting for Main Screen
2015-07-11 20:59:02 : Main Screen Located
2015-07-11 20:59:02 : Click 1,1,1,0 #0166 | Away
2015-07-11 20:59:04 : Detecting your Buildings..
2015-07-11 20:59:04 : Click 1,1,2,200 
2015-07-11 20:59:04 : Town Hall Position: 433, 308
2015-07-11 20:59:04 : Click 433,313,1,0 
2015-07-11 20:59:06 : Taking snapshot for later review
2015-07-11 20:59:11 : Read building Name String = Town Hall (Level 8)
2015-07-11 20:59:11 : 1st $aString = 2, Town Hall , Level 8)
2015-07-11 20:59:11 : 2nd $aString = 2, Level 8, 
2015-07-11 20:59:11 : 3rd $aString = 2, Level, 8
2015-07-11 20:59:11 : Your Town Hall is Level: 8
2015-07-11 20:59:11 : Click 1,1,2,200 
2015-07-11 20:59:11 : Language setting is English: Correct.
2015-07-11 20:59:12 : Trying to locate Main Screen
2015-07-11 20:59:12 : Main Screen Located
2015-07-11 20:59:13 : Halt Attack, Stay Online/Train/Collect/Donate...
2015-07-11 20:59:16 : Click 1,1,1,0 #0332 | Away
2015-07-11 20:59:18 : Checking if Village needs Rearming..
2015-07-11 20:59:18 : Click 1,1,1,0 #0224 | Away
2015-07-11 20:59:19 : Click 433,313,1,0 #0225 | Rearm - Click Town Hall
2015-07-11 20:59:20 : Taking snapshot for later review
2015-07-11 20:59:26 : Click 1,1,1,0 #0234 | Away
2015-07-11 20:59:29 : PureClick 1,1,1,0 #0319 | Away
2015-07-11 20:59:29 : Village Report
2015-07-11 20:59:29 : No. of Free/Total Builders: 0/5
2015-07-11 20:59:30 :  [T]: 3 166
2015-07-11 20:59:30 :  [G]: 415 680 [E]: 5 292 162 [D]: 78 589 [GEM]: 2 021
2015-07-11 20:59:32 : Click 1,1,1,0 #0167 | Away
2015-07-11 20:59:32 : Click 19,349,1,0 #0168 | Donate - Open Chat
2015-07-11 20:59:32 : Click 189,24,1,0 #0169 | Donate - Select Clan Tab
2015-07-11 20:59:34 : Chat Request: any
2015-07-11 20:59:34 : Custom Donation Keyword found: any
2015-07-11 20:59:34 : Click 202,175,1,0 #0174 | Donate - Donate Selected Troop
2015-07-11 20:59:37 : No Dragons available to donate..
2015-07-11 20:59:37 : Click 1,1,1,0 #0176 | Away
2015-07-11 20:59:38 : Click 202,175,1,0 #0174 | Donate - Donate Selected Troop
2015-07-11 20:59:38 : Donating 1 Archers
2015-07-11 20:59:38 : Click 319,154,1,50 #0175 | Donate - Donate Selected Troop
2015-07-11 20:59:38 : Click 1,1,1,0 #0176 | Away
2015-07-11 20:59:38 : Click 202,175,1,0 #0174 | Donate - Donate Selected Troop
2015-07-11 20:59:42 : No Minions available to donate..
2015-07-11 20:59:42 : Click 1,1,1,0 #0176 | Away
2015-07-11 20:59:43 : Click 331,330,1,0 #0173 | Donate - Click Chat
2015-07-11 20:59:44 : Func Train 
2015-07-11 20:59:44 : Checking Army Camp...
2015-07-11 20:59:44 : Click 1,1,1,0 #0292 | Away
2015-07-11 20:59:44 : Click 40,525,1,0 #0293 | Train - Click Army Camp
2015-07-11 20:59:46 : $sArmyInfo = 200#200
2015-07-11 20:59:46 : $CurCamp = 200
2015-07-11 20:59:46 : $TotalCamp = 200
2015-07-11 20:59:46 : Total Army Camp capacity: 200/200
2015-07-11 20:59:46 : Click 1,1,1,0 #0295 | Away
2015-07-11 20:59:46 : Training Troops...
2015-07-11 20:59:46 : Click 1,1,1,0 #0268 | Away
2015-07-11 20:59:47 : Click 40,525,1,0 #0293 | Train - Click Army Camp
2015-07-11 20:59:48 : Click 773,337,1,0 #9999
2015-07-11 20:59:48 : This is not a Barrack
2015-07-11 20:59:48 : This is not a Barrack
2015-07-11 20:59:49 : Barrack1 selected
2015-07-11 20:59:49 : Barrack1 selected
2015-07-11 20:59:49 : Barrack1 selected
2015-07-11 20:59:49 : Click 773,337,1,0 #0271 | Train - Next Button 
2015-07-11 20:59:50 : Barrack2 selected
2015-07-11 20:59:50 : Barrack2 selected
2015-07-11 20:59:50 : Click 773,337,1,0 #0271 | Train - Next Button 
2015-07-11 20:59:51 : Barrack3 selected
2015-07-11 20:59:51 : Barrack3 selected
2015-07-11 20:59:51 : Click 773,337,1,0 #0271 | Train - Next Button 
2015-07-11 20:59:52 : Barrack4 selected
2015-07-11 20:59:52 : Barrack4 selected
2015-07-11 20:59:52 : Click 773,337,1,0 #0271 | Train - Next Button 
2015-07-11 20:59:52 : This is not a Barrack
2015-07-11 20:59:52 : This is not a Barrack
2015-07-11 20:59:53 : This is not a Barrack
2015-07-11 20:59:53 : This is not a Barrack
2015-07-11 20:59:53 : This is not a Barrack
2015-07-11 20:59:53 : Click 84,336,1,0 #0272 | Train - Prev Button 
2015-07-11 20:59:54 : Barrack4 selected
2015-07-11 20:59:54 : AfterAttack: True
2015-07-11 20:59:55 : Click 546,425,3,10 #0282 | Train - Train Dragon
2015-07-11 20:59:55 : Click 84,336,1,0 #0325 | Train - Prev Button 
2015-07-11 20:59:56 : Barrack3 selected
2015-07-11 20:59:56 : AfterAttack: True
2015-07-11 20:59:56 : Click 496,197,10,0 #0273 | Train - Remove Troops
2015-07-11 20:59:57 : Click 496,197,10,0 #0273 | Train - Remove Troops
2015-07-11 20:59:57 : Click 496,197,10,0 #0273 | Train - Remove Troops
2015-07-11 20:59:58 : Click 331,320,15,10 #0275 | Train - Train Archer
2015-07-11 20:59:58 : Click 546,425,3,10 #0282 | Train - Train Dragon
2015-07-11 20:59:59 : Click 84,336,1,0 #0325 | Train - Prev Button 
2015-07-11 21:00:00 : Barrack2 selected
2015-07-11 21:00:00 : AfterAttack: True
2015-07-11 21:00:01 : Click 546,425,3,10 #0282 | Train - Train Dragon
2015-07-11 21:00:01 : Click 84,336,1,0 #0325 | Train - Prev Button 
2015-07-11 21:00:02 : Barrack1 selected
2015-07-11 21:00:02 : AfterAttack: True
2015-07-11 21:00:03 : Click 546,425,3,10 #0282 | Train - Train Dragon
2015-07-11 21:00:03 : Click 84,336,1,0 #0325 | Train - Prev Button 
2015-07-11 21:00:05 : This is not a Barrack
2015-07-11 21:00:05 : Click 84,336,1,0 #0324
2015-07-11 21:00:06 : This is not a Dark Barrack
2015-07-11 21:00:06 : Click 84,336,1,0 #0324
2015-07-11 21:00:07 : Dark Barrack2 selected
2015-07-11 21:00:07 : Dark Barrack2 selected
2015-07-11 21:00:07 : Click 496,197,10,0 #0287 | Train - Remove Troops
2015-07-11 21:00:07 : Click 496,197,10,0 #0287 | Train - Remove Troops
2015-07-11 21:00:07 : Click 496,197,10,0 #0287 | Train - Remove Troops
2015-07-11 21:00:08 : Click 496,197,10,0 #0287 | Train - Remove Troops
2015-07-11 21:00:08 : Click 220,320,99,5 #0274 | Train - Train Barbarian
2015-07-11 21:00:12 : Click 331,320,2,5 #0275 | Train - Train Archer
2015-07-11 21:00:13 : Click 84,336,1,0 #0289 | Train - Prev Button 
2015-07-11 21:00:13 : This is not a Dark Barrack
2015-07-11 21:00:13 : This is not a Dark Barrack
2015-07-11 21:00:14 : This is not a Dark Barrack
2015-07-11 21:00:14 : This is not a Dark Barrack
2015-07-11 21:00:14 : This is not a Dark Barrack
2015-07-11 21:00:15 : This is not a Dark Barrack
2015-07-11 21:00:15 : ---================================================================---
2015-07-11 21:00:16 : Click 1,1,2,250 #0291 | Away
2015-07-11 21:00:19 : Request CC not Planned, Skipped..
