2015-07-13 03:20:27 : ~~~ Clash Game Bot v4.0 Powered by GameBot.org ~~~
2015-07-13 03:20:27 : Au3 Script running on WIN_81  X64
2015-07-13 03:20:27 : =================== Bot Start ====================
2015-07-13 03:20:27 : Trying to locate Main Screen
2015-07-13 03:20:27 : Main Screen Located
2015-07-13 03:20:28 : Detecting your Buildings..
2015-07-13 03:20:34 : Your Town Hall is Level: 8
2015-07-13 03:20:35 : Language setting is English: Correct.
2015-07-13 03:20:36 : Trying to locate Main Screen
2015-07-13 03:20:36 : Main Screen Located
2015-07-13 03:20:39 : Collecting Resources
2015-07-13 03:20:46 : Checking if Village needs Rearming..
2015-07-13 03:20:57 : Village Report
2015-07-13 03:20:57 : No. of Free/Total Builders: 0/5
2015-07-13 03:20:57 :  [T]: 3 154
2015-07-13 03:20:57 :  [G]: 1 729 396 [E]: 5 913 904 [D]: 79 988 [GEM]: 2 027
2015-07-13 03:21:00 : Donation not Planned, Skipped..
2015-07-13 03:21:01 : Checking Army Camp...
2015-07-13 03:21:03 : Total Army Camp capacity: 200/200
2015-07-13 03:21:03 : Training Troops...
2015-07-13 03:21:22 : Request CC not Planned, Skipped..
2015-07-13 03:21:25 : Checking Upgrade
2015-07-13 03:21:25 : Updating Village Resource Values
2015-07-13 03:21:26 : No. of Free/Total Builders: 0/5
2015-07-13 03:21:26 :  [T]: 3 154
2015-07-13 03:21:26 :  [G]: 1 729 396 [E]: 5 911 000 [D]: 79 965 [GEM]: 2 027
2015-07-13 03:21:26 : No builder available for upgrades
2015-07-13 03:21:27 : No free builder, Upgrade Walls skipped..
2015-07-13 03:21:29 : Going to Attack...
2015-07-13 03:21:34 : ============== Searching For Dead Base ===============
2015-07-13 03:21:34 : ~~~~~~~~~~~~~~~ SEARCH CONDITIONS ~~~~~~~~~~~~~~~~
2015-07-13 03:21:34 : Meet: Gold or Elixir, TH Outside
2015-07-13 03:21:34 : ~~~~~~~~~~~~~~ RESOURCE CONDITIONS ~~~~~~~~~~~~~~~
2015-07-13 03:21:34 : Aim: [G]:      0 [E]:      0 [D]:    0 [T]: 0, Out
2015-07-13 03:21:34 : ============== Searching For Live Base ===============
2015-07-13 03:21:34 : ~~~~~~~~~~~~~~~ SEARCH CONDITIONS ~~~~~~~~~~~~~~~~
2015-07-13 03:21:34 : Meet: Gold or Elixir, TH Outside
2015-07-13 03:21:34 : ~~~~~~~~~~~~~~ RESOURCE CONDITIONS ~~~~~~~~~~~~~~~
2015-07-13 03:21:34 : Aim: [G]:      0 [E]:      0 [D]:    0 [T]: 0, Out
2015-07-13 03:21:34 : ~~~~~~~~~~~~~~~ ADVANCED SETTINGS ~~~~~~~~~~~~~~~~
2015-07-13 03:21:34 : THSnipe Combo, 1 Tile(s), AttackTH, Attack2:Extreme
2015-07-13 03:21:34 : ==================================================
2015-07-13 03:21:41 :   1> [G]:  70733 [E]: 177089 [D]: 1346 [T]:13 [TH]:10, In
2015-07-13 03:21:54 :   2> [G]: 361633 [E]:  49172 [D]: 2019 [T]:25 [TH]:10, In
2015-07-13 03:22:03 :   3> [G]: 144350 [E]: 172653 [D]: 3302 [T]:32 [TH]:10, In
2015-07-13 03:22:14 :   4> [G]:  71305 [E]:  94916 [D]:  313 [T]: 2 [TH]: 9, In
2015-07-13 03:22:19 :   5> [G]: 142989 [E]: 120822 [D]:  523 [T]:31 [TH]:10, In
2015-07-13 03:22:26 :   6> [G]:  82142 [E]:  26734 [D]: 1390 [T]: 5 [TH]: 9, In
2015-07-13 03:22:32 :   7> [G]: 106424 [E]: 138772 [D]:  924 [T]: 2 [TH]: 9, In
2015-07-13 03:22:42 :   8> [G]: 153510 [E]:  90469 [D]:  750 [T]:33 [TH]:10, In
2015-07-13 03:22:49 :   9> [G]: 346455 [E]: 353296 [D]: 1751 [T]: 1 [TH]: -, -
2015-07-13 03:22:56 :  10> [G]:  18581 [E]:  57289 [D]: 1004 [T]: 2 [TH]: 9, In
2015-07-13 03:23:02 :  11> [G]: 182647 [E]: 207993 [D]:  775 [T]: 2 [TH]: 9, In
2015-07-13 03:23:06 :  12> [G]: 126498 [E]:  72560 [D]: 1027 [T]: 3 [TH]: 9, In
2015-07-13 03:23:13 :  13> [G]:  41200 [E]:  96087 [D]:  534 [T]: 1 [TH]: 9, In
2015-07-13 03:23:18 :  14> [G]: 120172 [E]: 192449 [D]:  613 [T]:20 [TH]:10, In
2015-07-13 03:23:23 :  15> [G]:  53632 [E]:  70258 [D]:  817 [T]: 3 [TH]: 9, In
2015-07-13 03:23:29 :  16> [G]:  39402 [E]:  54436 [D]: 1107 [T]: 4 [TH]: 9, In
2015-07-13 03:23:37 :  17> [G]:  54652 [E]:  94178 [D]:  734 [T]: 1 [TH]: 9, In
2015-07-13 03:23:43 :  18> [G]:  19168 [E]: 113739 [D]:  342 [T]: 1 [TH]: 9, In
2015-07-13 03:23:49 :  19> [G]: 171710 [E]: 187001 [D]: 1247 [T]: 1 [TH]: 9, In
2015-07-13 03:23:55 :  20> [G]:  32736 [E]:  71460 [D]: 1080 [T]: 2 [TH]: 9, In
2015-07-13 03:24:01 :  21> [G]: 166775 [E]: 137872 [D]: 1417 [T]: 2 [TH]: 9, In
2015-07-13 03:24:08 :  22> [G]: 201235 [E]: 111193 [D]:  977 [T]: 1 [TH]: 9, In
2015-07-13 03:24:14 :  23> [G]:  42779 [E]:  86671 [D]: 1633 [T]: 2 [TH]: 9, In
2015-07-13 03:24:20 :  24> [G]:  41443 [E]:  47951 [D]:  550 [T]: 1 [TH]: 9, In
2015-07-13 03:24:26 :  25> [G]:  48640 [E]:  11143 [D]:  788 [T]: 1 [TH]: 9, In
2015-07-13 03:24:32 :  26> [G]: 326924 [E]: 175669 [D]: 2557 [T]: 8 [TH]: 9, In
2015-07-13 03:24:39 :  27> [G]:  30417 [E]: 107666 [D]: 1705 [T]: 2 [TH]: 9, In
2015-07-13 03:24:45 :  28> [G]: 206799 [E]:  71130 [D]:  573 [T]: 1 [TH]: 9, In
2015-07-13 03:24:51 :  29> [G]:  29625 [E]:  12335 [D]:  691 [T]: 1 [TH]: 9, In
2015-07-13 03:24:57 :  30> [G]: 103916 [E]:  26288 [D]:  659 [T]: 1 [TH]: 9, In
2015-07-13 03:25:04 :  31> [G]:  80388 [E]:  53118 [D]:  453 [T]: 1 [TH]: 9, In
2015-07-13 03:25:13 :  32> [G]:  75874 [E]: 229823 [D]: 2049 [T]:18 [TH]:10, In
2015-07-13 03:25:17 :  33> [G]:  11438 [E]: 259536 [D]: 1292 [T]: 1 [TH]: 8, In
2015-07-13 03:25:24 :  34> [G]: 106703 [E]: 178784 [D]:  557 [T]: 1 [TH]: 9, In
2015-07-13 03:25:33 :  35> [G]: 319346 [E]:  99075 [D]:  143 [T]: 3 [TH]: 9, Out
2015-07-13 03:25:33 : No major traps found near TH.
2015-07-13 03:25:33 : ~~~~~~~~~~~~~~~ TH Outside Found! ~~~~~~~~~~~~~~~~
2015-07-13 03:25:35 : ================ Search Complete =================
2015-07-13 03:25:35 : Mode: 2
2015-07-13 03:25:35 : Initiating attack for: TH Snipe
2015-07-13 03:25:40 : -Archers 10
2015-07-13 03:25:40 : -Dragons 9
2015-07-13 03:25:40 : -Minions 5
2015-07-13 03:25:40 : -Clan Castle 
2015-07-13 03:25:40 : -King 
2015-07-13 03:25:40 : -Jump Spells 2
2015-07-13 03:25:40 : -Rage Spells 2
2015-07-13 03:25:40 : -Heal Spells 2
2015-07-13 03:25:40 :  ====== Start Attack ====== 
2015-07-13 03:25:43 : Extreme Attacking TH Outside with DAM PULSE!
2015-07-13 03:25:43 : Dropping first wave of 8 Archers
2015-07-13 03:25:45 : Deployment of Archers Successful!
2015-07-13 03:26:25 : Townhall has been destroyed!
2015-07-13 03:26:25 : Checking if the battle has finished
2015-07-13 03:26:26 : One Star Reach, exit
2015-07-13 03:26:27 : Returning Home
2015-07-13 03:26:32 : Loot: [G]: 1 000 [E]: 1 000 [DE]: 1 000 [T]: 0
2015-07-13 03:26:33 : Bonus [G]: 180 000 [E]: 180 000 [DE]: 1 200
2015-07-13 03:26:36 : Your league level is: Champion
2015-07-13 03:26:36 : Stars earned: 1
2015-07-13 03:26:36 : Taking snapshot of your loot
2015-07-13 03:26:36 : Pushbullet: Last Raid screenshot has been sent!
2015-07-13 03:26:49 : Trying to locate Main Screen
2015-07-13 03:26:49 : Main Screen Located
2015-07-13 03:26:52 : Collecting Resources
2015-07-13 03:26:59 : Checking if Village needs Rearming..
2015-07-13 03:27:10 : Village Report
2015-07-13 03:27:10 : No. of Free/Total Builders: 0/5
2015-07-13 03:27:10 :  [T]: 3 155
2015-07-13 03:27:10 :  [G]: 1 890 407 [E]: 6 001 000 [D]: 80 000 [GEM]: 2 027
2015-07-13 03:27:13 : Donation not Planned, Skipped..
2015-07-13 03:27:14 : Checking Army Camp...
2015-07-13 03:27:16 : Total Army Camp capacity: 200/200
2015-07-13 03:27:16 : Training Troops...
2015-07-13 03:27:36 : Request CC not Planned, Skipped..
2015-07-13 03:27:38 : Checking Upgrade
2015-07-13 03:27:39 : Updating Village Resource Values
2015-07-13 03:27:39 : No. of Free/Total Builders: 0/5
2015-07-13 03:27:39 :  [T]: 3 155
2015-07-13 03:27:39 :  [G]: 1 890 407 [E]: 5 911 000 [D]: 79 965 [GEM]: 2 027
2015-07-13 03:27:39 : No builder available for upgrades
2015-07-13 03:27:40 : No free builder, Upgrade Walls skipped..
2015-07-13 03:27:42 : Going to Attack...
2015-07-13 03:27:48 : ============== Searching For Dead Base ===============
2015-07-13 03:27:48 : ~~~~~~~~~~~~~~~ SEARCH CONDITIONS ~~~~~~~~~~~~~~~~
2015-07-13 03:27:48 : Meet: Gold or Elixir, TH Outside
2015-07-13 03:27:48 : ~~~~~~~~~~~~~~ RESOURCE CONDITIONS ~~~~~~~~~~~~~~~
2015-07-13 03:27:48 : Aim: [G]:      0 [E]:      0 [D]:    0 [T]: 0, Out, Out
2015-07-13 03:27:48 : ============== Searching For Live Base ===============
2015-07-13 03:27:48 : ~~~~~~~~~~~~~~~ SEARCH CONDITIONS ~~~~~~~~~~~~~~~~
2015-07-13 03:27:48 : Meet: Gold or Elixir, TH Outside
2015-07-13 03:27:48 : ~~~~~~~~~~~~~~ RESOURCE CONDITIONS ~~~~~~~~~~~~~~~
2015-07-13 03:27:48 : Aim: [G]:      0 [E]:      0 [D]:    0 [T]: 0, Out, Out
2015-07-13 03:27:48 : ~~~~~~~~~~~~~~~ ADVANCED SETTINGS ~~~~~~~~~~~~~~~~
2015-07-13 03:27:48 : THSnipe Combo, 1 Tile(s), AttackTH, Attack2:Extreme
2015-07-13 03:27:48 : ==================================================
2015-07-13 03:27:54 :   1> [G]: 105649 [E]: 156519 [D]:  393 [T]:15 [TH]:10, In
2015-07-13 03:28:04 :   2> [G]: 188435 [E]: 116427 [D]: 1524 [T]:15 [TH]:10, In
2015-07-13 03:28:13 :   3> [G]: 255066 [E]: 248051 [D]:  570 [T]:25 [TH]:10, In
2015-07-13 03:28:24 :   4> [G]:  76434 [E]: 237136 [D]: 1451 [T]:28 [TH]:10, In
2015-07-13 03:28:29 :   5> [G]:  92309 [E]: 248280 [D]: 3097 [T]:13 [TH]:10, In
2015-07-13 03:28:37 :   6> [G]:  42924 [E]:  16385 [D]:  390 [T]: 4 [TH]: 9, In
2015-07-13 03:28:44 :   7> [G]:  84376 [E]: 213956 [D]: 2897 [T]:33 [TH]:10, In
2015-07-13 03:28:51 :   8> [G]:  14951 [E]:  92210 [D]:  628 [T]: 2 [TH]: 9, In
2015-07-13 03:28:58 :   9> [G]:  30080 [E]:  28777 [D]:  343 [T]: 1 [TH]: 9, In
2015-07-13 03:29:06 :  10> [G]:  97400 [E]:  86033 [D]:  772 [T]: 1 [TH]: 9, In
2015-07-13 03:29:11 :  11> [G]:  86456 [E]: 128138 [D]: 1509 [T]:34 [TH]:10, In
2015-07-13 03:29:17 :  12> [G]:  64274 [E]: 139558 [D]: 1528 [T]: 2 [TH]: 9, In
2015-07-13 03:29:23 :  13> [G]:  94601 [E]:  50200 [D]: 1150 [T]: 1 [TH]: 9, In
2015-07-13 03:29:33 :  14> [G]: 208972 [E]: 250630 [D]: 2999 [T]:26 [TH]:10, In
2015-07-13 03:29:40 :  15> [G]:  81216 [E]: 254346 [D]: 1486 [T]: 2 [TH]: 9, In
2015-07-13 03:29:46 :  16> [G]:  35661 [E]:  30002 [D]: 1711 [T]: 3 [TH]: 9, In
2015-07-13 03:29:52 :  17> [G]: 146358 [E]:  37309 [D]:   16 [T]: 1 [TH]: 9, In
2015-07-13 03:29:56 :  18> [G]: 142620 [E]:  50688 [D]: 1388 [T]: 1 [TH]: 9, In
2015-07-13 03:30:02 :  19> [G]:  61568 [E]: 164768 [D]:  983 [T]: 2 [TH]: 9, In
2015-07-13 03:30:08 :  20> [G]: 115995 [E]:   9105 [D]:  219 [T]: 1 [TH]: 9, In
2015-07-13 03:30:14 :  21> [G]: 104341 [E]:   7972 [D]:  535 [T]: 1 [TH]: 9, In
2015-07-13 03:30:19 :  22> [G]: 187042 [E]: 372073 [D]: 3035 [T]: 3 [TH]: 9, In
2015-07-13 03:30:25 :  23> [G]: 194757 [E]: 193315 [D]: 2028 [T]:29 [TH]:10, In
2015-07-13 03:30:30 :  24> [G]:  53096 [E]:  35786 [D]: 1649 [T]: 3 [TH]: 9, In
2015-07-13 03:30:36 :  25> [G]:  95468 [E]:  70347 [D]:  372 [T]: 1 [TH]: 9, In
2015-07-13 03:30:42 :  26> [G]:  65629 [E]:  94660 [D]: 1280 [T]: 2 [TH]: 9, In
2015-07-13 03:30:48 :  27> [G]: 124986 [E]:  30743 [D]:  562 [T]: 1 [TH]: 9, In
2015-07-13 03:30:53 :  28> [G]:  54271 [E]:  83736 [D]:  612 [T]: 5 [TH]: 9, In
2015-07-13 03:30:59 :  29> [G]:  82012 [E]:  86892 [D]:  612 [T]: 1 [TH]: 9, In
2015-07-13 03:31:05 :  30> [G]:  29451 [E]:  14534 [D]:   68 [T]: 1 [TH]: 9, In
2015-07-13 03:31:10 :  31> [G]: 140570 [E]:  76470 [D]: 1530 [T]:14 [TH]:10, In
2015-07-13 03:31:19 :  32> [G]: 130116 [E]:  29559 [D]:   44 [T]:26 [TH]:10, In
2015-07-13 03:31:26 :  33> [G]:  90746 [E]:  67255 [D]:  935 [T]: 1 [TH]: 9, In
2015-07-13 03:31:33 :  34> [G]:  56258 [E]: 170220 [D]:  455 [T]: 1 [TH]: 9, In
2015-07-13 03:31:40 :  35> [G]: 104660 [E]:  38296 [D]: 1079 [T]: 3 [TH]: 9, In
2015-07-13 03:31:46 :  36> [G]:  37207 [E]:  41944 [D]:  783 [T]: 2 [TH]: 9, In
2015-07-13 03:31:52 :  37> [G]:  33896 [E]: 114688 [D]:  972 [T]: 1 [TH]: 9, In
2015-07-13 03:32:04 :  38> [G]: 142209 [E]: 133958 [D]: 1202 [T]:25 [TH]:10, In
2015-07-13 03:32:10 :  39> [G]:  46201 [E]:  15134 [D]:  485 [T]: 2 [TH]: 9, In
2015-07-13 03:32:16 :  40> [G]: 170594 [E]: 172469 [D]: 1341 [T]: 2 [TH]: 9, In
2015-07-13 03:32:20 :  41> [G]: 214409 [E]: 268749 [D]: 2012 [T]: 2 [TH]: 8, In
2015-07-13 03:32:27 :  42> [G]:  10560 [E]:  68957 [D]:  516 [T]: 2 [TH]: 9, In
2015-07-13 03:32:33 :  43> [G]:  72941 [E]:  93344 [D]: 1479 [T]: 2 [TH]: 9, In
2015-07-13 03:32:40 :  44> [G]:  66794 [E]: 214368 [D]: 1396 [T]: 4 [TH]: 9, In
2015-07-13 03:32:49 :  45> [G]: 244576 [E]: 102128 [D]: 1834 [T]:33 [TH]:10, In
2015-07-13 03:32:56 :  46> [G]: 111126 [E]: 117196 [D]:   21 [T]: 3 [TH]: 9, In
2015-07-13 03:33:03 :  47> [G]:  66099 [E]:  45320 [D]:  915 [T]: 3 [TH]: 9, In
2015-07-13 03:33:09 :  48> [G]: 127713 [E]: 122167 [D]: 1189 [T]: 1 [TH]: 9, In
2015-07-13 03:33:14 :  49> [G]:  73842 [E]:  64508 [D]:  290 [T]: 2 [TH]: 9, In
2015-07-13 03:33:21 :  50> [G]:  69812 [E]:  42888 [D]:  667 [T]: 2 [TH]: 9, In
2015-07-13 03:33:27 :  51> [G]: 147932 [E]:  92797 [D]: 1179 [T]: 4 [TH]: 9, In
2015-07-13 03:33:35 :  52> [G]: 122099 [E]:  28919 [D]:  173 [T]: 1 [TH]: 9, In
2015-07-13 03:33:41 :  53> [G]:  37422 [E]: 120100 [D]:  952 [T]: 1 [TH]: 9, In
2015-07-13 03:33:47 :  54> [G]:  64900 [E]: 108364 [D]:  764 [T]: 3 [TH]: 9, In
2015-07-13 03:33:52 :  55> [G]:  48247 [E]:  26039 [D]: 1062 [T]: 1 [TH]: 9, In
2015-07-13 03:33:56 :  56> [G]:  58281 [E]: 142956 [D]: 1741 [T]:18 [TH]: 9, In
2015-07-13 03:34:02 :  57> [G]: 142293 [E]: 179562 [D]:   21 [T]: 1 [TH]: 8, In
2015-07-13 03:34:08 :  58> [G]:  42669 [E]: 283154 [D]: 2510 [T]: 7 [TH]: 9, In
2015-07-13 03:34:13 :  59> [G]: 133340 [E]: 166789 [D]: 1217 [T]: 2 [TH]: 9, In
2015-07-13 03:34:17 :  60> [G]: 106830 [E]:  49971 [D]:  954 [T]: 1 [TH]: 9, In
2015-07-13 03:34:24 :  61> [G]:  29543 [E]:  42260 [D]: 1195 [T]: 1 [TH]: 9, In
2015-07-13 03:34:34 :  62> [G]: 140296 [E]: 214302 [D]: 1952 [T]:28 [TH]:10, In
2015-07-13 03:34:41 :  63> [G]:  18989 [E]:  72612 [D]:  120 [T]: 1 [TH]: 9, In
2015-07-13 03:34:48 :  64> [G]:  33385 [E]: 133153 [D]:  399 [T]: 1 [TH]: 9, In
2015-07-13 03:34:52 :  65> [G]:  15144 [E]:   6889 [D]:  565 [T]: 1 [TH]: 9, In
2015-07-13 03:34:58 :  66> [G]:  63260 [E]:  58338 [D]:  293 [T]: 1 [TH]: 9, In
2015-07-13 03:35:03 :  67> [G]:  32002 [E]: 121510 [D]:  306 [T]: 3 [TH]: 9, In
2015-07-13 03:35:07 :  68> [G]:   2681 [E]: 101850 [D]:  483 [T]: 3 [TH]: 9, In
2015-07-13 03:35:14 :  69> [G]:  92943 [E]:   9524 [D]:  983 [T]: 2 [TH]: 9, In
2015-07-13 03:35:20 :  70> [G]: 102543 [E]:  58879 [D]:  781 [T]: 1 [TH]: 9, In
2015-07-13 03:35:26 :  71> [G]: 238245 [E]:  13388 [D]:  530 [T]: 2 [TH]: 9, In
2015-07-13 03:35:32 :  72> [G]: 310631 [E]:  84420 [D]: 1424 [T]: 2 [TH]: 9, In
2015-07-13 03:35:39 :  73> [G]: 178868 [E]: 143614 [D]: 1405 [T]: 1 [TH]: 9, In
2015-07-13 03:35:45 :  74> [G]:  63229 [E]:   3984 [D]:  281 [T]: 2 [TH]: 9, In
2015-07-13 03:35:50 :  75> [G]:  70052 [E]: 134116 [D]: 2603 [T]: 3 [TH]: 9, In
2015-07-13 03:35:57 :  76> [G]:  21795 [E]:  45047 [D]:  618 [T]: 1 [TH]: 9, In
2015-07-13 03:36:03 :  77> [G]: 325654 [E]: 332266 [D]: 3080 [T]: 1 [TH]: 9, In
2015-07-13 03:36:09 :  78> [G]:  50828 [E]: 132221 [D]:  292 [T]: 1 [TH]: 9, In
2015-07-13 03:36:16 :  79> [G]:  61838 [E]: 105142 [D]: 1040 [T]: 3 [TH]: 9, In
2015-07-13 03:36:24 :  80> [G]:  53828 [E]:  22980 [D]: 1472 [T]: 2 [TH]: 9, In
2015-07-13 03:36:29 :  81> [G]: 142394 [E]:  83191 [D]: 1659 [T]: 7 [TH]: 9, In
2015-07-13 03:36:36 :  82> [G]:  70640 [E]: 104966 [D]:  241 [T]: 2 [TH]: 9, In
2015-07-13 03:36:41 :  83> [G]:  34977 [E]:  48278 [D]: 1130 [T]: 2 [TH]: 9, In
2015-07-13 03:36:49 :  84> [G]:  90516 [E]: 175882 [D]:  767 [T]: 3 [TH]: 9, In
2015-07-13 03:36:59 :  85> [G]: 120199 [E]: 120552 [D]: 1388 [T]:30 [TH]:10, In
2015-07-13 03:37:08 :  86> [G]: 107021 [E]:  13867 [D]:  284 [T]: 1 [TH]: 9, In
2015-07-13 03:37:14 :  87> [G]: 119854 [E]:  86152 [D]:  613 [T]: 1 [TH]: 9, In
2015-07-13 03:37:19 :  88> [G]: 134025 [E]:  97355 [D]:  606 [T]: 2 [TH]: 9, In
2015-07-13 03:37:26 :  89> [G]: 127278 [E]:  42374 [D]:   27 [T]: 5 [TH]: 9, In
2015-07-13 03:37:32 :  90> [G]:  69552 [E]: 104898 [D]:  657 [T]: 1 [TH]: 9, In
2015-07-13 03:37:39 :  91> [G]:  29581 [E]:   4198 [D]: 1051 [T]: 1 [TH]: 9, In
2015-07-13 03:37:45 :  92> [G]:  53812 [E]:   2369 [D]:  669 [T]: 1 [TH]: 9, In
2015-07-13 03:37:53 :  93> [G]:  99195 [E]:  75732 [D]:   27 [T]: 1 [TH]: 9, In
2015-07-13 03:38:01 :  94> [G]:  65544 [E]:   2689 [D]:  928 [T]: 2 [TH]: 9, In
2015-07-13 03:38:08 :  95> [G]:   8057 [E]:  50278 [D]:  347 [T]: 1 [TH]: 9, In
2015-07-13 03:38:14 :  96> [G]:  29376 [E]:   3146 [D]: 1179 [T]: 2 [TH]: 9, In
2015-07-13 03:38:20 :  97> [G]: 127861 [E]:  48456 [D]: 1692 [T]: 5 [TH]: 9, In
2015-07-13 03:38:27 :  98> [G]: 138876 [E]: 105838 [D]:  593 [T]: 2 [TH]: 9, In
2015-07-13 03:38:35 :  99> [G]: 100326 [E]:  53929 [D]:  145 [T]: 1 [TH]: 9, In
2015-07-13 03:38:41 : 100> [G]: 118018 [E]:   2832 [D]: 1013 [T]: 1 [TH]: 9, In
2015-07-13 03:38:47 : 101> [G]: 176173 [E]:  40158 [D]:  760 [T]: 1 [TH]: 9, In
2015-07-13 03:38:54 : 102> [G]:  12015 [E]:  21753 [D]:  401 [T]: 1 [TH]: 9, In
2015-07-13 03:39:01 : 103> [G]: 146277 [E]: 137751 [D]:  547 [T]: 1 [TH]: 9, In
2015-07-13 03:39:10 : 104> [G]:  92964 [E]: 116215 [D]: 1485 [T]:32 [TH]:10, In
2015-07-13 03:39:17 : 105> [G]:  82091 [E]: 255202 [D]: 1494 [T]: 2 [TH]: 9, In
2015-07-13 03:39:25 : 106> [G]:  43422 [E]:  38682 [D]:  345 [T]: 1 [TH]: 8, Out
2015-07-13 03:39:25 : No major traps found near TH.
2015-07-13 03:39:25 : ~~~~~~~~~~~~~~~ TH Outside Found! ~~~~~~~~~~~~~~~~
2015-07-13 03:39:26 : ================ Search Complete =================
2015-07-13 03:39:26 : Mode: 2
2015-07-13 03:39:26 : Initiating attack for: TH Snipe
2015-07-13 03:39:30 : -Archers 6
2015-07-13 03:39:30 : -Dragons 9
2015-07-13 03:39:30 : -Minions 7
2015-07-13 03:39:30 : -Clan Castle 
2015-07-13 03:39:30 : -King 
2015-07-13 03:39:30 : -Jump Spells 2
2015-07-13 03:39:30 : -Rage Spells 2
2015-07-13 03:39:30 : -Heal Spells 2
2015-07-13 03:39:30 :  ====== Start Attack ====== 
2015-07-13 03:39:32 : Extreme Attacking TH Outside with DAM PULSE!
2015-07-13 03:39:32 : Dropping first wave of 8 Archers
2015-07-13 03:39:35 : Deployment of ArchersNOT Successful!
2015-07-13 03:39:40 : Dropping first wave of 6 Minions
2015-07-13 03:39:42 : Deployment of MinionsNOT Successful!
2015-07-13 03:39:42 : Dropping second wave of 8 Archers
2015-07-13 03:39:45 : Deployment of ArchersNOT Successful!
2015-07-13 03:39:50 : Dropping first wave of 1 Dragons
2015-07-13 03:39:52 : Deployment of DragonsNOT Successful!
2015-07-13 03:39:57 : Extreme Attacking TH Outside in FULL!
2015-07-13 03:39:57 : Dropping second wave of 3 Dragons
2015-07-13 03:39:59 : Deployment of DragonsNOT Successful!
2015-07-13 03:39:59 : Dropping King
2015-07-13 03:40:01 : Dropping Clan Castle
2015-07-13 03:40:02 : Waiting 2 seconds before activating King/Queen
2015-07-13 03:40:04 : Activate King's power
2015-07-13 03:40:04 : Dropping third wave of 25 Archers
2015-07-13 03:40:08 : Deployment of ArchersNOT Successful!
2015-07-13 03:40:08 : Dropping second wave of 5 Minions
2015-07-13 03:40:09 : Deployment of MinionsNOT Successful!
2015-07-13 03:41:16 : ~Finished Attacking, waiting to finish
2015-07-13 03:41:16 : Checking if the battle has finished
2015-07-13 03:41:17 : King is getting weak, Activating King's power
2015-07-13 03:41:19 : detected [G]: 43422 [E]: 38682 [DE]: 345 |  Exit in 178.2 sec.
2015-07-13 03:41:21 : detected [G]: 43422 [E]: 38682 [DE]: 345 |  Exit in 176.4 sec.
2015-07-13 03:41:22 : ClashGameBot was Paused!
2015-07-13 03:42:02 : ClashGameBot was Resumed.
2015-07-13 03:42:03 : detected [G]: 43422 [E]: 38682 [DE]: 345 |  Exit in 134.2 sec.
2015-07-13 03:42:03 : One Star Reach, exit
2015-07-13 03:42:04 : Returning Home
2015-07-13 03:42:09 : Loot: [G]: 1 031 [E]: 1 000 [DE]: 1 000 [T]: 0
2015-07-13 03:42:10 : Bonus [G]: 180 000 [E]: 180 000 [DE]: 1 200
2015-07-13 03:42:13 : Your league level is: Champion
2015-07-13 03:42:13 : Stars earned: 1
2015-07-13 03:42:13 : Taking snapshot of your loot
2015-07-13 03:42:13 : Pushbullet: Last Raid screenshot has been sent!
2015-07-13 03:42:26 : Trying to locate Main Screen
2015-07-13 03:42:27 : Main Screen Located
2015-07-13 03:42:29 : Collecting Resources
2015-07-13 03:42:37 : Checking if Village needs Rearming..
2015-07-13 03:42:47 : Village Report
2015-07-13 03:42:47 : No. of Free/Total Builders: 0/5
2015-07-13 03:42:48 :  [T]: 3 156
2015-07-13 03:42:48 :  [G]: 2 015 548 [E]: 6 001 000 [D]: 80 000 [GEM]: 2 027
2015-07-13 03:42:50 : Donation not Planned, Skipped..
2015-07-13 03:42:51 : Checking Army Camp...
2015-07-13 03:42:53 : Total Army Camp capacity: 200/200
2015-07-13 03:42:53 : Training Troops...
2015-07-13 03:43:12 : Request CC not Planned, Skipped..
2015-07-13 03:43:15 : Checking Upgrade
2015-07-13 03:43:15 : Updating Village Resource Values
2015-07-13 03:43:15 : No. of Free/Total Builders: 0/5
2015-07-13 03:43:15 :  [T]: 3 156
2015-07-13 03:43:15 :  [G]: 2 015 548 [E]: 5 911 000 [D]: 79 965 [GEM]: 2 027
2015-07-13 03:43:15 : No builder available for upgrades
2015-07-13 03:43:16 : No free builder, Upgrade Walls skipped..
2015-07-13 03:43:19 : Going to Attack...
2015-07-13 03:43:24 : ============== Searching For Dead Base ===============
2015-07-13 03:43:24 : ~~~~~~~~~~~~~~~ SEARCH CONDITIONS ~~~~~~~~~~~~~~~~
2015-07-13 03:43:24 : Meet: Gold or Elixir, TH Outside
2015-07-13 03:43:24 : ~~~~~~~~~~~~~~ RESOURCE CONDITIONS ~~~~~~~~~~~~~~~
2015-07-13 03:43:24 : Aim: [G]:      0 [E]:      0 [D]:    0 [T]: 0, Out, Out, Out
2015-07-13 03:43:24 : ============== Searching For Live Base ===============
2015-07-13 03:43:24 : ~~~~~~~~~~~~~~~ SEARCH CONDITIONS ~~~~~~~~~~~~~~~~
2015-07-13 03:43:24 : Meet: Gold or Elixir, TH Outside
2015-07-13 03:43:24 : ~~~~~~~~~~~~~~ RESOURCE CONDITIONS ~~~~~~~~~~~~~~~
2015-07-13 03:43:24 : Aim: [G]:      0 [E]:      0 [D]:    0 [T]: 0, Out, Out, Out
2015-07-13 03:43:24 : ~~~~~~~~~~~~~~~ ADVANCED SETTINGS ~~~~~~~~~~~~~~~~
2015-07-13 03:43:24 : THSnipe Combo, 1 Tile(s), AttackTH, Attack2:Extreme
2015-07-13 03:43:24 : ==================================================
2015-07-13 03:43:31 :   1> [G]: 160032 [E]: 307109 [D]:  556 [T]:33 [TH]:10, In
2015-07-13 03:43:41 :   2> [G]: 324381 [E]:  91595 [D]: 2997 [T]:34 [TH]:10, In
