2015-07-11 22:44:28 : ~~~ Clash Game Bot v4.0 Powered by GameBot.org ~~~
2015-07-11 22:44:28 : Au3 Script running on WIN_81  X64
2015-07-11 22:44:28 : =================== Bot Start ====================
2015-07-11 22:44:28 : Trying to locate Main Screen
2015-07-11 22:44:28 : Main Screen Located
2015-07-11 22:44:28 : Click 1,1,1,0 #0166 | Away
2015-07-11 22:44:29 : Detecting your Buildings..
2015-07-11 22:44:29 : Click 1,1,2,200 
2015-07-11 22:44:30 : Town Hall Position: 433, 308
2015-07-11 22:44:30 : Click 433,313,1,0 
2015-07-11 22:44:31 : Taking snapshot for later review
2015-07-11 22:44:34 : Read building Name String = Town Hall (Level 8)
2015-07-11 22:44:34 : 1st $aString = 2, Town Hall , Level 8)
2015-07-11 22:44:34 : 2nd $aString = 2, Level 8, 
2015-07-11 22:44:34 : 3rd $aString = 2, Level, 8
2015-07-11 22:44:34 : Your Town Hall is Level: 8
2015-07-11 22:44:34 : Click 1,1,2,200 
2015-07-11 22:44:35 : Language setting is English: Correct.
2015-07-11 22:44:36 : Trying to locate Main Screen
2015-07-11 22:44:36 : Main Screen Located
2015-07-11 22:44:37 : Halt Attack, Stay Online/Train/Collect/Donate...
2015-07-11 22:44:40 : Click 1,1,1,0 #0332 | Away
2015-07-11 22:44:42 : Checking if Village needs Rearming..
2015-07-11 22:44:42 : Click 1,1,1,0 #0224 | Away
2015-07-11 22:44:42 : Click 433,313,1,0 #0225 | Rearm - Click Town Hall
2015-07-11 22:44:44 : Taking snapshot for later review
2015-07-11 22:44:50 : Click 1,1,1,0 #0234 | Away
2015-07-11 22:44:52 : PureClick 1,1,1,0 #0319 | Away
2015-07-11 22:44:53 : Village Report
2015-07-11 22:44:53 : Cannot get Free/Total Builders
2015-07-11 22:44:53 : No. of Free/Total Builders: 0/0
2015-07-11 22:44:53 :  [T]: 3 166
2015-07-11 22:44:53 :  [G]: 470 717 [E]: 5 261 047 [D]: 78 816 [GEM]: 2 021
2015-07-11 22:44:55 : Donation not Planned, Skipped..
2015-07-11 22:44:56 : Func Train 
2015-07-11 22:44:56 : Checking Army Camp...
2015-07-11 22:44:56 : Click 1,1,1,0 #0292 | Away
2015-07-11 22:44:57 : Click 40,525,1,0 #0293 | Train - Click Army Camp
2015-07-11 22:44:58 : $sArmyInfo = 199#200
2015-07-11 22:44:58 : $CurCamp = 199
2015-07-11 22:44:58 : $TotalCamp = 200
2015-07-11 22:44:58 : Total Army Camp capacity: 199/200
2015-07-11 22:44:58 : Click 1,1,1,0 #0295 | Away
2015-07-11 22:44:58 : Training Troops...
2015-07-11 22:44:58 : Click 1,1,1,0 #0268 | Away
2015-07-11 22:44:59 : Click 40,525,1,0 #0293 | Train - Click Army Camp
2015-07-11 22:45:00 : Click 773,337,1,0 #9999
2015-07-11 22:45:00 : This is not a Barrack
2015-07-11 22:45:00 : This is not a Barrack
2015-07-11 22:45:01 : Barrack1 selected
2015-07-11 22:45:01 : Barrack1 selected
2015-07-11 22:45:01 : Barrack1 selected
2015-07-11 22:45:01 : Click 773,337,1,0 #0271 | Train - Next Button 
2015-07-11 22:45:02 : Barrack2 selected
2015-07-11 22:45:02 : Barrack2 selected
2015-07-11 22:45:02 : Click 773,337,1,0 #0271 | Train - Next Button 
2015-07-11 22:45:02 : Barrack3 selected
2015-07-11 22:45:02 : Barrack3 selected
2015-07-11 22:45:02 : Click 773,337,1,0 #0271 | Train - Next Button 
2015-07-11 22:45:03 : Barrack4 selected
2015-07-11 22:45:03 : Barrack4 selected
2015-07-11 22:45:03 : Click 773,337,1,0 #0271 | Train - Next Button 
2015-07-11 22:45:03 : This is not a Barrack
2015-07-11 22:45:04 : This is not a Barrack
2015-07-11 22:45:04 : This is not a Barrack
2015-07-11 22:45:04 : This is not a Barrack
2015-07-11 22:45:04 : This is not a Barrack
2015-07-11 22:45:04 : Click 84,336,1,0 #0272 | Train - Prev Button 
2015-07-11 22:45:05 : Barrack4 selected
2015-07-11 22:45:05 : AfterAttack: False
2015-07-11 22:45:06 : Click 546,425,3,10 #0282 | Train - Train Dragon
2015-07-11 22:45:06 : Click 84,336,1,0 #0325 | Train - Prev Button 
2015-07-11 22:45:08 : Barrack3 selected
2015-07-11 22:45:08 : AfterAttack: False
2015-07-11 22:45:08 : Click 331,320,15,10 #0275 | Train - Train Archer
2015-07-11 22:45:08 : Click 546,425,3,10 #0282 | Train - Train Dragon
2015-07-11 22:45:09 : Click 84,336,1,0 #0325 | Train - Prev Button 
2015-07-11 22:45:10 : Barrack2 selected
2015-07-11 22:45:10 : AfterAttack: False
2015-07-11 22:45:10 : Click 546,425,3,10 #0282 | Train - Train Dragon
2015-07-11 22:45:11 : Click 84,336,1,0 #0325 | Train - Prev Button 
2015-07-11 22:45:12 : Barrack1 selected
2015-07-11 22:45:12 : AfterAttack: False
2015-07-11 22:45:13 : Click 546,425,3,10 #0282 | Train - Train Dragon
2015-07-11 22:45:13 : Click 84,336,1,0 #0325 | Train - Prev Button 
2015-07-11 22:45:14 : This is not a Barrack
2015-07-11 22:45:14 : Click 84,336,1,0 #0324
2015-07-11 22:45:15 : This is not a Dark Barrack
2015-07-11 22:45:15 : Click 84,336,1,0 #0324
2015-07-11 22:45:17 : Dark Barrack2 selected
2015-07-11 22:45:17 : Dark Barrack2 selected
2015-07-11 22:45:17 : Click 496,197,10,0 #0287 | Train - Remove Troops
2015-07-11 22:45:17 : Click 496,197,10,0 #0287 | Train - Remove Troops
2015-07-11 22:45:17 : Click 496,197,10,0 #0287 | Train - Remove Troops
2015-07-11 22:45:17 : Click 496,197,10,0 #0287 | Train - Remove Troops
2015-07-11 22:45:18 : Click 220,320,99,100 #0274 | Train - Train Barbarian
2015-07-11 22:45:26 : Click 331,320,2,100 #0275 | Train - Train Archer
2015-07-11 22:45:27 : Click 84,336,1,0 #0289 | Train - Prev Button 
2015-07-11 22:45:27 : This is not a Dark Barrack
2015-07-11 22:45:27 : This is not a Dark Barrack
2015-07-11 22:45:28 : This is not a Dark Barrack
2015-07-11 22:45:28 : This is not a Dark Barrack
2015-07-11 22:45:28 : This is not a Dark Barrack
2015-07-11 22:45:30 : This is not a Dark Barrack
2015-07-11 22:45:30 : ---================================================================---
2015-07-11 22:45:30 : Click 1,1,2,250 #0291 | Away
2015-07-11 22:45:34 : Request CC not Planned, Skipped..
2015-07-11 22:45:37 : No free builder, Upgrade Walls skipped..
