2015-07-13 02:52:55 : ~~~ Clash Game Bot v4.0 Powered by GameBot.org ~~~
2015-07-13 02:52:55 : Au3 Script running on WIN_81  X64
2015-07-13 02:52:55 : =================== Bot Start ====================
2015-07-13 02:52:55 : Trying to locate Main Screen
2015-07-13 02:52:55 : Main Screen Located
2015-07-13 02:52:57 : Detecting your Buildings..
2015-07-13 02:53:03 : Your Town Hall is Level: 8
2015-07-13 02:53:04 : Language setting is English: Correct.
2015-07-13 02:53:05 : Trying to locate Main Screen
2015-07-13 02:53:05 : Main Screen Located
2015-07-13 02:53:07 : Collecting Resources
2015-07-13 02:53:15 : Checking if Village needs Rearming..
2015-07-13 02:53:26 : Village Report
2015-07-13 02:53:26 : No. of Free/Total Builders: 0/5
2015-07-13 02:53:26 :  [T]: 3 154
2015-07-13 02:53:27 :  [G]: 1 838 098 [E]: 5 913 568 [D]: 80 000 [GEM]: 2 027
2015-07-13 02:53:29 : Donation not Planned, Skipped..
2015-07-13 02:53:30 : Checking Army Camp...
2015-07-13 02:53:32 : Total Army Camp capacity: 200/200
2015-07-13 02:53:32 : Training Troops...
2015-07-13 02:53:51 : Request CC not Planned, Skipped..
2015-07-13 02:53:53 : Checking Upgrade
2015-07-13 02:53:54 : Updating Village Resource Values
2015-07-13 02:53:54 : No. of Free/Total Builders: 0/5
2015-07-13 02:53:54 :  [T]: 3 154
2015-07-13 02:53:54 :  [G]: 1 838 098 [E]: 5 911 000 [D]: 79 965 [GEM]: 2 027
2015-07-13 02:53:54 : No builder available for upgrades
2015-07-13 02:53:55 : No free builder, Upgrade Walls skipped..
2015-07-13 02:53:58 : Going to Attack...
2015-07-13 02:54:03 : ============== Searching For Dead Base ===============
2015-07-13 02:54:03 : ~~~~~~~~~~~~~~~ SEARCH CONDITIONS ~~~~~~~~~~~~~~~~
2015-07-13 02:54:03 : Meet: Gold or Elixir, TH Outside
2015-07-13 02:54:03 : ~~~~~~~~~~~~~~ RESOURCE CONDITIONS ~~~~~~~~~~~~~~~
2015-07-13 02:54:03 : Aim: [G]:      0 [E]:      0 [D]:    0 [T]: 0, Out
2015-07-13 02:54:03 : ============== Searching For Live Base ===============
2015-07-13 02:54:03 : ~~~~~~~~~~~~~~~ SEARCH CONDITIONS ~~~~~~~~~~~~~~~~
2015-07-13 02:54:03 : Meet: Gold or Elixir, TH Outside
2015-07-13 02:54:03 : ~~~~~~~~~~~~~~ RESOURCE CONDITIONS ~~~~~~~~~~~~~~~
2015-07-13 02:54:03 : Aim: [G]:      0 [E]:      0 [D]:    0 [T]: 0, Out
2015-07-13 02:54:03 : ~~~~~~~~~~~~~~~ ADVANCED SETTINGS ~~~~~~~~~~~~~~~~
2015-07-13 02:54:03 : THSnipe Combo, 1 Tile(s), AttackTH, Attack2:Extreme
2015-07-13 02:54:03 : ==================================================
2015-07-13 02:54:12 :   1> [G]:  41733 [E]:  22428 [D]: 2006 [T]:32 [TH]:10, In
2015-07-13 02:54:23 :   2> [G]:  47873 [E]:  96556 [D]: 2882 [T]:16 [TH]:10, In
2015-07-13 02:54:32 :   3> [G]:  61151 [E]: 410514 [D]: 1275 [T]:28 [TH]:10, In
2015-07-13 02:54:42 :   4> [G]:  83502 [E]:  97908 [D]: 2184 [T]:20 [TH]:10, In
2015-07-13 02:54:55 :   5> [G]:  60285 [E]:  93966 [D]: 1360 [T]: 1 [TH]: 9, In
2015-07-13 02:55:02 :   6> [G]:  73436 [E]: 156142 [D]:  949 [T]: 1 [TH]: 9, In
2015-07-13 02:55:09 :   7> [G]: 143733 [E]: 246595 [D]: 1524 [T]: 8 [TH]: 9, In
2015-07-13 02:55:14 :   8> [G]:  98255 [E]:  56152 [D]:  307 [T]: 1 [TH]: 9, In
2015-07-13 02:55:21 :   9> [G]:  73945 [E]:  56519 [D]: 1028 [T]: 1 [TH]: 9, In
2015-07-13 02:55:25 :  10> [G]:  94469 [E]:  71452 [D]:  105 [T]: 1 [TH]: 7, In
2015-07-13 02:55:33 :  11> [G]:  33489 [E]:  15007 [D]:  835 [T]: 1 [TH]: 9, In
2015-07-13 02:55:37 :  12> [G]:  84416 [E]:  74222 [D]:  641 [T]: 2 [TH]: 9, In
2015-07-13 02:55:44 :  13> [G]: 192945 [E]: 153102 [D]:  754 [T]: 2 [TH]: 9, In
2015-07-13 02:55:52 :  14> [G]:  33071 [E]:  84865 [D]: 1974 [T]: 2 [TH]: 9, In
2015-07-13 02:55:58 :  15> [G]:  48654 [E]:  10762 [D]:   56 [T]: 1 [TH]: 9, In
2015-07-13 02:56:06 :  16> [G]:  25813 [E]: 143829 [D]:  778 [T]: 1 [TH]: 9, In
2015-07-13 02:56:14 :  17> [G]:  21305 [E]:  37772 [D]:  142 [T]: 1 [TH]: 9, In
2015-07-13 02:56:25 :  18> [G]:  48055 [E]:  55499 [D]:  945 [T]:17 [TH]:10, In
2015-07-13 02:56:32 :  19> [G]:  14343 [E]:  77293 [D]: 1553 [T]: 2 [TH]: 9, In
2015-07-13 02:56:38 :  20> [G]:  95915 [E]: 130201 [D]:  716 [T]: 4 [TH]: 9, In
2015-07-13 02:56:44 :  21> [G]:  64675 [E]: 104629 [D]:  242 [T]: 1 [TH]: 9, In
2015-07-13 02:56:51 :  22> [G]:  34926 [E]:  27493 [D]:    5 [T]: 2 [TH]: 9, In
2015-07-13 02:56:57 :  23> [G]: 131228 [E]:  44002 [D]: 1850 [T]: 2 [TH]: 9, In
2015-07-13 02:57:03 :  24> [G]: 114947 [E]:  72328 [D]:  916 [T]: 5 [TH]: 9, In
2015-07-13 02:57:09 :  25> [G]:   8386 [E]:  54759 [D]:  824 [T]: 1 [TH]: 9, In
2015-07-13 02:57:17 :  26> [G]:  35534 [E]:   8976 [D]:  246 [T]: 1 [TH]: 9, In
2015-07-13 02:57:24 :  27> [G]:  39500 [E]:  90627 [D]: 1767 [T]: 1 [TH]: 9, In
2015-07-13 02:57:29 :  28> [G]:  27473 [E]:  98968 [D]:  626 [T]: 1 [TH]: 9, In
2015-07-13 02:57:39 :  29> [G]: 186868 [E]: 152010 [D]: 2482 [T]:29 [TH]:10, In
2015-07-13 02:57:47 :  30> [G]: 210928 [E]: 163821 [D]: 2475 [T]: 4 [TH]: 9, In
2015-07-13 02:57:53 :  31> [G]:  66326 [E]:  99555 [D]:  968 [T]: 7 [TH]: 9, In
2015-07-13 02:58:00 :  32> [G]:  69171 [E]: 122704 [D]:  959 [T]: 1 [TH]: 9, In
2015-07-13 02:58:06 :  33> [G]: 179986 [E]:  96015 [D]: 1058 [T]: 8 [TH]: 9, In
2015-07-13 02:58:13 :  34> [G]:  52335 [E]:  67963 [D]:  830 [T]: 8 [TH]: 9, In
2015-07-13 02:58:20 :  35> [G]: 124670 [E]:  12683 [D]: 1321 [T]: 1 [TH]: 9, In
2015-07-13 02:58:26 :  36> [G]:  49039 [E]: 107885 [D]:  978 [T]: 3 [TH]: 9, In
2015-07-13 02:58:31 :  37> [G]:  81103 [E]:  82043 [D]: 1914 [T]:29 [TH]:10, In
2015-07-13 02:58:39 :  38> [G]: 103494 [E]:  61116 [D]:  176 [T]: 1 [TH]: 9, In
2015-07-13 02:58:44 :  39> [G]: 133778 [E]: 222951 [D]: 2381 [T]: 3 [TH]: 9, In
2015-07-13 02:58:52 :  40> [G]:  98379 [E]: 104339 [D]: 1298 [T]: 1 [TH]: 9, In
2015-07-13 02:58:58 :  41> [G]: 149213 [E]: 118837 [D]:  463 [T]: 1 [TH]: 9, In
2015-07-13 02:59:05 :  42> [G]:  57235 [E]: 170863 [D]:   31 [T]: 2 [TH]: 9, In
2015-07-13 02:59:14 :  43> [G]: 188011 [E]: 136631 [D]: 3320 [T]:18 [TH]:10, In
2015-07-13 02:59:21 :  44> [G]:  49909 [E]:  98614 [D]:  836 [T]: 4 [TH]: 9, In
2015-07-13 02:59:26 :  45> [G]: 216279 [E]: 176892 [D]:  851 [T]: 1 [TH]: 9, In
2015-07-13 02:59:33 :  46> [G]:  89848 [E]:  78336 [D]:  360 [T]: 9 [TH]: 9, In
2015-07-13 02:59:39 :  47> [G]:  93357 [E]: 101668 [D]:  283 [T]: 1 [TH]: 9, In
2015-07-13 02:59:49 :  48> [G]: 255806 [E]:  75604 [D]:  560 [T]:15 [TH]:10, In
2015-07-13 02:59:55 :  49> [G]:  95744 [E]: 161853 [D]:  773 [T]: 2 [TH]: 9, In
2015-07-13 03:00:01 :  50> [G]: 105204 [E]: 132346 [D]: 2064 [T]:13 [TH]:10, In
2015-07-13 03:00:05 :  51> [G]: 118004 [E]: 209771 [D]:  587 [T]: 2 [TH]: 9, In
2015-07-13 03:00:12 :  52> [G]:  92219 [E]:  40077 [D]:  801 [T]: 2 [TH]: 9, In
2015-07-13 03:00:17 :  53> [G]:  55895 [E]: 149769 [D]: 1599 [T]:15 [TH]:10, In
2015-07-13 03:00:27 :  54> [G]:  79976 [E]:  80686 [D]: 1265 [T]:24 [TH]:10, In
2015-07-13 03:00:38 :  55> [G]: 203379 [E]: 123412 [D]: 1707 [T]:32 [TH]:10, In
2015-07-13 03:00:44 :  56> [G]: 160909 [E]:  62410 [D]:  895 [T]: 1 [TH]: 9, In
2015-07-13 03:00:53 :  57> [G]:  46244 [E]:  20392 [D]:   56 [T]: 1 [TH]: 9, In
2015-07-13 03:01:01 :  58> [G]:  59110 [E]:  70974 [D]:  535 [T]: 1 [TH]: 9, In
2015-07-13 03:01:06 :  59> [G]: 158006 [E]: 146450 [D]: 1414 [T]:13 [TH]:10, In
2015-07-13 03:01:13 :  60> [G]: 108767 [E]:  94204 [D]: 1662 [T]: 1 [TH]: 9, In
2015-07-13 03:01:21 :  61> [G]:  56658 [E]:  69829 [D]:  277 [T]: 1 [TH]: 9, In
2015-07-13 03:01:30 :  62> [G]: 107014 [E]: 196048 [D]: 1029 [T]:13 [TH]:10, In
2015-07-13 03:01:36 :  63> [G]:  60109 [E]:    888 [D]:  817 [T]: 1 [TH]: 9, In
2015-07-13 03:01:46 :  64> [G]: 144740 [E]: 177467 [D]: 1361 [T]:31 [TH]:10, In
2015-07-13 03:01:50 :  65> [G]: 144740 [E]: 177467 [D]: 1361 [T]:31 [TH]:10, In
2015-07-13 03:01:58 :  66> [G]:  87438 [E]:  98598 [D]:  758 [T]: 2 [TH]: 9, In
2015-07-13 03:02:05 :  67> [G]: 140756 [E]:  59220 [D]:  445 [T]: 1 [TH]: 9, In
2015-07-13 03:02:13 :  68> [G]:  53251 [E]:  80781 [D]:  540 [T]: 1 [TH]: 9, In
2015-07-13 03:02:17 :  69> [G]:  56360 [E]:  72101 [D]:  328 [T]: 4 [TH]: 9, In
2015-07-13 03:02:23 :  70> [G]:  49239 [E]:  87043 [D]:  948 [T]: 1 [TH]: 9, In
2015-07-13 03:02:33 :  71> [G]:  65074 [E]:  99452 [D]:  634 [T]:34 [TH]:10, In
2015-07-13 03:02:42 :  72> [G]:  32529 [E]:  71709 [D]:  885 [T]:21 [TH]:10, In
2015-07-13 03:02:49 :  73> [G]: 323876 [E]: 182560 [D]:  525 [T]: 1 [TH]: 9, In
2015-07-13 03:02:55 :  74> [G]:  18313 [E]:  10244 [D]:  929 [T]: 1 [TH]: 9, In
2015-07-13 03:03:07 :  75> [G]: 241543 [E]: 118256 [D]: 2087 [T]:15 [TH]:10, In
2015-07-13 03:03:14 :  76> [G]:  31731 [E]:  42888 [D]: 1041 [T]: 3 [TH]: 9, In
2015-07-13 03:03:20 :  77> [G]:  56725 [E]:  93291 [D]:  404 [T]: 1 [TH]: 9, In
2015-07-13 03:03:26 :  78> [G]:  30472 [E]: 150463 [D]: 1349 [T]: 1 [TH]: 9, In
2015-07-13 03:03:32 :  79> [G]: 111424 [E]: 164728 [D]:  813 [T]: 1 [TH]: 9, In
2015-07-13 03:03:38 :  80> [G]: 113207 [E]:  20865 [D]:  371 [T]: 1 [TH]: 9, In
2015-07-13 03:03:45 :  81> [G]:  53559 [E]:  73670 [D]:  380 [T]: 1 [TH]: 9, In
2015-07-13 03:03:49 :  82> [G]: 182406 [E]: 334960 [D]: 1583 [T]: 2 [TH]: 9, In
2015-07-13 03:03:58 :  83> [G]:  55564 [E]: 165146 [D]:  362 [T]: 2 [TH]: 9, In
2015-07-13 03:04:08 :  84> [G]:  27565 [E]:  56309 [D]:  460 [T]: 3 [TH]: 9, In
2015-07-13 03:04:16 :  85> [G]:  13968 [E]:  55874 [D]:  639 [T]: 3 [TH]: 9, In
2015-07-13 03:04:26 :  86> [G]:  57551 [E]:  55310 [D]: 2340 [T]:17 [TH]:10, In
2015-07-13 03:04:32 :  87> [G]:  70722 [E]: 240176 [D]:  896 [T]: 1 [TH]: 9, In
2015-07-13 03:04:42 :  88> [G]: 279820 [E]:  52142 [D]: 3497 [T]:14 [TH]:10, In
2015-07-13 03:04:47 :  89> [G]:  68176 [E]:  72706 [D]:  454 [T]: 5 [TH]: 9, In
2015-07-13 03:04:53 :  90> [G]:  24346 [E]: 108603 [D]:  977 [T]: 1 [TH]: 9, In
2015-07-13 03:04:58 :  91> [G]:   7100 [E]:   2283 [D]: 1125 [T]: 1 [TH]: 9, In
2015-07-13 03:05:03 :  92> [G]:  48542 [E]: 124429 [D]: 1400 [T]: 1 [TH]: 9, In
2015-07-13 03:05:07 :  93> [G]: 131981 [E]:  75828 [D]: 1574 [T]: 1 [TH]: 9, In
2015-07-13 03:05:17 :  94> [G]:  80478 [E]: 188818 [D]: 1974 [T]:19 [TH]:10, In
2015-07-13 03:05:27 :  95> [G]: 128729 [E]:  22256 [D]: 1069 [T]:28 [TH]:10, In
2015-07-13 03:05:32 :  96> [G]:  63129 [E]:  13544 [D]:  516 [T]: 1 [TH]: 9, In
2015-07-13 03:05:42 :  97> [G]: 360159 [E]: 405025 [D]: 1143 [T]:34 [TH]:10, In
2015-07-13 03:05:48 :  98> [G]:  60205 [E]: 100288 [D]:  757 [T]: 2 [TH]: 9, In
2015-07-13 03:05:53 :  99> [G]: 109029 [E]:  50840 [D]:  777 [T]: 8 [TH]: 9, In
2015-07-13 03:05:55 : Not Zoomed Out! Exiting to MainScreen...
2015-07-13 03:05:55 : Trying to locate Main Screen
2015-07-13 03:05:58 : Waiting for Main Screen
2015-07-13 03:06:01 : Main Screen Located
2015-07-13 03:06:04 : 100> [G]:        [E]:        [D]:  N/A [T]:   [TH]: 8, In
2015-07-13 03:06:06 : Trying to locate Main Screen
2015-07-13 03:06:06 : Main Screen Located
2015-07-13 03:06:08 : Collecting Resources
2015-07-13 03:06:16 : Checking if Village needs Rearming..
2015-07-13 03:06:28 : Village Report
2015-07-13 03:06:28 : No. of Free/Total Builders: 0/5
2015-07-13 03:06:28 :  [T]: 3 154
2015-07-13 03:06:28 :  [G]: 1 784 432 [E]: 5 914 107 [D]: 80 000 [GEM]: 2 027
2015-07-13 03:06:31 : Donation not Planned, Skipped..
2015-07-13 03:06:32 : Checking Army Camp...
2015-07-13 03:06:34 : Total Army Camp capacity: 200/200
2015-07-13 03:06:34 : Training Troops...
2015-07-13 03:06:53 : Request CC not Planned, Skipped..
2015-07-13 03:06:55 : Checking Upgrade
2015-07-13 03:06:56 : Updating Village Resource Values
2015-07-13 03:06:56 : No. of Free/Total Builders: 0/5
2015-07-13 03:06:56 :  [T]: 3 154
2015-07-13 03:06:56 :  [G]: 1 784 432 [E]: 5 911 000 [D]: 79 965 [GEM]: 2 027
2015-07-13 03:06:56 : No builder available for upgrades
2015-07-13 03:06:57 : No free builder, Upgrade Walls skipped..
2015-07-13 03:07:00 : Going to Attack...
2015-07-13 03:07:05 : ============== Searching For Dead Base ===============
2015-07-13 03:07:05 : ~~~~~~~~~~~~~~~ SEARCH CONDITIONS ~~~~~~~~~~~~~~~~
2015-07-13 03:07:05 : Meet: Gold or Elixir, TH Outside
2015-07-13 03:07:05 : ~~~~~~~~~~~~~~ RESOURCE CONDITIONS ~~~~~~~~~~~~~~~
2015-07-13 03:07:05 : Aim: [G]:      0 [E]:      0 [D]:    0 [T]: 0, Out, Out
2015-07-13 03:07:05 : ============== Searching For Live Base ===============
2015-07-13 03:07:05 : ~~~~~~~~~~~~~~~ SEARCH CONDITIONS ~~~~~~~~~~~~~~~~
2015-07-13 03:07:05 : Meet: Gold or Elixir, TH Outside
2015-07-13 03:07:05 : ~~~~~~~~~~~~~~ RESOURCE CONDITIONS ~~~~~~~~~~~~~~~
2015-07-13 03:07:05 : Aim: [G]:      0 [E]:      0 [D]:    0 [T]: 0, Out, Out
2015-07-13 03:07:05 : ~~~~~~~~~~~~~~~ ADVANCED SETTINGS ~~~~~~~~~~~~~~~~
2015-07-13 03:07:05 : THSnipe Combo, 1 Tile(s), AttackTH, Attack2:Extreme
2015-07-13 03:07:05 : ==================================================
2015-07-13 03:07:10 :   1> [G]: 247190 [E]:  44196 [D]:  303 [T]:13 [TH]:10, In
2015-07-13 03:07:19 :   2> [G]:  82926 [E]:  80993 [D]: 1308 [T]:15 [TH]:10, In
2015-07-13 03:07:29 :   3> [G]:  30018 [E]:  53778 [D]: 1541 [T]:23 [TH]:10, In
2015-07-13 03:07:39 :   4> [G]: 187214 [E]: 177958 [D]: 1734 [T]:26 [TH]:10, In
2015-07-13 03:07:49 :   5> [G]: 384953 [E]:  51603 [D]: 1598 [T]:24 [TH]:10, In
2015-07-13 03:08:01 :   6> [G]: 114280 [E]:  65775 [D]: 3184 [T]:22 [TH]:10, In
2015-07-13 03:08:07 :   7> [G]:  41713 [E]: 112051 [D]:  641 [T]: 1 [TH]: 9, In
2015-07-13 03:08:11 :   8> [G]:  65963 [E]:  77999 [D]:  354 [T]: 1 [TH]: 9, In
2015-07-13 03:08:17 :   9> [G]:  62191 [E]: 212985 [D]:  950 [T]: 1 [TH]: 9, In
2015-07-13 03:08:23 :  10> [G]:  79735 [E]:  91615 [D]:  522 [T]: 1 [TH]: 9, In
2015-07-13 03:08:29 :  11> [G]: 118909 [E]:   1052 [D]:  231 [T]: 1 [TH]: 9, In
2015-07-13 03:08:34 :  12> [G]:  26850 [E]:  12158 [D]: 1475 [T]:31 [TH]:10, In
2015-07-13 03:08:41 :  13> [G]: 108424 [E]:  22300 [D]: 1069 [T]: 1 [TH]: 9, In
2015-07-13 03:08:49 :  14> [G]:  24754 [E]: 275306 [D]: 1180 [T]: 1 [TH]: 9, In
2015-07-13 03:08:55 :  15> [G]:  10627 [E]:  64431 [D]:  380 [T]: 1 [TH]: 9, In
2015-07-13 03:09:02 :  16> [G]: 133725 [E]:  94659 [D]:  922 [T]: 1 [TH]: 9, In
2015-07-13 03:09:08 :  17> [G]:  77770 [E]:  65619 [D]:  274 [T]: 1 [TH]: 9, In
2015-07-13 03:09:15 :  18> [G]:  52885 [E]:  10135 [D]:  530 [T]: 1 [TH]: 9, In
2015-07-13 03:09:19 :  19> [G]: 137308 [E]: 258393 [D]: 1528 [T]: 1 [TH]: 9, In
2015-07-13 03:09:26 :  20> [G]:  24384 [E]: 132779 [D]:  824 [T]: 2 [TH]: 9, In
2015-07-13 03:09:32 :  21> [G]:  29654 [E]:  60020 [D]: 1359 [T]: 1 [TH]: 9, In
2015-07-13 03:09:38 :  22> [G]:  50757 [E]:  87343 [D]: 1105 [T]: 1 [TH]: 9, In
2015-07-13 03:09:48 :  23> [G]:  84053 [E]:  57547 [D]: 1433 [T]:14 [TH]:10, In
2015-07-13 03:09:54 :  24> [G]:  41265 [E]:   6943 [D]:  803 [T]: 1 [TH]: 9, In
2015-07-13 03:10:03 :  25> [G]:  49429 [E]: 110248 [D]:  719 [T]: 1 [TH]: 9, In
2015-07-13 03:10:09 :  26> [G]:  33966 [E]:  83322 [D]:  783 [T]: 1 [TH]: 9, In
2015-07-13 03:10:16 :  27> [G]: 181236 [E]:  84048 [D]: 1458 [T]:34 [TH]:10, In
2015-07-13 03:10:22 :  28> [G]:  45700 [E]: 104294 [D]: 1726 [T]: 2 [TH]: 9, In
2015-07-13 03:10:29 :  29> [G]: 113313 [E]:  56266 [D]:   26 [T]: 1 [TH]: 9, In
2015-07-13 03:10:38 :  30> [G]: 172210 [E]: 203640 [D]:  988 [T]:19 [TH]:10, In
2015-07-13 03:10:43 :  31> [G]:  71217 [E]:  70238 [D]: 3536 [T]:29 [TH]:10, In
2015-07-13 03:10:51 :  32> [G]:  41197 [E]:  42284 [D]: 1280 [T]: 1 [TH]: 9, In
2015-07-13 03:10:57 :  33> [G]:  76949 [E]: 110217 [D]:  761 [T]: 1 [TH]: 9, In
2015-07-13 03:11:04 :  34> [G]:   8752 [E]:  15112 [D]:  104 [T]: 4 [TH]: 9, In
2015-07-13 03:11:10 :  35> [G]:  51423 [E]: 170851 [D]:  486 [T]: 1 [TH]: 9, In
2015-07-13 03:11:16 :  36> [G]:  86476 [E]:  79579 [D]: 1666 [T]: 1 [TH]: 9, In
2015-07-13 03:11:22 :  37> [G]:  37754 [E]:  75017 [D]:  521 [T]: 3 [TH]: 9, In
2015-07-13 03:11:29 :  38> [G]: 298436 [E]: 283707 [D]:  931 [T]: 1 [TH]: 9, In
2015-07-13 03:11:35 :  39> [G]:  20979 [E]:  76927 [D]:  506 [T]: 1 [TH]: 9, In
2015-07-13 03:11:40 :  40> [G]: 115521 [E]:  73921 [D]: 1371 [T]: 9 [TH]: 9, In
2015-07-13 03:11:46 :  41> [G]: 115114 [E]: 136615 [D]: 1178 [T]: 2 [TH]: 9, In
2015-07-13 03:11:51 :  42> [G]:   5717 [E]:   7463 [D]:  420 [T]: 1 [TH]: 9, In
2015-07-13 03:11:57 :  43> [G]: 225386 [E]: 415382 [D]: 2176 [T]: 2 [TH]: 9, In
2015-07-13 03:12:01 :  44> [G]: 114784 [E]:  74824 [D]:  528 [T]: 1 [TH]: 9, In
2015-07-13 03:12:08 :  45> [G]: 112040 [E]:  64696 [D]: 1163 [T]: 1 [TH]: 9, In
2015-07-13 03:12:16 :  46> [G]: 110081 [E]:  15864 [D]: 1391 [T]: 1 [TH]: 9, In
2015-07-13 03:12:22 :  47> [G]:  14366 [E]:  95217 [D]:  595 [T]: 1 [TH]: 9, In
2015-07-13 03:12:28 :  48> [G]:  62783 [E]:  40154 [D]:  203 [T]: 2 [TH]: 9, In
2015-07-13 03:12:32 :  49> [G]: 302742 [E]: 302521 [D]: 1052 [T]: 1 [TH]: 8, In
2015-07-13 03:12:38 :  50> [G]:  12971 [E]:  15028 [D]:  521 [T]: 2 [TH]: 9, In
2015-07-13 03:12:43 :  51> [G]:  72339 [E]: 124154 [D]: 1022 [T]:27 [TH]:10, In
2015-07-13 03:12:49 :  52> [G]:  26362 [E]:  24716 [D]:  996 [T]: 1 [TH]: 9, In
2015-07-13 03:12:55 :  53> [G]:   6413 [E]: 117755 [D]: 1520 [T]: 5 [TH]: 9, In
2015-07-13 03:13:03 :  54> [G]:  49007 [E]: 170359 [D]:  960 [T]: 1 [TH]: 9, In
2015-07-13 03:13:09 :  55> [G]:  47883 [E]:   6711 [D]:  840 [T]: 6 [TH]: 9, In
2015-07-13 03:13:15 :  56> [G]:  59715 [E]:   3906 [D]:   53 [T]: 3 [TH]: 9, In
2015-07-13 03:13:22 :  57> [G]: 134680 [E]:  59258 [D]:  230 [T]: 2 [TH]: 9, In
2015-07-13 03:13:29 :  58> [G]: 203426 [E]: 178525 [D]:  463 [T]: 1 [TH]: 9, In
2015-07-13 03:13:34 :  59> [G]:  10341 [E]:   2504 [D]: 1387 [T]: 1 [TH]: 9, In
2015-07-13 03:13:44 :  60> [G]:  87539 [E]:  88276 [D]: 1355 [T]:30 [TH]:10, In
2015-07-13 03:13:52 :  61> [G]:  22537 [E]:  53379 [D]:  243 [T]: 1 [TH]: 9, In
2015-07-13 03:13:58 :  62> [G]:  59780 [E]:  75923 [D]: 1582 [T]: 1 [TH]: 9, In
2015-07-13 03:14:03 :  63> [G]: 127704 [E]: 278864 [D]:  486 [T]: 3 [TH]: 9, In
2015-07-13 03:14:09 :  64> [G]: 105402 [E]:  98056 [D]:  350 [T]: 2 [TH]: 9, In
2015-07-13 03:14:15 :  65> [G]:  41191 [E]:  24921 [D]: 1149 [T]: 1 [TH]: 9, In
2015-07-13 03:14:22 :  66> [G]:  62159 [E]: 120630 [D]:  423 [T]: 4 [TH]: 9, In
2015-07-13 03:14:26 :  67> [G]: 163749 [E]:  91507 [D]:  699 [T]: 2 [TH]: 9, In
2015-07-13 03:14:31 :  68> [G]:  46831 [E]:  36876 [D]:   21 [T]: 1 [TH]: 9, In
2015-07-13 03:14:37 :  69> [G]:  86749 [E]: 141302 [D]: 1133 [T]: 1 [TH]: 9, In
2015-07-13 03:14:43 :  70> [G]:   6042 [E]:   6271 [D]:  402 [T]: 1 [TH]: 9, In
2015-07-13 03:14:50 :  71> [G]: 121388 [E]:   9503 [D]: 1232 [T]: 2 [TH]: 9, In
2015-07-13 03:14:56 :  72> [G]:  96449 [E]:  64642 [D]:  534 [T]: 3 [TH]: 9, In
2015-07-13 03:15:03 :  73> [G]:  11492 [E]:  98570 [D]:  457 [T]: 1 [TH]: 9, In
2015-07-13 03:15:10 :  74> [G]:  26063 [E]:  30269 [D]:  653 [T]: 1 [TH]: 9, In
2015-07-13 03:15:17 :  75> [G]:  26850 [E]: 106008 [D]:  496 [T]: 6 [TH]: 9, In
2015-07-13 03:15:25 :  76> [G]:  76716 [E]: 148260 [D]: 1591 [T]: 1 [TH]: 9, In
2015-07-13 03:15:32 :  77> [G]:  52644 [E]:  67845 [D]: 1033 [T]: 1 [TH]: 9, In
2015-07-13 03:15:36 :  78> [G]:  57192 [E]:  71896 [D]:  202 [T]: 3 [TH]: 9, In
2015-07-13 03:15:41 :  79> [G]:  78949 [E]: 359393 [D]: 1344 [T]:16 [TH]: 9, In
2015-07-13 03:15:47 :  80> [G]:  65277 [E]:  67755 [D]:  114 [T]: 5 [TH]: 9, In
2015-07-13 03:15:54 :  81> [G]:  79440 [E]: 194281 [D]:  581 [T]: 2 [TH]: 9, In
2015-07-13 03:16:00 :  82> [G]: 115900 [E]:  78915 [D]:  669 [T]: 3 [TH]: 9, In
2015-07-13 03:16:07 :  83> [G]:  95550 [E]: 161295 [D]: 1198 [T]: 1 [TH]: 9, In
2015-07-13 03:16:11 :  84> [G]:  31045 [E]:  51955 [D]: 1534 [T]: 3 [TH]: 9, In
2015-07-13 03:16:16 :  85> [G]:  49994 [E]:  68350 [D]:  388 [T]: 6 [TH]: 9, In
2015-07-13 03:16:21 :  86> [G]: 164265 [E]: 120768 [D]:  849 [T]: 2 [TH]: 9, In
2015-07-13 03:16:27 :  87> [G]:  67564 [E]:  24862 [D]:  327 [T]: 2 [TH]: 9, In
2015-07-13 03:16:33 :  88> [G]:  60435 [E]:  30112 [D]:  288 [T]: 1 [TH]: 9, In
2015-07-13 03:16:40 :  89> [G]:  16791 [E]:  41139 [D]:  445 [T]: 3 [TH]: 9, In
2015-07-13 03:16:46 :  90> [G]:  60709 [E]:  67908 [D]: 1417 [T]: 2 [TH]: 9, In
2015-07-13 03:16:56 :  91> [G]:  76435 [E]: 155103 [D]: 2424 [T]:14 [TH]:10, In
2015-07-13 03:17:06 :  92> [G]: 212343 [E]: 194914 [D]: 2582 [T]:20 [TH]:10, In
2015-07-13 03:17:11 :  93> [G]:  58399 [E]:  89783 [D]: 1037 [T]: 1 [TH]: 9, In
2015-07-13 03:17:17 :  94> [G]:  19463 [E]:  32372 [D]:  299 [T]: 1 [TH]: 9, In
2015-07-13 03:17:25 :  95> [G]:  30278 [E]:  61131 [D]: 1486 [T]: 2 [TH]: 9, In
2015-07-13 03:17:31 :  96> [G]:  85839 [E]:  93690 [D]:  327 [T]: 2 [TH]: 9, In
2015-07-13 03:17:37 :  97> [G]: 144007 [E]:  26853 [D]:  462 [T]: 1 [TH]: 9, In
2015-07-13 03:17:42 :  98> [G]:  70064 [E]: 237807 [D]: 2866 [T]: 4 [TH]: 9, In
2015-07-13 03:17:51 :  99> [G]:  53277 [E]: 152037 [D]:  476 [T]: 2 [TH]: -, -
2015-07-13 03:17:53 : Not Zoomed Out! Exiting to MainScreen...
2015-07-13 03:17:53 : Trying to locate Main Screen
2015-07-13 03:17:55 : Waiting for Main Screen
2015-07-13 03:18:10 : Main Screen Located
2015-07-13 03:18:14 : 100> [G]:        [E]:        [D]:  N/A [T]:   [TH]: 8, In
2015-07-13 03:18:16 : Trying to locate Main Screen
2015-07-13 03:18:16 : Main Screen Located
2015-07-13 03:18:18 : Collecting Resources
2015-07-13 03:18:27 : Checking if Village needs Rearming..
