2015-07-11 18:19:27 : ~~~ Clash Game Bot v4.0 Powered by GameBot.org ~~~
2015-07-11 18:19:27 : Au3 Script running on WIN_81  X64
2015-07-11 18:19:27 : =================== Bot Start ====================
2015-07-11 18:19:27 : Trying to locate Main Screen
2015-07-11 18:19:27 : Zooming Out
2015-07-11 18:19:29 : Main Screen Located
2015-07-11 18:19:30 : Detecting your Buildings..
2015-07-11 18:19:31 : Town Hall Position: 433, 308
2015-07-11 18:19:32 : Taking snapshot for later review
2015-07-11 18:19:37 : Read building Name String = Town Hall (Level 8)
2015-07-11 18:19:37 : 1st $aString = 2, Town Hall , Level 8)
2015-07-11 18:19:37 : 2nd $aString = 2, Level 8, 
2015-07-11 18:19:37 : 3rd $aString = 2, Level, 8
2015-07-11 18:19:37 : Your Town Hall is Level: 8
2015-07-11 18:19:38 : Language setting is English: Correct.
2015-07-11 18:19:39 : Trying to locate Main Screen
2015-07-11 18:19:39 : Main Screen Located
2015-07-11 18:19:40 : Halt Attack, Stay Online/Train/Collect/Donate...
2015-07-11 18:19:43 : Collecting Resources
2015-07-11 18:19:50 : Checking if Village needs Rearming..
2015-07-11 18:19:52 : Taking snapshot for later review
2015-07-11 18:20:01 : Village Report
2015-07-11 18:20:01 : No. of Free/Total Builders: 0/5
2015-07-11 18:20:02 :  [T]: 3 166
2015-07-11 18:20:02 :  [G]: 413 315 [E]: 5 359 977 [D]: 78 725 [GEM]: 2 021
2015-07-11 18:20:06 : Chat Request: I need reinforcement troops
2015-07-11 18:20:08 : Func Train 
2015-07-11 18:20:08 : Checking Army Camp...
2015-07-11 18:20:09 : $sArmyInfo = 200#200
2015-07-11 18:20:09 : $CurCamp = 200
2015-07-11 18:20:09 : $TotalCamp = 200
2015-07-11 18:20:10 : Total Army Camp capacity: 200/200
2015-07-11 18:20:10 : Training Troops...
2015-07-11 18:20:12 : This is not a Barrack
2015-07-11 18:20:12 : Barrack1 selected
2015-07-11 18:20:12 : Barrack1 selected
2015-07-11 18:20:12 : Barrack1 selected
2015-07-11 18:20:13 : Barrack2 selected
2015-07-11 18:20:13 : Barrack2 selected
2015-07-11 18:20:13 : Barrack3 selected
2015-07-11 18:20:14 : Barrack3 selected
2015-07-11 18:20:14 : Barrack4 selected
2015-07-11 18:20:14 : Barrack4 selected
2015-07-11 18:20:15 : This is not a Barrack
2015-07-11 18:20:15 : This is not a Barrack
2015-07-11 18:20:15 : This is not a Barrack
2015-07-11 18:20:15 : This is not a Barrack
2015-07-11 18:20:15 : This is not a Barrack
2015-07-11 18:20:17 : Barrack4 selected
2015-07-11 18:20:17 : AfterAttack: True
2015-07-11 18:20:19 : Barrack3 selected
2015-07-11 18:20:19 : AfterAttack: True
2015-07-11 18:20:22 : Barrack2 selected
2015-07-11 18:20:22 : AfterAttack: True
2015-07-11 18:20:25 : Barrack1 selected
2015-07-11 18:20:25 : AfterAttack: True
2015-07-11 18:20:28 : This is not a Barrack
2015-07-11 18:20:29 : This is not a Dark Barrack
2015-07-11 18:20:30 : Dark Barrack2 selected
2015-07-11 18:20:30 : Dark Barrack2 selected
2015-07-11 18:20:32 : This is not a Dark Barrack
2015-07-11 18:20:33 : This is not a Dark Barrack
2015-07-11 18:20:33 : This is not a Dark Barrack
2015-07-11 18:20:33 : This is not a Dark Barrack
2015-07-11 18:20:33 : This is not a Dark Barrack
2015-07-11 18:20:35 : This is not a Dark Barrack
2015-07-11 18:20:35 : ---================================================================---
2015-07-11 18:20:39 : Requesting Clan Castle Troops
2015-07-11 18:20:39 : Your Clan Castle is already full or you are not in a clan.
2015-07-11 18:20:40 : Checking Troop Upgrade in Laboratory ...
2015-07-11 18:20:40 : Updating village values [E]: 5359977 [D]: 78718
2015-07-11 18:20:41 : ButtonPixel = 483, 565
2015-07-11 18:20:41 : #1: 050602, #2: 708CB0, #3: 603818, #4: D8FF58
2015-07-11 18:20:41 : Taking snapshot for later review
2015-07-11 18:20:43 : Taking snapshot for later review
2015-07-11 18:20:43 : Taking debug snapshot for later review
2015-07-11 18:20:43 : Barbarian
2015-07-11 18:20:43 : _GetPixelColor(+47, +6): DFDFDF
2015-07-11 18:20:43 : _GetPixelColor(+68, +79): FFFFFF
2015-07-11 18:20:43 : _GetPixelColor(+68, +82): FEFEFE
2015-07-11 18:20:43 : _GetPixelColor(+81, +82): 909090
2015-07-11 18:20:43 : _GetPixelColor(+49, +78): FBFBFB
2015-07-11 18:20:43 : _GetPixelColor(+79, +78): 7E7E7E
2015-07-11 18:20:43 : _GetPixelColor(+3, +19): CBCBCB
2015-07-11 18:20:43 : _GetPixelColor(+8, +59): 303030
2015-07-11 18:20:43 : Taking debug snapshot for later review
2015-07-11 18:20:44 : Archer
2015-07-11 18:20:44 : _GetPixelColor(+47, +6): 9D9D9D
2015-07-11 18:20:44 : _GetPixelColor(+68, +79): FFFFFF
2015-07-11 18:20:44 : _GetPixelColor(+68, +82): FEFEFE
2015-07-11 18:20:44 : _GetPixelColor(+81, +82): 8F8F8F
2015-07-11 18:20:44 : _GetPixelColor(+49, +78): F9F9F9
2015-07-11 18:20:44 : _GetPixelColor(+79, +78): 797979
2015-07-11 18:20:44 : _GetPixelColor(+3, +19): CBCBCB
2015-07-11 18:20:44 : _GetPixelColor(+8, +59): 303030
2015-07-11 18:20:44 : Taking debug snapshot for later review
2015-07-11 18:20:44 : Giant
2015-07-11 18:20:44 : _GetPixelColor(+47, +6): D2D2D2
2015-07-11 18:20:44 : _GetPixelColor(+68, +79): FFFFFF
2015-07-11 18:20:44 : _GetPixelColor(+68, +82): FEFEFE
2015-07-11 18:20:44 : _GetPixelColor(+81, +82): 909090
2015-07-11 18:20:44 : _GetPixelColor(+49, +78): FBFBFB
2015-07-11 18:20:44 : _GetPixelColor(+79, +78): 7F7F7F
2015-07-11 18:20:44 : _GetPixelColor(+3, +19): D5D5D5
2015-07-11 18:20:44 : _GetPixelColor(+8, +59): 303030
2015-07-11 18:20:44 : Taking debug snapshot for later review
2015-07-11 18:20:45 : Goblin
2015-07-11 18:20:45 : _GetPixelColor(+47, +6): C1C1C1
2015-07-11 18:20:45 : _GetPixelColor(+68, +79): FFFFFF
2015-07-11 18:20:45 : _GetPixelColor(+68, +82): FEFEFE
2015-07-11 18:20:45 : _GetPixelColor(+81, +82): 8F8F8F
2015-07-11 18:20:45 : _GetPixelColor(+49, +78): F9F9F9
2015-07-11 18:20:45 : _GetPixelColor(+79, +78): 7C7C7C
2015-07-11 18:20:45 : _GetPixelColor(+3, +19): D5D5D5
2015-07-11 18:20:45 : _GetPixelColor(+8, +59): 303030
2015-07-11 18:20:45 : Taking debug snapshot for later review
2015-07-11 18:20:45 : Wall Breaker
2015-07-11 18:20:45 : _GetPixelColor(+47, +6): BEBEBE
2015-07-11 18:20:45 : _GetPixelColor(+68, +79): EAEAEA
2015-07-11 18:20:45 : _GetPixelColor(+68, +82): 424242
2015-07-11 18:20:45 : _GetPixelColor(+81, +82): 8E8E8E
2015-07-11 18:20:45 : _GetPixelColor(+49, +78): DDDDDD
2015-07-11 18:20:45 : _GetPixelColor(+79, +78): 7A7A7A
2015-07-11 18:20:45 : _GetPixelColor(+3, +19): B2B2B2
2015-07-11 18:20:45 : _GetPixelColor(+8, +59): 292929
2015-07-11 18:20:45 : Taking debug snapshot for later review
2015-07-11 18:20:45 : Balloon
2015-07-11 18:20:45 : _GetPixelColor(+47, +6): 959595
2015-07-11 18:20:45 : _GetPixelColor(+68, +79): E7E7E7
2015-07-11 18:20:45 : _GetPixelColor(+68, +82): 3F3F3F
2015-07-11 18:20:46 : _GetPixelColor(+81, +82): 8E8E8E
2015-07-11 18:20:46 : _GetPixelColor(+49, +78): D4D4D4
2015-07-11 18:20:46 : _GetPixelColor(+79, +78): 767676
2015-07-11 18:20:46 : _GetPixelColor(+3, +19): B3B3B3
2015-07-11 18:20:46 : _GetPixelColor(+8, +59): 292929
2015-07-11 18:20:46 : Taking debug snapshot for later review
2015-07-11 18:20:46 : Wizard
2015-07-11 18:20:46 : _GetPixelColor(+47, +6): 4F4F4F
2015-07-11 18:20:46 : _GetPixelColor(+68, +79): 121212
2015-07-11 18:20:46 : _GetPixelColor(+68, +82): 000000
2015-07-11 18:20:46 : _GetPixelColor(+81, +82): 171717
2015-07-11 18:20:46 : _GetPixelColor(+49, +78): 000000
2015-07-11 18:20:46 : _GetPixelColor(+79, +78): 888888
2015-07-11 18:20:46 : _GetPixelColor(+3, +19): CCCCCC
2015-07-11 18:20:46 : _GetPixelColor(+8, +59): A1A1A1
2015-07-11 18:20:46 : Taking debug snapshot for later review
2015-07-11 18:20:46 : Healer
2015-07-11 18:20:46 : _GetPixelColor(+47, +6): FBFBFB
2015-07-11 18:20:46 : _GetPixelColor(+68, +79): FFFFFF
2015-07-11 18:20:46 : _GetPixelColor(+68, +82): FFFFFF
2015-07-11 18:20:46 : _GetPixelColor(+81, +82): 8F8F8F
2015-07-11 18:20:46 : _GetPixelColor(+49, +78): FCFCFC
2015-07-11 18:20:46 : _GetPixelColor(+79, +78): 7A7A7A
2015-07-11 18:20:46 : _GetPixelColor(+3, +19): CDCDCD
2015-07-11 18:20:46 : _GetPixelColor(+8, +59): 9F9F9F
2015-07-11 18:20:46 : Taking debug snapshot for later review
2015-07-11 18:20:47 : Dragon
2015-07-11 18:20:47 : _GetPixelColor(+47, +6): D1D1D1
2015-07-11 18:20:47 : _GetPixelColor(+68, +79): FFFFFF
2015-07-11 18:20:47 : _GetPixelColor(+68, +82): FEFEFE
2015-07-11 18:20:47 : _GetPixelColor(+81, +82): 909090
2015-07-11 18:20:47 : _GetPixelColor(+49, +78): FAFAFA
2015-07-11 18:20:47 : _GetPixelColor(+79, +78): 7F7F7F
2015-07-11 18:20:47 : _GetPixelColor(+3, +19): D5D5D5
2015-07-11 18:20:47 : _GetPixelColor(+8, +59): 303030
2015-07-11 18:20:47 : Taking debug snapshot for later review
2015-07-11 18:20:47 : Pekka
2015-07-11 18:20:47 : _GetPixelColor(+47, +6): C1C1C1
2015-07-11 18:20:47 : _GetPixelColor(+68, +79): FFFFFF
2015-07-11 18:20:47 : _GetPixelColor(+68, +82): FEFEFE
2015-07-11 18:20:47 : _GetPixelColor(+81, +82): 8F8F8F
2015-07-11 18:20:47 : _GetPixelColor(+49, +78): FBFBFB
2015-07-11 18:20:47 : _GetPixelColor(+79, +78): 7C7C7C
2015-07-11 18:20:47 : _GetPixelColor(+3, +19): D5D5D5
2015-07-11 18:20:47 : _GetPixelColor(+8, +59): 373737
2015-07-11 18:20:47 : Taking debug snapshot for later review
2015-07-11 18:20:48 : Lightning Spell
2015-07-11 18:20:48 : _GetPixelColor(+47, +6): BFBFBF
2015-07-11 18:20:48 : _GetPixelColor(+68, +79): FFFFFF
2015-07-11 18:20:48 : _GetPixelColor(+68, +82): FEFEFE
2015-07-11 18:20:48 : _GetPixelColor(+81, +82): 919191
2015-07-11 18:20:48 : _GetPixelColor(+49, +78): FAFAFA
2015-07-11 18:20:48 : _GetPixelColor(+79, +78): 808080
2015-07-11 18:20:48 : _GetPixelColor(+3, +19): D2D2D2
2015-07-11 18:20:48 : _GetPixelColor(+8, +59): 303030
2015-07-11 18:20:48 : Taking debug snapshot for later review
2015-07-11 18:20:48 : Healing Spell
2015-07-11 18:20:48 : _GetPixelColor(+47, +6): BBBBBB
2015-07-11 18:20:48 : _GetPixelColor(+68, +79): FFFFFF
2015-07-11 18:20:48 : _GetPixelColor(+68, +82): FFFFFF
2015-07-11 18:20:48 : _GetPixelColor(+81, +82): 8F8F8F
2015-07-11 18:20:48 : _GetPixelColor(+49, +78): FBFBFB
2015-07-11 18:20:48 : _GetPixelColor(+79, +78): 7E7E7E
2015-07-11 18:20:48 : _GetPixelColor(+3, +19): D3D3D3
2015-07-11 18:20:48 : _GetPixelColor(+8, +59): 303030
2015-07-11 18:20:48 : Barbarian Red text upgrade value = 
2015-07-11 18:20:48 : Barbarian White text upgrade value = 1500000
2015-07-11 18:20:48 : Archer Red text upgrade value = 
2015-07-11 18:20:48 : Archer White text upgrade value = 2250000
2015-07-11 18:20:49 : Giant Red text upgrade value = 
2015-07-11 18:20:49 : Giant White text upgrade value = 750000
2015-07-11 18:20:49 : Goblin Red text upgrade value = 
2015-07-11 18:20:49 : Goblin White text upgrade value = 750000
2015-07-11 18:20:49 : Wall Breaker Red text upgrade value = 
2015-07-11 18:20:49 : Wall Breaker White text upgrade value = 750000
2015-07-11 18:20:49 : Balloon Red text upgrade value = 
2015-07-11 18:20:49 : Balloon White text upgrade value = 2500000
2015-07-11 18:20:49 : Wizard Red text upgrade value = 
2015-07-11 18:20:49 : Wizard White text upgrade value = 
2015-07-11 18:20:49 : Healer Red text upgrade value = 
2015-07-11 18:20:49 : Healer White text upgrade value = 750000
2015-07-11 18:20:49 : Dragon Red text upgrade value = 
2015-07-11 18:20:49 : Dragon White text upgrade value = 3000000
2015-07-11 18:20:49 : Pekka Red text upgrade value = 
2015-07-11 18:20:49 : Pekka White text upgrade value = 3000000
2015-07-11 18:20:49 : Lightning Spell Red text upgrade value = 
2015-07-11 18:20:49 : Lightning Spell White text upgrade value = 2000000
2015-07-11 18:20:49 : Healing Spell Red text upgrade value = 
2015-07-11 18:20:49 : Healing Spell White text upgrade value = 2400000
2015-07-11 18:20:50 : Taking snapshot for later review
2015-07-11 18:20:52 : Something went wrong with Healing Spell Upgrade, try again.
