2015-07-11 20:44:00 : ~~~ Clash Game Bot v4.0 Powered by GameBot.org ~~~
2015-07-11 20:44:00 : Au3 Script running on WIN_81  X64
2015-07-11 20:44:00 : =================== Bot Start ====================
2015-07-11 20:44:00 : Trying to locate Main Screen
2015-07-11 20:44:00 : Main Screen Located
2015-07-11 20:44:00 : Click 1,1,1,0 #0166 | Away
2015-07-11 20:44:01 : Detecting your Buildings..
2015-07-11 20:44:01 : Click 1,1,2,200 
2015-07-11 20:44:02 : Town Hall Position: 433, 308
2015-07-11 20:44:02 : Click 433,313,1,0 
2015-07-11 20:44:04 : Taking snapshot for later review
2015-07-11 20:44:08 : Read building Name String = Town Hall (Level 8)
2015-07-11 20:44:09 : 1st $aString = 2, Town Hall , Level 8)
2015-07-11 20:44:09 : 2nd $aString = 2, Level 8, 
2015-07-11 20:44:09 : 3rd $aString = 2, Level, 8
2015-07-11 20:44:09 : Your Town Hall is Level: 8
2015-07-11 20:44:09 : Click 1,1,2,200 
2015-07-11 20:44:09 : Language setting is English: Correct.
2015-07-11 20:44:10 : Trying to locate Main Screen
2015-07-11 20:44:10 : Main Screen Located
2015-07-11 20:44:11 : Halt Attack, Stay Online/Train/Collect/Donate...
2015-07-11 20:44:14 : Click 1,1,1,0 #0332 | Away
2015-07-11 20:44:16 : Checking if Village needs Rearming..
2015-07-11 20:44:16 : Click 1,1,1,0 #0224 | Away
2015-07-11 20:44:17 : Click 433,313,1,0 #0225 | Rearm - Click Town Hall
2015-07-11 20:44:18 : Taking snapshot for later review
2015-07-11 20:44:24 : Click 1,1,1,0 #0234 | Away
2015-07-11 20:44:27 : PureClick 1,1,1,0 #0319 | Away
2015-07-11 20:44:27 : Village Report
2015-07-11 20:44:28 : No. of Free/Total Builders: 0/5
2015-07-11 20:44:28 :  [T]: 3 166
2015-07-11 20:44:28 :  [G]: 415 680 [E]: 5 292 162 [D]: 78 589 [GEM]: 2 021
2015-07-11 20:44:30 : Click 1,1,1,0 #0167 | Away
2015-07-11 20:44:30 : Click 19,349,1,0 #0168 | Donate - Open Chat
2015-07-11 20:44:30 : Click 189,24,1,0 #0169 | Donate - Select Clan Tab
2015-07-11 20:44:31 : Click 331,330,1,0 #0173 | Donate - Click Chat
2015-07-11 20:44:32 : Func Train 
2015-07-11 20:44:32 : Checking Army Camp...
2015-07-11 20:44:32 : Click 1,1,1,0 #0292 | Away
2015-07-11 20:44:33 : Click 40,525,1,0 #0293 | Train - Click Army Camp
2015-07-11 20:44:34 : $sArmyInfo = 200#200
2015-07-11 20:44:34 : $CurCamp = 200
2015-07-11 20:44:34 : $TotalCamp = 200
2015-07-11 20:44:34 : Total Army Camp capacity: 200/200
2015-07-11 20:44:34 : Click 1,1,1,0 #0295 | Away
2015-07-11 20:44:34 : Training Troops...
2015-07-11 20:44:34 : Click 1,1,1,0 #0268 | Away
2015-07-11 20:44:35 : Click 40,525,1,0 #0293 | Train - Click Army Camp
2015-07-11 20:44:36 : Click 773,337,1,0 #9999
2015-07-11 20:44:36 : This is not a Barrack
2015-07-11 20:44:37 : This is not a Barrack
2015-07-11 20:44:37 : Barrack1 selected
2015-07-11 20:44:37 : Barrack1 selected
2015-07-11 20:44:37 : Barrack1 selected
2015-07-11 20:44:37 : Click 773,337,1,0 #0271 | Train - Next Button 
2015-07-11 20:44:38 : Barrack2 selected
2015-07-11 20:44:38 : Barrack2 selected
2015-07-11 20:44:38 : Click 773,337,1,0 #0271 | Train - Next Button 
2015-07-11 20:44:38 : Barrack3 selected
2015-07-11 20:44:38 : Barrack3 selected
2015-07-11 20:44:38 : Click 773,337,1,0 #0271 | Train - Next Button 
2015-07-11 20:44:39 : Barrack4 selected
2015-07-11 20:44:39 : Barrack4 selected
2015-07-11 20:44:39 : Click 773,337,1,0 #0271 | Train - Next Button 
2015-07-11 20:44:40 : This is not a Barrack
2015-07-11 20:44:40 : This is not a Barrack
2015-07-11 20:44:40 : This is not a Barrack
2015-07-11 20:44:40 : This is not a Barrack
2015-07-11 20:44:40 : This is not a Barrack
2015-07-11 20:44:40 : Click 84,336,1,0 #0272 | Train - Prev Button 
2015-07-11 20:44:42 : Barrack4 selected
2015-07-11 20:44:42 : AfterAttack: True
2015-07-11 20:44:42 : Click 546,425,3,10 #0282 | Train - Train Dragon
2015-07-11 20:44:42 : Color: E8E8E0
2015-07-11 20:44:42 : Color: 8F8F8F
2015-07-11 20:44:43 : Click 84,336,1,0 #0325 | Train - Prev Button 
2015-07-11 20:44:43 : Color: E8E8E0
2015-07-11 20:44:44 : Color: 888070
2015-07-11 20:44:44 : Color: 888070
2015-07-11 20:44:44 : Color: F0F0E8
2015-07-11 20:44:44 : Barrack3 selected
2015-07-11 20:44:44 : AfterAttack: True
2015-07-11 20:44:44 : Color: F04276
2015-07-11 20:44:44 : Click 496,197,10,0 #0273 | Train - Remove Troops
2015-07-11 20:44:44 : Color: E8E8E0
2015-07-11 20:44:44 : Color: E8E8E0
2015-07-11 20:44:44 : Color: E8E8E0
2015-07-11 20:44:44 : Color: E8E8E0
2015-07-11 20:44:44 : Color: E8E8E0
2015-07-11 20:44:44 : Color: E8E8E0
2015-07-11 20:44:44 : Color: E8E8E0
2015-07-11 20:44:44 : Color: E8E8E0
2015-07-11 20:44:44 : Color: E8E8E0
2015-07-11 20:44:44 : Color: E8E8E0
2015-07-11 20:44:44 : Color: F04276
2015-07-11 20:44:44 : Click 496,197,10,0 #0273 | Train - Remove Troops
2015-07-11 20:44:44 : Color: E8E8E0
2015-07-11 20:44:44 : Color: E8E8E0
2015-07-11 20:44:44 : Color: E8E8E0
2015-07-11 20:44:44 : Color: E8E8E0
2015-07-11 20:44:45 : Color: E8E8E0
2015-07-11 20:44:45 : Color: E8E8E0
2015-07-11 20:44:45 : Color: E8E8E0
2015-07-11 20:44:45 : Color: E8E8E0
2015-07-11 20:44:45 : Color: E8E8E0
2015-07-11 20:44:45 : Color: E8E8E0
2015-07-11 20:44:45 : Color: 625990
2015-07-11 20:44:45 : Click 496,197,10,0 #0273 | Train - Remove Troops
2015-07-11 20:44:45 : Color: E8E8E0
2015-07-11 20:44:45 : Color: E8E8E0
2015-07-11 20:44:45 : Color: E8E8E0
2015-07-11 20:44:45 : Color: E8E8E0
2015-07-11 20:44:45 : Color: E8E8E0
2015-07-11 20:44:45 : Color: E8E8E0
2015-07-11 20:44:45 : Color: E8E8E0
2015-07-11 20:44:45 : Color: E8E8E0
2015-07-11 20:44:45 : Color: E8E8E0
2015-07-11 20:44:45 : Color: E8E8E0
2015-07-11 20:44:45 : Color: D1D0C2
2015-07-11 20:44:46 : Click 331,320,15,10 #0275 | Train - Train Archer
2015-07-11 20:44:46 : Color: E8E8E0
2015-07-11 20:44:46 : Color: E05AD0
2015-07-11 20:44:46 : Color: FFFFFF
2015-07-11 20:44:46 : Color: E8E8E0
2015-07-11 20:44:46 : Color: E05AD0
2015-07-11 20:44:46 : Color: FFFFFF
2015-07-11 20:44:46 : Color: E8E8E0
2015-07-11 20:44:46 : Color: FF79F5
2015-07-11 20:44:46 : Color: FFFFFF
2015-07-11 20:44:46 : Color: E8E8E0
2015-07-11 20:44:46 : Color: FE76F1
2015-07-11 20:44:46 : Color: FFFFFF
2015-07-11 20:44:46 : Color: E8E8E0
2015-07-11 20:44:46 : Color: FF79F5
2015-07-11 20:44:46 : Color: FFFFFF
2015-07-11 20:44:46 : Color: E8E8E0
2015-07-11 20:44:46 : Color: FE76F1
2015-07-11 20:44:46 : Color: FFFFFF
2015-07-11 20:44:46 : Color: E8E8E0
2015-07-11 20:44:46 : Color: FE76F1
2015-07-11 20:44:46 : Color: FFFFFF
2015-07-11 20:44:46 : Color: E8E8E0
2015-07-11 20:44:46 : Color: FF79F5
2015-07-11 20:44:46 : Color: FFFFFF
2015-07-11 20:44:46 : Color: E8E8E0
2015-07-11 20:44:46 : Color: FF79F5
2015-07-11 20:44:46 : Color: FFFFFF
2015-07-11 20:44:47 : Color: E8E8E0
2015-07-11 20:44:47 : Color: FF79F5
2015-07-11 20:44:47 : Color: FFFFFF
2015-07-11 20:44:47 : Color: E8E8E0
2015-07-11 20:44:47 : Color: FE76F1
2015-07-11 20:44:47 : Color: FFFFFF
2015-07-11 20:44:47 : Color: E8E8E0
2015-07-11 20:44:47 : Color: FF79F5
2015-07-11 20:44:47 : Color: FFFFFF
2015-07-11 20:44:47 : Color: E8E8E0
2015-07-11 20:44:47 : Color: FF79F5
2015-07-11 20:44:47 : Color: FFFFFF
2015-07-11 20:44:47 : Color: E8E8E0
2015-07-11 20:44:47 : Color: FF7BF6
2015-07-11 20:44:47 : Color: FFFFFF
2015-07-11 20:44:47 : Color: E8E8E0
2015-07-11 20:44:47 : Color: FF79F5
2015-07-11 20:44:47 : Color: FFFFFF
2015-07-11 20:44:47 : Click 546,425,3,10 #0282 | Train - Train Dragon
2015-07-11 20:44:47 : Color: E8E8E0
2015-07-11 20:44:47 : Color: E058D7
2015-07-11 20:44:47 : Color: FFFFFF
2015-07-11 20:44:47 : Color: E8E8E0
2015-07-11 20:44:47 : Color: E058D7
2015-07-11 20:44:47 : Color: FFFFFF
2015-07-11 20:44:47 : Color: E8E8E0
2015-07-11 20:44:47 : Color: FF7BF5
2015-07-11 20:44:47 : Color: FFFFFF
2015-07-11 20:44:48 : Click 84,336,1,0 #0325 | Train - Prev Button 
2015-07-11 20:44:48 : Color: E8E8E0
2015-07-11 20:44:49 : Color: 888070
2015-07-11 20:44:49 : Color: F0F0E8
2015-07-11 20:44:49 : Barrack2 selected
2015-07-11 20:44:49 : AfterAttack: True
2015-07-11 20:44:50 : Click 546,425,3,10 #0282 | Train - Train Dragon
2015-07-11 20:44:50 : Color: E8E8E0
2015-07-11 20:44:50 : Color: 8F8F8F
2015-07-11 20:44:50 : Click 84,336,1,0 #0325 | Train - Prev Button 
2015-07-11 20:44:50 : Color: E8E8E0
2015-07-11 20:44:51 : Color: F0F0E8
2015-07-11 20:44:51 : Barrack1 selected
2015-07-11 20:44:51 : AfterAttack: True
2015-07-11 20:44:52 : Click 546,425,3,10 #0282 | Train - Train Dragon
2015-07-11 20:44:52 : Color: E8E8E0
2015-07-11 20:44:52 : Color: 8F8F8F
2015-07-11 20:44:52 : Click 84,336,1,0 #0325 | Train - Prev Button 
2015-07-11 20:44:52 : Color: E8E8E0
2015-07-11 20:44:54 : Color: 888070
2015-07-11 20:44:54 : Color: 888070
2015-07-11 20:44:54 : Color: 888070
2015-07-11 20:44:54 : Color: 888070
2015-07-11 20:44:54 : This is not a Barrack
2015-07-11 20:44:54 : Click 84,336,1,0 #0324
2015-07-11 20:44:54 : Color: E8E8E0
2015-07-11 20:44:55 : Color: 6B6964
2015-07-11 20:44:55 : Color: 888070
2015-07-11 20:44:55 : This is not a Dark Barrack
2015-07-11 20:44:55 : Click 84,336,1,0 #0324
2015-07-11 20:44:55 : Color: E8E8E0
2015-07-11 20:44:56 : Color: 6B6964
2015-07-11 20:44:56 : Color: F0F0E8
2015-07-11 20:44:56 : Dark Barrack2 selected
2015-07-11 20:44:56 : Color: 6B6964
2015-07-11 20:44:56 : Color: F0F0E8
2015-07-11 20:44:56 : Dark Barrack2 selected
2015-07-11 20:44:56 : Color: 71C8E0
2015-07-11 20:44:56 : Click 496,197,10,0 #0287 | Train - Remove Troops
2015-07-11 20:44:56 : Color: E8E8E0
2015-07-11 20:44:56 : Color: E8E8E0
2015-07-11 20:44:56 : Color: E8E8E0
2015-07-11 20:44:56 : Color: E8E8E0
2015-07-11 20:44:56 : Color: E8E8E0
2015-07-11 20:44:56 : Color: E8E8E0
2015-07-11 20:44:56 : Color: E8E8E0
2015-07-11 20:44:56 : Color: E8E8E0
2015-07-11 20:44:56 : Color: E8E8E0
2015-07-11 20:44:56 : Color: E8E8E0
2015-07-11 20:44:56 : Color: 71C8E0
2015-07-11 20:44:56 : Click 496,197,10,0 #0287 | Train - Remove Troops
2015-07-11 20:44:56 : Color: E8E8E0
2015-07-11 20:44:56 : Color: E8E8E0
2015-07-11 20:44:56 : Color: E8E8E0
2015-07-11 20:44:57 : Color: E8E8E0
2015-07-11 20:44:57 : Color: E8E8E0
2015-07-11 20:44:57 : Color: E8E8E0
2015-07-11 20:44:57 : Color: E8E8E0
2015-07-11 20:44:57 : Color: E8E8E0
2015-07-11 20:44:57 : Color: E8E8E0
2015-07-11 20:44:57 : Color: E8E8E0
2015-07-11 20:44:57 : Color: 71C8E0
2015-07-11 20:44:57 : Click 496,197,10,0 #0287 | Train - Remove Troops
2015-07-11 20:44:57 : Color: E8E8E0
2015-07-11 20:44:57 : Color: E8E8E0
2015-07-11 20:44:57 : Color: E8E8E0
2015-07-11 20:44:57 : Color: E8E8E0
2015-07-11 20:44:57 : Color: E8E8E0
2015-07-11 20:44:57 : Color: E8E8E0
2015-07-11 20:44:57 : Color: E8E8E0
2015-07-11 20:44:57 : Color: E8E8E0
2015-07-11 20:44:57 : Color: E8E8E0
2015-07-11 20:44:57 : Color: E8E8E0
2015-07-11 20:44:57 : Color: 71C8E0
2015-07-11 20:44:57 : Click 496,197,10,0 #0287 | Train - Remove Troops
2015-07-11 20:44:57 : Color: E8E8E0
2015-07-11 20:44:57 : Color: E8E8E0
2015-07-11 20:44:57 : Color: E8E8E0
2015-07-11 20:44:57 : Color: E8E8E0
2015-07-11 20:44:57 : Color: E8E8E0
2015-07-11 20:44:57 : Color: E8E8E0
2015-07-11 20:44:57 : Color: E8E8E0
2015-07-11 20:44:57 : Color: E8E8E0
2015-07-11 20:44:57 : Color: E8E8E0
2015-07-11 20:44:57 : Color: E8E8E0
2015-07-11 20:44:57 : Color: D1D0C2
2015-07-11 20:44:58 : Click 331,320,5,5 #0275 | Train - Train Archer
2015-07-11 20:44:58 : Color: E8E8E0
2015-07-11 20:44:58 : Color: 7FD3F7
2015-07-11 20:44:58 : Color: FDFDFD
2015-07-11 20:44:58 : Color: E8E8E0
2015-07-11 20:44:58 : Color: A7FBFF
2015-07-11 20:44:58 : Color: 858687
2015-07-11 20:44:58 : Color: E8E8E0
2015-07-11 20:44:58 : Color: 86DAFF
2015-07-11 20:44:58 : Color: 9D9E9D
2015-07-11 20:44:58 : Color: E8E8E0
2015-07-11 20:44:58 : Color: 634A49
2015-07-11 20:44:58 : Color: 929394
2015-07-11 20:44:58 : Color: E8E8E0
2015-07-11 20:44:58 : Color: 4B3B3B
2015-07-11 20:44:58 : Color: 858687
2015-07-11 20:44:59 : Click 220,320,16,5 #0274 | Train - Train Barbarian
2015-07-11 20:44:59 : Color: E8E8E0
2015-07-11 20:44:59 : Color: 7FD0F7
2015-07-11 20:44:59 : Color: 030303
2015-07-11 20:44:59 : Color: E8E8E0
2015-07-11 20:44:59 : Color: 7FD0F7
2015-07-11 20:44:59 : Color: 030303
2015-07-11 20:44:59 : Color: B5B5AF
2015-07-11 20:44:59 : Color: 4B5063
2015-07-11 20:44:59 : Color: FFFFFF
2015-07-11 20:44:59 : Color: B5B5AF
2015-07-11 20:44:59 : Color: 4B5063
2015-07-11 20:44:59 : Color: 374143
2015-07-11 20:44:59 : Color: E8E8E0
2015-07-11 20:44:59 : Color: 4B5063
2015-07-11 20:44:59 : Color: 374143
2015-07-11 20:45:00 : Color: E8E8E0
2015-07-11 20:45:00 : Color: 7FD0F7
2015-07-11 20:45:00 : Color: 030303
2015-07-11 20:45:00 : Color: E8E8E0
2015-07-11 20:45:00 : Color: 7FD0F7
2015-07-11 20:45:00 : Color: 030303
2015-07-11 20:45:00 : Color: E8E8E0
2015-07-11 20:45:00 : Color: 565F77
2015-07-11 20:45:00 : Color: FFFFFF
2015-07-11 20:45:00 : Color: E8E8E0
2015-07-11 20:45:00 : Color: 565F77
2015-07-11 20:45:00 : Color: F8F8FA
2015-07-11 20:45:00 : Color: B5B5AF
2015-07-11 20:45:00 : Color: 4B5063
2015-07-11 20:45:00 : Color: FFFFFF
2015-07-11 20:45:00 : Color: B5B5AF
2015-07-11 20:45:00 : Color: 4B5063
2015-07-11 20:45:00 : Color: FFFFFF
2015-07-11 20:45:01 : Color: E8E8E0
2015-07-11 20:45:01 : Color: 4B5063
2015-07-11 20:45:01 : Color: 374143
2015-07-11 20:45:01 : Color: B5B5AF
2015-07-11 20:45:01 : Color: 383B42
2015-07-11 20:45:01 : Color: FFFFFF
2015-07-11 20:45:01 : Color: B5B5AF
2015-07-11 20:45:01 : Color: 4B5063
2015-07-11 20:45:01 : Color: 374143
2015-07-11 20:45:01 : Color: B5B5AF
2015-07-11 20:45:01 : Color: 565F77
2015-07-11 20:45:01 : Color: F8F8FA
2015-07-11 20:45:01 : Color: B5B5AF
2015-07-11 20:45:01 : Color: 4B5063
2015-07-11 20:45:01 : Color: 374143
2015-07-11 20:45:01 : Click 84,336,1,0 #0289 | Train - Prev Button 
2015-07-11 20:45:01 : Color: E8E8E0
2015-07-11 20:45:02 : Color: 6B6964
2015-07-11 20:45:02 : Color: 888070
2015-07-11 20:45:02 : This is not a Dark Barrack
2015-07-11 20:45:02 : Color: 6B6964
2015-07-11 20:45:02 : Color: 888070
2015-07-11 20:45:02 : This is not a Dark Barrack
2015-07-11 20:45:03 : Color: 6B6964
2015-07-11 20:45:03 : Color: 888070
2015-07-11 20:45:03 : This is not a Dark Barrack
2015-07-11 20:45:03 : Color: 6B6964
2015-07-11 20:45:03 : Color: 888070
2015-07-11 20:45:03 : This is not a Dark Barrack
2015-07-11 20:45:03 : Color: 6B6964
2015-07-11 20:45:03 : Color: 888070
2015-07-11 20:45:03 : This is not a Dark Barrack
2015-07-11 20:45:05 : Color: 6B6964
2015-07-11 20:45:05 : Color: 888070
2015-07-11 20:45:05 : This is not a Dark Barrack
2015-07-11 20:45:05 : ---================================================================---
2015-07-11 20:45:05 : Click 1,1,2,250 #0291 | Away
2015-07-11 20:45:05 : Color: E8E8E0
2015-07-11 20:45:05 : Color: 5A3820
2015-07-11 20:45:06 : Color: 42B1CE
2015-07-11 20:45:06 : Color: 000000
2015-07-11 20:45:07 : Color: 000000
2015-07-11 20:45:08 : Color: 42B1CE
2015-07-11 20:45:08 : Color: 000000
2015-07-11 20:45:08 : Color: 000000
2015-07-11 20:45:09 : Color: 42B1CE
2015-07-11 20:45:09 : Color: 000000
2015-07-11 20:45:09 : Color: 000000
2015-07-11 20:45:09 : Requesting Clan Castle Troops
2015-07-11 20:45:09 : Click 40,525,1,0 #9999
2015-07-11 20:45:09 : Color: 5A3820
2015-07-11 20:45:09 : Color: 4E5F71
2015-07-11 20:45:09 : Color: 5E6A75
2015-07-11 20:45:09 : Color: BC2BD1
2015-07-11 20:45:09 : Color: D8D8D8
2015-07-11 20:45:09 : Your Clan Castle is already full or you are not in a clan.
2015-07-11 20:45:09 : Click 1,1,2,0 #9999
2015-07-11 20:45:09 : Color: E8E8E0
2015-07-11 20:45:09 : Color: E8E8E0
2015-07-11 20:45:10 : Color: 42B1CE
2015-07-11 20:45:10 : Color: 000000
2015-07-11 20:45:10 : Color: 000000
2015-07-11 20:45:11 : Color: 42B1CE
2015-07-11 20:45:11 : Color: 000000
2015-07-11 20:45:11 : Color: 000000
2015-07-11 20:45:13 : ClashGameBot was Paused!
