2015-07-12 16:14:33 : ~~~ Clash Game Bot v4.0 Powered by GameBot.org ~~~
2015-07-12 16:14:33 : Au3 Script running on WIN_81  X64
2015-07-12 16:14:33 : =================== Bot Start ====================
2015-07-12 16:14:33 : Trying to locate Main Screen
2015-07-12 16:14:33 : Main Screen Located
2015-07-12 16:14:34 : Detecting your Buildings..
2015-07-12 16:14:41 : Your Town Hall is Level: 8
2015-07-12 16:14:42 : Language setting is English: Correct.
2015-07-12 16:14:43 : Trying to locate Main Screen
2015-07-12 16:14:43 : Main Screen Located
2015-07-12 16:14:45 : Collecting Resources
2015-07-12 16:14:52 : Checking if Village needs Rearming..
2015-07-12 16:15:03 : Village Report
2015-07-12 16:15:03 : No. of Free/Total Builders: 0/5
2015-07-12 16:15:03 :  [T]: 3 144
2015-07-12 16:15:04 :  [G]: 512 621 [E]: 5 814 631 [D]: 79 106 [GEM]: 2 027
2015-07-12 16:15:08 : Checking Army Camp...
2015-07-12 16:15:10 : Total Army Camp capacity: 200/200
2015-07-12 16:15:10 : Training Troops...
2015-07-12 16:15:31 : Requesting Clan Castle Troops
2015-07-12 16:15:31 : Your Clan Castle is already full or you are not in a clan.
2015-07-12 16:15:33 : Checking Upgrade
2015-07-12 16:15:34 : Updating Village Resource Values
2015-07-12 16:15:34 : No. of Free/Total Builders: 0/5
2015-07-12 16:15:34 :  [T]: 3 144
2015-07-12 16:15:34 :  [G]: 512 621 [E]: 5 814 631 [D]: 79 078 [GEM]: 2 027
2015-07-12 16:15:34 : No builder available for upgrades
2015-07-12 16:15:35 : No free builder, Upgrade Walls skipped..
2015-07-12 16:15:37 : Going to Attack...
2015-07-12 16:15:42 : ============== Searching For Live Base ===============
2015-07-12 16:15:42 : ~~~~~~~~~~~~~~~ SEARCH CONDITIONS ~~~~~~~~~~~~~~~~
2015-07-12 16:15:42 : Meet: Gold or Elixir, TH Outside
2015-07-12 16:15:42 : ~~~~~~~~~~~~~~ RESOURCE CONDITIONS ~~~~~~~~~~~~~~~
2015-07-12 16:15:42 : Aim: [G]: 100000 [E]:      0 [D]:    0 [T]: 0, Out
2015-07-12 16:15:42 : ~~~~~~~~~~~~~~~ ADVANCED SETTINGS ~~~~~~~~~~~~~~~~
2015-07-12 16:15:42 : THSnipe Combo, 1 Tile(s), AttackTH, Attack2:Extreme
2015-07-12 16:15:42 : ==================================================
2015-07-12 16:15:53 :   1> [G]: 139256 [E]: 117089 [D]: 1755 [T]:21 [TH]:10, In
2015-07-12 16:16:00 :   2> [G]: 175700 [E]: 105492 [D]: 1125 [T]:11 [TH]: 9, In
2015-07-12 16:16:10 :   3> [G]: 136723 [E]: 172210 [D]: 1598 [T]:27 [TH]:10, In
2015-07-12 16:16:20 :   4> [G]: 105550 [E]:  47343 [D]: 1135 [T]:31 [TH]:10, In
2015-07-12 16:16:31 :   5> [G]: 252508 [E]:  92694 [D]: 2316 [T]:25 [TH]:10, In
2015-07-12 16:16:37 :   6> [G]:  48413 [E]: 122945 [D]:  797 [T]: 5 [TH]: 9, In
2015-07-12 16:16:43 :   7> [G]:  44965 [E]:  50241 [D]:  713 [T]: 4 [TH]: 9, In
2015-07-12 16:16:53 :   8> [G]:  40618 [E]: 118820 [D]:  746 [T]: 1 [TH]: 9, In
2015-07-12 16:17:00 :   9> [G]: 154912 [E]:  91416 [D]: 1195 [T]: 3 [TH]: 9, In
2015-07-12 16:17:06 :  10> [G]:  54895 [E]:  27265 [D]:   86 [T]: 1 [TH]: 9, In
2015-07-12 16:17:12 :  11> [G]:  82096 [E]: 144792 [D]: 1614 [T]: 1 [TH]: 9, In
2015-07-12 16:17:17 :  12> [G]:  38923 [E]:  65893 [D]: 1676 [T]: 2 [TH]: 9, In
2015-07-12 16:17:26 :  13> [G]: 137175 [E]: 180287 [D]:  973 [T]:14 [TH]:10, In
2015-07-12 16:17:35 :  14> [G]:  18162 [E]:  90922 [D]:  633 [T]: 4 [TH]: 9, In
2015-07-12 16:17:42 :  15> [G]:  65204 [E]:  17829 [D]:  807 [T]: 1 [TH]: 9, In
2015-07-12 16:17:49 :  16> [G]: 210564 [E]: 211711 [D]: 1829 [T]: 3 [TH]: 9, In
2015-07-12 16:17:53 :  17> [G]:  99034 [E]: 106644 [D]: 1948 [T]: 2 [TH]: 9, In
2015-07-12 16:17:59 :  18> [G]: 105063 [E]:  31436 [D]:  934 [T]: 1 [TH]: 9, In
2015-07-12 16:18:09 :  19> [G]:  95169 [E]: 141214 [D]: 2039 [T]:23 [TH]:10, In
2015-07-12 16:18:15 :  20> [G]:  57582 [E]:  15020 [D]: 1127 [T]: 1 [TH]: 9, In
2015-07-12 16:18:21 :  21> [G]:  47974 [E]:  81007 [D]: 1822 [T]: 4 [TH]: 9, In
2015-07-12 16:18:26 :  22> [G]:  98152 [E]: 124767 [D]: 1287 [T]:27 [TH]:10, In
2015-07-12 16:18:32 :  23> [G]:  10167 [E]:    772 [D]:    5 [T]: 1 [TH]: 9, In
2015-07-12 16:18:38 :  24> [G]:  26154 [E]:  88549 [D]:  752 [T]: 1 [TH]: 9, In
2015-07-12 16:18:45 :  25> [G]:  45028 [E]:   1719 [D]: 1285 [T]: 1 [TH]: 9, In
2015-07-12 16:18:51 :  26> [G]:  65753 [E]:  25566 [D]:  561 [T]: 3 [TH]: 9, In
2015-07-12 16:18:57 :  27> [G]:  31165 [E]:  66973 [D]:  777 [T]: 1 [TH]: 9, In
2015-07-12 16:19:03 :  28> [G]:  71223 [E]:  71603 [D]: 1782 [T]: 1 [TH]: 9, In
2015-07-12 16:19:10 :  29> [G]: 121136 [E]:  75094 [D]: 1201 [T]: 1 [TH]: 9, In
2015-07-12 16:19:16 :  30> [G]:   7375 [E]: 150589 [D]:  732 [T]: 2 [TH]: 9, In
2015-07-12 16:19:25 :  31> [G]:  45777 [E]:   6488 [D]:  688 [T]: 2 [TH]: 9, In
2015-07-12 16:19:31 :  32> [G]: 147922 [E]:  44838 [D]: 1210 [T]:43 [TH]: 9, In
2015-07-12 16:19:37 :  33> [G]:  27048 [E]: 147537 [D]:  354 [T]: 2 [TH]: 9, In
2015-07-12 16:19:43 :  34> [G]:  93338 [E]:  85134 [D]:  939 [T]: 1 [TH]: 9, In
2015-07-12 16:19:54 :  35> [G]:  41638 [E]: 143774 [D]: 1060 [T]:13 [TH]:10, In
2015-07-12 16:19:58 :  36> [G]:  52447 [E]:  17075 [D]:  301 [T]: 4 [TH]: 9, In
2015-07-12 16:20:03 :  37> [G]:  21953 [E]:  37143 [D]:  564 [T]: 2 [TH]: 9, In
2015-07-12 16:20:08 :  38> [G]:  66880 [E]: 308750 [D]:  840 [T]: 5 [TH]: 9, In
2015-07-12 16:20:13 :  39> [G]: 290553 [E]: 196996 [D]:  583 [T]:21 [TH]:10, In
2015-07-12 16:20:20 :  40> [G]:  82026 [E]:  30793 [D]:  543 [T]: 1 [TH]: 9, In
2015-07-12 16:20:28 :  41> [G]:  25904 [E]:  38774 [D]:  311 [T]: 2 [TH]: 9, In
2015-07-12 16:20:37 :  42> [G]:  95251 [E]:  77611 [D]: 1241 [T]:18 [TH]:10, In
2015-07-12 16:20:44 :  43> [G]: 206942 [E]:  36227 [D]: 1164 [T]: 2 [TH]: 9, In
2015-07-12 16:20:50 :  44> [G]:  91164 [E]:  73937 [D]:  481 [T]: 1 [TH]: 9, In
2015-07-12 16:20:57 :  45> [G]: 135817 [E]: 138212 [D]:  722 [T]: 3 [TH]: 9, In
2015-07-12 16:21:01 :  46> [G]:  37974 [E]: 111024 [D]:  652 [T]: 1 [TH]: 9, In
2015-07-12 16:21:11 :  47> [G]: 140833 [E]:  68840 [D]: 3457 [T]:20 [TH]:10, In
2015-07-12 16:21:21 :  48> [G]: 346293 [E]: 352830 [D]: 3499 [T]:21 [TH]: -, -
2015-07-12 16:21:27 :  49> [G]:  36228 [E]:  57731 [D]:  770 [T]: 1 [TH]: 9, In
2015-07-12 16:21:34 :  50> [G]:  29467 [E]:  76161 [D]: 1875 [T]: 1 [TH]: 9, In
2015-07-12 16:21:45 :  51> [G]: 220105 [E]: 191947 [D]: 3737 [T]:13 [TH]:10, In
2015-07-12 16:21:51 :  52> [G]:  45469 [E]:  26374 [D]:  931 [T]: 1 [TH]: 9, In
2015-07-12 16:21:56 :  53> [G]:  53226 [E]:  77618 [D]:  962 [T]: 2 [TH]: 9, In
2015-07-12 16:22:01 :  54> [G]: 104705 [E]: 173864 [D]: 2490 [T]: 4 [TH]: 9, In
2015-07-12 16:22:06 :  55> [G]:   7305 [E]:  11732 [D]: 1115 [T]: 1 [TH]: 9, In
2015-07-12 16:22:16 :  56> [G]:  49447 [E]:  60965 [D]:  590 [T]: 3 [TH]: 9, In
2015-07-12 16:22:20 :  57> [G]: 120991 [E]: 189993 [D]:  367 [T]: 1 [TH]: 9, In
2015-07-12 16:22:27 :  58> [G]:   4997 [E]: 100219 [D]:  398 [T]: 2 [TH]: 9, In
2015-07-12 16:22:34 :  59> [G]:  13994 [E]: 114346 [D]:  766 [T]: 1 [TH]: 9, In
2015-07-12 16:22:42 :  60> [G]:  57516 [E]:  35696 [D]:  241 [T]: 4 [TH]: 9, In
2015-07-12 16:22:49 :  61> [G]:  66256 [E]: 111220 [D]: 1014 [T]: 5 [TH]: 9, In
2015-07-12 16:22:55 :  62> [G]:  77171 [E]:  59022 [D]: 2482 [T]: 1 [TH]: 9, In
2015-07-12 16:23:03 :  63> [G]:   4013 [E]:  60246 [D]:   56 [T]: 1 [TH]: 9, In
2015-07-12 16:23:08 :  64> [G]:  97298 [E]: 110642 [D]: 1529 [T]: 1 [TH]: 9, In
2015-07-12 16:23:14 :  65> [G]:  32216 [E]: 115620 [D]:  978 [T]: 1 [TH]: 9, In
2015-07-12 16:23:21 :  66> [G]: 122440 [E]:  23150 [D]:  585 [T]: 4 [TH]: 9, In
2015-07-12 16:23:26 :  67> [G]:  43912 [E]:  34945 [D]:  511 [T]: 1 [TH]: 9, In
2015-07-12 16:23:34 :  68> [G]:  88931 [E]:  67258 [D]:  353 [T]: 1 [TH]: 9, In
2015-07-12 16:23:39 :  69> [G]: 125496 [E]: 100763 [D]: 1248 [T]: 2 [TH]: 8, In
2015-07-12 16:23:46 :  70> [G]:  21015 [E]:  99013 [D]:  148 [T]: 1 [TH]: 9, In
2015-07-12 16:23:53 :  71> [G]:  30131 [E]:  19665 [D]:  292 [T]: 1 [TH]: 9, In
2015-07-12 16:23:58 :  72> [G]:  14736 [E]:  82461 [D]:  494 [T]: 2 [TH]: 9, In
2015-07-12 16:24:03 :  73> [G]:  84853 [E]:  59739 [D]: 1000 [T]: 1 [TH]: 9, In
2015-07-12 16:24:09 :  74> [G]:  18909 [E]: 120368 [D]: 1469 [T]: 1 [TH]: 9, In
2015-07-12 16:24:17 :  75> [G]:  42948 [E]:  33725 [D]: 1124 [T]: 3 [TH]: 9, In
2015-07-12 16:24:25 :  76> [G]:  47764 [E]:  79482 [D]: 1196 [T]: 3 [TH]: 9, In
2015-07-12 16:24:30 :  77> [G]: 135806 [E]: 163403 [D]:  755 [T]:11 [TH]: 9, In
2015-07-12 16:24:34 :  78> [G]:   4940 [E]:  12646 [D]:  657 [T]: 2 [TH]: 9, In
2015-07-12 16:24:43 :  79> [G]:  57393 [E]:  92896 [D]:  423 [T]: 3 [TH]: 9, In
2015-07-12 16:24:49 :  80> [G]:  21402 [E]: 165845 [D]:  761 [T]: 1 [TH]: 9, In
2015-07-12 16:24:55 :  81> [G]:  23198 [E]:  50996 [D]:  330 [T]: 5 [TH]: 9, In
2015-07-12 16:25:01 :  82> [G]:  40401 [E]: 172700 [D]: 1422 [T]: 1 [TH]: 9, In
2015-07-12 16:25:10 :  83> [G]: 230992 [E]: 175264 [D]: 1680 [T]: 1 [TH]: -, -
2015-07-12 16:25:17 :  84> [G]:  14332 [E]:   4597 [D]: 1290 [T]: 2 [TH]: 9, In
2015-07-12 16:25:23 :  85> [G]:  13334 [E]: 119082 [D]:  590 [T]: 1 [TH]: 9, In
2015-07-12 16:25:27 :  86> [G]:  68095 [E]:   2616 [D]:  599 [T]: 1 [TH]: 9, In
2015-07-12 16:25:34 :  87> [G]:  55917 [E]:  50422 [D]:  918 [T]: 1 [TH]: 9, In
2015-07-12 16:25:41 :  88> [G]: 105984 [E]:  34482 [D]:  759 [T]: 1 [TH]: 9, In
2015-07-12 16:25:49 :  89> [G]:  73275 [E]:  52264 [D]: 1046 [T]: 1 [TH]: 9, In
2015-07-12 16:25:53 :  90> [G]:  28630 [E]:  20004 [D]: 1052 [T]: 1 [TH]: 9, In
2015-07-12 16:26:01 :  91> [G]:  18635 [E]: 149890 [D]:   84 [T]: 2 [TH]: 9, In
2015-07-12 16:26:09 :  92> [G]: 114247 [E]:  57095 [D]: 1621 [T]: 1 [TH]: 9, In
2015-07-12 16:26:15 :  93> [G]:  45507 [E]:  82349 [D]: 1416 [T]: 2 [TH]: 9, In
