2015-07-11 22:58:21 : ~~~ Clash Game Bot v4.0 Powered by GameBot.org ~~~
2015-07-11 22:58:21 : Au3 Script running on WIN_81  X64
2015-07-11 22:58:21 : =================== Bot Start ====================
2015-07-11 22:58:22 : Trying to locate Main Screen
2015-07-11 22:58:23 : PureClick 1,1,1,0 #0133 | Away
2015-07-11 22:58:23 : Waiting for Main Screen
2015-07-11 22:58:26 : Main Screen Located
2015-07-11 22:58:26 : Click 1,1,1,0 #0166 | Away
2015-07-11 22:58:27 : Detecting your Buildings..
2015-07-11 22:58:27 : Click 1,1,2,200 
2015-07-11 22:58:27 : Town Hall Position: 433, 308
2015-07-11 22:58:27 : Click 433,313,1,0 
2015-07-11 22:58:29 : Taking snapshot for later review
2015-07-11 22:58:32 : Read building Name String = Town Hall (Level 8)
2015-07-11 22:58:32 : 1st $aString = 2, Town Hall , Level 8)
2015-07-11 22:58:32 : 2nd $aString = 2, Level 8, 
2015-07-11 22:58:32 : 3rd $aString = 2, Level, 8
2015-07-11 22:58:32 : Your Town Hall is Level: 8
2015-07-11 22:58:32 : Click 1,1,2,200 
2015-07-11 22:58:33 : Language setting is English: Correct.
2015-07-11 22:58:34 : Trying to locate Main Screen
2015-07-11 22:58:34 : Main Screen Located
2015-07-11 22:58:34 : Halt Attack, Stay Online/Train/Collect/Donate...
2015-07-11 22:58:37 : Click 1,1,1,0 #0332 | Away
2015-07-11 22:58:39 : Checking if Village needs Rearming..
2015-07-11 22:58:39 : Click 1,1,1,0 #0224 | Away
2015-07-11 22:58:40 : Click 433,313,1,0 #0225 | Rearm - Click Town Hall
2015-07-11 22:58:41 : Taking snapshot for later review
2015-07-11 22:58:48 : Click 1,1,1,0 #0234 | Away
2015-07-11 22:58:51 : PureClick 1,1,1,0 #0319 | Away
2015-07-11 22:58:51 : Village Report
2015-07-11 22:58:51 : No. of Free/Total Builders: 0/5
2015-07-11 22:58:52 :  [T]: 3 166
2015-07-11 22:58:52 :  [G]: 470 717 [E]: 5 261 047 [D]: 78 161 [GEM]: 2 021
2015-07-11 22:58:54 : Donation not Planned, Skipped..
2015-07-11 22:58:55 : Func Train 
2015-07-11 22:58:55 : Checking Army Camp...
2015-07-11 22:58:55 : Click 1,1,1,0 #0292 | Away
2015-07-11 22:58:55 : Click 40,525,1,0 #0293 | Train - Click Army Camp
2015-07-11 22:58:56 : $sArmyInfo = 199#200
2015-07-11 22:58:56 : $CurCamp = 199
2015-07-11 22:58:56 : $TotalCamp = 200
2015-07-11 22:58:57 : Total Army Camp capacity: 199/200
2015-07-11 22:58:57 : Click 1,1,1,0 #0295 | Away
2015-07-11 22:58:57 : Training Troops...
2015-07-11 22:58:57 : Click 1,1,1,0 #0268 | Away
2015-07-11 22:58:57 : Click 40,525,1,0 #0293 | Train - Click Army Camp
2015-07-11 22:58:59 : Click 773,337,1,0 #9999
2015-07-11 22:58:59 : This is not a Barrack
2015-07-11 22:58:59 : This is not a Barrack
2015-07-11 22:58:59 : Barrack1 selected
2015-07-11 22:59:00 : Barrack1 selected
2015-07-11 22:59:00 : Barrack1 selected
2015-07-11 22:59:00 : Click 773,337,1,0 #0271 | Train - Next Button 
2015-07-11 22:59:00 : Barrack2 selected
2015-07-11 22:59:00 : Barrack2 selected
2015-07-11 22:59:00 : Click 773,337,1,0 #0271 | Train - Next Button 
2015-07-11 22:59:01 : Barrack3 selected
2015-07-11 22:59:01 : Barrack3 selected
2015-07-11 22:59:01 : Click 773,337,1,0 #0271 | Train - Next Button 
2015-07-11 22:59:02 : Barrack4 selected
2015-07-11 22:59:02 : Barrack4 selected
2015-07-11 22:59:02 : Click 773,337,1,0 #0271 | Train - Next Button 
2015-07-11 22:59:02 : This is not a Barrack
2015-07-11 22:59:02 : This is not a Barrack
2015-07-11 22:59:02 : This is not a Barrack
2015-07-11 22:59:03 : This is not a Barrack
2015-07-11 22:59:03 : This is not a Barrack
2015-07-11 22:59:03 : Click 84,336,1,0 #0272 | Train - Prev Button 
2015-07-11 22:59:04 : Barrack4 selected
2015-07-11 22:59:04 : AfterAttack: False
2015-07-11 22:59:05 : Click 546,425,3,10 #0282 | Train - Train Dragon
2015-07-11 22:59:05 : Click 84,336,1,0 #0325 | Train - Prev Button 
2015-07-11 22:59:06 : Barrack3 selected
2015-07-11 22:59:06 : AfterAttack: False
2015-07-11 22:59:07 : Click 331,320,15,10 #0275 | Train - Train Archer
2015-07-11 22:59:07 : Click 546,425,3,10 #0282 | Train - Train Dragon
2015-07-11 22:59:07 : Click 84,336,1,0 #0325 | Train - Prev Button 
2015-07-11 22:59:08 : Barrack2 selected
2015-07-11 22:59:08 : AfterAttack: False
2015-07-11 22:59:09 : Click 546,425,3,10 #0282 | Train - Train Dragon
2015-07-11 22:59:10 : Click 84,336,1,0 #0325 | Train - Prev Button 
2015-07-11 22:59:11 : Barrack1 selected
2015-07-11 22:59:11 : AfterAttack: False
2015-07-11 22:59:11 : Click 546,425,3,10 #0282 | Train - Train Dragon
2015-07-11 22:59:12 : Click 84,336,1,0 #0325 | Train - Prev Button 
2015-07-11 22:59:13 : This is not a Barrack
2015-07-11 22:59:13 : Click 84,336,1,0 #0324
2015-07-11 22:59:14 : This is not a Dark Barrack
2015-07-11 22:59:14 : Click 84,336,1,0 #0324
2015-07-11 22:59:15 : Dark Barrack2 selected
2015-07-11 22:59:15 : Dark Barrack2 selected
2015-07-11 22:59:15 : Click 496,197,10,0 #0287 | Train - Remove Troops
2015-07-11 22:59:16 : Click 546,320,99,100 #0277 | Train - Train Goblin
2015-07-11 22:59:17 : Click 220,320,10,100 #0274 | Train - Train Barbarian
2015-07-11 22:59:18 : Click 84,336,1,0 #0289 | Train - Prev Button 
2015-07-11 22:59:18 : This is not a Dark Barrack
2015-07-11 22:59:19 : This is not a Dark Barrack
2015-07-11 22:59:19 : This is not a Dark Barrack
2015-07-11 22:59:19 : This is not a Dark Barrack
2015-07-11 22:59:20 : This is not a Dark Barrack
2015-07-11 22:59:21 : This is not a Dark Barrack
2015-07-11 22:59:21 : ---================================================================---
2015-07-11 22:59:21 : Click 1,1,2,250 #0291 | Away
2015-07-11 22:59:25 : Request CC not Planned, Skipped..
2015-07-11 22:59:28 : No free builder, Upgrade Walls skipped..
2015-07-11 22:59:31 : Trying to locate Main Screen
2015-07-11 22:59:31 : Main Screen Located
2015-07-11 22:59:32 : Halt Attack, Stay Online/Train/Collect/Donate...
2015-07-11 22:59:35 : Click 1,1,1,0 #0332 | Away
2015-07-11 22:59:37 : Checking if Village needs Rearming..
2015-07-11 22:59:37 : Click 1,1,1,0 #0224 | Away
2015-07-11 22:59:37 : Click 433,313,1,0 #0225 | Rearm - Click Town Hall
2015-07-11 22:59:39 : Taking snapshot for later review
2015-07-11 22:59:46 : Click 1,1,1,0 #0234 | Away
2015-07-11 22:59:48 : PureClick 1,1,1,0 #0319 | Away
2015-07-11 22:59:49 : Village Report
2015-07-11 22:59:49 : No. of Free/Total Builders: 0/5
2015-07-11 22:59:49 :  [T]: 3 166
2015-07-11 22:59:49 :  [G]: 470 717 [E]: 5 261 047 [D]: 78 126 [GEM]: 2 021
2015-07-11 22:59:51 : Donation not Planned, Skipped..
2015-07-11 22:59:52 : Func Train 
2015-07-11 22:59:52 : Checking Army Camp...
2015-07-11 22:59:53 : Click 1,1,1,0 #0292 | Away
2015-07-11 22:59:53 : Click 40,525,1,0 #0293 | Train - Click Army Camp
2015-07-11 22:59:54 : $sArmyInfo = 199#200
2015-07-11 22:59:54 : $CurCamp = 199
2015-07-11 22:59:54 : $TotalCamp = 200
2015-07-11 22:59:54 : Total Army Camp capacity: 199/200
2015-07-11 22:59:54 : Click 1,1,1,0 #0295 | Away
2015-07-11 22:59:54 : Training Troops...
2015-07-11 22:59:55 : Click 1,1,1,0 #0268 | Away
2015-07-11 22:59:55 : Click 40,525,1,0 #0293 | Train - Click Army Camp
2015-07-11 22:59:56 : Click 773,337,1,0 #9999
2015-07-11 22:59:56 : This is not a Barrack
2015-07-11 22:59:57 : This is not a Barrack
2015-07-11 22:59:57 : Barrack1 selected
2015-07-11 22:59:57 : Barrack1 selected
2015-07-11 22:59:57 : Barrack1 selected
2015-07-11 22:59:57 : Click 773,337,1,0 #0271 | Train - Next Button 
2015-07-11 22:59:58 : Barrack2 selected
2015-07-11 22:59:58 : Barrack2 selected
2015-07-11 22:59:58 : Click 773,337,1,0 #0271 | Train - Next Button 
2015-07-11 22:59:58 : Barrack3 selected
2015-07-11 22:59:58 : Barrack3 selected
2015-07-11 22:59:58 : Click 773,337,1,0 #0271 | Train - Next Button 
2015-07-11 22:59:59 : Barrack4 selected
2015-07-11 22:59:59 : Barrack4 selected
2015-07-11 22:59:59 : Click 773,337,1,0 #0271 | Train - Next Button 
2015-07-11 23:00:00 : This is not a Barrack
2015-07-11 23:00:00 : This is not a Barrack
2015-07-11 23:00:00 : This is not a Barrack
2015-07-11 23:00:00 : This is not a Barrack
2015-07-11 23:00:00 : This is not a Barrack
2015-07-11 23:00:00 : Click 84,336,1,0 #0272 | Train - Prev Button 
2015-07-11 23:00:01 : Barrack4 selected
2015-07-11 23:00:01 : AfterAttack: False
2015-07-11 23:00:02 : Click 546,425,3,10 #0282 | Train - Train Dragon
2015-07-11 23:00:03 : Click 84,336,1,0 #0325 | Train - Prev Button 
2015-07-11 23:00:04 : Barrack3 selected
2015-07-11 23:00:04 : AfterAttack: False
2015-07-11 23:00:04 : Click 331,320,15,10 #0275 | Train - Train Archer
2015-07-11 23:00:04 : Click 546,425,3,10 #0282 | Train - Train Dragon
2015-07-11 23:00:05 : Click 84,336,1,0 #0325 | Train - Prev Button 
2015-07-11 23:00:06 : Barrack2 selected
2015-07-11 23:00:06 : AfterAttack: False
2015-07-11 23:00:06 : Click 546,425,3,10 #0282 | Train - Train Dragon
2015-07-11 23:00:07 : Click 84,336,1,0 #0325 | Train - Prev Button 
2015-07-11 23:00:08 : Barrack1 selected
2015-07-11 23:00:08 : AfterAttack: False
2015-07-11 23:00:09 : Click 546,425,3,10 #0282 | Train - Train Dragon
2015-07-11 23:00:09 : Click 84,336,1,0 #0325 | Train - Prev Button 
2015-07-11 23:00:10 : This is not a Barrack
2015-07-11 23:00:10 : Click 84,336,1,0 #0324
2015-07-11 23:00:11 : This is not a Dark Barrack
2015-07-11 23:00:11 : Click 84,336,1,0 #0324
