2015-07-10 19:24:25 : ~~~ Clash Game Bot v4.0 Powered by GameBot.org ~~~
2015-07-10 19:24:25 : Au3 Script running on WIN_81  X64
2015-07-10 19:24:25 : =================== Bot Start ====================
2015-07-10 19:24:25 : Trying to locate Main Screen
2015-07-10 19:24:25 : Main Screen Located
2015-07-10 19:24:26 : Detecting your Buildings..
2015-07-10 19:24:27 : Town Hall Position: 430, 237
2015-07-10 19:24:28 : Taking snapshot for later review
2015-07-10 19:24:31 : Read building Name String = Clan Castle (Level 4)
2015-07-10 19:24:31 : 1st $aString = 2, Clan Castle , Level 4)
2015-07-10 19:24:31 : 2nd $aString = 2, Level 4, 
2015-07-10 19:24:31 : 3rd $aString = 2, Level, 4
2015-07-10 19:24:31 : Your Town Hall is Level: 4
2015-07-10 19:24:32 : Language setting is English: Correct.
2015-07-10 19:24:33 : Trying to locate Main Screen
2015-07-10 19:24:33 : Main Screen Located
2015-07-10 19:24:34 : Halt Attack, Stay Online/Train/Collect/Donate...
2015-07-10 19:24:37 : Collecting Resources
2015-07-10 19:24:44 : Checking if Village needs Rearming..
2015-07-10 19:24:46 : Taking snapshot for later review
