2015-07-14 01:43:31 : ~~~ Clash Game Bot v4.0 Powered by GameBot.org ~~~
2015-07-14 01:43:31 : Executable running on WIN_81  X64
2015-07-14 01:43:31 : =================== Bot Start ====================
2015-07-14 01:43:31 : Trying to locate Main Screen
2015-07-14 01:43:31 : Main Screen Located
2015-07-14 01:43:33 : Detecting your Buildings..
2015-07-14 01:43:41 : Your Town Hall is Level: 8
2015-07-14 01:43:42 : Language setting is English: Correct.
2015-07-14 01:43:43 : Trying to locate Main Screen
2015-07-14 01:43:43 : Main Screen Located
2015-07-14 01:43:46 : Collecting Resources
2015-07-14 01:43:53 : Checking if Village needs Rearming..
2015-07-14 01:44:07 : Village Report
2015-07-14 01:44:07 : No. of Free/Total Builders: 0/5
2015-07-14 01:44:07 :  [T]: 3 181
2015-07-14 01:44:08 :  [G]: 1 325 149 [E]: 5 978 104 [D]: 62 488 [GEM]: 2 061
2015-07-14 01:44:12 : Chat Request: any
2015-07-14 01:44:12 : Custom Donation Keyword found: any
2015-07-14 01:44:15 : No Dragons available to donate..
2015-07-14 01:44:16 : Donating 1 Archers
2015-07-14 01:44:17 : Donating 2 Minions
2015-07-14 01:44:19 : Chat Request: 3 orabove dragon
2015-07-14 01:44:19 : Custom Donation Keyword found: dragon
2015-07-14 01:44:23 : No Dragons available to donate..
2015-07-14 01:44:26 : No Archers available to donate..
2015-07-14 01:44:30 : No Minions available to donate..
2015-07-14 01:44:32 : Checking Army Camp...
2015-07-14 01:44:34 : Total Army Camp capacity: 199/200
2015-07-14 01:44:34 : Training Troops...
2015-07-14 01:44:56 : Requesting Clan Castle Troops
2015-07-14 01:44:57 : Your Clan Castle is already full or you are not in a clan.
2015-07-14 01:45:00 : No free builder, Upgrade Walls skipped..
2015-07-14 01:45:02 : Going to Attack...
2015-07-14 01:45:08 : ============== Searching For Dead Base ===============
2015-07-14 01:45:08 : ~~~~~~~~~~~~~~~ SEARCH CONDITIONS ~~~~~~~~~~~~~~~~
2015-07-14 01:45:08 : Meet: Gold or Elixir, TH Outside
2015-07-14 01:45:08 : ~~~~~~~~~~~~~~ RESOURCE CONDITIONS ~~~~~~~~~~~~~~~
2015-07-14 01:45:08 : Aim: [G]:      0 [E]:      0 [D]:    0 [T]: 0 [TH]: Any Level, Out
2015-07-14 01:45:08 : ============== Searching For Live Base ===============
2015-07-14 01:45:08 : ~~~~~~~~~~~~~~~ SEARCH CONDITIONS ~~~~~~~~~~~~~~~~
2015-07-14 01:45:08 : Meet: Gold or Elixir, TH Outside
2015-07-14 01:45:08 : ~~~~~~~~~~~~~~ RESOURCE CONDITIONS ~~~~~~~~~~~~~~~
2015-07-14 01:45:08 : Aim: [G]:      0 [E]:      0 [D]:    0 [T]: 0 [TH]: Any Level, Out
2015-07-14 01:45:08 : ~~~~~~~~~~~~~~~ ADVANCED SETTINGS ~~~~~~~~~~~~~~~~
2015-07-14 01:45:08 : THSnipe Combo, 1 Tile(s), AttackTH, Attack2:Extreme
2015-07-14 01:45:08 : ==================================================
2015-07-14 01:45:20 :   1> [G]: 149843 [E]:  59220 [D]: 2056 [T]:16 [TH]:10, In
2015-07-14 01:45:30 :   2> [G]:  58421 [E]: 158987 [D]: 3057 [T]:24 [TH]:10, In
2015-07-14 01:45:41 :   3> [G]: 103822 [E]: 252655 [D]: 2735 [T]:29 [TH]:10, In
2015-07-14 01:45:54 :   4> [G]:  57492 [E]: 166939 [D]:  979 [T]: 3 [TH]: 9, In
2015-07-14 01:46:01 :   5> [G]: 120036 [E]: 131768 [D]:   64 [T]: 6 [TH]: 9, In
2015-07-14 01:46:11 :   6> [G]: 415967 [E]: 374679 [D]: 4730 [T]:31 [TH]:10, In
2015-07-14 01:46:18 :   7> [G]:  55347 [E]:  29462 [D]:  659 [T]: 1 [TH]: 9, In
2015-07-14 01:46:25 :   8> [G]: 118941 [E]:  13049 [D]:  317 [T]: 2 [TH]: 9, In
2015-07-14 01:46:30 :   9> [G]:   3574 [E]:  66800 [D]:  591 [T]: 1 [TH]: 9, In
2015-07-14 01:46:37 :  10> [G]:  70330 [E]:  38101 [D]:   14 [T]: 3 [TH]: 9, In
2015-07-14 01:46:43 :  11> [G]:  30818 [E]:  47692 [D]:  706 [T]: 1 [TH]: 9, In
2015-07-14 01:46:50 :  12> [G]:  45651 [E]:  90258 [D]:  775 [T]: 1 [TH]: 9, In
2015-07-14 01:46:56 :  13> [G]:   9323 [E]:  52420 [D]:  717 [T]: 1 [TH]: 9, In
2015-07-14 01:47:01 :  14> [G]:  21055 [E]: 113231 [D]:  405 [T]: 1 [TH]: 9, In
2015-07-14 01:47:08 :  15> [G]: 206536 [E]:  41056 [D]:  300 [T]: 1 [TH]: 9, In
2015-07-14 01:47:13 :  16> [G]:  18543 [E]:  49246 [D]: 1008 [T]: 4 [TH]: 9, In
2015-07-14 01:47:20 :  17> [G]: 130991 [E]:  70093 [D]:  157 [T]: 2 [TH]: 9, In
2015-07-14 01:47:26 :  18> [G]:  57628 [E]:  19382 [D]: 1661 [T]: 2 [TH]: 9, In
2015-07-14 01:47:48 :  19> [G]:  24056 [E]:  59239 [D]:  882 [T]: 5 [TH]: 9, In
2015-07-14 01:47:55 :  20> [G]:  56523 [E]:  56593 [D]: 1526 [T]: 2 [TH]: 9, In
2015-07-14 01:48:01 :  21> [G]: 146754 [E]: 204701 [D]: 1436 [T]: 1 [TH]: 9, In
2015-07-14 01:48:06 :  22> [G]:  34142 [E]: 134641 [D]:  504 [T]: 1 [TH]: 9, In
2015-07-14 01:48:15 :  23> [G]:  67961 [E]: 108038 [D]:  713 [T]: 1 [TH]: -, -
2015-07-14 01:48:22 :  24> [G]: 143228 [E]: 210874 [D]: 2792 [T]: 6 [TH]: 9, In
2015-07-14 01:48:29 :  25> [G]:  44784 [E]:  29890 [D]:  692 [T]: 2 [TH]: 9, In
2015-07-14 01:48:37 :  26> [G]:  60306 [E]: 150618 [D]: 1561 [T]: 9 [TH]: 9, In
2015-07-14 01:48:43 :  27> [G]: 107520 [E]:  86497 [D]:  882 [T]: 1 [TH]: 9, In
2015-07-14 01:48:50 :  28> [G]: 128354 [E]:  85661 [D]:  832 [T]: 1 [TH]: 9, In
2015-07-14 01:48:58 :  29> [G]:  98229 [E]:  90064 [D]:  215 [T]: 1 [TH]: 9, In
2015-07-14 01:49:04 :  30> [G]:   5811 [E]:  53523 [D]: 1501 [T]: 2 [TH]: 9, In
2015-07-14 01:49:09 :  31> [G]:  15289 [E]:  67426 [D]:  740 [T]: 1 [TH]: 9, In
2015-07-14 01:49:15 :  32> [G]:  43386 [E]: 104034 [D]:  576 [T]: 1 [TH]: 9, In
2015-07-14 01:49:21 :  33> [G]:  93099 [E]:  86976 [D]: 1136 [T]: 1 [TH]: 9, In
2015-07-14 01:49:27 :  34> [G]:  10284 [E]:  90882 [D]:    6 [T]: 2 [TH]: 9, In
2015-07-14 01:49:34 :  35> [G]:  45465 [E]:  10095 [D]:  933 [T]: 1 [TH]: 9, In
2015-07-14 01:49:40 :  36> [G]: 199415 [E]: 200213 [D]: 1442 [T]: 4 [TH]: 9, In
2015-07-14 01:49:44 :  37> [G]:  64423 [E]:  15852 [D]:   26 [T]: 1 [TH]: 9, In
2015-07-14 01:49:50 :  38> [G]: 206923 [E]:  12075 [D]: 1489 [T]:21 [TH]:10, In
2015-07-14 01:50:01 :  39> [G]:   3960 [E]: 128176 [D]:  979 [T]: 1 [TH]: 9, In
2015-07-14 01:50:25 :  40> [G]:  27058 [E]: 272527 [D]:  436 [T]:25 [TH]:10, In
2015-07-14 01:50:33 :  41> [G]:  13896 [E]:  67055 [D]:  170 [T]: 1 [TH]: 9, In
2015-07-14 01:50:37 :  42> [G]: 158909 [E]:  78460 [D]: 1216 [T]: 2 [TH]: 9, In
2015-07-14 01:50:44 :  43> [G]:  22480 [E]:  99389 [D]: 1962 [T]: 1 [TH]: 9, In
2015-07-14 01:50:53 :  44> [G]:  90922 [E]: 186855 [D]: 1217 [T]: 3 [TH]: 9, In
2015-07-14 01:51:03 :  45> [G]: 154875 [E]: 129681 [D]: 1250 [T]:22 [TH]:10, In
2015-07-14 01:51:10 :  46> [G]:  44148 [E]:  33109 [D]:  970 [T]: 1 [TH]: 9, In
2015-07-14 01:51:17 :  47> [G]:  83748 [E]: 132303 [D]: 2637 [T]: 3 [TH]: 9, In
2015-07-14 01:51:23 :  48> [G]:  51605 [E]:  21173 [D]:  307 [T]: 1 [TH]: 9, In
2015-07-14 01:51:30 :  49> [G]: 124438 [E]: 104813 [D]: 1389 [T]: 2 [TH]: 9, In
2015-07-14 01:51:37 :  50> [G]: 128823 [E]: 113678 [D]: 1514 [T]: 1 [TH]: 9, In
2015-07-14 01:51:44 :  51> [G]: 139320 [E]:  68617 [D]:  209 [T]: 3 [TH]: 9, In
2015-07-14 01:51:51 :  52> [G]: 139968 [E]: 104711 [D]: 1360 [T]: 3 [TH]: 9, In
2015-07-14 01:51:58 :  53> [G]:  92924 [E]: 107676 [D]:   26 [T]: 1 [TH]: 9, In
2015-07-14 01:52:04 :  54> [G]:  61525 [E]:  40032 [D]:  514 [T]: 2 [TH]: 9, In
2015-07-14 01:52:09 :  55> [G]:  46190 [E]:  51208 [D]: 1149 [T]:18 [TH]:10, In
2015-07-14 01:52:15 :  56> [G]:  70808 [E]: 169082 [D]: 1382 [T]: 1 [TH]: 9, In
2015-07-14 01:52:23 :  57> [G]:  72503 [E]: 207609 [D]:  504 [T]: 1 [TH]: 9, In
2015-07-14 01:52:33 :  58> [G]: 147143 [E]:  26108 [D]: 1712 [T]:31 [TH]:10, In
2015-07-14 01:52:40 :  59> [G]:  91955 [E]:  87925 [D]:  297 [T]: 1 [TH]: 9, In
2015-07-14 01:52:48 :  60> [G]:  34374 [E]: 151503 [D]:  727 [T]: 1 [TH]: 9, In
2015-07-14 01:52:56 :  61> [G]:  14686 [E]: 141014 [D]:  452 [T]: 1 [TH]: 9, In
2015-07-14 01:53:01 :  62> [G]: 345770 [E]: 145539 [D]:  941 [T]:24 [TH]:10, In
2015-07-14 01:53:08 :  63> [G]:  42517 [E]: 121220 [D]:  426 [T]: 1 [TH]: 9, In
2015-07-14 01:53:15 :  64> [G]: 108362 [E]:  99211 [D]:  869 [T]: 1 [TH]: 9, In
2015-07-14 01:53:23 :  65> [G]: 221099 [E]:  90638 [D]: 1995 [T]: 2 [TH]: -, -
2015-07-14 01:53:33 :  66> [G]:  42850 [E]: 257712 [D]: 2199 [T]:15 [TH]:10, In
2015-07-14 01:53:38 :  67> [G]:  79288 [E]:  41303 [D]: 1232 [T]: 2 [TH]: 9, In
2015-07-14 01:53:44 :  68> [G]:  98964 [E]: 127571 [D]: 1200 [T]:13 [TH]:10, In
2015-07-14 01:53:49 :  69> [G]:  85409 [E]:  33210 [D]:  823 [T]:17 [TH]:10, In
2015-07-14 01:53:56 :  70> [G]: 100653 [E]: 102805 [D]: 1175 [T]: 1 [TH]: 9, In
2015-07-14 01:54:02 :  71> [G]:  90746 [E]:  71851 [D]:  820 [T]: 2 [TH]: 9, In
2015-07-14 01:54:09 :  72> [G]: 111255 [E]: 112474 [D]: 1524 [T]: 1 [TH]: 9, In
2015-07-14 01:54:20 :  73> [G]: 204874 [E]: 260033 [D]:  644 [T]: 1 [TH]: 9, In
2015-07-14 01:54:25 :  74> [G]:  12450 [E]: 133976 [D]:   80 [T]: 1 [TH]: 9, In
