2015-07-11 20:51:00 : ~~~ Clash Game Bot v4.0 Powered by GameBot.org ~~~
2015-07-11 20:51:00 : Au3 Script running on WIN_81  X64
2015-07-11 20:51:00 : =================== Bot Start ====================
2015-07-11 20:51:01 : Trying to locate Main Screen
2015-07-11 20:51:01 : Main Screen Located
2015-07-11 20:51:01 : Click 1,1,1,0 #0166 | Away
2015-07-11 20:51:02 : Detecting your Buildings..
2015-07-11 20:51:02 : Click 1,1,2,200 
2015-07-11 20:51:02 : Town Hall Position: 433, 308
2015-07-11 20:51:02 : Click 433,313,1,0 
2015-07-11 20:51:04 : Taking snapshot for later review
2015-07-11 20:51:09 : Read building Name String = Town Hall (Level 8)
2015-07-11 20:51:09 : 1st $aString = 2, Town Hall , Level 8)
2015-07-11 20:51:09 : 2nd $aString = 2, Level 8, 
2015-07-11 20:51:09 : 3rd $aString = 2, Level, 8
2015-07-11 20:51:09 : Your Town Hall is Level: 8
2015-07-11 20:51:09 : Click 1,1,2,200 
2015-07-11 20:51:10 : Language setting is English: Correct.
2015-07-11 20:51:11 : Trying to locate Main Screen
2015-07-11 20:51:11 : Main Screen Located
2015-07-11 20:51:12 : Halt Attack, Stay Online/Train/Collect/Donate...
2015-07-11 20:51:14 : Click 1,1,1,0 #0332 | Away
2015-07-11 20:51:16 : Checking if Village needs Rearming..
2015-07-11 20:51:16 : Click 1,1,1,0 #0224 | Away
2015-07-11 20:51:17 : Click 433,313,1,0 #0225 | Rearm - Click Town Hall
2015-07-11 20:51:18 : Taking snapshot for later review
2015-07-11 20:51:24 : Click 1,1,1,0 #0234 | Away
2015-07-11 20:51:27 : PureClick 1,1,1,0 #0319 | Away
2015-07-11 20:51:27 : Village Report
2015-07-11 20:51:27 : No. of Free/Total Builders: 0/5
2015-07-11 20:51:28 :  [T]: 3 166
2015-07-11 20:51:28 :  [G]: 415 680 [E]: 5 292 162 [D]: 78 420 [GEM]: 2 021
2015-07-11 20:51:30 : Click 1,1,1,0 #0167 | Away
2015-07-11 20:51:30 : Click 19,349,1,0 #0168 | Donate - Open Chat
2015-07-11 20:51:30 : Click 189,24,1,0 #0169 | Donate - Select Clan Tab
2015-07-11 20:51:31 : Click 331,330,1,0 #0173 | Donate - Click Chat
2015-07-11 20:51:32 : Func Train 
2015-07-11 20:51:32 : Checking Army Camp...
2015-07-11 20:51:32 : Click 1,1,1,0 #0292 | Away
2015-07-11 20:51:32 : Click 40,525,1,0 #0293 | Train - Click Army Camp
2015-07-11 20:51:34 : $sArmyInfo = 200#200
2015-07-11 20:51:34 : $CurCamp = 200
2015-07-11 20:51:34 : $TotalCamp = 200
2015-07-11 20:51:34 : Total Army Camp capacity: 200/200
2015-07-11 20:51:34 : Click 1,1,1,0 #0295 | Away
2015-07-11 20:51:34 : Training Troops...
2015-07-11 20:51:34 : Click 1,1,1,0 #0268 | Away
2015-07-11 20:51:34 : Click 40,525,1,0 #0293 | Train - Click Army Camp
2015-07-11 20:51:36 : Click 773,337,1,0 #9999
2015-07-11 20:51:36 : This is not a Barrack
2015-07-11 20:51:36 : This is not a Barrack
2015-07-11 20:51:36 : Barrack1 selected
2015-07-11 20:51:37 : Barrack1 selected
2015-07-11 20:51:37 : Barrack1 selected
2015-07-11 20:51:37 : Click 773,337,1,0 #0271 | Train - Next Button 
2015-07-11 20:51:37 : Barrack2 selected
2015-07-11 20:51:37 : Barrack2 selected
2015-07-11 20:51:37 : Click 773,337,1,0 #0271 | Train - Next Button 
2015-07-11 20:51:38 : Barrack3 selected
2015-07-11 20:51:38 : Barrack3 selected
2015-07-11 20:51:38 : Click 773,337,1,0 #0271 | Train - Next Button 
2015-07-11 20:51:39 : Barrack4 selected
2015-07-11 20:51:39 : Barrack4 selected
2015-07-11 20:51:39 : Click 773,337,1,0 #0271 | Train - Next Button 
2015-07-11 20:51:39 : This is not a Barrack
2015-07-11 20:51:39 : This is not a Barrack
2015-07-11 20:51:40 : This is not a Barrack
2015-07-11 20:51:40 : This is not a Barrack
2015-07-11 20:51:40 : This is not a Barrack
2015-07-11 20:51:40 : Click 84,336,1,0 #0272 | Train - Prev Button 
2015-07-11 20:51:41 : Barrack4 selected
2015-07-11 20:51:41 : AfterAttack: True
2015-07-11 20:51:42 : Click 546,425,3,10 #0282 | Train - Train Dragon
2015-07-11 20:51:42 : Click 84,336,1,0 #0325 | Train - Prev Button 
2015-07-11 20:51:43 : Barrack3 selected
2015-07-11 20:51:43 : AfterAttack: True
2015-07-11 20:51:43 : Click 496,197,10,0 #0273 | Train - Remove Troops
2015-07-11 20:51:44 : Click 496,197,10,0 #0273 | Train - Remove Troops
2015-07-11 20:51:44 : Click 496,197,10,0 #0273 | Train - Remove Troops
2015-07-11 20:51:45 : Click 331,320,15,10 #0275 | Train - Train Archer
2015-07-11 20:51:45 : Click 546,425,3,10 #0282 | Train - Train Dragon
2015-07-11 20:51:46 : Click 84,336,1,0 #0325 | Train - Prev Button 
2015-07-11 20:51:47 : Barrack2 selected
2015-07-11 20:51:47 : AfterAttack: True
2015-07-11 20:51:48 : Click 546,425,3,10 #0282 | Train - Train Dragon
2015-07-11 20:51:48 : Click 84,336,1,0 #0325 | Train - Prev Button 
2015-07-11 20:51:49 : Barrack1 selected
2015-07-11 20:51:49 : AfterAttack: True
2015-07-11 20:51:50 : Click 546,425,3,10 #0282 | Train - Train Dragon
2015-07-11 20:51:50 : Click 84,336,1,0 #0325 | Train - Prev Button 
2015-07-11 20:51:51 : This is not a Barrack
2015-07-11 20:51:51 : Click 84,336,1,0 #0324
2015-07-11 20:51:53 : This is not a Dark Barrack
2015-07-11 20:51:53 : Click 84,336,1,0 #0324
2015-07-11 20:51:54 : Dark Barrack2 selected
2015-07-11 20:51:54 : Dark Barrack2 selected
2015-07-11 20:51:54 : Click 496,197,10,0 #0287 | Train - Remove Troops
2015-07-11 20:51:54 : Click 496,197,10,0 #0287 | Train - Remove Troops
2015-07-11 20:51:54 : Click 496,197,10,0 #0287 | Train - Remove Troops
2015-07-11 20:51:54 : Click 496,197,10,0 #0287 | Train - Remove Troops
2015-07-11 20:51:55 : Click 331,320,5,5 #0275 | Train - Train Archer
2015-07-11 20:51:55 : Click 220,320,25,5 #0274 | Train - Train Barbarian
2015-07-11 20:51:57 : Click 84,336,1,0 #0289 | Train - Prev Button 
2015-07-11 20:51:57 : This is not a Dark Barrack
2015-07-11 20:51:58 : This is not a Dark Barrack
2015-07-11 20:51:59 : This is not a Dark Barrack
2015-07-11 20:51:59 : This is not a Dark Barrack
2015-07-11 20:51:59 : This is not a Dark Barrack
2015-07-11 20:52:00 : This is not a Dark Barrack
2015-07-11 20:52:00 : ---================================================================---
2015-07-11 20:52:01 : Click 1,1,2,250 #0291 | Away
2015-07-11 20:52:04 : Requesting Clan Castle Troops
2015-07-11 20:52:04 : Click 40,525,1,0 #9999
2015-07-11 20:52:05 : Your Clan Castle is already full or you are not in a clan.
2015-07-11 20:52:05 : Click 1,1,2,0 #9999
2015-07-11 20:52:07 : ClashGameBot was Paused!
