2015-07-12 03:43:12 : ~~~ Clash Game Bot v4.0 Powered by GameBot.org ~~~
2015-07-12 03:43:12 : Au3 Script running on WIN_81  X64
2015-07-12 03:43:12 : =================== Bot Start ====================
2015-07-12 03:43:12 : Trying to locate Main Screen
2015-07-12 03:43:12 : Main Screen Located
2015-07-12 03:43:12 : Click 1,1,1,0 #0166 | Away
2015-07-12 03:43:13 : Detecting your Buildings..
2015-07-12 03:43:13 : Click 1,1,2,200 
2015-07-12 03:43:14 : Town Hall Position: 433, 308
2015-07-12 03:43:14 : Click 433,313,1,0 
2015-07-12 03:43:15 : Taking snapshot for later review
2015-07-12 03:43:18 : Read building Name String = Town Hall (Level 8)
2015-07-12 03:43:18 : 1st $aString = 2, Town Hall , Level 8)
2015-07-12 03:43:18 : 2nd $aString = 2, Level 8, 
2015-07-12 03:43:18 : 3rd $aString = 2, Level, 8
2015-07-12 03:43:18 : Your Town Hall is Level: 8
2015-07-12 03:43:18 : Click 1,1,2,200 
2015-07-12 03:43:19 : Language setting is English: Correct.
2015-07-12 03:43:20 : Trying to locate Main Screen
2015-07-12 03:43:20 : Main Screen Located
2015-07-12 03:43:21 : Halt Attack, Stay Online/Train/Collect/Donate...
2015-07-12 03:43:24 : Click 1,1,1,0 #0332 | Away
2015-07-12 03:43:26 : Checking if Village needs Rearming..
2015-07-12 03:43:26 : Click 1,1,1,0 #0224 | Away
2015-07-12 03:43:26 : Click 433,313,1,0 #0225 | Rearm - Click Town Hall
2015-07-12 03:43:28 : Taking snapshot for later review
2015-07-12 03:43:34 : Click 1,1,1,0 #0234 | Away
2015-07-12 03:43:37 : PureClick 1,1,1,0 #0319 | Away
2015-07-12 03:43:37 : Village Report
2015-07-12 03:43:37 : No. of Free/Total Builders: 0/5
2015-07-12 03:43:37 :  [T]: 3 144
2015-07-12 03:43:37 :  [G]: 292 636 [E]: 5 594 160 [D]: 77 338 [GEM]: 2 027
2015-07-12 03:43:40 : Donation not Planned, Skipped..
2015-07-12 03:43:41 : Func Train 
2015-07-12 03:43:41 : Checking Army Camp...
2015-07-12 03:43:41 : Click 1,1,1,0 #0292 | Away
2015-07-12 03:43:41 : Click 40,525,1,0 #0293 | Train - Click Army Camp
2015-07-12 03:43:42 : $sArmyInfo = 190#200
2015-07-12 03:43:42 : $CurCamp = 190
2015-07-12 03:43:42 : $TotalCamp = 200
2015-07-12 03:43:43 : Total Army Camp capacity: 190/200
2015-07-12 03:43:43 : Click 1,1,1,0 #0295 | Away
2015-07-12 03:43:43 : Training Troops...
2015-07-12 03:43:43 : Click 1,1,1,0 #0268 | Away
2015-07-12 03:43:43 : Click 40,525,1,0 #0293 | Train - Click Army Camp
2015-07-12 03:43:45 : Barrack #1 is available
2015-07-12 03:43:45 : Click 773,337,1,0 #0271 | Train - Next Button 
2015-07-12 03:43:45 : Barrack #1selected
2015-07-12 03:43:45 : Barrack #1selected
2015-07-12 03:43:46 : Click 546,425,3,10 #0282 | Train - Train Dragon
2015-07-12 03:43:47 : Barrack #2 is available
2015-07-12 03:43:47 : Click 773,337,1,0 #0271 | Train - Next Button 
2015-07-12 03:43:48 : Barrack #2selected
2015-07-12 03:43:48 : Barrack #2selected
2015-07-12 03:43:48 : Click 546,425,3,10 #0282 | Train - Train Dragon
2015-07-12 03:43:49 : Barrack #3 is available
2015-07-12 03:43:49 : Click 773,337,1,0 #0271 | Train - Next Button 
2015-07-12 03:43:50 : Barrack #3selected
2015-07-12 03:43:50 : Barrack #3selected
2015-07-12 03:43:50 : Click 496,197,10,0 #0273 | Train - Remove Troops
2015-07-12 03:43:51 : Click 331,320,15,10 #0275 | Train - Train Archer
2015-07-12 03:43:52 : Click 546,425,3,10 #0282 | Train - Train Dragon
2015-07-12 03:43:53 : Barrack #4 is available
2015-07-12 03:43:53 : Click 773,337,1,0 #0271 | Train - Next Button 
2015-07-12 03:43:53 : Barrack #4selected
2015-07-12 03:43:53 : Barrack #4selected
2015-07-12 03:43:54 : Click 546,425,3,10 #0282 | Train - Train Dragon
2015-07-12 03:43:55 : Dark Barrack #1 is upgrading
2015-07-12 03:43:55 : Dark Barrack #2 is available
2015-07-12 03:43:55 : Click 773,337,1,0 #0271 | Train - Next Button 
2015-07-12 03:43:56 : Dark Barrack #2selected
2015-07-12 03:43:56 : Dark Barrack #2selected
2015-07-12 03:43:56 : Click 496,197,10,0 #0287 | Train - Remove Troops
2015-07-12 03:43:56 : Click 496,197,10,0 #0287 | Train - Remove Troops
2015-07-12 03:43:57 : Click 546,320,99,100 #0277 | Train - Train Goblin
2015-07-12 03:43:58 : Click 220,320,10,100 #0274 | Train - Train Barbarian
2015-07-12 03:44:00 : ---================================================================---
2015-07-12 03:44:01 : Click 1,1,2,250 #0291 | Away
2015-07-12 03:44:04 : Request CC not Planned, Skipped..
2015-07-12 03:44:07 : No free builder, Upgrade Walls skipped..
2015-07-12 03:44:11 : Trying to locate Main Screen
2015-07-12 03:44:11 : Main Screen Located
2015-07-12 03:44:12 : Halt Attack, Stay Online/Train/Collect/Donate...
2015-07-12 03:44:14 : Click 1,1,1,0 #0332 | Away
2015-07-12 03:44:16 : Checking if Village needs Rearming..
2015-07-12 03:44:16 : Click 1,1,1,0 #0224 | Away
2015-07-12 03:44:17 : Click 433,313,1,0 #0225 | Rearm - Click Town Hall
2015-07-12 03:44:18 : Taking snapshot for later review
2015-07-12 03:44:24 : Click 1,1,1,0 #0234 | Away
2015-07-12 03:44:27 : PureClick 1,1,1,0 #0319 | Away
2015-07-12 03:44:28 : Village Report
2015-07-12 03:44:28 : No. of Free/Total Builders: 0/5
2015-07-12 03:44:28 :  [T]: 3 144
2015-07-12 03:44:28 :  [G]: 292 636 [E]: 5 562 160 [D]: 77 338 [GEM]: 2 027
2015-07-12 03:44:30 : Donation not Planned, Skipped..
2015-07-12 03:44:31 : Func Train 
2015-07-12 03:44:31 : Checking Army Camp...
2015-07-12 03:44:31 : Click 1,1,1,0 #0292 | Away
2015-07-12 03:44:32 : Click 40,525,1,0 #0293 | Train - Click Army Camp
2015-07-12 03:44:33 : $sArmyInfo = 191#200
2015-07-12 03:44:33 : $CurCamp = 191
2015-07-12 03:44:33 : $TotalCamp = 200
2015-07-12 03:44:33 : Total Army Camp capacity: 191/200
2015-07-12 03:44:33 : Click 1,1,1,0 #0295 | Away
2015-07-12 03:44:33 : Training Troops...
2015-07-12 03:44:33 : Click 1,1,1,0 #0268 | Away
2015-07-12 03:44:34 : Click 40,525,1,0 #0293 | Train - Click Army Camp
2015-07-12 03:44:35 : Barrack #1 is available
2015-07-12 03:44:35 : Click 773,337,1,0 #0271 | Train - Next Button 
2015-07-12 03:44:36 : Barrack #1selected
2015-07-12 03:44:36 : Barrack #1selected
2015-07-12 03:44:37 : Click 546,425,3,10 #0282 | Train - Train Dragon
2015-07-12 03:44:38 : Barrack #2 is available
2015-07-12 03:44:38 : Click 773,337,1,0 #0271 | Train - Next Button 
2015-07-12 03:44:38 : Barrack #2selected
2015-07-12 03:44:38 : Barrack #2selected
2015-07-12 03:44:39 : Click 546,425,3,10 #0282 | Train - Train Dragon
2015-07-12 03:44:40 : Barrack #3 is available
2015-07-12 03:44:40 : Click 773,337,1,0 #0271 | Train - Next Button 
2015-07-12 03:44:41 : Barrack #3selected
2015-07-12 03:44:41 : Barrack #3selected
2015-07-12 03:44:41 : Click 496,197,10,0 #0273 | Train - Remove Troops
2015-07-12 03:44:41 : Click 496,197,10,0 #0273 | Train - Remove Troops
2015-07-12 03:44:41 : Click 496,197,10,0 #0273 | Train - Remove Troops
2015-07-12 03:44:42 : Click 331,320,15,10 #0275 | Train - Train Archer
2015-07-12 03:44:43 : Click 546,425,3,10 #0282 | Train - Train Dragon
2015-07-12 03:44:44 : Barrack #4 is available
2015-07-12 03:44:44 : Click 773,337,1,0 #0271 | Train - Next Button 
2015-07-12 03:44:44 : Barrack #4selected
2015-07-12 03:44:44 : Barrack #4selected
2015-07-12 03:44:45 : Click 546,425,3,10 #0282 | Train - Train Dragon
2015-07-12 03:44:46 : Dark Barrack #1 is upgrading
2015-07-12 03:44:46 : Dark Barrack #2 is available
2015-07-12 03:44:46 : Click 773,337,1,0 #0271 | Train - Next Button 
2015-07-12 03:44:47 : Dark Barrack #2selected
2015-07-12 03:44:47 : Dark Barrack #2selected
2015-07-12 03:44:47 : Click 496,197,10,0 #0287 | Train - Remove Troops
2015-07-12 03:44:47 : Click 496,197,10,0 #0287 | Train - Remove Troops
2015-07-12 03:44:48 : Click 546,320,99,100 #0277 | Train - Train Goblin
2015-07-12 03:44:48 : Click 220,320,10,100 #0274 | Train - Train Barbarian
2015-07-12 03:44:50 : ---================================================================---
2015-07-12 03:44:50 : Click 1,1,2,250 #0291 | Away
2015-07-12 03:44:54 : Request CC not Planned, Skipped..
2015-07-12 03:44:57 : No free builder, Upgrade Walls skipped..
2015-07-12 03:45:01 : Trying to locate Main Screen
2015-07-12 03:45:01 : Main Screen Located
2015-07-12 03:45:01 : Halt Attack, Stay Online/Train/Collect/Donate...
