2015-07-12 17:10:29 : ~~~ Clash Game Bot v4.0 Powered by GameBot.org ~~~
2015-07-12 17:10:29 : Au3 Script running on WIN_81  X64
2015-07-12 17:10:29 : =================== Bot Start ====================
2015-07-12 17:10:29 : Trying to locate Main Screen
2015-07-12 17:10:29 : Zooming Out
2015-07-12 17:10:31 : Main Screen Located
2015-07-12 17:10:32 : Detecting your Buildings..
2015-07-12 17:10:39 : Your Town Hall is Level: 8
2015-07-12 17:10:40 : Language setting is English: Correct.
2015-07-12 17:10:41 : Trying to locate Main Screen
2015-07-12 17:10:41 : Main Screen Located
2015-07-12 17:10:43 : Collecting Resources
2015-07-12 17:10:51 : Checking if Village needs Rearming..
2015-07-12 17:11:01 : Village Report
2015-07-12 17:11:01 : No. of Free/Total Builders: 0/5
2015-07-12 17:11:01 :  [T]: 3 158
2015-07-12 17:11:02 :  [G]: 1 133 547 [E]: 6 001 000 [D]: 80 000 [GEM]: 2 027
2015-07-12 17:11:04 : Donation not Planned, Skipped..
2015-07-12 17:11:05 : Checking Army Camp...
2015-07-12 17:11:07 : Total Army Camp capacity: 200/200
2015-07-12 17:11:07 : Training Troops...
2015-07-12 17:11:26 : Request CC not Planned, Skipped..
2015-07-12 17:11:29 : Checking Upgrade
2015-07-12 17:11:30 : Updating Village Resource Values
2015-07-12 17:11:30 : No. of Free/Total Builders: 0/5
2015-07-12 17:11:30 :  [T]: 3 158
2015-07-12 17:11:30 :  [G]: 1 133 547 [E]: 5 882 000 [D]: 79 965 [GEM]: 2 027
2015-07-12 17:11:30 : No builder available for upgrades
2015-07-12 17:11:31 : No free builder, Upgrade Walls skipped..
2015-07-12 17:11:33 : Going to Attack...
2015-07-12 17:11:39 : ============== Searching For Live Base ===============
2015-07-12 17:11:39 : ~~~~~~~~~~~~~~~ SEARCH CONDITIONS ~~~~~~~~~~~~~~~~
2015-07-12 17:11:39 : Meet: Gold or Elixir, TH Outside
2015-07-12 17:11:39 : ~~~~~~~~~~~~~~ RESOURCE CONDITIONS ~~~~~~~~~~~~~~~
2015-07-12 17:11:39 : Aim: [G]: 100000 [E]:      0 [D]:    0 [T]: 0, Out
2015-07-12 17:11:39 : ~~~~~~~~~~~~~~~ ADVANCED SETTINGS ~~~~~~~~~~~~~~~~
2015-07-12 17:11:39 : THSnipe Combo, 1 Tile(s), AttackTH, Attack2:Extreme
2015-07-12 17:11:39 : ==================================================
2015-07-12 17:11:42 :   1> [G]:  50101 [E]:  43415 [D]:  675 [T]:15 [TH]:10, In
2015-07-12 17:11:52 :   2> [G]: 220386 [E]: 148603 [D]: 1882 [T]:33 [TH]:10, In
2015-07-12 17:12:01 :   3> [G]:  12332 [E]:  26667 [D]:  152 [T]: 8 [TH]: 9, In
2015-07-12 17:12:11 :   4> [G]: 295442 [E]: 164998 [D]: 1522 [T]:19 [TH]:10, In
2015-07-12 17:12:19 :   5> [G]:  24219 [E]:  71724 [D]: 1565 [T]:15 [TH]: 9, In
2015-07-12 17:12:27 :   6> [G]:  89137 [E]:  47728 [D]: 1869 [T]: 5 [TH]: 9, In
2015-07-12 17:12:36 :   7> [G]:  83430 [E]:  81516 [D]: 4156 [T]:30 [TH]:10, In
2015-07-12 17:12:44 :   8> [G]:  35372 [E]:  92257 [D]:  610 [T]: 2 [TH]: 9, In
2015-07-12 17:12:50 :   9> [G]:  66219 [E]:  65342 [D]:  486 [T]: 1 [TH]: 9, In
2015-07-12 17:12:57 :  10> [G]:   6911 [E]:  21342 [D]:  515 [T]: 1 [TH]: 9, In
2015-07-12 17:13:03 :  11> [G]:  18303 [E]: 176960 [D]: 1305 [T]: 1 [TH]: 9, In
2015-07-12 17:13:09 :  12> [G]: 138292 [E]:  51372 [D]:  557 [T]: 1 [TH]: 9, In
2015-07-12 17:13:15 :  13> [G]: 188639 [E]: 145357 [D]: 2023 [T]: 5 [TH]: 9, In
2015-07-12 17:13:25 :  14> [G]:  87785 [E]:  99302 [D]: 1466 [T]:23 [TH]:10, In
2015-07-12 17:13:31 :  15> [G]:  47627 [E]:  45539 [D]:   47 [T]: 2 [TH]: 9, In
2015-07-12 17:13:38 :  16> [G]: 109613 [E]: 104657 [D]: 1473 [T]: 5 [TH]: 9, In
2015-07-12 17:13:42 :  17> [G]: 103310 [E]: 140192 [D]: 1308 [T]: 5 [TH]: 9, In
2015-07-12 17:13:50 :  18> [G]:  36222 [E]:   1943 [D]:   43 [T]: 1 [TH]: 9, In
2015-07-12 17:13:57 :  19> [G]: 234757 [E]: 108861 [D]:  991 [T]: 2 [TH]: 9, In
2015-07-12 17:14:05 :  20> [G]:  49593 [E]:  88112 [D]: 1765 [T]: 2 [TH]: 9, In
2015-07-12 17:14:12 :  21> [G]: 112011 [E]:  83413 [D]: 1116 [T]: 1 [TH]: 9, In
2015-07-12 17:14:18 :  22> [G]: 204195 [E]: 235359 [D]: 2701 [T]: 1 [TH]: 9, In
2015-07-12 17:14:24 :  23> [G]:  40813 [E]: 115937 [D]:  192 [T]: 6 [TH]: 9, In
2015-07-12 17:14:34 :  24> [G]:  20474 [E]:  78863 [D]: 1516 [T]:31 [TH]:10, In
2015-07-12 17:14:40 :  25> [G]:   6685 [E]:  47477 [D]:  700 [T]: 5 [TH]: 9, In
2015-07-12 17:14:46 :  26> [G]:  97889 [E]:   6144 [D]: 1578 [T]: 2 [TH]: 9, In
2015-07-12 17:14:51 :  27> [G]:   9686 [E]: 165684 [D]:  851 [T]: 1 [TH]: 9, In
2015-07-12 17:14:58 :  28> [G]:  80032 [E]:  93016 [D]:  566 [T]: 2 [TH]: 9, In
2015-07-12 17:15:05 :  29> [G]:  32257 [E]:  80712 [D]: 1954 [T]: 5 [TH]: 9, In
2015-07-12 17:15:10 :  30> [G]:  51853 [E]: 111231 [D]:   61 [T]: 1 [TH]: 9, In
2015-07-12 17:15:17 :  31> [G]:  23166 [E]:   6891 [D]: 1178 [T]: 1 [TH]: 9, In
2015-07-12 17:15:24 :  32> [G]:  42457 [E]:  12245 [D]: 2022 [T]: 5 [TH]: 9, In
2015-07-12 17:15:29 : Pushbullet: Your request has been received from RKI. Log is now sent
2015-07-12 17:15:36 :  33> [G]: 106153 [E]:  95990 [D]:  309 [T]: 1 [TH]: 9, In
2015-07-12 17:15:43 :  34> [G]:  51332 [E]: 115415 [D]:  783 [T]: 1 [TH]: 9, In
2015-07-12 17:15:51 :  35> [G]:  11097 [E]: 132045 [D]:  898 [T]: 1 [TH]: 9, In
2015-07-12 17:16:01 :  36> [G]: 146036 [E]:  34201 [D]:  594 [T]:30 [TH]:10, In
2015-07-12 17:16:11 :  37> [G]: 113663 [E]:  28100 [D]: 2433 [T]:30 [TH]:10, In
2015-07-12 17:16:17 :  38> [G]:  69741 [E]: 186802 [D]: 1531 [T]: 1 [TH]: 8, In
2015-07-12 17:16:22 :  39> [G]:  79757 [E]:  71787 [D]:  805 [T]: 1 [TH]: 8, In
2015-07-12 17:16:29 :  40> [G]: 134155 [E]: 105283 [D]:  597 [T]: 1 [TH]: 9, In
2015-07-12 17:16:37 :  41> [G]:  34386 [E]: 143576 [D]:  659 [T]: 1 [TH]: 9, In
2015-07-12 17:16:44 :  42> [G]:  13295 [E]:  13635 [D]: 1218 [T]: 1 [TH]: 9, In
2015-07-12 17:16:52 :  43> [G]: 181259 [E]:  36517 [D]:  894 [T]: 2 [TH]: 9, In
2015-07-12 17:16:57 :  44> [G]:   1518 [E]:  21272 [D]:  391 [T]: 1 [TH]: 9, In
2015-07-12 17:17:02 :  45> [G]:  22034 [E]: 142113 [D]:  412 [T]: 1 [TH]: 9, In
2015-07-12 17:17:07 :  46> [G]:  76809 [E]:  47735 [D]:   79 [T]: 1 [TH]: 9, In
2015-07-12 17:17:13 :  47> [G]: 285500 [E]: 181761 [D]: 1286 [T]: 5 [TH]: 9, In
2015-07-12 17:17:20 :  48> [G]:  43803 [E]:  87590 [D]:  446 [T]: 3 [TH]: 9, In
2015-07-12 17:17:27 :  49> [G]:  58027 [E]:  24428 [D]: 1233 [T]: 2 [TH]: 9, In
2015-07-12 17:17:37 :  50> [G]:  56039 [E]: 139066 [D]: 1549 [T]:29 [TH]:10, In
2015-07-12 17:17:44 :  51> [G]: 262959 [E]:  33593 [D]: 2498 [T]: 5 [TH]: 9, In
2015-07-12 17:17:53 :  52> [G]: 179647 [E]:  46334 [D]: 2537 [T]:10 [TH]: 9, Out
2015-07-12 17:17:53 : No major traps found near TH.
2015-07-12 17:17:54 : ~~~~~~~~~~~~~~~~ Live Base Found! ~~~~~~~~~~~~~~~~
2015-07-12 17:17:55 : ================ Search Complete =================
2015-07-12 17:17:55 : Initiating attack for: Live Base
2015-07-12 17:18:01 : -Dragons 10
2015-07-12 17:18:01 : -Clan Castle 
2015-07-12 17:18:01 : -King 
2015-07-12 17:18:01 : -Jump Spells 2
2015-07-12 17:18:01 : -Rage Spells 2
2015-07-12 17:18:01 : -Heal Spells 2
2015-07-12 17:18:01 :  ====== Start Attack ====== 
2015-07-12 17:18:03 : Extreme Attacking TH Outside with DAM PULSE!
2015-07-12 17:18:03 : No  troop Found!!!
2015-07-12 17:18:25 : No  troop Found!!!
2015-07-12 17:18:25 : No  troop Found!!!
2015-07-12 17:18:47 : Dropping first wave of 1 Dragons
2015-07-12 17:18:49 : Deployment of Dragons Successful!
2015-07-12 17:19:30 : Townhall has been destroyed!
2015-07-12 17:19:30 : Calculating Smart Attack Strategy
2015-07-12 17:19:31 : Calculated  (in 0.33 seconds) :
2015-07-12 17:19:31 : Attacking on two sides
2015-07-12 17:19:33 : Dropping King
2015-07-12 17:19:34 : Dropping left over troops
2015-07-12 17:19:34 : Checking remaining unused troops for: Live Base
2015-07-12 17:19:37 : -Dragons 9
2015-07-12 17:19:37 : -Clan Castle 
2015-07-12 17:19:37 : -King 
2015-07-12 17:19:38 : -Jump Spells 2
2015-07-12 17:19:38 : -Rage Spells 2
2015-07-12 17:19:38 : -Heal Spells 2
2015-07-12 17:19:42 : Dropping last wave of 9 Dragons
2015-07-12 17:19:44 : King is getting weak, Activating King's power
2015-07-12 17:19:48 : Checking remaining unused troops for: Live Base
2015-07-12 17:19:52 : -Dragons 0
2015-07-12 17:19:52 : -Clan Castle 
2015-07-12 17:19:52 : -Jump Spells 2
2015-07-12 17:19:52 : -Rage Spells 2
2015-07-12 17:19:52 : -Heal Spells 2
2015-07-12 17:20:01 : Finished Attacking, waiting for the battle to end
2015-07-12 17:20:01 : Checking if the battle has finished
2015-07-12 17:20:01 : One Star Reach, exit
2015-07-12 17:20:03 : Returning Home
2015-07-12 17:20:08 : Loot: [G]: 4 336 [E]: 1 735 [DE]: 1 735 [T]: 0
2015-07-12 17:20:09 : Bonus [G]: 180 000 [E]: 180 000 [DE]: 1 200
2015-07-12 17:20:12 : Your league level is: Champion
2015-07-12 17:20:12 : Stars earned: 1
2015-07-12 17:20:12 : Taking snapshot of your loot
2015-07-12 17:20:12 : Pushbullet: Last Raid screenshot has been sent!
2015-07-12 17:20:25 : Trying to locate Main Screen
2015-07-12 17:20:25 : Main Screen Located
2015-07-12 17:20:27 : Collecting Resources
2015-07-12 17:20:36 : Checking if Village needs Rearming..
2015-07-12 17:20:47 : Village Report
2015-07-12 17:20:47 : No. of Free/Total Builders: 0/5
2015-07-12 17:20:47 :  [T]: 3 161
2015-07-12 17:20:47 :  [G]: 1 290 097 [E]: 6 001 000 [D]: 80 000 [GEM]: 2 027
2015-07-12 17:20:50 : Donation not Planned, Skipped..
2015-07-12 17:20:51 : Checking Army Camp...
2015-07-12 17:20:53 : Total Army Camp capacity: 25/200
2015-07-12 17:20:54 :  - No. of Archers: 15
2015-07-12 17:20:54 :  - No. of Minions: 5
2015-07-12 17:20:54 : Training Troops...
2015-07-12 17:21:13 : Request CC not Planned, Skipped..
2015-07-12 17:21:15 : Checking Upgrade
2015-07-12 17:21:15 : Updating Village Resource Values
2015-07-12 17:21:15 : No. of Free/Total Builders: 0/5
2015-07-12 17:21:16 :  [T]: 3 161
2015-07-12 17:21:16 :  [G]: 1 290 097 [E]: 5 911 000 [D]: 79 965 [GEM]: 2 027
2015-07-12 17:21:16 : No builder available for upgrades
2015-07-12 17:21:17 : No free builder, Upgrade Walls skipped..
2015-07-12 17:21:18 : ====== Waiting for full army ======
2015-07-12 17:21:18 : Donation not Planned, Skipped..
2015-07-12 17:21:19 : Donation not Planned, Skipped..
2015-07-12 17:21:21 : Donation not Planned, Skipped..
2015-07-12 17:21:23 : Donation not Planned, Skipped..
2015-07-12 17:21:24 : Donation not Planned, Skipped..
2015-07-12 17:21:26 : Donation not Planned, Skipped..
2015-07-12 17:21:27 : Donation not Planned, Skipped..
2015-07-12 17:21:29 : Donation not Planned, Skipped..
2015-07-12 17:21:31 : Donation not Planned, Skipped..
2015-07-12 17:21:32 : Donation not Planned, Skipped..
2015-07-12 17:21:38 : Checking Army Camp...
2015-07-12 17:21:40 : Total Army Camp capacity: 26/200
2015-07-12 17:21:41 :  - No. of Archers: 16
2015-07-12 17:21:41 :  - No. of Minions: 5
2015-07-12 17:21:41 : Training Troops...
2015-07-12 17:21:57 : Time Idle: 00:00:39
2015-07-12 17:21:57 : ====== Waiting for full army ======
2015-07-12 17:21:57 : Donation not Planned, Skipped..
2015-07-12 17:21:59 : Donation not Planned, Skipped..
2015-07-12 17:22:00 : Donation not Planned, Skipped..
2015-07-12 17:22:02 : Donation not Planned, Skipped..
2015-07-12 17:22:03 : Donation not Planned, Skipped..
2015-07-12 17:22:05 : Donation not Planned, Skipped..
2015-07-12 17:22:06 : Donation not Planned, Skipped..
2015-07-12 17:22:08 : Donation not Planned, Skipped..
2015-07-12 17:22:09 : Donation not Planned, Skipped..
2015-07-12 17:22:11 : Donation not Planned, Skipped..
2015-07-12 17:22:17 : Checking Army Camp...
2015-07-12 17:22:19 : Total Army Camp capacity: 30/200
2015-07-12 17:22:20 :  - No. of Archers: 18
2015-07-12 17:22:20 :  - No. of Minions: 6
2015-07-12 17:22:20 : Training Troops...
2015-07-12 17:22:36 : Time Idle: 00:01:18
2015-07-12 17:22:36 : ====== Waiting for full army ======
2015-07-12 17:22:36 : Donation not Planned, Skipped..
2015-07-12 17:22:38 : Donation not Planned, Skipped..
2015-07-12 17:22:40 : Donation not Planned, Skipped..
2015-07-12 17:22:41 : Donation not Planned, Skipped..
2015-07-12 17:22:43 : Donation not Planned, Skipped..
2015-07-12 17:22:44 : Donation not Planned, Skipped..
2015-07-12 17:22:46 : Donation not Planned, Skipped..
2015-07-12 17:22:47 : Donation not Planned, Skipped..
2015-07-12 17:22:49 : Donation not Planned, Skipped..
2015-07-12 17:22:51 : Donation not Planned, Skipped..
2015-07-12 17:22:56 : Checking Army Camp...
2015-07-12 17:22:58 : Total Army Camp capacity: 33/200
2015-07-12 17:22:59 :  - No. of Archers: 19
2015-07-12 17:22:59 :  - No. of Minions: 7
2015-07-12 17:22:59 : Training Troops...
2015-07-12 17:23:15 : Time Idle: 00:01:57
2015-07-12 17:23:15 : ====== Waiting for full army ======
2015-07-12 17:23:15 : Donation not Planned, Skipped..
2015-07-12 17:23:17 : Donation not Planned, Skipped..
2015-07-12 17:23:19 : Donation not Planned, Skipped..
2015-07-12 17:23:20 : Donation not Planned, Skipped..
2015-07-12 17:23:22 : Donation not Planned, Skipped..
2015-07-12 17:23:23 : Donation not Planned, Skipped..
2015-07-12 17:23:25 : Donation not Planned, Skipped..
2015-07-12 17:23:26 : Donation not Planned, Skipped..
2015-07-12 17:23:28 : Donation not Planned, Skipped..
2015-07-12 17:23:29 : Donation not Planned, Skipped..
2015-07-12 17:23:35 : Checking Army Camp...
2015-07-12 17:23:37 : Total Army Camp capacity: 37/200
2015-07-12 17:23:38 :  - No. of Archers: 21
2015-07-12 17:23:38 :  - No. of Minions: 8
2015-07-12 17:23:38 : Training Troops...
2015-07-12 17:23:54 : Time Idle: 00:02:36
2015-07-12 17:23:54 : ====== Waiting for full army ======
2015-07-12 17:23:54 : Donation not Planned, Skipped..
2015-07-12 17:23:56 : Donation not Planned, Skipped..
2015-07-12 17:23:58 : Donation not Planned, Skipped..
2015-07-12 17:23:59 : Donation not Planned, Skipped..
2015-07-12 17:24:01 : Donation not Planned, Skipped..
2015-07-12 17:24:02 : Donation not Planned, Skipped..
2015-07-12 17:24:04 : Donation not Planned, Skipped..
2015-07-12 17:24:05 : Donation not Planned, Skipped..
2015-07-12 17:24:07 : Donation not Planned, Skipped..
2015-07-12 17:24:08 : Donation not Planned, Skipped..
2015-07-12 17:24:14 : Checking Army Camp...
2015-07-12 17:24:16 : Total Army Camp capacity: 40/200
2015-07-12 17:24:17 :  - No. of Archers: 22
2015-07-12 17:24:17 :  - No. of Minions: 9
2015-07-12 17:24:17 : Training Troops...
2015-07-12 17:24:29 : Pushbullet: Your request has been received from RKI. Log is now sent
2015-07-12 17:24:39 : Time Idle: 00:03:21
2015-07-12 17:24:39 : ====== Waiting for full army ======
2015-07-12 17:24:39 : Donation not Planned, Skipped..
2015-07-12 17:24:41 : Donation not Planned, Skipped..
2015-07-12 17:24:43 : Donation not Planned, Skipped..
2015-07-12 17:24:44 : Donation not Planned, Skipped..
2015-07-12 17:24:46 : Donation not Planned, Skipped..
2015-07-12 17:24:47 : Donation not Planned, Skipped..
2015-07-12 17:24:49 : Donation not Planned, Skipped..
2015-07-12 17:24:50 : Donation not Planned, Skipped..
2015-07-12 17:24:52 : Donation not Planned, Skipped..
2015-07-12 17:24:53 : Donation not Planned, Skipped..
2015-07-12 17:24:59 : Checking Army Camp...
2015-07-12 17:25:01 : Total Army Camp capacity: 64/200
2015-07-12 17:25:02 :  - No. of Archers: 24
2015-07-12 17:25:02 :  - No. of Dragons: 1
2015-07-12 17:25:02 :  - No. of Minions: 10
2015-07-12 17:25:02 : Training Troops...
2015-07-12 17:25:19 : Time Idle: 00:04:00
2015-07-12 17:25:19 : ====== Waiting for full army ======
2015-07-12 17:25:19 : Donation not Planned, Skipped..
2015-07-12 17:25:20 : Donation not Planned, Skipped..
2015-07-12 17:25:22 : Donation not Planned, Skipped..
2015-07-12 17:25:23 : Donation not Planned, Skipped..
2015-07-12 17:25:25 : Donation not Planned, Skipped..
2015-07-12 17:25:26 : Donation not Planned, Skipped..
2015-07-12 17:25:28 : Donation not Planned, Skipped..
2015-07-12 17:25:29 : Donation not Planned, Skipped..
2015-07-12 17:25:31 : Donation not Planned, Skipped..
2015-07-12 17:25:32 : Donation not Planned, Skipped..
2015-07-12 17:25:38 : Checking Army Camp...
2015-07-12 17:25:40 : Total Army Camp capacity: 106/200
2015-07-12 17:25:40 : Training Troops...
2015-07-12 17:25:58 : Going to Attack...
2015-07-12 17:26:04 : ============== Searching For Live Base ===============
2015-07-12 17:26:04 : ~~~~~~~~~~~~~~~ SEARCH CONDITIONS ~~~~~~~~~~~~~~~~
2015-07-12 17:26:04 : Meet: Gold or Elixir, TH Outside
2015-07-12 17:26:04 : ~~~~~~~~~~~~~~ RESOURCE CONDITIONS ~~~~~~~~~~~~~~~
2015-07-12 17:26:04 : Aim: [G]: 100000 [E]:      0 [D]:    0 [T]: 0, Out, Out
2015-07-12 17:26:04 : ~~~~~~~~~~~~~~~ ADVANCED SETTINGS ~~~~~~~~~~~~~~~~
2015-07-12 17:26:04 : THSnipe Combo, 1 Tile(s), AttackTH, Attack2:Extreme
2015-07-12 17:26:04 : ==================================================
2015-07-12 17:26:11 :   1> [G]:  98411 [E]:  72721 [D]: 1040 [T]:13 [TH]:10, In
2015-07-12 17:26:20 :   2> [G]: 382043 [E]: 250051 [D]: 3334 [T]:30 [TH]:10, In
2015-07-12 17:26:33 :   3> [G]: 184825 [E]:  52709 [D]: 1384 [T]:33 [TH]:10, In
2015-07-12 17:26:38 :   4> [G]: 146480 [E]:  80938 [D]:  878 [T]: 6 [TH]: 9, In
2015-07-12 17:26:49 :   5> [G]:  71119 [E]: 106636 [D]: 1060 [T]:12 [TH]: 9, In
2015-07-12 17:26:59 :   6> [G]: 154305 [E]: 103075 [D]: 1053 [T]:16 [TH]:10, In
2015-07-12 17:27:05 :   7> [G]:  14064 [E]:   4484 [D]:  669 [T]: 1 [TH]: 9, In
2015-07-12 17:27:11 :   8> [G]: 137375 [E]:  77261 [D]:  818 [T]: 1 [TH]: 9, In
2015-07-12 17:27:18 :   9> [G]:  17052 [E]:  86398 [D]: 1605 [T]: 1 [TH]: 9, In
2015-07-12 17:27:24 :  10> [G]:  36794 [E]:  40300 [D]:  690 [T]: 2 [TH]: 9, In
2015-07-12 17:27:31 :  11> [G]:  26211 [E]:  80657 [D]:  146 [T]: 1 [TH]: 9, In
2015-07-12 17:27:38 :  12> [G]: 296129 [E]: 165523 [D]:  936 [T]: 2 [TH]: 9, In
2015-07-12 17:27:48 :  13> [G]: 241228 [E]: 179420 [D]: 3853 [T]:20 [TH]:10, In
2015-07-12 17:27:55 :  14> [G]: 124953 [E]:  73583 [D]:  229 [T]: 3 [TH]: 9, In
2015-07-12 17:28:01 :  15> [G]:   6288 [E]:  24163 [D]:  862 [T]: 1 [TH]: 9, In
2015-07-12 17:28:08 :  16> [G]:  56722 [E]: 180818 [D]:  962 [T]: 2 [TH]: 9, In
2015-07-12 17:28:18 :  17> [G]:  74029 [E]: 114426 [D]: 2491 [T]:25 [TH]:10, In
2015-07-12 17:28:25 :  18> [G]:  26174 [E]: 143797 [D]:  906 [T]: 7 [TH]: 9, In
2015-07-12 17:28:32 :  19> [G]:  41761 [E]:  17399 [D]: 1100 [T]: 3 [TH]: 9, In
2015-07-12 17:28:42 :  20> [G]: 108856 [E]:  76121 [D]:  700 [T]:33 [TH]:10, In
2015-07-12 17:28:53 :  21> [G]: 422206 [E]: 121440 [D]: 2555 [T]:16 [TH]:10, In
2015-07-12 17:29:02 :  22> [G]: 114451 [E]:  60042 [D]: 1411 [T]:13 [TH]:10, In
2015-07-12 17:29:09 :  23> [G]:  13130 [E]:  72511 [D]:  754 [T]: 1 [TH]: 9, In
2015-07-12 17:29:16 :  24> [G]: 168443 [E]: 232008 [D]:  840 [T]: 1 [TH]: 9, In
2015-07-12 17:29:23 :  25> [G]:  92271 [E]:  36864 [D]:  675 [T]: 5 [TH]: 9, In
2015-07-12 17:29:30 :  26> [G]: 206539 [E]:  64760 [D]: 1676 [T]: 2 [TH]: 9, In
2015-07-12 17:29:36 :  27> [G]:  10491 [E]:  42496 [D]:  730 [T]: 1 [TH]: 9, In
2015-07-12 17:29:45 :  28> [G]:  42735 [E]:  43990 [D]:  372 [T]: 1 [TH]: 9, In
2015-07-12 17:29:55 :  29> [G]: 410521 [E]: 233366 [D]: 3168 [T]:32 [TH]:10, In
2015-07-12 17:30:06 :  30> [G]: 112438 [E]: 168758 [D]:  111 [T]:21 [TH]:10, In
2015-07-12 17:30:12 :  31> [G]: 205828 [E]: 181410 [D]:  301 [T]: 1 [TH]: 9, In
2015-07-12 17:30:17 :  32> [G]:  42607 [E]:  67107 [D]:  686 [T]: 2 [TH]: 9, In
2015-07-12 17:30:23 :  33> [G]:  12057 [E]:  12192 [D]:  232 [T]: 1 [TH]: 9, In
2015-07-12 17:30:30 :  34> [G]:  77851 [E]:  80591 [D]:  279 [T]: 2 [TH]: 9, In
2015-07-12 17:30:36 :  35> [G]:  50948 [E]:  58882 [D]:  795 [T]: 3 [TH]: 9, In
2015-07-12 17:30:45 :  36> [G]:  24238 [E]:  79169 [D]: 1240 [T]: 2 [TH]: 9, In
2015-07-12 17:30:49 :  37> [G]: 185094 [E]: 167725 [D]:  637 [T]: 1 [TH]: 8, In
2015-07-12 17:30:56 :  38> [G]:  24786 [E]:  86241 [D]: 1218 [T]: 5 [TH]: 9, In
2015-07-12 17:31:02 :  39> [G]:  40535 [E]:  76989 [D]:  965 [T]: 3 [TH]: 9, In
2015-07-12 17:31:08 :  40> [G]:  18082 [E]: 213985 [D]:  820 [T]: 3 [TH]: 9, In
2015-07-12 17:31:15 :  41> [G]: 117056 [E]:  54457 [D]:  541 [T]: 2 [TH]: 9, In
2015-07-12 17:31:19 :  42> [G]:  31144 [E]:  74748 [D]:  846 [T]: 3 [TH]: 9, In
2015-07-12 17:31:26 :  43> [G]:  24497 [E]: 228581 [D]:  430 [T]: 1 [TH]: 9, In
2015-07-12 17:31:31 :  44> [G]:  78921 [E]:  87950 [D]: 1372 [T]: 1 [TH]: 9, In
2015-07-12 17:31:37 :  45> [G]:  41949 [E]:  39832 [D]: 1044 [T]: 6 [TH]: 9, In
2015-07-12 17:31:44 :  46> [G]: 130660 [E]: 145330 [D]: 1215 [T]:14 [TH]: 9, In
2015-07-12 17:31:54 :  47> [G]:  87146 [E]:  40494 [D]:  688 [T]:16 [TH]:10, In
2015-07-12 17:32:01 :  48> [G]:  84936 [E]:  38489 [D]:   72 [T]: 2 [TH]: 9, In
2015-07-12 17:32:08 :  49> [G]:  25364 [E]: 107099 [D]: 1445 [T]: 1 [TH]: 9, In
2015-07-12 17:32:14 :  50> [G]: 161349 [E]:  60420 [D]:   84 [T]: 1 [TH]: 9, In
2015-07-12 17:32:25 :  51> [G]:  78209 [E]: 117814 [D]:  443 [T]:28 [TH]:10, In
2015-07-12 17:32:31 :  52> [G]: 199810 [E]: 176028 [D]: 1619 [T]: 1 [TH]: 9, In
2015-07-12 17:32:36 :  53> [G]:  51958 [E]:  53875 [D]:  493 [T]: 1 [TH]: 9, In
2015-07-12 17:32:45 :  54> [G]:  49475 [E]:   9793 [D]: 1704 [T]:23 [TH]:10, In
2015-07-12 17:32:50 :  55> [G]: 128288 [E]: 117753 [D]:  800 [T]: 4 [TH]: 9, In
2015-07-12 17:32:57 :  56> [G]:  51211 [E]:  81332 [D]: 1518 [T]: 4 [TH]: 9, In
2015-07-12 17:33:03 :  57> [G]:  22934 [E]:  70638 [D]:  621 [T]: 2 [TH]: 9, In
2015-07-12 17:33:13 :  58> [G]: 100299 [E]: 129754 [D]: 1489 [T]:17 [TH]:10, In
2015-07-12 17:33:21 :  59> [G]:  36837 [E]: 141852 [D]:  963 [T]: 1 [TH]: 9, In
2015-07-12 17:33:27 :  60> [G]: 102324 [E]:  84229 [D]:  837 [T]: 1 [TH]: 9, In
2015-07-12 17:33:33 :  61> [G]:  33734 [E]:   2438 [D]:  247 [T]: 2 [TH]: 9, In
2015-07-12 17:33:40 :  62> [G]:  25079 [E]: 211691 [D]:  101 [T]: 2 [TH]: 9, In
2015-07-12 17:33:47 :  63> [G]:  64094 [E]: 122835 [D]: 1152 [T]: 1 [TH]: 9, In
2015-07-12 17:33:53 :  64> [G]:  18094 [E]:  34099 [D]:  810 [T]: 2 [TH]: 9, In
2015-07-12 17:33:58 :  65> [G]: 104964 [E]: 403510 [D]: 1582 [T]:17 [TH]:10, In
2015-07-12 17:34:04 :  66> [G]: 211235 [E]:  26369 [D]:  748 [T]: 1 [TH]: 9, In
2015-07-12 17:34:09 :  67> [G]:  88734 [E]:  57791 [D]: 1367 [T]: 5 [TH]: 9, In
2015-07-12 17:34:14 :  68> [G]:  60757 [E]: 140064 [D]: 1098 [T]: 2 [TH]: 9, In
2015-07-12 17:34:19 :  69> [G]:  41415 [E]: 121029 [D]:  892 [T]: 2 [TH]: 9, In
2015-07-12 17:34:24 :  70> [G]:  35362 [E]:  14741 [D]: 1500 [T]: 4 [TH]: 9, In
2015-07-12 17:34:34 :  71> [G]:  51546 [E]: 142734 [D]:  359 [T]:22 [TH]:10, In
2015-07-12 17:34:39 :  72> [G]:  46946 [E]:   2356 [D]:  258 [T]: 4 [TH]: 9, In
2015-07-12 17:34:49 :  73> [G]: 115104 [E]: 113775 [D]: 2313 [T]:34 [TH]:10, In
2015-07-12 17:34:55 :  74> [G]:  66321 [E]:  59016 [D]:  325 [T]: 1 [TH]: 9, In
2015-07-12 17:35:02 :  75> [G]:  17012 [E]: 148248 [D]:  715 [T]: 3 [TH]: 9, In
2015-07-12 17:35:09 :  76> [G]:  84357 [E]:  31342 [D]: 1555 [T]: 1 [TH]: 9, In
2015-07-12 17:35:19 :  77> [G]:  69307 [E]: 115039 [D]: 1406 [T]:26 [TH]:10, In
2015-07-12 17:35:27 :  78> [G]:  41293 [E]:  26187 [D]:  178 [T]: 1 [TH]: 9, In
2015-07-12 17:35:29 : Pushbullet: Your request has been received from RKI. Log is now sent
2015-07-12 17:35:36 :  79> [G]:  50651 [E]: 114210 [D]:  497 [T]: 1 [TH]: 9, In
2015-07-12 17:35:43 :  80> [G]:  42542 [E]:  40998 [D]:  714 [T]: 2 [TH]: 9, In
2015-07-12 17:35:47 :  81> [G]: 129107 [E]:  43177 [D]:  644 [T]: 1 [TH]: 9, In
2015-07-12 17:35:55 :  82> [G]: 107284 [E]:  63062 [D]:  641 [T]: 1 [TH]: 9, In
2015-07-12 17:36:04 :  83> [G]:  11621 [E]:  39726 [D]:  184 [T]: 1 [TH]: 9, In
2015-07-12 17:36:09 :  84> [G]:  59575 [E]:  11152 [D]:  937 [T]: 1 [TH]: 9, In
2015-07-12 17:36:14 :  85> [G]: 196815 [E]: 106334 [D]: 1767 [T]:30 [TH]:10, In
2015-07-12 17:36:19 :  86> [G]:  51745 [E]:  65074 [D]: 1469 [T]: 1 [TH]: 9, In
2015-07-12 17:36:24 :  87> [G]: 193414 [E]: 231561 [D]: 3487 [T]:16 [TH]:10, In
2015-07-12 17:36:32 :  88> [G]: 102851 [E]: 105492 [D]: 1573 [T]: 1 [TH]: 9, In
2015-07-12 17:36:36 :  89> [G]:  51616 [E]:  12883 [D]: 1260 [T]: 2 [TH]: 9, In
2015-07-12 17:36:46 :  90> [G]: 103707 [E]:  75907 [D]: 1031 [T]:15 [TH]:10, In
2015-07-12 17:36:52 :  91> [G]:  61865 [E]:  98825 [D]:  557 [T]: 3 [TH]: 9, In
2015-07-12 17:36:57 :  92> [G]:  74419 [E]:  29366 [D]: 1257 [T]: 1 [TH]: 9, In
2015-07-12 17:37:04 :  93> [G]:  86538 [E]:  16800 [D]: 2222 [T]: 2 [TH]: 9, In
2015-07-12 17:37:09 :  94> [G]: 193617 [E]: 155892 [D]: 2032 [T]:34 [TH]:10, In
2015-07-12 17:37:19 :  95> [G]:  70478 [E]:  72854 [D]: 1430 [T]:14 [TH]:10, In
2015-07-12 17:37:25 :  96> [G]: 247290 [E]:   5539 [D]:  833 [T]: 8 [TH]: 9, In
2015-07-12 17:37:31 :  97> [G]: 186302 [E]:  47004 [D]:  319 [T]: 1 [TH]: 9, In
2015-07-12 17:37:37 :  98> [G]:  10198 [E]: 231738 [D]:  816 [T]: 1 [TH]: 9, In
2015-07-12 17:37:42 :  99> [G]:   1297 [E]:  70820 [D]:    8 [T]: 4 [TH]: 9, In
2015-07-12 17:37:52 : 100> [G]: 353531 [E]:  65497 [D]: 2225 [T]:32 [TH]:10, In
2015-07-12 17:38:01 : 101> [G]: 137380 [E]:  96054 [D]:  309 [T]: 1 [TH]: 9, In
2015-07-12 17:38:07 : 102> [G]: 266223 [E]: 487799 [D]: 2922 [T]: 2 [TH]: 9, In
2015-07-12 17:38:17 : 103> [G]: 169682 [E]: 156535 [D]: 1587 [T]:22 [TH]:10, In
2015-07-12 17:38:24 : 104> [G]: 103421 [E]: 173062 [D]: 1202 [T]: 1 [TH]: 8, Out
2015-07-12 17:38:24 : No major traps found near TH.
2015-07-12 17:38:24 : ~~~~~~~~~~~~~~~~ Live Base Found! ~~~~~~~~~~~~~~~~
2015-07-12 17:38:26 : ================ Search Complete =================
2015-07-12 17:38:26 : Initiating attack for: Live Base
2015-07-12 17:38:30 : -Archers 26
2015-07-12 17:38:30 : -Dragons 3
2015-07-12 17:38:31 : -Minions 10
2015-07-12 17:38:31 : -Clan Castle 
2015-07-12 17:38:31 : -Jump Spells 2
2015-07-12 17:38:31 : -Rage Spells 2
2015-07-12 17:38:31 : -Heal Spells 2
2015-07-12 17:38:31 :  ====== Start Attack ====== 
2015-07-12 17:38:33 : Extreme Attacking TH Outside with DAM PULSE!
2015-07-12 17:38:33 : Dropping first wave of 8 Archers
2015-07-12 17:38:35 : Deployment of Archers Successful!
2015-07-12 17:39:37 : Dropping first wave of 6 Minions
2015-07-12 17:39:40 : Deployment of Minions Successful!
2015-07-12 17:39:40 : Dropping second wave of 8 Archers
2015-07-12 17:39:42 : Deployment of Archers Successful!
2015-07-12 17:40:45 : Dropping first wave of 1 Dragons
2015-07-12 17:40:46 : Deployment of Dragons Successful!
2015-07-12 17:41:27 : Townhall has been destroyed!
2015-07-12 17:41:27 : Calculating Smart Attack Strategy
2015-07-12 17:41:27 : Calculated  (in 0.26 seconds) :
2015-07-12 17:41:27 : Attacking on two sides
2015-07-12 17:41:29 : Dropping first wave of Archers 13
2015-07-12 17:41:33 : Dropping first wave of Minions 10
2015-07-12 17:41:35 : Dropping second wave of Archers 13
2015-07-12 17:41:39 : Dropping left over troops
2015-07-12 17:41:39 : Checking remaining unused troops for: Live Base
