2015-07-11 22:49:25 : ~~~ Clash Game Bot v4.0 Powered by GameBot.org ~~~
2015-07-11 22:49:25 : Au3 Script running on WIN_81  X64
2015-07-11 22:49:25 : =================== Bot Start ====================
2015-07-11 22:49:25 : Trying to locate Main Screen
2015-07-11 22:49:25 : Main Screen Located
2015-07-11 22:49:25 : Click 1,1,1,0 #0166 | Away
2015-07-11 22:49:26 : Detecting your Buildings..
2015-07-11 22:49:26 : Click 1,1,2,200 
2015-07-11 22:49:27 : Town Hall Position: 433, 308
2015-07-11 22:49:27 : Click 433,313,1,0 
2015-07-11 22:49:28 : Taking snapshot for later review
2015-07-11 22:49:31 : Read building Name String = Town Hall (Level 8)
2015-07-11 22:49:31 : 1st $aString = 2, Town Hall , Level 8)
2015-07-11 22:49:31 : 2nd $aString = 2, Level 8, 
2015-07-11 22:49:31 : 3rd $aString = 2, Level, 8
2015-07-11 22:49:31 : Your Town Hall is Level: 8
2015-07-11 22:49:31 : Click 1,1,2,200 
2015-07-11 22:49:32 : Language setting is English: Correct.
2015-07-11 22:49:33 : Trying to locate Main Screen
2015-07-11 22:49:33 : Main Screen Located
2015-07-11 22:49:34 : Halt Attack, Stay Online/Train/Collect/Donate...
2015-07-11 22:49:37 : Click 1,1,1,0 #0332 | Away
2015-07-11 22:49:39 : Checking if Village needs Rearming..
2015-07-11 22:49:39 : Click 1,1,1,0 #0224 | Away
2015-07-11 22:49:40 : Click 433,313,1,0 #0225 | Rearm - Click Town Hall
2015-07-11 22:49:41 : Taking snapshot for later review
2015-07-11 22:49:48 : Click 1,1,1,0 #0234 | Away
2015-07-11 22:49:51 : PureClick 1,1,1,0 #0319 | Away
2015-07-11 22:49:51 : Village Report
2015-07-11 22:49:51 : No. of Free/Total Builders: 0/5
2015-07-11 22:49:51 :  [T]: 3 166
2015-07-11 22:49:52 :  [G]: 470 717 [E]: 5 261 047 [D]: 78 816 [GEM]: 2 021
2015-07-11 22:49:54 : Donation not Planned, Skipped..
2015-07-11 22:49:55 : Func Train 
2015-07-11 22:49:55 : Checking Army Camp...
2015-07-11 22:49:55 : Click 1,1,1,0 #0292 | Away
2015-07-11 22:49:55 : Click 40,525,1,0 #0293 | Train - Click Army Camp
2015-07-11 22:49:56 : $sArmyInfo = 199#200
2015-07-11 22:49:56 : $CurCamp = 199
2015-07-11 22:49:56 : $TotalCamp = 200
2015-07-11 22:49:57 : Total Army Camp capacity: 199/200
2015-07-11 22:49:57 : Click 1,1,1,0 #0295 | Away
2015-07-11 22:49:57 : Training Troops...
2015-07-11 22:49:57 : Click 1,1,1,0 #0268 | Away
2015-07-11 22:49:57 : Click 40,525,1,0 #0293 | Train - Click Army Camp
2015-07-11 22:49:59 : Click 773,337,1,0 #9999
2015-07-11 22:49:59 : This is not a Barrack
2015-07-11 22:49:59 : This is not a Barrack
2015-07-11 22:49:59 : Barrack1 selected
2015-07-11 22:49:59 : Barrack1 selected
2015-07-11 22:50:00 : Barrack1 selected
2015-07-11 22:50:00 : Click 773,337,1,0 #0271 | Train - Next Button 
2015-07-11 22:50:00 : Barrack2 selected
2015-07-11 22:50:00 : Barrack2 selected
2015-07-11 22:50:00 : Click 773,337,1,0 #0271 | Train - Next Button 
2015-07-11 22:50:01 : Barrack3 selected
2015-07-11 22:50:01 : Barrack3 selected
2015-07-11 22:50:01 : Click 773,337,1,0 #0271 | Train - Next Button 
2015-07-11 22:50:01 : Barrack4 selected
2015-07-11 22:50:01 : Barrack4 selected
2015-07-11 22:50:01 : Click 773,337,1,0 #0271 | Train - Next Button 
2015-07-11 22:50:02 : This is not a Barrack
2015-07-11 22:50:02 : This is not a Barrack
2015-07-11 22:50:02 : This is not a Barrack
2015-07-11 22:50:02 : This is not a Barrack
2015-07-11 22:50:03 : This is not a Barrack
2015-07-11 22:50:03 : Click 84,336,1,0 #0272 | Train - Prev Button 
2015-07-11 22:50:04 : Barrack4 selected
2015-07-11 22:50:04 : AfterAttack: False
2015-07-11 22:50:04 : Click 546,425,3,10 #0282 | Train - Train Dragon
2015-07-11 22:50:05 : Click 84,336,1,0 #0325 | Train - Prev Button 
2015-07-11 22:50:06 : Barrack3 selected
2015-07-11 22:50:06 : AfterAttack: False
2015-07-11 22:50:07 : Click 331,320,15,10 #0275 | Train - Train Archer
2015-07-11 22:50:07 : Click 546,425,3,10 #0282 | Train - Train Dragon
2015-07-11 22:50:07 : Click 84,336,1,0 #0325 | Train - Prev Button 
2015-07-11 22:50:08 : Barrack2 selected
2015-07-11 22:50:08 : AfterAttack: False
2015-07-11 22:50:09 : Click 546,425,3,10 #0282 | Train - Train Dragon
2015-07-11 22:50:09 : Click 84,336,1,0 #0325 | Train - Prev Button 
2015-07-11 22:50:11 : Barrack1 selected
2015-07-11 22:50:11 : AfterAttack: False
2015-07-11 22:50:11 : Click 546,425,3,10 #0282 | Train - Train Dragon
2015-07-11 22:50:12 : Click 84,336,1,0 #0325 | Train - Prev Button 
2015-07-11 22:50:13 : This is not a Barrack
2015-07-11 22:50:13 : Click 84,336,1,0 #0324
2015-07-11 22:50:14 : This is not a Dark Barrack
2015-07-11 22:50:14 : Click 84,336,1,0 #0324
2015-07-11 22:50:15 : Dark Barrack2 selected
2015-07-11 22:50:15 : Dark Barrack2 selected
2015-07-11 22:50:15 : Click 496,197,10,0 #0287 | Train - Remove Troops
2015-07-11 22:50:15 : Click 496,197,10,0 #0287 | Train - Remove Troops
2015-07-11 22:50:15 : Click 496,197,10,0 #0287 | Train - Remove Troops
2015-07-11 22:50:16 : Click 496,197,10,0 #0287 | Train - Remove Troops
2015-07-11 22:50:16 : Click 331,320,99,100 #0275 | Train - Train Archer
2015-07-11 22:50:19 : Click 220,320,2,100 #0274 | Train - Train Barbarian
2015-07-11 22:50:19 : Click 84,336,1,0 #0289 | Train - Prev Button 
2015-07-11 22:50:20 : This is not a Dark Barrack
2015-07-11 22:50:20 : This is not a Dark Barrack
2015-07-11 22:50:20 : This is not a Dark Barrack
2015-07-11 22:50:21 : This is not a Dark Barrack
2015-07-11 22:50:21 : This is not a Dark Barrack
2015-07-11 22:50:22 : This is not a Dark Barrack
2015-07-11 22:50:22 : ---================================================================---
2015-07-11 22:50:22 : Click 1,1,2,250 #0291 | Away
2015-07-11 22:50:26 : Request CC not Planned, Skipped..
2015-07-11 22:50:29 : No free builder, Upgrade Walls skipped..
2015-07-11 22:50:33 : Trying to locate Main Screen
2015-07-11 22:50:33 : Main Screen Located
2015-07-11 22:50:33 : Halt Attack, Stay Online/Train/Collect/Donate...
2015-07-11 22:50:36 : Click 1,1,1,0 #0332 | Away
