2015-07-11 20:23:58 : ~~~ Clash Game Bot v4.0 Powered by GameBot.org ~~~
2015-07-11 20:23:58 : Au3 Script running on WIN_81  X64
2015-07-11 20:23:58 : =================== Bot Start ====================
2015-07-11 20:23:58 : Trying to locate Main Screen
2015-07-11 20:23:58 : Color: 42B1CE
2015-07-11 20:23:58 : Color: 000000
2015-07-11 20:23:58 : Color: 000000
2015-07-11 20:23:58 : Main Screen Located
2015-07-11 20:23:58 : Color: 000000
2015-07-11 20:23:58 : Color: 000000
2015-07-11 20:23:58 : Click 1,1,1,0 #0166 | Away
2015-07-11 20:23:58 : Color: 5A3820
2015-07-11 20:24:00 : Detecting your Buildings..
2015-07-11 20:24:00 : Click 1,1,2,200 
2015-07-11 20:24:00 : Color: 5A3820
2015-07-11 20:24:00 : Color: 5A3820
2015-07-11 20:24:00 : Town Hall Position: 433, 308
2015-07-11 20:24:00 : Click 433,313,1,0 
2015-07-11 20:24:00 : Color: 5A3820
2015-07-11 20:24:02 : Taking snapshot for later review
2015-07-11 20:24:07 : Read building Name String = Town Hall (Level 8)
2015-07-11 20:24:07 : 1st $aString = 2, Town Hall , Level 8)
2015-07-11 20:24:07 : 2nd $aString = 2, Level 8, 
2015-07-11 20:24:07 : 3rd $aString = 2, Level, 8
2015-07-11 20:24:07 : Your Town Hall is Level: 8
2015-07-11 20:24:07 : Click 1,1,2,200 
2015-07-11 20:24:07 : Color: 5A3820
2015-07-11 20:24:07 : Color: 5A3820
2015-07-11 20:24:08 : Color: F9F9F9
2015-07-11 20:24:08 : Color: 070706
2015-07-11 20:24:08 : Color: 040403
2015-07-11 20:24:08 : Color: 090908
2015-07-11 20:24:08 : Language setting is English: Correct.
2015-07-11 20:24:09 : Trying to locate Main Screen
2015-07-11 20:24:09 : Color: 42B1CE
2015-07-11 20:24:09 : Color: 000000
2015-07-11 20:24:09 : Color: 000000
2015-07-11 20:24:09 : Main Screen Located
2015-07-11 20:24:09 : Color: CA7E1A
2015-07-11 20:24:09 : Color: CB811A
2015-07-11 20:24:09 : Color: CA7D1A
2015-07-11 20:24:09 : Color: B8791E
2015-07-11 20:24:09 : Color: 805B21
2015-07-11 20:24:09 : Color: EED5B4
2015-07-11 20:24:09 : Color: 68563D
2015-07-11 20:24:09 : Color: 59360C
2015-07-11 20:24:09 : Color: BB6F19
2015-07-11 20:24:09 : Color: D6BB96
2015-07-11 20:24:09 : Color: D8BD9A
2015-07-11 20:24:09 : Color: 3A260E
2015-07-11 20:24:09 : Color: D6BB96
2015-07-11 20:24:09 : Color: D8BD9A
2015-07-11 20:24:09 : Color: 3A260E
2015-07-11 20:24:09 : Color: C67B1A
2015-07-11 20:24:09 : Color: CA7E1A
2015-07-11 20:24:09 : Color: CB811A
2015-07-11 20:24:09 : Color: C67B1A
2015-07-11 20:24:09 : Color: CA7E1A
2015-07-11 20:24:09 : Color: CB811A
2015-07-11 20:24:09 : Color: EFC78D
2015-07-11 20:24:09 : Color: 000000
2015-07-11 20:24:09 : Color: 010100
2015-07-11 20:24:09 : Color: A14604
2015-07-11 20:24:09 : Color: A14704
2015-07-11 20:24:09 : Color: A14604
2015-07-11 20:24:09 : Color: B47119
2015-07-11 20:24:09 : Color: CF8320
2015-07-11 20:24:09 : Color: D18423
2015-07-11 20:24:09 : Color: C67B19
2015-07-11 20:24:09 : Color: CA7A1B
2015-07-11 20:24:09 : Color: CC7A1B
2015-07-11 20:24:09 : Color: CB811A
2015-07-11 20:24:09 : Color: CA7D1A
2015-07-11 20:24:09 : Color: CA7E1A
2015-07-11 20:24:09 : Color: 805B21
2015-07-11 20:24:09 : Color: EED5B4
2015-07-11 20:24:09 : Color: E1C6A8
2015-07-11 20:24:09 : Color: 59360C
2015-07-11 20:24:09 : Color: BB6F19
2015-07-11 20:24:09 : Color: C9791C
2015-07-11 20:24:09 : Color: D8BD9A
2015-07-11 20:24:09 : Color: 3A260E
2015-07-11 20:24:09 : Color: B47119
2015-07-11 20:24:09 : Color: D8BD9A
2015-07-11 20:24:09 : Color: 3A260E
2015-07-11 20:24:09 : Color: B47119
2015-07-11 20:24:09 : Color: CA7E1A
2015-07-11 20:24:09 : Color: CB811A
2015-07-11 20:24:09 : Color: CA7D1A
2015-07-11 20:24:09 : Color: CA7E1A
2015-07-11 20:24:09 : Color: CB811A
2015-07-11 20:24:09 : Color: CA7D1A
2015-07-11 20:24:10 : Color: 000000
2015-07-11 20:24:10 : Color: 010100
2015-07-11 20:24:10 : Color: 081004
2015-07-11 20:24:10 : Color: A14704
2015-07-11 20:24:10 : Color: A14604
2015-07-11 20:24:10 : Color: A14504
2015-07-11 20:24:10 : Color: CF8320
2015-07-11 20:24:10 : Color: D18423
2015-07-11 20:24:10 : Color: CE821F
2015-07-11 20:24:10 : Color: CA7A1B
2015-07-11 20:24:10 : Color: CC7A1B
2015-07-11 20:24:10 : Color: C97C1B
2015-07-11 20:24:10 : Color: CA7D1A
2015-07-11 20:24:10 : Color: CA7E1A
2015-07-11 20:24:10 : Color: B66310
2015-07-11 20:24:10 : Color: EED5B4
2015-07-11 20:24:10 : Color: E1C6A8
2015-07-11 20:24:10 : Color: 422E10
2015-07-11 20:24:10 : Color: BB6F19
2015-07-11 20:24:10 : Color: C9791C
2015-07-11 20:24:10 : Color: C6771A
2015-07-11 20:24:10 : Color: 3A260E
2015-07-11 20:24:10 : Color: B47119
2015-07-11 20:24:10 : Color: CF8320
2015-07-11 20:24:10 : Color: 3A260E
2015-07-11 20:24:10 : Color: B47119
2015-07-11 20:24:10 : Color: CF8320
2015-07-11 20:24:10 : Color: CB811A
2015-07-11 20:24:10 : Color: CA7D1A
2015-07-11 20:24:10 : Color: CA7E1A
2015-07-11 20:24:10 : Color: CB811A
2015-07-11 20:24:10 : Color: CA7D1A
2015-07-11 20:24:10 : Color: CA7E1A
2015-07-11 20:24:10 : Color: 010100
2015-07-11 20:24:10 : Color: 081004
2015-07-11 20:24:10 : Color: 080F04
2015-07-11 20:24:10 : Color: A14604
2015-07-11 20:24:10 : Color: A14504
2015-07-11 20:24:10 : Color: 9E4602
2015-07-11 20:24:10 : Color: D18423
2015-07-11 20:24:10 : Color: CE821F
2015-07-11 20:24:10 : Color: CD811C
2015-07-11 20:24:10 : Color: CC7A1B
2015-07-11 20:24:10 : Color: C97C1B
2015-07-11 20:24:10 : Color: C7791B
2015-07-11 20:24:10 : Color: CA7E1A
2015-07-11 20:24:10 : Color: B66310
2015-07-11 20:24:10 : Color: A04904
2015-07-11 20:24:10 : Color: E1C6A8
2015-07-11 20:24:10 : Color: 422E10
2015-07-11 20:24:10 : Color: BE7F1F
2015-07-11 20:24:10 : Color: C9791C
2015-07-11 20:24:10 : Color: C6771A
2015-07-11 20:24:10 : Color: BD6B13
2015-07-11 20:24:10 : Color: B47119
2015-07-11 20:24:10 : Color: CF8320
2015-07-11 20:24:10 : Color: D18423
2015-07-11 20:24:10 : Color: B47119
2015-07-11 20:24:10 : Color: CF8320
2015-07-11 20:24:10 : Color: D18423
2015-07-11 20:24:10 : Color: CA7D1A
2015-07-11 20:24:10 : Color: CA7E1A
2015-07-11 20:24:10 : Color: B66310
2015-07-11 20:24:10 : Color: CA7D1A
2015-07-11 20:24:10 : Color: CA7E1A
2015-07-11 20:24:10 : Color: B66310
2015-07-11 20:24:10 : Color: 081004
2015-07-11 20:24:10 : Color: 080F04
2015-07-11 20:24:10 : Color: 090F04
2015-07-11 20:24:10 : Color: A14504
2015-07-11 20:24:10 : Color: 9E4602
2015-07-11 20:24:10 : Color: 9F4502
2015-07-11 20:24:10 : Color: CE821F
2015-07-11 20:24:10 : Color: CD811C
2015-07-11 20:24:10 : Color: C87B19
2015-07-11 20:24:10 : Color: C97C1B
2015-07-11 20:24:11 : Color: C7791B
2015-07-11 20:24:11 : Color: 9F4902
2015-07-11 20:24:11 : Color: B66310
2015-07-11 20:24:11 : Color: A04904
2015-07-11 20:24:11 : Color: A7550C
2015-07-11 20:24:11 : Color: 422E10
2015-07-11 20:24:11 : Color: BE7F1F
2015-07-11 20:24:11 : Color: CE8A22
2015-07-11 20:24:11 : Color: C6771A
2015-07-11 20:24:11 : Color: BD6B13
2015-07-11 20:24:11 : Color: AF5A0A
2015-07-11 20:24:11 : Color: CF8320
2015-07-11 20:24:11 : Color: D18423
2015-07-11 20:24:11 : Color: CE821F
2015-07-11 20:24:11 : Color: CF8320
2015-07-11 20:24:11 : Color: D18423
2015-07-11 20:24:11 : Color: CE821F
2015-07-11 20:24:11 : Color: CA7E1A
2015-07-11 20:24:11 : Color: B66310
2015-07-11 20:24:11 : Color: A04904
2015-07-11 20:24:11 : Color: CA7E1A
2015-07-11 20:24:11 : Color: B66310
2015-07-11 20:24:11 : Color: A04904
2015-07-11 20:24:11 : Color: 080F04
2015-07-11 20:24:11 : Color: 090F04
2015-07-11 20:24:11 : Color: 0B1004
2015-07-11 20:24:11 : Color: 9E4602
2015-07-11 20:24:11 : Color: 9F4502
2015-07-11 20:24:11 : Color: A04502
2015-07-11 20:24:11 : Color: CD811C
2015-07-11 20:24:11 : Color: C87B19
2015-07-11 20:24:11 : Color: 9F4804
2015-07-11 20:24:11 : Color: C7791B
2015-07-11 20:24:11 : Color: 9F4902
2015-07-11 20:24:11 : Color: A34C04
2015-07-11 20:24:11 : Color: A04904
2015-07-11 20:24:11 : Color: A7550C
2015-07-11 20:24:11 : Color: EFC88E
2015-07-11 20:24:11 : Color: BE7F1F
2015-07-11 20:24:11 : Color: CE8A22
2015-07-11 20:24:11 : Color: CE8922
2015-07-11 20:24:11 : Color: BD6B13
2015-07-11 20:24:11 : Color: AF5A0A
2015-07-11 20:24:11 : Color: A24B04
2015-07-11 20:24:11 : Color: D18423
2015-07-11 20:24:11 : Color: CE821F
2015-07-11 20:24:11 : Color: CD811C
2015-07-11 20:24:11 : Color: D18423
2015-07-11 20:24:11 : Color: CE821F
2015-07-11 20:24:11 : Color: CD811C
2015-07-11 20:24:11 : Color: B66310
2015-07-11 20:24:11 : Color: A04904
2015-07-11 20:24:11 : Color: A7550C
2015-07-11 20:24:11 : Color: B66310
2015-07-11 20:24:11 : Color: A04904
2015-07-11 20:24:11 : Color: A7550C
2015-07-11 20:24:11 : Color: 090F04
2015-07-11 20:24:11 : Color: 0B1004
2015-07-11 20:24:11 : Color: 0B1104
2015-07-11 20:24:11 : Color: 9F4502
2015-07-11 20:24:11 : Color: A04502
2015-07-11 20:24:11 : Color: A74B0A
2015-07-11 20:24:11 : Color: C87B19
2015-07-11 20:24:11 : Color: 9F4804
2015-07-11 20:24:11 : Color: A7510A
2015-07-11 20:24:11 : Color: 9F4902
2015-07-11 20:24:11 : Color: A34C04
2015-07-11 20:24:11 : Color: AB520C
2015-07-11 20:24:11 : Color: A7550C
2015-07-11 20:24:11 : Color: EFC88E
2015-07-11 20:24:11 : Color: 000000
2015-07-11 20:24:11 : Color: CE8A22
2015-07-11 20:24:12 : Color: CE8922
2015-07-11 20:24:12 : Color: CE8822
2015-07-11 20:24:12 : Color: AF5A0A
2015-07-11 20:24:12 : Color: A24B04
2015-07-11 20:24:12 : Color: A04903
2015-07-11 20:24:12 : Color: CE821F
2015-07-11 20:24:12 : Color: CD811C
2015-07-11 20:24:12 : Color: C87B19
2015-07-11 20:24:12 : Color: CE821F
2015-07-11 20:24:12 : Color: CD811C
2015-07-11 20:24:12 : Color: C87B19
2015-07-11 20:24:12 : Color: A04904
2015-07-11 20:24:12 : Color: A7550C
2015-07-11 20:24:12 : Color: EFC88E
2015-07-11 20:24:12 : Color: A04904
2015-07-11 20:24:12 : Color: A7550C
2015-07-11 20:24:12 : Color: EFC88E
2015-07-11 20:24:12 : Color: 0B1004
2015-07-11 20:24:12 : Color: 0B1104
2015-07-11 20:24:12 : Color: 0B1104
2015-07-11 20:24:12 : Color: A04502
2015-07-11 20:24:12 : Color: A74B0A
2015-07-11 20:24:12 : Color: EEC78D
2015-07-11 20:24:12 : Color: 9F4804
2015-07-11 20:24:12 : Color: A7510A
2015-07-11 20:24:12 : Color: EEC78D
2015-07-11 20:24:12 : Color: A34C04
2015-07-11 20:24:12 : Color: AB520C
2015-07-11 20:24:12 : Color: F0C88E
2015-07-11 20:24:12 : Color: EFC88E
2015-07-11 20:24:12 : Color: 000000
2015-07-11 20:24:12 : Color: 010200
2015-07-11 20:24:12 : Color: CE8922
2015-07-11 20:24:12 : Color: CE8822
2015-07-11 20:24:12 : Color: CE8822
2015-07-11 20:24:12 : Color: A24B04
2015-07-11 20:24:12 : Color: A04903
2015-07-11 20:24:12 : Color: A24B04
2015-07-11 20:24:12 : Color: CD811C
2015-07-11 20:24:12 : Color: C87B19
2015-07-11 20:24:12 : Color: 9F4804
2015-07-11 20:24:12 : Color: CD811C
2015-07-11 20:24:12 : Color: C87B19
2015-07-11 20:24:12 : Color: 9F4804
2015-07-11 20:24:12 : Color: A7550C
2015-07-11 20:24:12 : Color: EFC88E
2015-07-11 20:24:12 : Color: 000000
2015-07-11 20:24:12 : Color: EEC78D
2015-07-11 20:24:12 : Color: A7550C
2015-07-11 20:24:12 : Color: EFC88E
2015-07-11 20:24:12 : Color: 000000
2015-07-11 20:24:12 : Color: 000000
2015-07-11 20:24:12 : Color: 0C1204
2015-07-11 20:24:12 : Color: 0B1104
2015-07-11 20:24:12 : Color: 0B1104
2015-07-11 20:24:12 : Color: 0B1104
2015-07-11 20:24:12 : Color: A74B0A
2015-07-11 20:24:12 : Color: EEC78D
2015-07-11 20:24:12 : Color: 000000
2015-07-11 20:24:12 : Color: A7510A
2015-07-11 20:24:12 : Color: EEC78D
2015-07-11 20:24:12 : Color: 000000
2015-07-11 20:24:12 : Color: AB520C
2015-07-11 20:24:12 : Color: F0C88E
2015-07-11 20:24:12 : Color: 000000
2015-07-11 20:24:12 : Color: 000000
2015-07-11 20:24:12 : Color: 010200
2015-07-11 20:24:12 : Color: 0B1404
2015-07-11 20:24:12 : Color: CE8822
2015-07-11 20:24:12 : Color: CE8822
2015-07-11 20:24:12 : Color: A24C04
2015-07-11 20:24:12 : Color: A04903
2015-07-11 20:24:12 : Color: A24B04
2015-07-11 20:24:12 : Color: A04804
2015-07-11 20:24:13 : Color: C87B19
2015-07-11 20:24:13 : Color: 9F4804
2015-07-11 20:24:13 : Color: A7510A
2015-07-11 20:24:13 : Color: C87B19
2015-07-11 20:24:13 : Color: 9F4804
2015-07-11 20:24:13 : Color: A7510A
2015-07-11 20:24:13 : Color: EFC88E
2015-07-11 20:24:13 : Color: 000000
2015-07-11 20:24:13 : Color: EEC78D
2015-07-11 20:24:13 : Color: 010200
2015-07-11 20:24:13 : Color: 000000
2015-07-11 20:24:13 : Color: 0E1504
2015-07-11 20:24:13 : Color: EFC88E
2015-07-11 20:24:13 : Color: 000000
2015-07-11 20:24:13 : Color: 000000
2015-07-11 20:24:13 : Color: 0C1204
2015-07-11 20:24:13 : Color: 010200
2015-07-11 20:24:13 : Color: 010100
2015-07-11 20:24:13 : Color: 0A0F04
2015-07-11 20:24:13 : Color: 0B1104
2015-07-11 20:24:13 : Color: 0B1104
2015-07-11 20:24:13 : Color: 0B1104
2015-07-11 20:24:13 : Color: EEC78D
2015-07-11 20:24:13 : Color: 000000
2015-07-11 20:24:13 : Color: 010100
2015-07-11 20:24:13 : Color: EEC78D
2015-07-11 20:24:13 : Color: 000000
2015-07-11 20:24:13 : Color: 010100
2015-07-11 20:24:13 : Color: F0C88E
2015-07-11 20:24:13 : Color: 000000
2015-07-11 20:24:13 : Color: 010200
2015-07-11 20:24:13 : Color: 010200
2015-07-11 20:24:13 : Color: 0B1404
2015-07-11 20:24:13 : Color: 080F04
2015-07-11 20:24:13 : Color: CE8822
2015-07-11 20:24:13 : Color: A24C04
2015-07-11 20:24:13 : Color: A9500C
2015-07-11 20:24:13 : Color: A24B04
2015-07-11 20:24:13 : Color: A04804
2015-07-11 20:24:13 : Color: A84D0C
2015-07-11 20:24:13 : Color: 9F4804
2015-07-11 20:24:13 : Color: A7510A
2015-07-11 20:24:13 : Color: EEC78D
2015-07-11 20:24:13 : Color: 9F4804
2015-07-11 20:24:13 : Color: A7510A
2015-07-11 20:24:13 : Color: EEC78D
2015-07-11 20:24:13 : Color: 000000
2015-07-11 20:24:13 : Color: EEC78D
2015-07-11 20:24:13 : Color: 010200
2015-07-11 20:24:13 : Color: 000000
2015-07-11 20:24:13 : Color: 0E1504
2015-07-11 20:24:13 : Color: 0B1404
2015-07-11 20:24:13 : Color: 000000
2015-07-11 20:24:13 : Color: 000000
2015-07-11 20:24:13 : Color: 0C1204
2015-07-11 20:24:13 : Color: 010200
2015-07-11 20:24:13 : Color: 010100
2015-07-11 20:24:13 : Color: 0A0F04
2015-07-11 20:24:13 : Color: 0B1404
2015-07-11 20:24:13 : Color: 0B1104
2015-07-11 20:24:13 : Color: 0B1104
2015-07-11 20:24:13 : Color: 050802
2015-07-11 20:24:13 : Color: 000000
2015-07-11 20:24:13 : Color: 010100
2015-07-11 20:24:13 : Color: 141504
2015-07-11 20:24:13 : Color: 000000
2015-07-11 20:24:13 : Color: 010100
2015-07-11 20:24:13 : Color: 081204
2015-07-11 20:24:13 : Color: 000000
2015-07-11 20:24:13 : Color: 010200
2015-07-11 20:24:13 : Color: 0A1204
2015-07-11 20:24:13 : Color: 0B1404
2015-07-11 20:24:13 : Color: 080F04
2015-07-11 20:24:14 : Color: 081004
2015-07-11 20:24:14 : Color: A24C04
2015-07-11 20:24:14 : Color: A9500C
2015-07-11 20:24:14 : Color: F0C88E
2015-07-11 20:24:14 : Color: A04804
2015-07-11 20:24:14 : Color: A84D0C
2015-07-11 20:24:14 : Color: EFC78D
2015-07-11 20:24:14 : Color: A7510A
2015-07-11 20:24:14 : Color: EEC78D
2015-07-11 20:24:14 : Color: 000000
2015-07-11 20:24:14 : Color: A7510A
2015-07-11 20:24:14 : Color: EEC78D
2015-07-11 20:24:14 : Color: 000000
2015-07-11 20:24:14 : Color: 010200
2015-07-11 20:24:14 : Color: 000000
2015-07-11 20:24:14 : Color: 0E1504
2015-07-11 20:24:14 : Color: 0B1404
2015-07-11 20:24:14 : Color: 080F04
2015-07-11 20:24:14 : Color: 101304
2015-07-11 20:24:14 : Color: 010200
2015-07-11 20:24:14 : Color: 010100
2015-07-11 20:24:14 : Color: 0A0F04
2015-07-11 20:24:14 : Color: 0B1404
2015-07-11 20:24:14 : Color: 080F04
2015-07-11 20:24:14 : Color: 101304
2015-07-11 20:24:14 : Color: 0B1104
2015-07-11 20:24:14 : Color: 050802
2015-07-11 20:24:14 : Color: 8E8E8B
2015-07-11 20:24:14 : Color: 010100
2015-07-11 20:24:14 : Color: 141504
2015-07-11 20:24:14 : Color: 0D1304
2015-07-11 20:24:14 : Color: 010100
2015-07-11 20:24:14 : Color: 081204
2015-07-11 20:24:14 : Color: 0B1304
2015-07-11 20:24:14 : Color: 010200
2015-07-11 20:24:14 : Color: 0A1204
2015-07-11 20:24:14 : Color: 0C1204
2015-07-11 20:24:14 : Color: 080F04
2015-07-11 20:24:14 : Color: 081004
2015-07-11 20:24:14 : Color: 080F04
2015-07-11 20:24:14 : Color: A9500C
2015-07-11 20:24:14 : Color: F0C88E
2015-07-11 20:24:14 : Color: 000000
2015-07-11 20:24:14 : Color: A84D0C
2015-07-11 20:24:14 : Color: EFC78D
2015-07-11 20:24:14 : Color: 000000
2015-07-11 20:24:14 : Color: EEC78D
2015-07-11 20:24:14 : Color: 000000
2015-07-11 20:24:14 : Color: 010100
2015-07-11 20:24:14 : Color: EEC78D
2015-07-11 20:24:14 : Color: 000000
2015-07-11 20:24:14 : Color: 010100
2015-07-11 20:24:14 : Color: 0B1404
2015-07-11 20:24:14 : Color: 080F04
2015-07-11 20:24:14 : Color: 101304
2015-07-11 20:24:14 : Color: 081004
2015-07-11 20:24:14 : Color: 101304
2015-07-11 20:24:14 : Color: 0B1404
2015-07-11 20:24:14 : Color: 080F04
2015-07-11 20:24:14 : Color: 101304
2015-07-11 20:24:14 : Color: 081004
2015-07-11 20:24:14 : Color: 101304
2015-07-11 20:24:14 : Color: 050802
2015-07-11 20:24:14 : Color: 8E8E8B
2015-07-11 20:24:14 : Color: FDFDFD
2015-07-11 20:24:14 : Color: 141504
2015-07-11 20:24:14 : Color: 0D1304
2015-07-11 20:24:14 : Color: 0D1404
2015-07-11 20:24:14 : Color: 081204
2015-07-11 20:24:14 : Color: 0B1304
2015-07-11 20:24:14 : Color: 080F04
2015-07-11 20:24:14 : Color: 0A1204
2015-07-11 20:24:14 : Color: 0C1204
2015-07-11 20:24:15 : Color: 0A0F04
2015-07-11 20:24:15 : Color: 081004
2015-07-11 20:24:15 : Color: 080F04
2015-07-11 20:24:15 : Color: 080F04
2015-07-11 20:24:15 : Color: F0C88E
2015-07-11 20:24:15 : Color: 000000
2015-07-11 20:24:15 : Color: 010200
2015-07-11 20:24:15 : Color: EFC78D
2015-07-11 20:24:15 : Color: 000000
2015-07-11 20:24:15 : Color: 010100
2015-07-11 20:24:15 : Color: 000000
2015-07-11 20:24:15 : Color: 010100
2015-07-11 20:24:15 : Color: 081204
2015-07-11 20:24:15 : Color: 000000
2015-07-11 20:24:15 : Color: 010100
2015-07-11 20:24:15 : Color: 081204
2015-07-11 20:24:15 : Color: 080F04
2015-07-11 20:24:15 : Color: 101304
2015-07-11 20:24:15 : Color: 081004
2015-07-11 20:24:15 : Color: 101304
2015-07-11 20:24:15 : Color: 080F04
2015-07-11 20:24:15 : Color: 101304
2015-07-11 20:24:15 : Color: 080F04
2015-07-11 20:24:15 : Color: 101304
2015-07-11 20:24:15 : Color: 081004
2015-07-11 20:24:15 : Color: 101304
2015-07-11 20:24:15 : Color: 080F04
2015-07-11 20:24:15 : Color: 0F1204
2015-07-11 20:24:15 : Color: 8E8E8B
2015-07-11 20:24:15 : Color: FDFDFD
2015-07-11 20:24:15 : Color: FFFFFF
2015-07-11 20:24:15 : Color: 0D1304
2015-07-11 20:24:15 : Color: 0D1404
2015-07-11 20:24:15 : Color: 0D1304
2015-07-11 20:24:15 : Color: 0B1304
2015-07-11 20:24:15 : Color: 080F04
2015-07-11 20:24:15 : Color: 080E04
2015-07-11 20:24:15 : Color: 0C1204
2015-07-11 20:24:15 : Color: 0A0F04
2015-07-11 20:24:15 : Color: 0C0F04
2015-07-11 20:24:15 : Color: 080F04
2015-07-11 20:24:15 : Color: 080F04
2015-07-11 20:24:15 : Color: 080F04
2015-07-11 20:24:15 : Color: 000000
2015-07-11 20:24:15 : Color: 010200
2015-07-11 20:24:15 : Color: 152007
2015-07-11 20:24:15 : Color: 000000
2015-07-11 20:24:15 : Color: 010100
2015-07-11 20:24:15 : Color: 081004
2015-07-11 20:24:15 : Color: 010100
2015-07-11 20:24:15 : Color: 081204
2015-07-11 20:24:15 : Color: 0B1304
2015-07-11 20:24:15 : Color: 010100
2015-07-11 20:24:15 : Color: 081204
2015-07-11 20:24:15 : Color: 0B1304
2015-07-11 20:24:15 : Color: 081004
2015-07-11 20:24:15 : Color: 101304
2015-07-11 20:24:15 : Color: 080F04
2015-07-11 20:24:15 : Color: 101304
2015-07-11 20:24:15 : Color: 080F04
2015-07-11 20:24:15 : Color: 0F1204
2015-07-11 20:24:15 : Color: 081004
2015-07-11 20:24:15 : Color: 101304
2015-07-11 20:24:15 : Color: 080F04
2015-07-11 20:24:15 : Color: 0F1204
2015-07-11 20:24:15 : Color: 080F04
2015-07-11 20:24:15 : Color: 0D1104
2015-07-11 20:24:15 : Color: FDFDFD
2015-07-11 20:24:15 : Color: FFFFFF
2015-07-11 20:24:15 : Color: FFFFFF
2015-07-11 20:24:15 : Color: 0D1404
2015-07-11 20:24:15 : Color: 0D1304
2015-07-11 20:24:16 : Color: 0B1204
2015-07-11 20:24:16 : Color: 080F04
2015-07-11 20:24:16 : Color: 080E04
2015-07-11 20:24:16 : Color: 080C04
2015-07-11 20:24:16 : Color: 0A0F04
2015-07-11 20:24:16 : Color: 0C0F04
2015-07-11 20:24:16 : Color: 0A0F04
2015-07-11 20:24:16 : Color: 080F04
2015-07-11 20:24:16 : Color: 080F04
2015-07-11 20:24:16 : Color: 070D03
2015-07-11 20:24:16 : Color: 010200
2015-07-11 20:24:16 : Color: 152007
2015-07-11 20:24:16 : Color: 131E07
2015-07-11 20:24:16 : Color: 010100
2015-07-11 20:24:16 : Color: 081004
2015-07-11 20:24:16 : Color: 080F04
2015-07-11 20:24:16 : Color: 081204
2015-07-11 20:24:16 : Color: 0B1304
2015-07-11 20:24:16 : Color: 080F04
2015-07-11 20:24:16 : Color: 081204
2015-07-11 20:24:16 : Color: 0B1304
2015-07-11 20:24:16 : Color: 080F04
2015-07-11 20:24:16 : Color: 080F04
2015-07-11 20:24:16 : Color: 101304
2015-07-11 20:24:16 : Color: 080F04
2015-07-11 20:24:16 : Color: 0F1204
2015-07-11 20:24:16 : Color: 080F04
2015-07-11 20:24:16 : Color: 0D1104
2015-07-11 20:24:16 : Color: 080F04
2015-07-11 20:24:16 : Color: 0F1204
2015-07-11 20:24:16 : Color: 080F04
2015-07-11 20:24:16 : Color: 0D1104
2015-07-11 20:24:16 : Color: 080F04
2015-07-11 20:24:16 : Color: 0B1104
2015-07-11 20:24:16 : Color: FFFFFF
2015-07-11 20:24:16 : Color: FFFFFF
2015-07-11 20:24:16 : Color: FFFFFF
2015-07-11 20:24:16 : Color: 0D1304
2015-07-11 20:24:16 : Color: 0B1204
2015-07-11 20:24:16 : Color: 0F1204
2015-07-11 20:24:16 : Color: 080E04
2015-07-11 20:24:16 : Color: 080C04
2015-07-11 20:24:16 : Color: 080F04
2015-07-11 20:24:16 : Color: 0C0F04
2015-07-11 20:24:16 : Color: 0A0F04
2015-07-11 20:24:16 : Color: 080F04
2015-07-11 20:24:16 : Color: 080F04
2015-07-11 20:24:16 : Color: 070D03
2015-07-11 20:24:16 : Color: 090909
2015-07-11 20:24:16 : Color: 152007
2015-07-11 20:24:16 : Color: 131E07
2015-07-11 20:24:16 : Color: 081004
2015-07-11 20:24:16 : Color: 081004
2015-07-11 20:24:16 : Color: 080F04
2015-07-11 20:24:16 : Color: 090F04
2015-07-11 20:24:16 : Color: 0B1304
2015-07-11 20:24:16 : Color: 080F04
2015-07-11 20:24:16 : Color: 080E04
2015-07-11 20:24:16 : Color: 0B1304
2015-07-11 20:24:16 : Color: 080F04
2015-07-11 20:24:16 : Color: 080E04
2015-07-11 20:24:16 : Color: 080F04
2015-07-11 20:24:16 : Color: 0F1204
2015-07-11 20:24:16 : Color: 080F04
2015-07-11 20:24:16 : Color: 0D1104
2015-07-11 20:24:16 : Color: 070D03
2015-07-11 20:24:16 : Color: 0B1104
2015-07-11 20:24:16 : Color: 080F04
2015-07-11 20:24:16 : Color: 0D1104
2015-07-11 20:24:16 : Color: 080F04
2015-07-11 20:24:16 : Color: 0B1104
2015-07-11 20:24:16 : Color: 070D03
2015-07-11 20:24:16 : Color: 0B1104
2015-07-11 20:24:17 : Color: FFFFFF
2015-07-11 20:24:17 : Color: FFFFFF
2015-07-11 20:24:17 : Color: C6C8C4
2015-07-11 20:24:17 : Color: 0B1204
2015-07-11 20:24:17 : Color: 0F1204
2015-07-11 20:24:17 : Color: 0A0B03
2015-07-11 20:24:17 : Color: 080C04
2015-07-11 20:24:17 : Color: 080F04
2015-07-11 20:24:17 : Color: 070C03
2015-07-11 20:24:17 : Color: 0A0F04
2015-07-11 20:24:17 : Color: 080F04
2015-07-11 20:24:17 : Color: 070D03
2015-07-11 20:24:17 : Color: 070D03
2015-07-11 20:24:17 : Color: 090909
2015-07-11 20:24:17 : Color: 3F403F
2015-07-11 20:24:17 : Color: 131E07
2015-07-11 20:24:17 : Color: 081004
2015-07-11 20:24:17 : Color: 080E04
2015-07-11 20:24:17 : Color: 080F04
2015-07-11 20:24:17 : Color: 090F04
2015-07-11 20:24:17 : Color: 0B1004
2015-07-11 20:24:17 : Color: 080F04
2015-07-11 20:24:17 : Color: 080E04
2015-07-11 20:24:17 : Color: 080C04
2015-07-11 20:24:17 : Color: 080F04
2015-07-11 20:24:17 : Color: 080E04
2015-07-11 20:24:17 : Color: 080C04
2015-07-11 20:24:17 : Color: 080F04
2015-07-11 20:24:17 : Color: 0D1104
2015-07-11 20:24:17 : Color: 070D03
2015-07-11 20:24:17 : Color: 0B1104
2015-07-11 20:24:17 : Color: 090909
2015-07-11 20:24:17 : Color: 0B1104
2015-07-11 20:24:17 : Color: 080F04
2015-07-11 20:24:17 : Color: 0B1104
2015-07-11 20:24:17 : Color: 070D03
2015-07-11 20:24:17 : Color: 0B1104
2015-07-11 20:24:17 : Color: 090909
2015-07-11 20:24:17 : Color: 0B1004
2015-07-11 20:24:17 : Color: FFFFFF
2015-07-11 20:24:17 : Color: C6C8C4
2015-07-11 20:24:17 : Color: 2A2B29
2015-07-11 20:24:17 : Color: 0F1204
2015-07-11 20:24:17 : Color: 0A0B03
2015-07-11 20:24:17 : Color: 5A5A58
2015-07-11 20:24:17 : Color: 070C03
2015-07-11 20:24:17 : Color: 080F04
2015-07-11 20:24:17 : Color: 070C03
2015-07-11 20:24:17 : Color: 212220
2015-07-11 20:24:17 : Color: 000000
2015-07-11 20:24:17 : Color: 080F04
2015-07-11 20:24:17 : Color: 070D03
2015-07-11 20:24:17 : Color: 000000
2015-07-11 20:24:17 : Color: 090909
2015-07-11 20:24:17 : Color: 3F403F
2015-07-11 20:24:17 : Color: 40413F
2015-07-11 20:24:17 : Color: 081004
2015-07-11 20:24:17 : Color: 080E04
2015-07-11 20:24:17 : Color: 080F04
2015-07-11 20:24:17 : Color: 090F04
2015-07-11 20:24:17 : Color: 0B1004
2015-07-11 20:24:17 : Color: 0B1104
2015-07-11 20:24:17 : Color: 080E04
2015-07-11 20:24:17 : Color: 080C04
2015-07-11 20:24:17 : Color: 080F04
2015-07-11 20:24:17 : Color: 080E04
2015-07-11 20:24:17 : Color: 080C04
2015-07-11 20:24:17 : Color: 080F04
2015-07-11 20:24:18 : Color: 070D03
2015-07-11 20:24:18 : Color: 0B1104
2015-07-11 20:24:18 : Color: 090909
2015-07-11 20:24:18 : Color: 0B1104
2015-07-11 20:24:18 : Color: 3F403F
2015-07-11 20:24:18 : Color: 070D03
2015-07-11 20:24:18 : Color: 0B1104
2015-07-11 20:24:18 : Color: 090909
2015-07-11 20:24:18 : Color: 0B1004
2015-07-11 20:24:18 : Color: 3F403F
2015-07-11 20:24:18 : Color: C6C8C4
2015-07-11 20:24:18 : Color: 2A2B29
2015-07-11 20:24:18 : Color: 010101
2015-07-11 20:24:18 : Color: 0A0B03
2015-07-11 20:24:18 : Color: 5A5A58
2015-07-11 20:24:18 : Color: 070C03
2015-07-11 20:24:18 : Color: F8F9F8
2015-07-11 20:24:18 : Color: 070C03
2015-07-11 20:24:18 : Color: 212220
2015-07-11 20:24:18 : Color: 000000
2015-07-11 20:24:18 : Color: FEFEFE
2015-07-11 20:24:18 : Color: 070D03
2015-07-11 20:24:18 : Color: 000000
2015-07-11 20:24:18 : Color: 020202
2015-07-11 20:24:18 : Color: 3F403F
2015-07-11 20:24:18 : Color: 40413F
2015-07-11 20:24:18 : Color: 525450
2015-07-11 20:24:18 : Color: 080E04
2015-07-11 20:24:18 : Color: 080F04
2015-07-11 20:24:18 : Color: 0B1204
2015-07-11 20:24:18 : Color: 0B1004
2015-07-11 20:24:18 : Color: 0B1104
2015-07-11 20:24:18 : Color: 0B1104
2015-07-11 20:24:18 : Color: 080C04
2015-07-11 20:24:18 : Color: 080F04
2015-07-11 20:24:18 : Color: 070C03
2015-07-11 20:24:18 : Color: 080C04
2015-07-11 20:24:18 : Color: 080F04
2015-07-11 20:24:18 : Color: 070C03
2015-07-11 20:24:18 : Color: 090909
2015-07-11 20:24:18 : Color: 0B1104
2015-07-11 20:24:18 : Color: 3F403F
2015-07-11 20:24:18 : Color: 40413F
2015-07-11 20:24:18 : Color: 090909
2015-07-11 20:24:18 : Color: 0B1004
2015-07-11 20:24:18 : Color: 3F403F
2015-07-11 20:24:18 : Color: 40413F
2015-07-11 20:24:18 : Color: 2A2B29
2015-07-11 20:24:18 : Color: 010101
2015-07-11 20:24:18 : Color: 7F817D
2015-07-11 20:24:18 : Color: 5A5A58
2015-07-11 20:24:18 : Color: 070C03
2015-07-11 20:24:18 : Color: F8F9F8
2015-07-11 20:24:18 : Color: F9FAF9
2015-07-11 20:24:18 : Color: 212220
2015-07-11 20:24:18 : Color: 000000
2015-07-11 20:24:18 : Color: FEFEFE
2015-07-11 20:24:18 : Color: FFFFFF
2015-07-11 20:24:18 : Color: 000000
2015-07-11 20:24:18 : Color: 020202
2015-07-11 20:24:18 : Color: 020202
2015-07-11 20:24:18 : Color: 40413F
2015-07-11 20:24:18 : Color: 525450
2015-07-11 20:24:18 : Color: ABAEA9
2015-07-11 20:24:18 : Color: 080F04
2015-07-11 20:24:18 : Color: 0B1204
2015-07-11 20:24:18 : Color: 0B1404
2015-07-11 20:24:18 : Color: 0B1104
2015-07-11 20:24:18 : Color: 0B1104
2015-07-11 20:24:18 : Color: 0B1104
2015-07-11 20:24:18 : Color: 080F04
2015-07-11 20:24:19 : Color: 070C03
2015-07-11 20:24:19 : Color: 212220
2015-07-11 20:24:19 : Color: 080F04
2015-07-11 20:24:19 : Color: 070C03
2015-07-11 20:24:19 : Color: 212220
2015-07-11 20:24:19 : Color: 292A29
2015-07-11 20:24:19 : Color: 3F403F
2015-07-11 20:24:19 : Color: 40413F
2015-07-11 20:24:19 : Color: 525450
2015-07-11 20:24:19 : Color: 3F403F
2015-07-11 20:24:19 : Color: 40413F
2015-07-11 20:24:19 : Color: 525450
2015-07-11 20:24:19 : Color: 010101
2015-07-11 20:24:19 : Color: 7F817D
2015-07-11 20:24:19 : Color: FFFFFF
2015-07-11 20:24:19 : Color: F8F9F8
2015-07-11 20:24:19 : Color: F9FAF9
2015-07-11 20:24:19 : Color: FBFBFA
2015-07-11 20:24:19 : Color: FEFEFE
2015-07-11 20:24:19 : Color: FFFFFF
2015-07-11 20:24:19 : Color: FFFFFF
2015-07-11 20:24:19 : Color: 020202
2015-07-11 20:24:19 : Color: 020202
2015-07-11 20:24:19 : Color: 020202
2015-07-11 20:24:19 : Color: 525450
2015-07-11 20:24:19 : Color: ABAEA9
2015-07-11 20:24:19 : Color: FFFFFF
2015-07-11 20:24:19 : Color: 0B1204
2015-07-11 20:24:19 : Color: 0B1404
2015-07-11 20:24:19 : Color: 010200
2015-07-11 20:24:19 : Color: 0B1104
2015-07-11 20:24:19 : Color: 0B1104
2015-07-11 20:24:19 : Color: 0B1104
2015-07-11 20:24:19 : Color: 070C03
2015-07-11 20:24:19 : Color: 212220
2015-07-11 20:24:19 : Color: FEFEFE
2015-07-11 20:24:19 : Color: 070C03
2015-07-11 20:24:19 : Color: 212220
2015-07-11 20:24:19 : Color: 292A29
2015-07-11 20:24:19 : Color: FEFEFE
2015-07-11 20:24:19 : Color: 40413F
2015-07-11 20:24:19 : Color: 525450
2015-07-11 20:24:19 : Color: ABAEA9
2015-07-11 20:24:19 : Color: 40413F
2015-07-11 20:24:19 : Color: 525450
2015-07-11 20:24:19 : Color: ABAEA9
2015-07-11 20:24:19 : Color: 7F817D
2015-07-11 20:24:19 : Color: FFFFFF
2015-07-11 20:24:19 : Color: FFFFFF
2015-07-11 20:24:19 : Color: F9FAF9
2015-07-11 20:24:19 : Color: FBFBFA
2015-07-11 20:24:19 : Color: FDFDFD
2015-07-11 20:24:19 : Color: FFFFFF
2015-07-11 20:24:19 : Color: FFFFFF
2015-07-11 20:24:19 : Color: FFFFFF
2015-07-11 20:24:19 : Color: 020202
2015-07-11 20:24:19 : Color: 020202
2015-07-11 20:24:19 : Color: 3E3F3D
2015-07-11 20:24:19 : Color: ABAEA9
2015-07-11 20:24:19 : Color: FFFFFF
2015-07-11 20:24:19 : Color: FFFFFF
2015-07-11 20:24:19 : Color: 0B1404
2015-07-11 20:24:19 : Color: 010200
2015-07-11 20:24:19 : Color: 292A29
2015-07-11 20:24:19 : Color: 0B1104
2015-07-11 20:24:19 : Color: 0B1104
2015-07-11 20:24:19 : Color: 050802
2015-07-11 20:24:19 : Color: 212220
2015-07-11 20:24:19 : Color: FEFEFE
2015-07-11 20:24:20 : Color: FFFFFF
2015-07-11 20:24:20 : Color: 212220
2015-07-11 20:24:20 : Color: 292A29
2015-07-11 20:24:20 : Color: FEFEFE
2015-07-11 20:24:20 : Color: FFFFFF
2015-07-11 20:24:20 : Color: 525450
2015-07-11 20:24:20 : Color: ABAEA9
2015-07-11 20:24:20 : Color: FFFFFF
2015-07-11 20:24:20 : Color: 525450
2015-07-11 20:24:20 : Color: ABAEA9
2015-07-11 20:24:20 : Color: FFFFFF
2015-07-11 20:24:20 : Color: FFFFFF
2015-07-11 20:24:20 : Color: FFFFFF
2015-07-11 20:24:20 : Color: F0F1F0
2015-07-11 20:24:20 : Color: FBFBFA
2015-07-11 20:24:20 : Color: FDFDFD
2015-07-11 20:24:20 : Color: FFFFFF
2015-07-11 20:24:20 : Color: FFFFFF
2015-07-11 20:24:20 : Color: FFFFFF
2015-07-11 20:24:20 : Color: FFFFFF
2015-07-11 20:24:20 : Color: 020202
2015-07-11 20:24:20 : Color: 3E3F3D
2015-07-11 20:24:20 : Color: FFFFFF
2015-07-11 20:24:20 : Color: FFFFFF
2015-07-11 20:24:20 : Color: FFFFFF
2015-07-11 20:24:20 : Color: FFFFFF
2015-07-11 20:24:20 : Color: 010200
2015-07-11 20:24:20 : Color: 292A29
2015-07-11 20:24:20 : Color: 535551
2015-07-11 20:24:20 : Color: 0B1104
2015-07-11 20:24:20 : Color: 050802
2015-07-11 20:24:20 : Color: 8E8E8B
2015-07-11 20:24:20 : Color: FEFEFE
2015-07-11 20:24:20 : Color: FFFFFF
2015-07-11 20:24:20 : Color: FFFFFF
2015-07-11 20:24:20 : Color: FEFEFE
2015-07-11 20:24:20 : Color: FFFFFF
2015-07-11 20:24:20 : Color: FFFFFF
2015-07-11 20:24:20 : Color: ABAEA9
2015-07-11 20:24:20 : Color: FFFFFF
2015-07-11 20:24:20 : Color: FFFFFF
2015-07-11 20:24:20 : Color: ABAEA9
2015-07-11 20:24:20 : Color: FFFFFF
2015-07-11 20:24:20 : Color: FFFFFF
2015-07-11 20:24:20 : Color: FFFFFF
2015-07-11 20:24:20 : Color: F0F1F0
2015-07-11 20:24:20 : Color: 010100
2015-07-11 20:24:20 : Color: FDFDFD
2015-07-11 20:24:20 : Color: FFFFFF
2015-07-11 20:24:20 : Color: FFFFFF
2015-07-11 20:24:20 : Color: FFFFFF
2015-07-11 20:24:20 : Color: FFFFFF
2015-07-11 20:24:20 : Color: FFFFFF
2015-07-11 20:24:20 : Color: 3E3F3D
2015-07-11 20:24:20 : Color: FFFFFF
2015-07-11 20:24:20 : Color: FFFFFF
2015-07-11 20:24:20 : Color: FFFFFF
2015-07-11 20:24:20 : Color: FFFFFF
2015-07-11 20:24:20 : Color: 868884
2015-07-11 20:24:20 : Color: 292A29
2015-07-11 20:24:20 : Color: 535551
2015-07-11 20:24:20 : Color: 5B5C59
2015-07-11 20:24:20 : Color: 050802
2015-07-11 20:24:20 : Color: 8E8E8B
2015-07-11 20:24:20 : Color: FDFDFD
2015-07-11 20:24:20 : Color: FFFFFF
2015-07-11 20:24:20 : Color: FFFFFF
2015-07-11 20:24:20 : Color: FFFFFF
2015-07-11 20:24:21 : Color: FFFFFF
2015-07-11 20:24:21 : Color: FFFFFF
2015-07-11 20:24:21 : Color: FFFFFF
2015-07-11 20:24:21 : Color: FFFFFF
2015-07-11 20:24:21 : Color: FFFFFF
2015-07-11 20:24:21 : Color: FFFFFF
2015-07-11 20:24:21 : Color: FFFFFF
2015-07-11 20:24:21 : Color: FFFFFF
2015-07-11 20:24:21 : Color: FFFFFF
2015-07-11 20:24:21 : Color: F0F1F0
2015-07-11 20:24:21 : Color: 010100
2015-07-11 20:24:21 : Color: 6A6E66
2015-07-11 20:24:21 : Color: FFFFFF
2015-07-11 20:24:21 : Color: FFFFFF
2015-07-11 20:24:21 : Color: FFFFFF
2015-07-11 20:24:21 : Color: FFFFFF
2015-07-11 20:24:21 : Color: FFFFFF
2015-07-11 20:24:21 : Color: FEFEFD
2015-07-11 20:24:21 : Color: FFFFFF
2015-07-11 20:24:21 : Color: FFFFFF
2015-07-11 20:24:21 : Color: FFFFFF
2015-07-11 20:24:21 : Color: FFFFFF
2015-07-11 20:24:21 : Color: 868884
2015-07-11 20:24:21 : Color: 343534
2015-07-11 20:24:21 : Color: 535551
2015-07-11 20:24:21 : Color: 5B5C59
2015-07-11 20:24:21 : Color: 5A5C59
2015-07-11 20:24:21 : Color: 8E8E8B
2015-07-11 20:24:21 : Color: FDFDFD
2015-07-11 20:24:21 : Color: FFFFFF
2015-07-11 20:24:21 : Color: FFFFFF
2015-07-11 20:24:21 : Color: FFFFFF
2015-07-11 20:24:21 : Color: FFFFFF
2015-07-11 20:24:21 : Color: FFFFFF
2015-07-11 20:24:21 : Color: FFFFFF
2015-07-11 20:24:21 : Color: FFFFFF
2015-07-11 20:24:21 : Color: FFFFFF
2015-07-11 20:24:21 : Color: FFFFFF
2015-07-11 20:24:21 : Color: 868884
2015-07-11 20:24:21 : Color: FFFFFF
2015-07-11 20:24:21 : Color: FFFFFF
2015-07-11 20:24:21 : Color: 868884
2015-07-11 20:24:21 : Color: 010100
2015-07-11 20:24:21 : Color: 6A6E66
2015-07-11 20:24:21 : Color: FFFFFF
2015-07-11 20:24:21 : Color: FFFFFF
2015-07-11 20:24:21 : Color: FFFFFF
2015-07-11 20:24:21 : Color: 8D9089
2015-07-11 20:24:21 : Color: FFFFFF
2015-07-11 20:24:21 : Color: FEFEFD
2015-07-11 20:24:21 : Color: 434542
2015-07-11 20:24:21 : Color: FFFFFF
2015-07-11 20:24:21 : Color: FFFFFF
2015-07-11 20:24:21 : Color: 3D3D3C
2015-07-11 20:24:21 : Color: 868884
2015-07-11 20:24:21 : Color: 343534
2015-07-11 20:24:21 : Color: BCBFB9
2015-07-11 20:24:21 : Color: 5B5C59
2015-07-11 20:24:21 : Color: 5A5C59
2015-07-11 20:24:21 : Color: 444642
2015-07-11 20:24:21 : Color: FDFDFD
2015-07-11 20:24:21 : Color: FFFFFF
2015-07-11 20:24:21 : Color: FFFFFF
2015-07-11 20:24:21 : Color: FFFFFF
2015-07-11 20:24:21 : Color: FFFFFF
2015-07-11 20:24:21 : Color: FFFFFF
2015-07-11 20:24:21 : Color: FFFFFF
2015-07-11 20:24:21 : Color: FFFFFF
2015-07-11 20:24:22 : Color: FFFFFF
2015-07-11 20:24:22 : Color: FFFFFF
2015-07-11 20:24:22 : Color: 868884
2015-07-11 20:24:22 : Color: 343534
2015-07-11 20:24:22 : Color: FFFFFF
2015-07-11 20:24:22 : Color: 868884
2015-07-11 20:24:22 : Color: 343534
2015-07-11 20:24:22 : Color: 6A6E66
2015-07-11 20:24:22 : Color: FFFFFF
2015-07-11 20:24:22 : Color: FFFFFF
2015-07-11 20:24:22 : Color: FFFFFF
2015-07-11 20:24:22 : Color: 8D9089
2015-07-11 20:24:22 : Color: 000000
2015-07-11 20:24:22 : Color: FEFEFD
2015-07-11 20:24:22 : Color: 434542
2015-07-11 20:24:22 : Color: 747572
2015-07-11 20:24:22 : Color: FFFFFF
2015-07-11 20:24:22 : Color: 3D3D3C
2015-07-11 20:24:22 : Color: 010101
2015-07-11 20:24:22 : Color: 343534
2015-07-11 20:24:22 : Color: BCBFB9
2015-07-11 20:24:22 : Color: FFFFFF
2015-07-11 20:24:22 : Color: 5A5C59
2015-07-11 20:24:22 : Color: 444642
2015-07-11 20:24:22 : Color: 101110
2015-07-11 20:24:22 : Color: FFFFFF
2015-07-11 20:24:22 : Color: FFFFFF
2015-07-11 20:24:22 : Color: FFFFFF
2015-07-11 20:24:22 : Color: FFFFFF
2015-07-11 20:24:22 : Color: FFFFFF
2015-07-11 20:24:22 : Color: FEFEFD
2015-07-11 20:24:22 : Color: FFFFFF
2015-07-11 20:24:22 : Color: FFFFFF
2015-07-11 20:24:22 : Color: FEFEFD
2015-07-11 20:24:22 : Color: 868884
2015-07-11 20:24:22 : Color: 343534
2015-07-11 20:24:22 : Color: BCBFB9
2015-07-11 20:24:22 : Color: 868884
2015-07-11 20:24:22 : Color: 343534
2015-07-11 20:24:22 : Color: BCBFB9
2015-07-11 20:24:22 : Color: FFFFFF
2015-07-11 20:24:22 : Color: FFFFFF
2015-07-11 20:24:22 : Color: FFFFFF
2015-07-11 20:24:22 : Color: 8D9089
2015-07-11 20:24:22 : Color: 000000
2015-07-11 20:24:22 : Color: 696C66
2015-07-11 20:24:22 : Color: 434542
2015-07-11 20:24:22 : Color: 747572
2015-07-11 20:24:22 : Color: FDFDFD
2015-07-11 20:24:22 : Color: 3D3D3C
2015-07-11 20:24:22 : Color: 010101
2015-07-11 20:24:22 : Color: 83857F
2015-07-11 20:24:22 : Color: BCBFB9
2015-07-11 20:24:22 : Color: FFFFFF
2015-07-11 20:24:22 : Color: FFFFFF
2015-07-11 20:24:22 : Color: 444642
2015-07-11 20:24:22 : Color: 101110
2015-07-11 20:24:22 : Color: 010100
2015-07-11 20:24:22 : Color: FFFFFF
2015-07-11 20:24:22 : Color: FFFFFF
2015-07-11 20:24:22 : Color: C6C8C4
2015-07-11 20:24:22 : Color: FFFFFF
2015-07-11 20:24:22 : Color: FEFEFD
2015-07-11 20:24:22 : Color: 434542
2015-07-11 20:24:22 : Color: FFFFFF
2015-07-11 20:24:22 : Color: FEFEFD
2015-07-11 20:24:22 : Color: 434542
2015-07-11 20:24:22 : Color: 343534
2015-07-11 20:24:22 : Color: BCBFB9
2015-07-11 20:24:23 : Color: FFFFFF
2015-07-11 20:24:23 : Color: 343534
2015-07-11 20:24:23 : Color: BCBFB9
2015-07-11 20:24:23 : Color: FFFFFF
2015-07-11 20:24:23 : Color: FFFFFF
2015-07-11 20:24:23 : Color: FFFFFF
2015-07-11 20:24:23 : Color: FFFFFF
2015-07-11 20:24:23 : Color: 000000
2015-07-11 20:24:23 : Color: 696C66
2015-07-11 20:24:23 : Color: FFFFFF
2015-07-11 20:24:23 : Color: 747572
2015-07-11 20:24:23 : Color: FDFDFD
2015-07-11 20:24:23 : Color: FEFEFE
2015-07-11 20:24:23 : Color: 010101
2015-07-11 20:24:23 : Color: 83857F
2015-07-11 20:24:23 : Color: FFFFFF
2015-07-11 20:24:23 : Color: FFFFFF
2015-07-11 20:24:23 : Color: FFFFFF
2015-07-11 20:24:23 : Color: FFFFFF
2015-07-11 20:24:23 : Color: 101110
2015-07-11 20:24:23 : Color: 010100
2015-07-11 20:24:23 : Color: 070903
2015-07-11 20:24:23 : Color: FFFFFF
2015-07-11 20:24:23 : Color: C6C8C4
2015-07-11 20:24:23 : Color: 2A2B29
2015-07-11 20:24:23 : Color: FEFEFD
2015-07-11 20:24:23 : Color: 434542
2015-07-11 20:24:23 : Color: 747572
2015-07-11 20:24:23 : Color: FEFEFD
2015-07-11 20:24:23 : Color: 434542
2015-07-11 20:24:23 : Color: 747572
2015-07-11 20:24:23 : Color: BCBFB9
2015-07-11 20:24:23 : Color: FFFFFF
2015-07-11 20:24:23 : Color: FFFFFF
2015-07-11 20:24:23 : Color: BCBFB9
2015-07-11 20:24:23 : Color: FFFFFF
2015-07-11 20:24:23 : Color: FFFFFF
2015-07-11 20:24:23 : Color: FFFFFF
2015-07-11 20:24:23 : Color: FFFFFF
2015-07-11 20:24:23 : Color: FFFFFF
2015-07-11 20:24:23 : Color: 696C66
2015-07-11 20:24:23 : Color: FFFFFF
2015-07-11 20:24:23 : Color: FFFFFF
2015-07-11 20:24:23 : Color: FDFDFD
2015-07-11 20:24:23 : Color: FEFEFE
2015-07-11 20:24:23 : Color: FFFFFF
2015-07-11 20:24:23 : Color: 83857F
2015-07-11 20:24:23 : Color: FFFFFF
2015-07-11 20:24:23 : Color: FFFFFF
2015-07-11 20:24:23 : Color: FFFFFF
2015-07-11 20:24:23 : Color: FFFFFF
2015-07-11 20:24:23 : Color: 000000
2015-07-11 20:24:23 : Color: 010100
2015-07-11 20:24:23 : Color: 070903
2015-07-11 20:24:23 : Color: 0A0E03
2015-07-11 20:24:23 : Color: C6C8C4
2015-07-11 20:24:23 : Color: 2A2B29
2015-07-11 20:24:23 : Color: 010101
2015-07-11 20:24:23 : Color: 434542
2015-07-11 20:24:23 : Color: 747572
2015-07-11 20:24:23 : Color: FDFDFD
2015-07-11 20:24:23 : Color: 434542
2015-07-11 20:24:23 : Color: 747572
2015-07-11 20:24:23 : Color: FDFDFD
2015-07-11 20:24:23 : Color: FFFFFF
2015-07-11 20:24:23 : Color: FFFFFF
2015-07-11 20:24:24 : Color: FFFFFF
2015-07-11 20:24:24 : Color: FFFFFF
2015-07-11 20:24:24 : Color: FFFFFF
2015-07-11 20:24:24 : Color: FFFFFF
2015-07-11 20:24:24 : Color: FFFFFF
2015-07-11 20:24:24 : Color: FFFFFF
2015-07-11 20:24:24 : Color: FEFEFE
2015-07-11 20:24:24 : Color: FFFFFF
2015-07-11 20:24:24 : Color: FFFFFF
2015-07-11 20:24:24 : Color: CACCC8
2015-07-11 20:24:24 : Color: FEFEFE
2015-07-11 20:24:24 : Color: FFFFFF
2015-07-11 20:24:24 : Color: FFFFFF
2015-07-11 20:24:24 : Color: FFFFFF
2015-07-11 20:24:24 : Color: FFFFFF
2015-07-11 20:24:24 : Color: F8F8F7
2015-07-11 20:24:24 : Color: FFFFFF
2015-07-11 20:24:24 : Color: 000000
2015-07-11 20:24:24 : Color: 101010
2015-07-11 20:24:24 : Color: 070903
2015-07-11 20:24:24 : Color: 0A0E03
2015-07-11 20:24:24 : Color: 040601
2015-07-11 20:24:24 : Color: 2A2B29
2015-07-11 20:24:24 : Color: 010101
2015-07-11 20:24:24 : Color: 7F817D
2015-07-11 20:24:24 : Color: 747572
2015-07-11 20:24:24 : Color: FDFDFD
2015-07-11 20:24:24 : Color: FEFEFE
2015-07-11 20:24:24 : Color: 747572
2015-07-11 20:24:24 : Color: FDFDFD
2015-07-11 20:24:24 : Color: FEFEFE
2015-07-11 20:24:24 : Color: FFFFFF
2015-07-11 20:24:24 : Color: FFFFFF
2015-07-11 20:24:24 : Color: 000000
2015-07-11 20:24:24 : Color: E1E2DF
2015-07-11 20:24:24 : Color: FFFFFF
2015-07-11 20:24:24 : Color: FFFFFF
2015-07-11 20:24:24 : Color: 000000
2015-07-11 20:24:24 : Color: 010100
2015-07-11 20:24:24 : Color: FFFFFF
2015-07-11 20:24:24 : Color: FFFFFF
2015-07-11 20:24:24 : Color: FEFEFE
2015-07-11 20:24:24 : Color: FDFDFD
2015-07-11 20:24:24 : Color: FFFFFF
2015-07-11 20:24:24 : Color: CACCC8
2015-07-11 20:24:24 : Color: 020301
2015-07-11 20:24:24 : Color: FFFFFF
2015-07-11 20:24:24 : Color: FFFFFF
2015-07-11 20:24:24 : Color: 000000
2015-07-11 20:24:24 : Color: FFFFFF
2015-07-11 20:24:24 : Color: F8F8F7
2015-07-11 20:24:24 : Color: 000000
2015-07-11 20:24:24 : Color: 000000
2015-07-11 20:24:24 : Color: 101010
2015-07-11 20:24:24 : Color: FEFEFE
2015-07-11 20:24:24 : Color: 0A0E03
2015-07-11 20:24:24 : Color: 040601
2015-07-11 20:24:24 : Color: 010100
2015-07-11 20:24:24 : Color: 010101
2015-07-11 20:24:24 : Color: 7F817D
2015-07-11 20:24:24 : Color: FFFFFF
2015-07-11 20:24:24 : Color: FDFDFD
2015-07-11 20:24:24 : Color: FEFEFE
2015-07-11 20:24:24 : Color: FFFFFF
2015-07-11 20:24:24 : Color: FDFDFD
2015-07-11 20:24:24 : Color: FEFEFE
2015-07-11 20:24:24 : Color: FFFFFF
2015-07-11 20:24:25 : Color: FFFFFF
2015-07-11 20:24:25 : Color: 000000
2015-07-11 20:24:25 : Color: E1E2DF
2015-07-11 20:24:25 : Color: 101010
2015-07-11 20:24:25 : Color: 010100
2015-07-11 20:24:25 : Color: 888C83
2015-07-11 20:24:25 : Color: FFFFFF
2015-07-11 20:24:25 : Color: 000000
2015-07-11 20:24:25 : Color: 010100
2015-07-11 20:24:25 : Color: FFFFFF
2015-07-11 20:24:25 : Color: 101010
2015-07-11 20:24:25 : Color: 70736D
2015-07-11 20:24:25 : Color: FEFEFE
2015-07-11 20:24:25 : Color: FDFDFD
2015-07-11 20:24:25 : Color: FCFCFB
2015-07-11 20:24:25 : Color: CACCC8
2015-07-11 20:24:25 : Color: 020301
2015-07-11 20:24:25 : Color: 363834
2015-07-11 20:24:25 : Color: FFFFFF
2015-07-11 20:24:25 : Color: 000000
2015-07-11 20:24:25 : Color: 000000
2015-07-11 20:24:25 : Color: F8F8F7
2015-07-11 20:24:25 : Color: 000000
2015-07-11 20:24:25 : Color: 3A3C39
2015-07-11 20:24:25 : Color: 101010
2015-07-11 20:24:25 : Color: FEFEFE
2015-07-11 20:24:25 : Color: FFFFFF
2015-07-11 20:24:25 : Color: 040601
2015-07-11 20:24:25 : Color: 010100
2015-07-11 20:24:25 : Color: 010200
2015-07-11 20:24:25 : Color: 7F817D
2015-07-11 20:24:25 : Color: FFFFFF
2015-07-11 20:24:25 : Color: FFFFFF
2015-07-11 20:24:25 : Color: FEFEFE
2015-07-11 20:24:25 : Color: FFFFFF
2015-07-11 20:24:25 : Color: FFFFFF
2015-07-11 20:24:25 : Color: FEFEFE
2015-07-11 20:24:25 : Color: FFFFFF
2015-07-11 20:24:25 : Color: FFFFFF
2015-07-11 20:24:25 : Color: 000000
2015-07-11 20:24:25 : Color: E1E2DF
2015-07-11 20:24:25 : Color: 101010
2015-07-11 20:24:25 : Color: 010100
2015-07-11 20:24:25 : Color: 888C83
2015-07-11 20:24:25 : Color: FEFEFE
2015-07-11 20:24:25 : Color: 000000
2015-07-11 20:24:25 : Color: 010100
2015-07-11 20:24:25 : Color: FFFFFF
2015-07-11 20:24:25 : Color: 101010
2015-07-11 20:24:25 : Color: 70736D
2015-07-11 20:24:25 : Color: FEFEFE
2015-07-11 20:24:25 : Color: FDFDFD
2015-07-11 20:24:25 : Color: FCFCFB
2015-07-11 20:24:25 : Color: F9FAF9
2015-07-11 20:24:25 : Color: 020301
2015-07-11 20:24:25 : Color: 363834
2015-07-11 20:24:25 : Color: FFFFFF
2015-07-11 20:24:25 : Color: 000000
2015-07-11 20:24:25 : Color: 000000
2015-07-11 20:24:25 : Color: E7E8E5
2015-07-11 20:24:25 : Color: 000000
2015-07-11 20:24:25 : Color: 3A3C39
2015-07-11 20:24:25 : Color: FFFFFF
2015-07-11 20:24:25 : Color: FEFEFE
2015-07-11 20:24:25 : Color: FFFFFF
2015-07-11 20:24:26 : Color: FFFFFF
2015-07-11 20:24:26 : Color: 010100
2015-07-11 20:24:26 : Color: 010200
2015-07-11 20:24:26 : Color: 111110
2015-07-11 20:24:26 : Color: FFFFFF
2015-07-11 20:24:26 : Color: FFFFFF
2015-07-11 20:24:26 : Color: F0F1F0
2015-07-11 20:24:26 : Color: FFFFFF
2015-07-11 20:24:26 : Color: FFFFFF
2015-07-11 20:24:26 : Color: 000000
2015-07-11 20:24:26 : Color: FFFFFF
2015-07-11 20:24:26 : Color: FFFFFF
2015-07-11 20:24:26 : Color: 000000
2015-07-11 20:24:26 : Color: 101010
2015-07-11 20:24:26 : Color: 010100
2015-07-11 20:24:26 : Color: 888C83
2015-07-11 20:24:26 : Color: FEFEFE
2015-07-11 20:24:26 : Color: FFFFFF
2015-07-11 20:24:26 : Color: 101010
2015-07-11 20:24:26 : Color: 70736D
2015-07-11 20:24:26 : Color: FEFEFE
2015-07-11 20:24:26 : Color: FFFFFF
2015-07-11 20:24:26 : Color: FCFCFB
2015-07-11 20:24:26 : Color: F9FAF9
2015-07-11 20:24:26 : Color: 646464
2015-07-11 20:24:26 : Color: 363834
2015-07-11 20:24:26 : Color: FFFFFF
2015-07-11 20:24:26 : Color: FFFFFF
2015-07-11 20:24:26 : Color: 000000
2015-07-11 20:24:26 : Color: E7E8E5
2015-07-11 20:24:26 : Color: FEFEFE
2015-07-11 20:24:26 : Color: 3A3C39
2015-07-11 20:24:26 : Color: FFFFFF
2015-07-11 20:24:26 : Color: FFFFFF
2015-07-11 20:24:26 : Color: FFFFFF
2015-07-11 20:24:26 : Color: FFFFFF
2015-07-11 20:24:26 : Color: D4D7D2
2015-07-11 20:24:26 : Color: 010200
2015-07-11 20:24:26 : Color: 111110
2015-07-11 20:24:26 : Color: 010200
2015-07-11 20:24:26 : Color: FFFFFF
2015-07-11 20:24:26 : Color: F0F1F0
2015-07-11 20:24:26 : Color: 010100
2015-07-11 20:24:26 : Color: FFFFFF
2015-07-11 20:24:26 : Color: 000000
2015-07-11 20:24:26 : Color: 000000
2015-07-11 20:24:26 : Color: FFFFFF
2015-07-11 20:24:26 : Color: 000000
2015-07-11 20:24:26 : Color: 000000
2015-07-11 20:24:26 : Color: FEFEFE
2015-07-11 20:24:26 : Color: FFFFFF
2015-07-11 20:24:26 : Color: FFFFFF
2015-07-11 20:24:26 : Color: FEFEFE
2015-07-11 20:24:26 : Color: FFFFFF
2015-07-11 20:24:26 : Color: FFFFFF
2015-07-11 20:24:26 : Color: F9FAF9
2015-07-11 20:24:26 : Color: 646464
2015-07-11 20:24:26 : Color: FFFFFF
2015-07-11 20:24:26 : Color: FFFFFF
2015-07-11 20:24:26 : Color: FFFFFF
2015-07-11 20:24:26 : Color: FFFFFF
2015-07-11 20:24:26 : Color: E7E8E5
2015-07-11 20:24:26 : Color: FEFEFE
2015-07-11 20:24:26 : Color: FFFFFF
2015-07-11 20:24:26 : Color: FFFFFF
2015-07-11 20:24:26 : Color: FFFFFF
2015-07-11 20:24:27 : Color: FFFFFF
2015-07-11 20:24:27 : Color: FFFFFF
2015-07-11 20:24:27 : Color: D4D7D2
2015-07-11 20:24:27 : Color: 777B73
2015-07-11 20:24:27 : Color: 111110
2015-07-11 20:24:27 : Color: 010200
2015-07-11 20:24:27 : Color: 18230A
2015-07-11 20:24:27 : Color: F0F1F0
2015-07-11 20:24:27 : Color: 010100
2015-07-11 20:24:27 : Color: 6A6E66
2015-07-11 20:24:27 : Color: 000000
2015-07-11 20:24:27 : Color: 000000
2015-07-11 20:24:27 : Color: E7E8E5
2015-07-11 20:24:27 : Color: 000000
2015-07-11 20:24:27 : Color: 000000
2015-07-11 20:24:27 : Color: E7E8E5
2015-07-11 20:24:27 : Color: FFFFFF
2015-07-11 20:24:27 : Color: FFFFFF
2015-07-11 20:24:27 : Color: D4D7D2
2015-07-11 20:24:27 : Color: FFFFFF
2015-07-11 20:24:27 : Color: FFFFFF
2015-07-11 20:24:27 : Color: D4D7D2
2015-07-11 20:24:27 : Color: 646464
2015-07-11 20:24:27 : Color: FFFFFF
2015-07-11 20:24:27 : Color: FFFFFF
2015-07-11 20:24:27 : Color: FFFFFF
2015-07-11 20:24:27 : Color: FFFFFF
2015-07-11 20:24:27 : Color: FCFCFC
2015-07-11 20:24:27 : Color: FEFEFE
2015-07-11 20:24:27 : Color: FFFFFF
2015-07-11 20:24:27 : Color: FFFFFF
2015-07-11 20:24:27 : Color: FFFFFF
2015-07-11 20:24:27 : Color: FFFFFF
2015-07-11 20:24:27 : Color: 555851
2015-07-11 20:24:27 : Color: D4D7D2
2015-07-11 20:24:27 : Color: 777B73
2015-07-11 20:24:27 : Color: 3C3F39
2015-07-11 20:24:27 : Color: 010200
2015-07-11 20:24:27 : Color: 18230A
2015-07-11 20:24:27 : Color: 050702
2015-07-11 20:24:27 : Color: 010100
2015-07-11 20:24:27 : Color: 6A6E66
2015-07-11 20:24:27 : Color: FFFFFF
2015-07-11 20:24:27 : Color: 000000
2015-07-11 20:24:27 : Color: E7E8E5
2015-07-11 20:24:27 : Color: FEFEFE
2015-07-11 20:24:27 : Color: 000000
2015-07-11 20:24:27 : Color: E7E8E5
2015-07-11 20:24:27 : Color: FEFEFE
2015-07-11 20:24:27 : Color: FFFFFF
2015-07-11 20:24:27 : Color: D4D7D2
2015-07-11 20:24:27 : Color: 777B73
2015-07-11 20:24:27 : Color: FFFFFF
2015-07-11 20:24:27 : Color: D4D7D2
2015-07-11 20:24:27 : Color: 777B73
2015-07-11 20:24:27 : Color: FFFFFF
2015-07-11 20:24:27 : Color: FFFFFF
2015-07-11 20:24:27 : Color: FFFFFF
2015-07-11 20:24:27 : Color: FFFFFF
2015-07-11 20:24:27 : Color: FCFCFC
2015-07-11 20:24:27 : Color: FBFBFA
2015-07-11 20:24:27 : Color: FFFFFF
2015-07-11 20:24:27 : Color: FFFFFF
2015-07-11 20:24:27 : Color: FFFFFF
2015-07-11 20:24:28 : Color: FFFFFF
2015-07-11 20:24:28 : Color: 555851
2015-07-11 20:24:28 : Color: 040403
2015-07-11 20:24:28 : Color: 777B73
2015-07-11 20:24:28 : Color: 3C3F39
2015-07-11 20:24:28 : Color: 080907
2015-07-11 20:24:28 : Color: 18230A
2015-07-11 20:24:28 : Color: 050702
2015-07-11 20:24:28 : Color: 010200
2015-07-11 20:24:28 : Color: 6A6E66
2015-07-11 20:24:28 : Color: FFFFFF
2015-07-11 20:24:28 : Color: FFFFFF
2015-07-11 20:24:28 : Color: E7E8E5
2015-07-11 20:24:28 : Color: FEFEFE
2015-07-11 20:24:28 : Color: FFFFFF
2015-07-11 20:24:28 : Color: E7E8E5
2015-07-11 20:24:28 : Color: FEFEFE
2015-07-11 20:24:28 : Color: FFFFFF
2015-07-11 20:24:28 : Color: D4D7D2
2015-07-11 20:24:28 : Color: 777B73
2015-07-11 20:24:28 : Color: 3C3F39
2015-07-11 20:24:28 : Color: D4D7D2
2015-07-11 20:24:28 : Color: 777B73
2015-07-11 20:24:28 : Color: 3C3F39
2015-07-11 20:24:28 : Color: FFFFFF
2015-07-11 20:24:28 : Color: FFFFFF
2015-07-11 20:24:28 : Color: FFFFFF
2015-07-11 20:24:28 : Color: FCFCFC
2015-07-11 20:24:28 : Color: FBFBFA
2015-07-11 20:24:28 : Color: FEFEFD
2015-07-11 20:24:28 : Color: FFFFFF
2015-07-11 20:24:28 : Color: FFFFFF
2015-07-11 20:24:28 : Color: FFFFFF
2015-07-11 20:24:28 : Color: 555851
2015-07-11 20:24:28 : Color: 040403
2015-07-11 20:24:28 : Color: 010101
2015-07-11 20:24:28 : Color: 3C3F39
2015-07-11 20:24:28 : Color: 080907
2015-07-11 20:24:28 : Color: 070706
2015-07-11 20:24:28 : Color: 050702
2015-07-11 20:24:28 : Color: 010200
2015-07-11 20:24:28 : Color: 10110F
2015-07-11 20:24:28 : Color: FFFFFF
2015-07-11 20:24:28 : Color: FFFFFF
2015-07-11 20:24:28 : Color: FFFFFF
2015-07-11 20:24:28 : Color: FEFEFE
2015-07-11 20:24:28 : Color: FFFFFF
2015-07-11 20:24:28 : Color: FFFFFF
2015-07-11 20:24:28 : Color: FEFEFE
2015-07-11 20:24:28 : Color: FFFFFF
2015-07-11 20:24:28 : Color: FFFFFF
2015-07-11 20:24:28 : Color: 777B73
2015-07-11 20:24:28 : Color: 3C3F39
2015-07-11 20:24:28 : Color: 080907
2015-07-11 20:24:28 : Color: 80847A
2015-07-11 20:24:28 : Color: 777B73
2015-07-11 20:24:28 : Color: 3C3F39
2015-07-11 20:24:28 : Color: 080907
2015-07-11 20:24:28 : Color: FEFFFE
2015-07-11 20:24:28 : Color: FFFFFF
2015-07-11 20:24:28 : Color: FFFFFF
2015-07-11 20:24:28 : Color: FFFFFF
2015-07-11 20:24:28 : Color: FBFBFA
2015-07-11 20:24:28 : Color: FEFEFD
2015-07-11 20:24:28 : Color: FFFFFF
2015-07-11 20:24:28 : Color: FFFFFF
2015-07-11 20:24:28 : Color: FFFFFF
2015-07-11 20:24:29 : Color: FFFFFF
2015-07-11 20:24:29 : Color: 040403
2015-07-11 20:24:29 : Color: 010101
2015-07-11 20:24:29 : Color: 000000
2015-07-11 20:24:29 : Color: 080907
2015-07-11 20:24:29 : Color: 070706
2015-07-11 20:24:29 : Color: 030401
2015-07-11 20:24:29 : Color: 010200
2015-07-11 20:24:29 : Color: 10110F
2015-07-11 20:24:29 : Color: 3C3E39
2015-07-11 20:24:29 : Color: FFFFFF
2015-07-11 20:24:29 : Color: FFFFFF
2015-07-11 20:24:29 : Color: FFFFFF
2015-07-11 20:24:29 : Color: FFFFFF
2015-07-11 20:24:29 : Color: FFFFFF
2015-07-11 20:24:29 : Color: FFFFFF
2015-07-11 20:24:29 : Color: FFFFFF
2015-07-11 20:24:29 : Color: FFFFFF
2015-07-11 20:24:29 : Color: FFFFFF
2015-07-11 20:24:29 : Color: 3C3F39
2015-07-11 20:24:29 : Color: 080907
2015-07-11 20:24:29 : Color: 80847A
2015-07-11 20:24:29 : Color: 070706
2015-07-11 20:24:29 : Color: FEFFFE
2015-07-11 20:24:29 : Color: 3C3F39
2015-07-11 20:24:29 : Color: 080907
2015-07-11 20:24:29 : Color: FEFFFE
2015-07-11 20:24:29 : Color: 070706
2015-07-11 20:24:29 : Color: FFFFFF
2015-07-11 20:24:29 : Color: FFFFFF
2015-07-11 20:24:29 : Color: FFFFFF
2015-07-11 20:24:29 : Color: FEFEFE
2015-07-11 20:24:29 : Color: FEFEFD
2015-07-11 20:24:29 : Color: FFFFFF
2015-07-11 20:24:29 : Color: FFFFFF
2015-07-11 20:24:29 : Color: FFFFFF
2015-07-11 20:24:29 : Color: FFFFFF
2015-07-11 20:24:29 : Color: DBDDD8
2015-07-11 20:24:29 : Color: 010101
2015-07-11 20:24:29 : Color: 000000
2015-07-11 20:24:29 : Color: 000000
2015-07-11 20:24:29 : Color: 070706
2015-07-11 20:24:29 : Color: 030401
2015-07-11 20:24:29 : Color: 101010
2015-07-11 20:24:29 : Color: 10110F
2015-07-11 20:24:29 : Color: 3C3E39
2015-07-11 20:24:29 : Color: 61655B
2015-07-11 20:24:29 : Color: FFFFFF
2015-07-11 20:24:29 : Color: FFFFFF
2015-07-11 20:24:29 : Color: FFFFFF
2015-07-11 20:24:29 : Color: FFFFFF
2015-07-11 20:24:29 : Color: FFFFFF
2015-07-11 20:24:29 : Color: FFFFFF
2015-07-11 20:24:29 : Color: FFFFFF
2015-07-11 20:24:29 : Color: FFFFFF
2015-07-11 20:24:29 : Color: FFFFFF
2015-07-11 20:24:29 : Color: 080907
2015-07-11 20:24:29 : Color: 80847A
2015-07-11 20:24:29 : Color: 070706
2015-07-11 20:24:29 : Color: FEFFFE
2015-07-11 20:24:29 : Color: 030401
2015-07-11 20:24:29 : Color: FFFFFF
2015-07-11 20:24:30 : Color: 080907
2015-07-11 20:24:30 : Color: FEFFFE
2015-07-11 20:24:30 : Color: 070706
2015-07-11 20:24:30 : Color: FFFFFF
2015-07-11 20:24:30 : Color: 030401
2015-07-11 20:24:30 : Color: E1E2E0
2015-07-11 20:24:30 : Color: FFFFFF
2015-07-11 20:24:30 : Color: FEFEFE
2015-07-11 20:24:30 : Color: FDFDFD
2015-07-11 20:24:30 : Color: FFFFFF
2015-07-11 20:24:30 : Color: FFFFFF
2015-07-11 20:24:30 : Color: 838580
2015-07-11 20:24:30 : Color: FFFFFF
2015-07-11 20:24:30 : Color: DBDDD8
2015-07-11 20:24:30 : Color: 060903
2015-07-11 20:24:30 : Color: 000000
2015-07-11 20:24:30 : Color: 000000
2015-07-11 20:24:30 : Color: 050702
2015-07-11 20:24:30 : Color: 030401
2015-07-11 20:24:30 : Color: 101010
2015-07-11 20:24:30 : Color: FEFEFE
2015-07-11 20:24:30 : Color: 3C3E39
2015-07-11 20:24:30 : Color: 61655B
2015-07-11 20:24:30 : Color: 81857B
2015-07-11 20:24:30 : Color: FFFFFF
2015-07-11 20:24:30 : Color: FFFFFF
2015-07-11 20:24:30 : Color: FEFEFE
2015-07-11 20:24:30 : Color: FFFFFF
2015-07-11 20:24:30 : Color: FFFFFF
2015-07-11 20:24:30 : Color: FFFFFF
2015-07-11 20:24:30 : Color: FFFFFF
2015-07-11 20:24:30 : Color: FFFFFF
2015-07-11 20:24:30 : Color: FFFFFF
2015-07-11 20:24:30 : Color: 070706
2015-07-11 20:24:30 : Color: FEFFFE
2015-07-11 20:24:30 : Color: 030401
2015-07-11 20:24:30 : Color: FFFFFF
2015-07-11 20:24:30 : Color: 101010
2015-07-11 20:24:30 : Color: E1E2E0
2015-07-11 20:24:30 : Color: 070706
2015-07-11 20:24:30 : Color: FFFFFF
2015-07-11 20:24:30 : Color: 030401
2015-07-11 20:24:30 : Color: E1E2E0
2015-07-11 20:24:30 : Color: 101010
2015-07-11 20:24:30 : Color: 6C6C6C
2015-07-11 20:24:30 : Color: FEFEFE
2015-07-11 20:24:30 : Color: FDFDFD
2015-07-11 20:24:30 : Color: FCFCFB
2015-07-11 20:24:30 : Color: FFFFFF
2015-07-11 20:24:30 : Color: 838580
2015-07-11 20:24:30 : Color: 343433
2015-07-11 20:24:30 : Color: DBDDD8
2015-07-11 20:24:30 : Color: 060903
2015-07-11 20:24:30 : Color: 000000
2015-07-11 20:24:30 : Color: 000000
2015-07-11 20:24:30 : Color: 050702
2015-07-11 20:24:30 : Color: 3B3D39
2015-07-11 20:24:30 : Color: 101010
2015-07-11 20:24:30 : Color: FEFEFE
2015-07-11 20:24:30 : Color: FFFFFF
2015-07-11 20:24:30 : Color: 61655B
2015-07-11 20:24:30 : Color: 81857B
2015-07-11 20:24:30 : Color: 959B8D
2015-07-11 20:24:30 : Color: FFFFFF
2015-07-11 20:24:30 : Color: FFFFFF
2015-07-11 20:24:31 : Color: FEFEFE
2015-07-11 20:24:31 : Color: FDFDFD
2015-07-11 20:24:31 : Color: FFFFFF
2015-07-11 20:24:31 : Color: FFFFFF
2015-07-11 20:24:31 : Color: DBDDD8
2015-07-11 20:24:31 : Color: FFFFFF
2015-07-11 20:24:31 : Color: FFFFFF
2015-07-11 20:24:31 : Color: DBDDD8
2015-07-11 20:24:31 : Color: 030401
2015-07-11 20:24:31 : Color: FFFFFF
2015-07-11 20:24:31 : Color: 101010
2015-07-11 20:24:31 : Color: E1E2E0
2015-07-11 20:24:31 : Color: FEFEFE
2015-07-11 20:24:31 : Color: 030401
2015-07-11 20:24:31 : Color: E1E2E0
2015-07-11 20:24:31 : Color: 101010
2015-07-11 20:24:31 : Color: 6C6C6C
2015-07-11 20:24:31 : Color: FEFEFE
2015-07-11 20:24:31 : Color: FDFDFD
2015-07-11 20:24:31 : Color: FCFCFB
2015-07-11 20:24:31 : Color: FAFBF9
2015-07-11 20:24:31 : Color: 838580
2015-07-11 20:24:31 : Color: 343433
2015-07-11 20:24:31 : Color: FFFFFF
2015-07-11 20:24:31 : Color: 060903
2015-07-11 20:24:31 : Color: 000000
2015-07-11 20:24:31 : Color: E8EAE6
2015-07-11 20:24:31 : Color: 050702
2015-07-11 20:24:31 : Color: 3B3D39
2015-07-11 20:24:31 : Color: FFFFFF
2015-07-11 20:24:31 : Color: FEFEFE
2015-07-11 20:24:31 : Color: FFFFFF
2015-07-11 20:24:31 : Color: FFFFFF
2015-07-11 20:24:31 : Color: 81857B
2015-07-11 20:24:31 : Color: 959B8D
2015-07-11 20:24:31 : Color: FFFFFF
2015-07-11 20:24:31 : Color: 6D7365
2015-07-11 20:24:31 : Color: FEFEFE
2015-07-11 20:24:31 : Color: FDFDFD
2015-07-11 20:24:31 : Color: FCFCFB
2015-07-11 20:24:31 : Color: FFFFFF
2015-07-11 20:24:31 : Color: DBDDD8
2015-07-11 20:24:31 : Color: 060903
2015-07-11 20:24:31 : Color: FFFFFF
2015-07-11 20:24:31 : Color: DBDDD8
2015-07-11 20:24:31 : Color: 060903
2015-07-11 20:24:31 : Color: 101010
2015-07-11 20:24:31 : Color: E1E2E0
2015-07-11 20:24:31 : Color: FEFEFE
2015-07-11 20:24:31 : Color: FFFFFF
2015-07-11 20:24:31 : Color: 101010
2015-07-11 20:24:31 : Color: 6C6C6C
2015-07-11 20:24:31 : Color: FEFEFE
2015-07-11 20:24:31 : Color: FFFFFF
2015-07-11 20:24:31 : Color: FCFCFB
2015-07-11 20:24:31 : Color: FAFBF9
2015-07-11 20:24:31 : Color: 020302
2015-07-11 20:24:31 : Color: 343433
2015-07-11 20:24:31 : Color: FFFFFF
2015-07-11 20:24:31 : Color: FFFFFF
2015-07-11 20:24:31 : Color: 000000
2015-07-11 20:24:31 : Color: E8EAE6
2015-07-11 20:24:31 : Color: FEFEFE
2015-07-11 20:24:31 : Color: 3B3D39
2015-07-11 20:24:31 : Color: FFFFFF
2015-07-11 20:24:32 : Color: FFFFFF
2015-07-11 20:24:32 : Color: FFFFFF
2015-07-11 20:24:32 : Color: FFFFFF
2015-07-11 20:24:32 : Color: D8DBD3
2015-07-11 20:24:32 : Color: 959B8D
2015-07-11 20:24:32 : Color: FFFFFF
2015-07-11 20:24:32 : Color: 6D7365
2015-07-11 20:24:32 : Color: 060903
2015-07-11 20:24:32 : Color: FDFDFD
2015-07-11 20:24:32 : Color: FCFCFB
2015-07-11 20:24:32 : Color: F9FAF9
2015-07-11 20:24:32 : Color: DBDDD8
2015-07-11 20:24:32 : Color: 060903
2015-07-11 20:24:32 : Color: 000000
2015-07-11 20:24:32 : Color: DBDDD8
2015-07-11 20:24:32 : Color: 060903
2015-07-11 20:24:32 : Color: 000000
2015-07-11 20:24:32 : Color: FEFEFE
2015-07-11 20:24:32 : Color: FFFFFF
2015-07-11 20:24:32 : Color: FFFFFF
2015-07-11 20:24:32 : Color: FEFEFE
2015-07-11 20:24:32 : Color: FFFFFF
2015-07-11 20:24:32 : Color: FFFFFF
2015-07-11 20:24:32 : Color: FAFBF9
2015-07-11 20:24:32 : Color: 020302
2015-07-11 20:24:32 : Color: 2F4415
2015-07-11 20:24:32 : Color: FFFFFF
2015-07-11 20:24:32 : Color: FFFFFF
2015-07-11 20:24:32 : Color: FFFFFF
2015-07-11 20:24:32 : Color: E8EAE6
2015-07-11 20:24:32 : Color: FEFEFE
2015-07-11 20:24:32 : Color: FFFFFF
2015-07-11 20:24:32 : Color: FFFFFF
2015-07-11 20:24:32 : Color: FFFFFF
2015-07-11 20:24:32 : Color: FFFFFF
2015-07-11 20:24:32 : Color: FFFFFF
2015-07-11 20:24:32 : Color: D8DBD3
2015-07-11 20:24:32 : Color: 787C73
2015-07-11 20:24:32 : Color: 6D7365
2015-07-11 20:24:32 : Color: 060903
2015-07-11 20:24:32 : Color: 16220A
2015-07-11 20:24:32 : Color: FCFCFB
2015-07-11 20:24:32 : Color: F9FAF9
2015-07-11 20:24:32 : Color: 646464
2015-07-11 20:24:32 : Color: 060903
2015-07-11 20:24:32 : Color: 000000
2015-07-11 20:24:32 : Color: E8EAE6
2015-07-11 20:24:32 : Color: 060903
2015-07-11 20:24:32 : Color: 000000
2015-07-11 20:24:32 : Color: E8EAE6
2015-07-11 20:24:32 : Color: FFFFFF
2015-07-11 20:24:32 : Color: FFFFFF
2015-07-11 20:24:32 : Color: D8DBD3
2015-07-11 20:24:32 : Color: FFFFFF
2015-07-11 20:24:32 : Color: FFFFFF
2015-07-11 20:24:32 : Color: D8DBD3
2015-07-11 20:24:32 : Color: 020302
2015-07-11 20:24:32 : Color: 2F4415
2015-07-11 20:24:32 : Color: 324E19
2015-07-11 20:24:32 : Color: FFFFFF
2015-07-11 20:24:32 : Color: FFFFFF
2015-07-11 20:24:32 : Color: FCFCFC
2015-07-11 20:24:32 : Color: FEFEFE
2015-07-11 20:24:33 : Color: FFFFFF
2015-07-11 20:24:33 : Color: FFFFFF
2015-07-11 20:24:33 : Color: FFFFFF
2015-07-11 20:24:33 : Color: FFFFFF
2015-07-11 20:24:33 : Color: 595E53
2015-07-11 20:24:33 : Color: D8DBD3
2015-07-11 20:24:33 : Color: 787C73
2015-07-11 20:24:33 : Color: 3A3C38
2015-07-11 20:24:33 : Color: 060903
2015-07-11 20:24:33 : Color: 16220A
2015-07-11 20:24:33 : Color: 050702
2015-07-11 20:24:33 : Color: F9FAF9
2015-07-11 20:24:33 : Color: 646464
2015-07-11 20:24:33 : Color: FFFFFF
2015-07-11 20:24:33 : Color: 000000
2015-07-11 20:24:33 : Color: E8EAE6
2015-07-11 20:24:33 : Color: FEFEFE
2015-07-11 20:24:33 : Color: 000000
2015-07-11 20:24:33 : Color: E8EAE6
2015-07-11 20:24:33 : Color: FEFEFE
2015-07-11 20:24:33 : Color: FFFFFF
2015-07-11 20:24:33 : Color: D8DBD3
2015-07-11 20:24:33 : Color: 787C73
2015-07-11 20:24:33 : Color: FFFFFF
2015-07-11 20:24:33 : Color: D8DBD3
2015-07-11 20:24:33 : Color: 787C73
2015-07-11 20:24:33 : Color: 2F4415
2015-07-11 20:24:33 : Color: 324E19
2015-07-11 20:24:33 : Color: 365319
2015-07-11 20:24:33 : Color: FFFFFF
2015-07-11 20:24:33 : Color: FCFCFC
2015-07-11 20:24:33 : Color: FBFBFA
2015-07-11 20:24:33 : Color: FFFFFF
2015-07-11 20:24:33 : Color: FFFFFF
2015-07-11 20:24:33 : Color: FFFFFF
2015-07-11 20:24:33 : Color: FFFFFF
2015-07-11 20:24:33 : Color: 595E53
2015-07-11 20:24:33 : Color: 040403
2015-07-11 20:24:33 : Color: 787C73
2015-07-11 20:24:33 : Color: 3A3C38
2015-07-11 20:24:33 : Color: 080907
2015-07-11 20:24:33 : Color: 16220A
2015-07-11 20:24:33 : Color: 050702
2015-07-11 20:24:33 : Color: 010100
2015-07-11 20:24:33 : Color: 646464
2015-07-11 20:24:33 : Color: FFFFFF
2015-07-11 20:24:33 : Color: FFFFFF
2015-07-11 20:24:33 : Color: E8EAE6
2015-07-11 20:24:33 : Color: FEFEFE
2015-07-11 20:24:33 : Color: FFFFFF
2015-07-11 20:24:33 : Color: E8EAE6
2015-07-11 20:24:33 : Color: FEFEFE
2015-07-11 20:24:33 : Color: FFFFFF
2015-07-11 20:24:33 : Color: D8DBD3
2015-07-11 20:24:33 : Color: 787C73
2015-07-11 20:24:33 : Color: 3A3C38
2015-07-11 20:24:33 : Color: D8DBD3
2015-07-11 20:24:33 : Color: 787C73
2015-07-11 20:24:33 : Color: 3A3C38
2015-07-11 20:24:33 : Color: 324E19
2015-07-11 20:24:33 : Color: 365319
2015-07-11 20:24:33 : Color: 395518
2015-07-11 20:24:33 : Color: FCFCFC
2015-07-11 20:24:34 : Color: FBFBFA
2015-07-11 20:24:34 : Color: FEFEFE
2015-07-11 20:24:34 : Color: FFFFFF
2015-07-11 20:24:34 : Color: FFFFFF
2015-07-11 20:24:34 : Color: FFFFFF
2015-07-11 20:24:34 : Color: 595E53
2015-07-11 20:24:34 : Color: 040403
2015-07-11 20:24:34 : Color: 010101
2015-07-11 20:24:34 : Color: 3A3C38
2015-07-11 20:24:34 : Color: 080907
2015-07-11 20:24:34 : Color: 070706
2015-07-11 20:24:34 : Color: 050702
2015-07-11 20:24:34 : Color: 010100
2015-07-11 20:24:34 : Color: 10100F
2015-07-11 20:24:34 : Color: FFFFFF
2015-07-11 20:24:34 : Color: FFFFFF
2015-07-11 20:24:34 : Color: FFFFFF
2015-07-11 20:24:34 : Color: FEFEFE
2015-07-11 20:24:34 : Color: FFFFFF
2015-07-11 20:24:34 : Color: FFFFFF
2015-07-11 20:24:34 : Color: FEFEFE
2015-07-11 20:24:34 : Color: FFFFFF
2015-07-11 20:24:34 : Color: FFFFFF
2015-07-11 20:24:34 : Color: 787C73
2015-07-11 20:24:34 : Color: 3A3C38
2015-07-11 20:24:34 : Color: 080907
2015-07-11 20:24:34 : Color: 82877B
2015-07-11 20:24:34 : Color: 787C73
2015-07-11 20:24:34 : Color: 3A3C38
2015-07-11 20:24:34 : Color: 080907
2015-07-11 20:24:34 : Color: FEFFFE
2015-07-11 20:24:34 : Color: 365319
2015-07-11 20:24:34 : Color: 395518
2015-07-11 20:24:34 : Color: 3A5819
2015-07-11 20:24:34 : Color: FBFBFA
2015-07-11 20:24:34 : Color: FEFEFE
2015-07-11 20:24:34 : Color: FFFFFF
2015-07-11 20:24:34 : Color: FFFFFF
2015-07-11 20:24:34 : Color: FFFFFF
2015-07-11 20:24:34 : Color: FFFFFF
2015-07-11 20:24:34 : Color: 040403
2015-07-11 20:24:34 : Color: 010101
2015-07-11 20:24:34 : Color: 000000
2015-07-11 20:24:34 : Color: 080907
2015-07-11 20:24:34 : Color: 070706
2015-07-11 20:24:34 : Color: 040602
2015-07-11 20:24:34 : Color: 010100
2015-07-11 20:24:34 : Color: 10100F
2015-07-11 20:24:34 : Color: 3C3E39
2015-07-11 20:24:34 : Color: FFFFFF
2015-07-11 20:24:34 : Color: FFFFFF
2015-07-11 20:24:34 : Color: FFFFFF
2015-07-11 20:24:34 : Color: FFFFFF
2015-07-11 20:24:34 : Color: FFFFFF
2015-07-11 20:24:34 : Color: FFFFFF
2015-07-11 20:24:34 : Color: FFFFFF
2015-07-11 20:24:34 : Color: FFFFFF
2015-07-11 20:24:34 : Color: FFFFFF
2015-07-11 20:24:34 : Color: 3A3C38
2015-07-11 20:24:34 : Color: 080907
2015-07-11 20:24:34 : Color: 82877B
2015-07-11 20:24:34 : Color: 070706
2015-07-11 20:24:34 : Color: FEFFFE
2015-07-11 20:24:35 : Color: 3A3C38
2015-07-11 20:24:35 : Color: 080907
2015-07-11 20:24:35 : Color: FEFFFE
2015-07-11 20:24:35 : Color: 070706
2015-07-11 20:24:35 : Color: FFFFFF
2015-07-11 20:24:35 : Color: 395518
2015-07-11 20:24:35 : Color: 3A5819
2015-07-11 20:24:35 : Color: 3A591B
2015-07-11 20:24:35 : Color: FEFEFE
2015-07-11 20:24:35 : Color: FFFFFF
2015-07-11 20:24:35 : Color: FFFFFF
2015-07-11 20:24:35 : Color: FFFFFF
2015-07-11 20:24:35 : Color: FFFFFF
2015-07-11 20:24:35 : Color: DCDFD9
2015-07-11 20:24:35 : Color: 010101
2015-07-11 20:24:35 : Color: 000000
2015-07-11 20:24:35 : Color: 000000
2015-07-11 20:24:35 : Color: 070706
2015-07-11 20:24:35 : Color: 040602
2015-07-11 20:24:35 : Color: 2B3D12
2015-07-11 20:24:35 : Color: 10100F
2015-07-11 20:24:35 : Color: 3C3E39
2015-07-11 20:24:35 : Color: 5F625A
2015-07-11 20:24:35 : Color: FFFFFF
2015-07-11 20:24:35 : Color: FFFFFF
2015-07-11 20:24:35 : Color: FFFFFF
2015-07-11 20:24:35 : Color: FFFFFF
2015-07-11 20:24:35 : Color: FFFFFF
2015-07-11 20:24:35 : Color: FFFFFF
2015-07-11 20:24:35 : Color: FFFFFF
2015-07-11 20:24:35 : Color: FFFFFF
2015-07-11 20:24:35 : Color: FFFFFF
2015-07-11 20:24:35 : Color: 080907
2015-07-11 20:24:35 : Color: 82877B
2015-07-11 20:24:35 : Color: 070706
2015-07-11 20:24:35 : Color: FEFFFE
2015-07-11 20:24:35 : Color: 040602
2015-07-11 20:24:35 : Color: FFFFFF
2015-07-11 20:24:35 : Color: 080907
2015-07-11 20:24:35 : Color: FEFFFE
2015-07-11 20:24:35 : Color: 070706
2015-07-11 20:24:35 : Color: FFFFFF
2015-07-11 20:24:35 : Color: 040602
2015-07-11 20:24:35 : Color: E4E7E1
2015-07-11 20:24:35 : Color: 3A5819
2015-07-11 20:24:35 : Color: 3A591B
2015-07-11 20:24:35 : Color: 2F4816
2015-07-11 20:24:35 : Color: FFFFFF
2015-07-11 20:24:35 : Color: FFFFFF
2015-07-11 20:24:35 : Color: 858981
2015-07-11 20:24:35 : Color: FFFFFF
2015-07-11 20:24:35 : Color: DCDFD9
2015-07-11 20:24:35 : Color: 080B04
2015-07-11 20:24:36 : Color: 000000
2015-07-11 20:24:36 : Color: 000000
2015-07-11 20:24:36 : Color: 090D04
2015-07-11 20:24:36 : Color: 070706
2015-07-11 20:24:36 : Color: 040602
2015-07-11 20:24:36 : Color: 2B3D12
2015-07-11 20:24:36 : Color: 10100F
2015-07-11 20:24:36 : Color: 3C3E39
2015-07-11 20:24:36 : Color: 5F625A
2015-07-11 20:24:36 : Color: FFFFFF
2015-07-11 20:24:36 : Color: FFFFFF
2015-07-11 20:24:36 : Color: FFFFFF
2015-07-11 20:24:36 : Color: FFFFFF
2015-07-11 20:24:36 : Color: FFFFFF
2015-07-11 20:24:36 : Color: FFFFFF
2015-07-11 20:24:36 : Color: FFFFFF
2015-07-11 20:24:36 : Color: FFFFFF
2015-07-11 20:24:36 : Color: FFFFFF
2015-07-11 20:24:36 : Color: 080907
2015-07-11 20:24:36 : Color: 82877B
2015-07-11 20:24:36 : Color: 070706
2015-07-11 20:24:36 : Color: FEFFFE
2015-07-11 20:24:36 : Color: 040602
2015-07-11 20:24:36 : Color: FFFFFF
2015-07-11 20:24:36 : Color: 080907
2015-07-11 20:24:36 : Color: FEFFFE
2015-07-11 20:24:36 : Color: 070706
2015-07-11 20:24:36 : Color: FFFFFF
2015-07-11 20:24:36 : Color: 040602
2015-07-11 20:24:36 : Color: E4E7E1
2015-07-11 20:24:36 : Color: 3A5819
2015-07-11 20:24:36 : Color: 3A591B
2015-07-11 20:24:36 : Color: 2F4816
2015-07-11 20:24:36 : Color: FFFFFF
2015-07-11 20:24:36 : Color: FFFFFF
2015-07-11 20:24:36 : Color: 858981
2015-07-11 20:24:36 : Color: FFFFFF
2015-07-11 20:24:36 : Color: DCDFD9
2015-07-11 20:24:36 : Color: 080B04
2015-07-11 20:24:36 : Color: 000000
2015-07-11 20:24:36 : Color: 000000
2015-07-11 20:24:36 : Color: 090D04
2015-07-11 20:24:36 : Color: 070706
2015-07-11 20:24:36 : Color: 040602
2015-07-11 20:24:36 : Color: 2B3D12
2015-07-11 20:24:36 : Color: 10100F
2015-07-11 20:24:36 : Color: 3C3E39
2015-07-11 20:24:36 : Color: 5F625A
2015-07-11 20:24:36 : Color: FFFFFF
2015-07-11 20:24:36 : Color: FFFFFF
2015-07-11 20:24:36 : Color: FFFFFF
2015-07-11 20:24:36 : Color: FFFFFF
2015-07-11 20:24:36 : Color: FFFFFF
2015-07-11 20:24:36 : Color: FFFFFF
2015-07-11 20:24:36 : Color: FFFFFF
2015-07-11 20:24:36 : Color: FFFFFF
2015-07-11 20:24:36 : Color: FFFFFF
2015-07-11 20:24:36 : Color: 080907
2015-07-11 20:24:36 : Color: 82877B
2015-07-11 20:24:36 : Color: 070706
2015-07-11 20:24:36 : Color: FEFFFE
2015-07-11 20:24:37 : Color: 040602
2015-07-11 20:24:37 : Color: FFFFFF
2015-07-11 20:24:37 : Color: 080907
2015-07-11 20:24:37 : Color: FEFFFE
2015-07-11 20:24:37 : Color: 070706
2015-07-11 20:24:37 : Color: FFFFFF
2015-07-11 20:24:37 : Color: 040602
2015-07-11 20:24:37 : Color: E4E7E1
2015-07-11 20:24:37 : Color: 3A5819
2015-07-11 20:24:37 : Color: 3A591B
2015-07-11 20:24:37 : Color: 2F4816
2015-07-11 20:24:37 : Color: FFFFFF
2015-07-11 20:24:37 : Color: FFFFFF
2015-07-11 20:24:37 : Color: 858981
2015-07-11 20:24:37 : Color: FFFFFF
2015-07-11 20:24:37 : Color: DCDFD9
2015-07-11 20:24:37 : Color: 080B04
2015-07-11 20:24:37 : Color: 000000
2015-07-11 20:24:37 : Color: 000000
2015-07-11 20:24:37 : Color: 090D04
2015-07-11 20:24:37 : Color: 070706
2015-07-11 20:24:37 : Color: 040602
2015-07-11 20:24:37 : Color: 2B3D12
2015-07-11 20:24:37 : Color: 10100F
2015-07-11 20:24:37 : Color: 3C3E39
2015-07-11 20:24:37 : Color: 5F625A
2015-07-11 20:24:37 : Color: FFFFFF
2015-07-11 20:24:37 : Color: FFFFFF
2015-07-11 20:24:37 : Color: FFFFFF
2015-07-11 20:24:37 : Color: FFFFFF
2015-07-11 20:24:37 : Color: FFFFFF
2015-07-11 20:24:37 : Color: FFFFFF
2015-07-11 20:24:37 : Color: FFFFFF
2015-07-11 20:24:37 : Color: FFFFFF
2015-07-11 20:24:37 : Color: FFFFFF
2015-07-11 20:24:37 : Color: 080907
2015-07-11 20:24:37 : Color: 82877B
2015-07-11 20:24:37 : Color: 070706
2015-07-11 20:24:37 : Color: FEFFFE
2015-07-11 20:24:37 : Color: 040602
2015-07-11 20:24:37 : Color: FFFFFF
2015-07-11 20:24:37 : Color: 080907
2015-07-11 20:24:37 : Color: FEFFFE
2015-07-11 20:24:37 : Color: 070706
2015-07-11 20:24:37 : Color: FFFFFF
2015-07-11 20:24:37 : Color: 040602
2015-07-11 20:24:37 : Color: E4E7E1
2015-07-11 20:24:37 : Color: 3A5819
2015-07-11 20:24:37 : Color: 3A591B
2015-07-11 20:24:37 : Color: 2F4816
2015-07-11 20:24:37 : Color: FFFFFF
2015-07-11 20:24:37 : Color: FFFFFF
2015-07-11 20:24:37 : Color: 858981
2015-07-11 20:24:37 : Color: FFFFFF
2015-07-11 20:24:37 : Color: DCDFD9
2015-07-11 20:24:37 : Color: 080B04
2015-07-11 20:24:37 : Color: 000000
2015-07-11 20:24:37 : Color: 000000
2015-07-11 20:24:37 : Color: 090D04
2015-07-11 20:24:38 : Halt Attack, Stay Online/Train/Collect/Donate...
2015-07-11 20:24:41 : Click 1,1,1,0 #0332 | Away
2015-07-11 20:24:41 : Color: 5A3820
