2015-07-11 22:55:49 : ~~~ Clash Game Bot v4.0 Powered by GameBot.org ~~~
2015-07-11 22:55:49 : Au3 Script running on WIN_81  X64
2015-07-11 22:55:49 : =================== Bot Start ====================
2015-07-11 22:55:49 : Trying to locate Main Screen
2015-07-11 22:55:49 : Main Screen Located
2015-07-11 22:55:49 : Click 1,1,1,0 #0166 | Away
2015-07-11 22:55:50 : Detecting your Buildings..
2015-07-11 22:55:50 : Click 1,1,2,200 
2015-07-11 22:55:51 : Town Hall Position: 433, 308
2015-07-11 22:55:51 : Click 433,313,1,0 
2015-07-11 22:55:52 : Taking snapshot for later review
2015-07-11 22:55:55 : Read building Name String = Town Hall (Level 8)
2015-07-11 22:55:55 : 1st $aString = 2, Town Hall , Level 8)
2015-07-11 22:55:55 : 2nd $aString = 2, Level 8, 
2015-07-11 22:55:55 : 3rd $aString = 2, Level, 8
2015-07-11 22:55:55 : Your Town Hall is Level: 8
2015-07-11 22:55:55 : Click 1,1,2,200 
2015-07-11 22:55:56 : Language setting is English: Correct.
2015-07-11 22:55:57 : Trying to locate Main Screen
2015-07-11 22:55:57 : Main Screen Located
2015-07-11 22:55:58 : Halt Attack, Stay Online/Train/Collect/Donate...
2015-07-11 22:56:01 : Click 1,1,1,0 #0332 | Away
2015-07-11 22:56:03 : Checking if Village needs Rearming..
2015-07-11 22:56:03 : Click 1,1,1,0 #0224 | Away
2015-07-11 22:56:03 : Click 433,313,1,0 #0225 | Rearm - Click Town Hall
2015-07-11 22:56:05 : Taking snapshot for later review
2015-07-11 22:56:11 : Click 1,1,1,0 #0234 | Away
2015-07-11 22:56:13 : PureClick 1,1,1,0 #0319 | Away
2015-07-11 22:56:14 : Village Report
2015-07-11 22:56:14 : No. of Free/Total Builders: 0/5
2015-07-11 22:56:14 :  [T]: 3 166
2015-07-11 22:56:14 :  [G]: 470 717 [E]: 5 261 047 [D]: 78 333 [GEM]: 2 021
2015-07-11 22:56:16 : Donation not Planned, Skipped..
2015-07-11 22:56:17 : Func Train 
2015-07-11 22:56:17 : Checking Army Camp...
2015-07-11 22:56:18 : Click 1,1,1,0 #0292 | Away
2015-07-11 22:56:18 : Click 40,525,1,0 #0293 | Train - Click Army Camp
2015-07-11 22:56:19 : $sArmyInfo = 199#200
2015-07-11 22:56:19 : $CurCamp = 199
2015-07-11 22:56:19 : $TotalCamp = 200
2015-07-11 22:56:19 : Total Army Camp capacity: 199/200
2015-07-11 22:56:19 : Click 1,1,1,0 #0295 | Away
2015-07-11 22:56:19 : Training Troops...
2015-07-11 22:56:20 : Click 1,1,1,0 #0268 | Away
2015-07-11 22:56:20 : Click 40,525,1,0 #0293 | Train - Click Army Camp
2015-07-11 22:56:21 : Click 773,337,1,0 #9999
2015-07-11 22:56:21 : This is not a Barrack
2015-07-11 22:56:22 : This is not a Barrack
2015-07-11 22:56:22 : Barrack1 selected
2015-07-11 22:56:22 : Barrack1 selected
2015-07-11 22:56:22 : Barrack1 selected
2015-07-11 22:56:22 : Click 773,337,1,0 #0271 | Train - Next Button 
2015-07-11 22:56:23 : Barrack2 selected
2015-07-11 22:56:23 : Barrack2 selected
2015-07-11 22:56:23 : Click 773,337,1,0 #0271 | Train - Next Button 
2015-07-11 22:56:23 : Barrack3 selected
2015-07-11 22:56:23 : Barrack3 selected
2015-07-11 22:56:23 : Click 773,337,1,0 #0271 | Train - Next Button 
2015-07-11 22:56:24 : Barrack4 selected
2015-07-11 22:56:24 : Barrack4 selected
2015-07-11 22:56:24 : Click 773,337,1,0 #0271 | Train - Next Button 
2015-07-11 22:56:24 : This is not a Barrack
2015-07-11 22:56:25 : This is not a Barrack
2015-07-11 22:56:25 : This is not a Barrack
2015-07-11 22:56:25 : This is not a Barrack
2015-07-11 22:56:25 : This is not a Barrack
2015-07-11 22:56:25 : Click 84,336,1,0 #0272 | Train - Prev Button 
2015-07-11 22:56:26 : Barrack4 selected
2015-07-11 22:56:26 : AfterAttack: False
2015-07-11 22:56:27 : Click 546,425,3,10 #0282 | Train - Train Dragon
2015-07-11 22:56:27 : Click 84,336,1,0 #0325 | Train - Prev Button 
2015-07-11 22:56:29 : Barrack3 selected
2015-07-11 22:56:29 : AfterAttack: False
2015-07-11 22:56:29 : Click 331,320,15,10 #0275 | Train - Train Archer
2015-07-11 22:56:29 : Click 546,425,3,10 #0282 | Train - Train Dragon
2015-07-11 22:56:30 : Click 84,336,1,0 #0325 | Train - Prev Button 
2015-07-11 22:56:31 : Barrack2 selected
2015-07-11 22:56:31 : AfterAttack: False
2015-07-11 22:56:31 : Click 546,425,3,10 #0282 | Train - Train Dragon
2015-07-11 22:56:32 : Click 84,336,1,0 #0325 | Train - Prev Button 
2015-07-11 22:56:33 : Barrack1 selected
2015-07-11 22:56:33 : AfterAttack: False
2015-07-11 22:56:34 : Click 546,425,3,10 #0282 | Train - Train Dragon
2015-07-11 22:56:34 : Click 84,336,1,0 #0325 | Train - Prev Button 
2015-07-11 22:56:35 : This is not a Barrack
2015-07-11 22:56:35 : Click 84,336,1,0 #0324
2015-07-11 22:56:36 : This is not a Dark Barrack
2015-07-11 22:56:36 : Click 84,336,1,0 #0324
2015-07-11 22:56:37 : Dark Barrack2 selected
2015-07-11 22:56:37 : Dark Barrack2 selected
2015-07-11 22:56:37 : Click 496,197,10,0 #0287 | Train - Remove Troops
2015-07-11 22:56:38 : Click 496,197,10,0 #0287 | Train - Remove Troops
2015-07-11 22:56:38 : Click 432,320,99,100 #0276 | Train - Train Giant
2015-07-11 22:56:40 : Click 220,320,2,100 #0274 | Train - Train Barbarian
2015-07-11 22:56:41 : Click 84,336,1,0 #0289 | Train - Prev Button 
2015-07-11 22:56:41 : This is not a Dark Barrack
2015-07-11 22:56:42 : This is not a Dark Barrack
2015-07-11 22:56:42 : This is not a Dark Barrack
2015-07-11 22:56:42 : This is not a Dark Barrack
2015-07-11 22:56:42 : This is not a Dark Barrack
2015-07-11 22:56:44 : This is not a Dark Barrack
2015-07-11 22:56:44 : ---================================================================---
2015-07-11 22:56:44 : Click 1,1,2,250 #0291 | Away
2015-07-11 22:56:48 : Request CC not Planned, Skipped..
2015-07-11 22:56:51 : ClashGameBot was Paused!
