2015-07-10 19:25:31 : ============================= ATTACK LOG ==============================
2015-07-10 19:25:31 :                    --------  LOOT --------       ----- BONUS ------   
2015-07-10 19:25:31 :  TIME|TROP.|SEARCH|   GOLD| ELIXIR|DARK EL|TR.|S|  GOLD|ELIXIR|  DE|L.
2015-07-11 02:50:35 : ============================= ATTACK LOG ==============================
2015-07-11 02:50:35 :                    --------  LOOT --------       ----- BONUS ------   
2015-07-11 02:50:35 :  TIME|TROP.|SEARCH|   GOLD| ELIXIR|DARK EL|TR.|S|  GOLD|ELIXIR|  DE|L.
2015-07-11 03:15:37 : ============================= ATTACK LOG ==============================
2015-07-11 03:15:37 :                    --------  LOOT --------       ----- BONUS ------   
2015-07-11 03:15:37 :  TIME|TROP.|SEARCH|   GOLD| ELIXIR|DARK EL|TR.|S|  GOLD|ELIXIR|  DE|L.
2015-07-11 03:17:13 : ============================= ATTACK LOG ==============================
2015-07-11 03:17:13 :                    --------  LOOT --------       ----- BONUS ------   
2015-07-11 03:17:13 :  TIME|TROP.|SEARCH|   GOLD| ELIXIR|DARK EL|TR.|S|  GOLD|ELIXIR|  DE|L.
2015-07-11 03:21:56 : ============================= ATTACK LOG ==============================
2015-07-11 03:21:56 :                    --------  LOOT --------       ----- BONUS ------   
2015-07-11 03:21:56 :  TIME|TROP.|SEARCH|   GOLD| ELIXIR|DARK EL|TR.|S|  GOLD|ELIXIR|  DE|L.
2015-07-11 03:26:29 : ============================= ATTACK LOG ==============================
2015-07-11 03:26:29 :                    --------  LOOT --------       ----- BONUS ------   
2015-07-11 03:26:29 :  TIME|TROP.|SEARCH|   GOLD| ELIXIR|DARK EL|TR.|S|  GOLD|ELIXIR|  DE|L.
2015-07-11 03:26:57 : ============================= ATTACK LOG ==============================
2015-07-11 03:26:57 :                    --------  LOOT --------       ----- BONUS ------   
2015-07-11 03:26:57 :  TIME|TROP.|SEARCH|   GOLD| ELIXIR|DARK EL|TR.|S|  GOLD|ELIXIR|  DE|L.
2015-07-11 03:32:14 : ============================= ATTACK LOG ==============================
2015-07-11 03:32:14 :                    --------  LOOT --------       ----- BONUS ------   
2015-07-11 03:32:14 :  TIME|TROP.|SEARCH|   GOLD| ELIXIR|DARK EL|TR.|S|  GOLD|ELIXIR|  DE|L.
2015-07-11 03:39:12 : ============================= ATTACK LOG ==============================
2015-07-11 03:39:12 :                    --------  LOOT --------       ----- BONUS ------   
2015-07-11 03:39:12 :  TIME|TROP.|SEARCH|   GOLD| ELIXIR|DARK EL|TR.|S|  GOLD|ELIXIR|  DE|L.
2015-07-11 03:43:37 : ============================= ATTACK LOG ==============================
2015-07-11 03:43:37 :                    --------  LOOT --------       ----- BONUS ------   
2015-07-11 03:43:37 :  TIME|TROP.|SEARCH|   GOLD| ELIXIR|DARK EL|TR.|S|  GOLD|ELIXIR|  DE|L.
2015-07-11 03:48:30 : ============================= ATTACK LOG ==============================
2015-07-11 03:48:30 :                    --------  LOOT --------       ----- BONUS ------   
2015-07-11 03:48:30 :  TIME|TROP.|SEARCH|   GOLD| ELIXIR|DARK EL|TR.|S|  GOLD|ELIXIR|  DE|L.
2015-07-11 03:49:45 : ============================= ATTACK LOG ==============================
2015-07-11 03:49:45 :                    --------  LOOT --------       ----- BONUS ------   
2015-07-11 03:49:45 :  TIME|TROP.|SEARCH|   GOLD| ELIXIR|DARK EL|TR.|S|  GOLD|ELIXIR|  DE|L.
2015-07-11 03:50:20 : ============================= ATTACK LOG ==============================
2015-07-11 03:50:20 :                    --------  LOOT --------       ----- BONUS ------   
2015-07-11 03:50:20 :  TIME|TROP.|SEARCH|   GOLD| ELIXIR|DARK EL|TR.|S|  GOLD|ELIXIR|  DE|L.
2015-07-11 03:54:18 : ============================= ATTACK LOG ==============================
2015-07-11 03:54:18 :                    --------  LOOT --------       ----- BONUS ------   
2015-07-11 03:54:18 :  TIME|TROP.|SEARCH|   GOLD| ELIXIR|DARK EL|TR.|S|  GOLD|ELIXIR|  DE|L.
2015-07-11 03:55:24 : ============================= ATTACK LOG ==============================
2015-07-11 03:55:24 :                    --------  LOOT --------       ----- BONUS ------   
2015-07-11 03:55:24 :  TIME|TROP.|SEARCH|   GOLD| ELIXIR|DARK EL|TR.|S|  GOLD|ELIXIR|  DE|L.
2015-07-11 04:02:23 : ============================= ATTACK LOG ==============================
2015-07-11 04:02:23 :                    --------  LOOT --------       ----- BONUS ------   
2015-07-11 04:02:23 :  TIME|TROP.|SEARCH|   GOLD| ELIXIR|DARK EL|TR.|S|  GOLD|ELIXIR|  DE|L.
2015-07-11 04:02:33 : ============================= ATTACK LOG ==============================
2015-07-11 04:02:33 :                    --------  LOOT --------       ----- BONUS ------   
2015-07-11 04:02:33 :  TIME|TROP.|SEARCH|   GOLD| ELIXIR|DARK EL|TR.|S|  GOLD|ELIXIR|  DE|L.
2015-07-11 04:13:33 : ============================= ATTACK LOG ==============================
2015-07-11 04:13:33 :                    --------  LOOT --------       ----- BONUS ------   
2015-07-11 04:13:33 :  TIME|TROP.|SEARCH|   GOLD| ELIXIR|DARK EL|TR.|S|  GOLD|ELIXIR|  DE|L.
2015-07-11 04:19:05 : ============================= ATTACK LOG ==============================
2015-07-11 04:19:05 :                    --------  LOOT --------       ----- BONUS ------   
2015-07-11 04:19:05 :  TIME|TROP.|SEARCH|   GOLD| ELIXIR|DARK EL|TR.|S|  GOLD|ELIXIR|  DE|L.
2015-07-11 04:19:58 : ============================= ATTACK LOG ==============================
2015-07-11 04:19:58 :                    --------  LOOT --------       ----- BONUS ------   
2015-07-11 04:19:58 :  TIME|TROP.|SEARCH|   GOLD| ELIXIR|DARK EL|TR.|S|  GOLD|ELIXIR|  DE|L.
2015-07-11 04:26:50 : ============================= ATTACK LOG ==============================
2015-07-11 04:26:50 :                    --------  LOOT --------       ----- BONUS ------   
2015-07-11 04:26:50 :  TIME|TROP.|SEARCH|   GOLD| ELIXIR|DARK EL|TR.|S|  GOLD|ELIXIR|  DE|L.
2015-07-11 04:28:04 : ============================= ATTACK LOG ==============================
2015-07-11 04:28:04 :                    --------  LOOT --------       ----- BONUS ------   
2015-07-11 04:28:04 :  TIME|TROP.|SEARCH|   GOLD| ELIXIR|DARK EL|TR.|S|  GOLD|ELIXIR|  DE|L.
2015-07-11 04:28:29 : ============================= ATTACK LOG ==============================
2015-07-11 04:28:29 :                    --------  LOOT --------       ----- BONUS ------   
2015-07-11 04:28:29 :  TIME|TROP.|SEARCH|   GOLD| ELIXIR|DARK EL|TR.|S|  GOLD|ELIXIR|  DE|L.
2015-07-11 04:28:40 : ============================= ATTACK LOG ==============================
2015-07-11 04:28:40 :                    --------  LOOT --------       ----- BONUS ------   
2015-07-11 04:28:40 :  TIME|TROP.|SEARCH|   GOLD| ELIXIR|DARK EL|TR.|S|  GOLD|ELIXIR|  DE|L.
2015-07-11 04:33:41 : ============================= ATTACK LOG ==============================
2015-07-11 04:33:41 :                    --------  LOOT --------       ----- BONUS ------   
2015-07-11 04:33:41 :  TIME|TROP.|SEARCH|   GOLD| ELIXIR|DARK EL|TR.|S|  GOLD|ELIXIR|  DE|L.
2015-07-11 04:37:40 : ============================= ATTACK LOG ==============================
2015-07-11 04:37:40 :                    --------  LOOT --------       ----- BONUS ------   
2015-07-11 04:37:40 :  TIME|TROP.|SEARCH|   GOLD| ELIXIR|DARK EL|TR.|S|  GOLD|ELIXIR|  DE|L.
2015-07-11 04:37:51 : ============================= ATTACK LOG ==============================
2015-07-11 04:37:51 :                    --------  LOOT --------       ----- BONUS ------   
2015-07-11 04:37:51 :  TIME|TROP.|SEARCH|   GOLD| ELIXIR|DARK EL|TR.|S|  GOLD|ELIXIR|  DE|L.
2015-07-11 04:39:22 : ============================= ATTACK LOG ==============================
2015-07-11 04:39:22 :                    --------  LOOT --------       ----- BONUS ------   
2015-07-11 04:39:22 :  TIME|TROP.|SEARCH|   GOLD| ELIXIR|DARK EL|TR.|S|  GOLD|ELIXIR|  DE|L.
2015-07-11 04:45:16 : ============================= ATTACK LOG ==============================
2015-07-11 04:45:16 :                    --------  LOOT --------       ----- BONUS ------   
2015-07-11 04:45:16 :  TIME|TROP.|SEARCH|   GOLD| ELIXIR|DARK EL|TR.|S|  GOLD|ELIXIR|  DE|L.
2015-07-11 04:46:27 : ============================= ATTACK LOG ==============================
2015-07-11 04:46:27 :                    --------  LOOT --------       ----- BONUS ------   
2015-07-11 04:46:27 :  TIME|TROP.|SEARCH|   GOLD| ELIXIR|DARK EL|TR.|S|  GOLD|ELIXIR|  DE|L.
2015-07-11 04:47:05 : ============================= ATTACK LOG ==============================
2015-07-11 04:47:05 :                    --------  LOOT --------       ----- BONUS ------   
2015-07-11 04:47:05 :  TIME|TROP.|SEARCH|   GOLD| ELIXIR|DARK EL|TR.|S|  GOLD|ELIXIR|  DE|L.
2015-07-11 04:47:25 : ============================= ATTACK LOG ==============================
2015-07-11 04:47:25 :                    --------  LOOT --------       ----- BONUS ------   
2015-07-11 04:47:25 :  TIME|TROP.|SEARCH|   GOLD| ELIXIR|DARK EL|TR.|S|  GOLD|ELIXIR|  DE|L.
2015-07-11 04:51:43 : ============================= ATTACK LOG ==============================
2015-07-11 04:51:43 :                    --------  LOOT --------       ----- BONUS ------   
2015-07-11 04:51:43 :  TIME|TROP.|SEARCH|   GOLD| ELIXIR|DARK EL|TR.|S|  GOLD|ELIXIR|  DE|L.
2015-07-11 04:55:48 : ============================= ATTACK LOG ==============================
2015-07-11 04:55:48 :                    --------  LOOT --------       ----- BONUS ------   
2015-07-11 04:55:48 :  TIME|TROP.|SEARCH|   GOLD| ELIXIR|DARK EL|TR.|S|  GOLD|ELIXIR|  DE|L.
2015-07-11 04:56:22 : ============================= ATTACK LOG ==============================
2015-07-11 04:56:22 :                    --------  LOOT --------       ----- BONUS ------   
2015-07-11 04:56:22 :  TIME|TROP.|SEARCH|   GOLD| ELIXIR|DARK EL|TR.|S|  GOLD|ELIXIR|  DE|L.
2015-07-11 05:05:49 : ============================= ATTACK LOG ==============================
2015-07-11 05:05:49 :                    --------  LOOT --------       ----- BONUS ------   
2015-07-11 05:05:49 :  TIME|TROP.|SEARCH|   GOLD| ELIXIR|DARK EL|TR.|S|  GOLD|ELIXIR|  DE|L.
2015-07-11 05:05:58 : ============================= ATTACK LOG ==============================
2015-07-11 05:05:58 :                    --------  LOOT --------       ----- BONUS ------   
2015-07-11 05:05:58 :  TIME|TROP.|SEARCH|   GOLD| ELIXIR|DARK EL|TR.|S|  GOLD|ELIXIR|  DE|L.
2015-07-11 05:06:18 : ============================= ATTACK LOG ==============================
2015-07-11 05:06:18 :                    --------  LOOT --------       ----- BONUS ------   
2015-07-11 05:06:19 :  TIME|TROP.|SEARCH|   GOLD| ELIXIR|DARK EL|TR.|S|  GOLD|ELIXIR|  DE|L.
2015-07-11 05:06:32 : ============================= ATTACK LOG ==============================
2015-07-11 05:06:32 :                    --------  LOOT --------       ----- BONUS ------   
2015-07-11 05:06:32 :  TIME|TROP.|SEARCH|   GOLD| ELIXIR|DARK EL|TR.|S|  GOLD|ELIXIR|  DE|L.
2015-07-11 05:06:52 : ============================= ATTACK LOG ==============================
2015-07-11 05:06:52 :                    --------  LOOT --------       ----- BONUS ------   
2015-07-11 05:06:52 :  TIME|TROP.|SEARCH|   GOLD| ELIXIR|DARK EL|TR.|S|  GOLD|ELIXIR|  DE|L.
2015-07-11 05:07:22 : ============================= ATTACK LOG ==============================
2015-07-11 05:07:22 :                    --------  LOOT --------       ----- BONUS ------   
2015-07-11 05:07:22 :  TIME|TROP.|SEARCH|   GOLD| ELIXIR|DARK EL|TR.|S|  GOLD|ELIXIR|  DE|L.
2015-07-11 05:07:38 : ============================= ATTACK LOG ==============================
2015-07-11 05:07:38 :                    --------  LOOT --------       ----- BONUS ------   
2015-07-11 05:07:38 :  TIME|TROP.|SEARCH|   GOLD| ELIXIR|DARK EL|TR.|S|  GOLD|ELIXIR|  DE|L.
2015-07-11 13:59:39 : ============================= ATTACK LOG ==============================
2015-07-11 13:59:39 :                    --------  LOOT --------       ----- BONUS ------   
2015-07-11 13:59:39 :  TIME|TROP.|SEARCH|   GOLD| ELIXIR|DARK EL|TR.|S|  GOLD|ELIXIR|  DE|L.
2015-07-11 17:47:38 : ============================= ATTACK LOG ==============================
2015-07-11 17:47:38 :                    --------  LOOT --------       ----- BONUS ------   
2015-07-11 17:47:38 :  TIME|TROP.|SEARCH|   GOLD| ELIXIR|DARK EL|TR.|S|  GOLD|ELIXIR|  DE|L.
2015-07-11 17:52:39 : ============================= ATTACK LOG ==============================
2015-07-11 17:52:39 :                    --------  LOOT --------       ----- BONUS ------   
2015-07-11 17:52:39 :  TIME|TROP.|SEARCH|   GOLD| ELIXIR|DARK EL|TR.|S|  GOLD|ELIXIR|  DE|L.
2015-07-11 18:08:21 : ============================= ATTACK LOG ==============================
2015-07-11 18:08:21 :                    --------  LOOT --------       ----- BONUS ------   
2015-07-11 18:08:21 :  TIME|TROP.|SEARCH|   GOLD| ELIXIR|DARK EL|TR.|S|  GOLD|ELIXIR|  DE|L.
2015-07-11 18:19:25 : ============================= ATTACK LOG ==============================
2015-07-11 18:19:25 :                    --------  LOOT --------       ----- BONUS ------   
2015-07-11 18:19:25 :  TIME|TROP.|SEARCH|   GOLD| ELIXIR|DARK EL|TR.|S|  GOLD|ELIXIR|  DE|L.
2015-07-11 18:25:55 : ============================= ATTACK LOG ==============================
2015-07-11 18:25:55 :                    --------  LOOT --------       ----- BONUS ------   
2015-07-11 18:25:55 :  TIME|TROP.|SEARCH|   GOLD| ELIXIR|DARK EL|TR.|S|  GOLD|ELIXIR|  DE|L.
2015-07-11 18:42:23 : ============================= ATTACK LOG ==============================
2015-07-11 18:42:23 :                    --------  LOOT --------       ----- BONUS ------   
2015-07-11 18:42:23 :  TIME|TROP.|SEARCH|   GOLD| ELIXIR|DARK EL|TR.|S|  GOLD|ELIXIR|  DE|L.
2015-07-11 18:51:49 : ============================= ATTACK LOG ==============================
2015-07-11 18:51:49 :                    --------  LOOT --------       ----- BONUS ------   
2015-07-11 18:51:49 :  TIME|TROP.|SEARCH|   GOLD| ELIXIR|DARK EL|TR.|S|  GOLD|ELIXIR|  DE|L.
2015-07-11 19:01:06 : ============================= ATTACK LOG ==============================
2015-07-11 19:01:06 :                    --------  LOOT --------       ----- BONUS ------   
2015-07-11 19:01:06 :  TIME|TROP.|SEARCH|   GOLD| ELIXIR|DARK EL|TR.|S|  GOLD|ELIXIR|  DE|L.
2015-07-11 19:06:52 : ============================= ATTACK LOG ==============================
2015-07-11 19:06:52 :                    --------  LOOT --------       ----- BONUS ------   
2015-07-11 19:06:52 :  TIME|TROP.|SEARCH|   GOLD| ELIXIR|DARK EL|TR.|S|  GOLD|ELIXIR|  DE|L.
2015-07-11 20:05:15 : ============================= ATTACK LOG ==============================
2015-07-11 20:05:15 :                    --------  LOOT --------       ----- BONUS ------   
2015-07-11 20:05:15 :  TIME|TROP.|SEARCH|   GOLD| ELIXIR|DARK EL|TR.|S|  GOLD|ELIXIR|  DE|L.
2015-07-11 20:17:03 : ============================= ATTACK LOG ==============================
2015-07-11 20:17:03 :                    --------  LOOT --------       ----- BONUS ------   
2015-07-11 20:17:03 :  TIME|TROP.|SEARCH|   GOLD| ELIXIR|DARK EL|TR.|S|  GOLD|ELIXIR|  DE|L.
2015-07-11 20:23:56 : ============================= ATTACK LOG ==============================
2015-07-11 20:23:56 :                    --------  LOOT --------       ----- BONUS ------   
2015-07-11 20:23:56 :  TIME|TROP.|SEARCH|   GOLD| ELIXIR|DARK EL|TR.|S|  GOLD|ELIXIR|  DE|L.
2015-07-11 20:28:16 : ============================= ATTACK LOG ==============================
2015-07-11 20:28:16 :                    --------  LOOT --------       ----- BONUS ------   
2015-07-11 20:28:16 :  TIME|TROP.|SEARCH|   GOLD| ELIXIR|DARK EL|TR.|S|  GOLD|ELIXIR|  DE|L.
2015-07-11 20:38:17 : ============================= ATTACK LOG ==============================
2015-07-11 20:38:17 :                    --------  LOOT --------       ----- BONUS ------   
2015-07-11 20:38:17 :  TIME|TROP.|SEARCH|   GOLD| ELIXIR|DARK EL|TR.|S|  GOLD|ELIXIR|  DE|L.
2015-07-11 20:43:58 : ============================= ATTACK LOG ==============================
2015-07-11 20:43:58 :                    --------  LOOT --------       ----- BONUS ------   
2015-07-11 20:43:58 :  TIME|TROP.|SEARCH|   GOLD| ELIXIR|DARK EL|TR.|S|  GOLD|ELIXIR|  DE|L.
2015-07-11 20:47:17 : ============================= ATTACK LOG ==============================
2015-07-11 20:47:17 :                    --------  LOOT --------       ----- BONUS ------   
2015-07-11 20:47:17 :  TIME|TROP.|SEARCH|   GOLD| ELIXIR|DARK EL|TR.|S|  GOLD|ELIXIR|  DE|L.
2015-07-11 20:50:56 : ============================= ATTACK LOG ==============================
2015-07-11 20:50:56 :                    --------  LOOT --------       ----- BONUS ------   
2015-07-11 20:50:56 :  TIME|TROP.|SEARCH|   GOLD| ELIXIR|DARK EL|TR.|S|  GOLD|ELIXIR|  DE|L.
2015-07-11 20:58:48 : ============================= ATTACK LOG ==============================
2015-07-11 20:58:48 :                    --------  LOOT --------       ----- BONUS ------   
2015-07-11 20:58:48 :  TIME|TROP.|SEARCH|   GOLD| ELIXIR|DARK EL|TR.|S|  GOLD|ELIXIR|  DE|L.
2015-07-11 21:04:30 : ============================= ATTACK LOG ==============================
2015-07-11 21:04:30 :                    --------  LOOT --------       ----- BONUS ------   
2015-07-11 21:04:30 :  TIME|TROP.|SEARCH|   GOLD| ELIXIR|DARK EL|TR.|S|  GOLD|ELIXIR|  DE|L.
2015-07-11 21:14:32 : ============================= ATTACK LOG ==============================
2015-07-11 21:14:32 :                    --------  LOOT --------       ----- BONUS ------   
2015-07-11 21:14:32 :  TIME|TROP.|SEARCH|   GOLD| ELIXIR|DARK EL|TR.|S|  GOLD|ELIXIR|  DE|L.
2015-07-11 21:16:34 : ============================= ATTACK LOG ==============================
2015-07-11 21:16:34 :                    --------  LOOT --------       ----- BONUS ------   
2015-07-11 21:16:34 :  TIME|TROP.|SEARCH|   GOLD| ELIXIR|DARK EL|TR.|S|  GOLD|ELIXIR|  DE|L.
2015-07-11 21:18:24 : ============================= ATTACK LOG ==============================
2015-07-11 21:18:24 :                    --------  LOOT --------       ----- BONUS ------   
2015-07-11 21:18:24 :  TIME|TROP.|SEARCH|   GOLD| ELIXIR|DARK EL|TR.|S|  GOLD|ELIXIR|  DE|L.
2015-07-11 21:20:29 : ============================= ATTACK LOG ==============================
2015-07-11 21:20:29 :                    --------  LOOT --------       ----- BONUS ------   
2015-07-11 21:20:29 :  TIME|TROP.|SEARCH|   GOLD| ELIXIR|DARK EL|TR.|S|  GOLD|ELIXIR|  DE|L.
2015-07-11 22:38:14 : ============================= ATTACK LOG ==============================
2015-07-11 22:38:14 :                    --------  LOOT --------       ----- BONUS ------   
2015-07-11 22:38:14 :  TIME|TROP.|SEARCH|   GOLD| ELIXIR|DARK EL|TR.|S|  GOLD|ELIXIR|  DE|L.
2015-07-11 22:41:22 : ============================= ATTACK LOG ==============================
2015-07-11 22:41:22 :                    --------  LOOT --------       ----- BONUS ------   
2015-07-11 22:41:22 :  TIME|TROP.|SEARCH|   GOLD| ELIXIR|DARK EL|TR.|S|  GOLD|ELIXIR|  DE|L.
2015-07-11 22:47:45 : ============================= ATTACK LOG ==============================
2015-07-11 22:47:45 :                    --------  LOOT --------       ----- BONUS ------   
2015-07-11 22:47:45 :  TIME|TROP.|SEARCH|   GOLD| ELIXIR|DARK EL|TR.|S|  GOLD|ELIXIR|  DE|L.
2015-07-12 03:46:53 : ============================= ATTACK LOG ==============================
2015-07-12 03:46:53 :                    --------  LOOT --------       ----- BONUS ------   
2015-07-12 03:46:53 :  TIME|TROP.|SEARCH|   GOLD| ELIXIR|DARK EL|TR.|S|  GOLD|ELIXIR|  DE|L.
2015-07-12 16:14:16 : ============================= ATTACK LOG ==============================
2015-07-12 16:14:16 :                    --------  LOOT --------       ----- BONUS ------   
2015-07-12 16:14:16 :  TIME|TROP.|SEARCH|   GOLD| ELIXIR|DARK EL|TR.|S|  GOLD|ELIXIR|  DE|L.
2015-07-12 16:31:31 : ============================= ATTACK LOG ==============================
2015-07-12 16:31:31 :                    --------  LOOT --------       ----- BONUS ------   
2015-07-12 16:31:32 :  TIME|TROP.|SEARCH|   GOLD| ELIXIR|DARK EL|TR.|S|  GOLD|ELIXIR|  DE|L.
2015-07-12 16:47:06 : ============================= ATTACK LOG ==============================
2015-07-12 16:47:06 :                    --------  LOOT --------       ----- BONUS ------   
2015-07-12 16:47:06 :  TIME|TROP.|SEARCH|   GOLD| ELIXIR|DARK EL|TR.|S|  GOLD|ELIXIR|  DE|L.
2015-07-12 16:53:58 : ============================= ATTACK LOG ==============================
2015-07-12 16:53:58 :                    --------  LOOT --------       ----- BONUS ------   
2015-07-12 16:53:58 :  TIME|TROP.|SEARCH|   GOLD| ELIXIR|DARK EL|TR.|S|  GOLD|ELIXIR|  DE|L.
2015-07-12 17:10:27 : ============================= ATTACK LOG ==============================
2015-07-12 17:10:27 :                    --------  LOOT --------       ----- BONUS ------   
2015-07-12 17:10:27 :  TIME|TROP.|SEARCH|   GOLD| ELIXIR|DARK EL|TR.|S|  GOLD|ELIXIR|  DE|L.
2015-07-12 17:20:12 : 17:20| 3158|    52|   4336|   1735|      0|  0|1|180000|180000|1200|CA|
2015-07-12 20:55:18 : ============================= ATTACK LOG ==============================
2015-07-12 20:55:18 :                    --------  LOOT --------       ----- BONUS ------   
2015-07-12 20:55:18 :  TIME|TROP.|SEARCH|   GOLD| ELIXIR|DARK EL|TR.|S|  GOLD|ELIXIR|  DE|L.
2015-07-12 21:58:08 : ============================= ATTACK LOG ==============================
2015-07-12 21:58:08 :                    --------  LOOT --------       ----- BONUS ------   
2015-07-12 21:58:08 :  TIME|TROP.|SEARCH|   GOLD| ELIXIR|DARK EL|TR.|S|  GOLD|ELIXIR|  DE|L.
2015-07-12 22:07:12 : ============================= ATTACK LOG ==============================
2015-07-12 22:07:12 :                    --------  LOOT --------       ----- BONUS ------   
2015-07-12 22:07:12 :  TIME|TROP.|SEARCH|   GOLD| ELIXIR|DARK EL|TR.|S|  GOLD|ELIXIR|  DE|L.
2015-07-12 22:54:14 : ============================= ATTACK LOG ==============================
2015-07-12 22:54:14 :                    --------  LOOT --------       ----- BONUS ------   
2015-07-12 22:54:15 :  TIME|TROP.|SEARCH|   GOLD| ELIXIR|DARK EL|TR.|S|  GOLD|ELIXIR|  DE|L.
2015-07-12 23:20:32 : ============================= ATTACK LOG ==============================
2015-07-12 23:20:32 :                    --------  LOOT --------       ----- BONUS ------   
2015-07-12 23:20:32 :  TIME|TROP.|SEARCH|   GOLD| ELIXIR|DARK EL|TR.|S|  GOLD|ELIXIR|  DE|L.
2015-07-12 23:27:13 : 23:27| 3137|    31|   1000|   1000|      0|  0|1|180000|180000|1200|CA|
2015-07-12 23:54:38 : ============================= ATTACK LOG ==============================
2015-07-12 23:54:38 :                    --------  LOOT --------       ----- BONUS ------   
2015-07-12 23:54:38 :  TIME|TROP.|SEARCH|   GOLD| ELIXIR|DARK EL|TR.|S|  GOLD|ELIXIR|  DE|L.
2015-07-13 00:10:02 : 00:10| 3138|    81|   1000|   1000|      0|  0|1|180000|180000|1200|CA|
2015-07-13 00:15:30 : ============================= ATTACK LOG ==============================
2015-07-13 00:15:30 :                    --------  LOOT --------       ----- BONUS ------   
2015-07-13 00:15:30 :  TIME|TROP.|SEARCH|   GOLD| ELIXIR|DARK EL|TR.|S|  GOLD|ELIXIR|  DE|L.
2015-07-13 00:48:59 : 00:48| 3142|     3|   1000|   1000|      0|  0|1|180000|180000|1200|CA|
2015-07-13 00:53:14 : 00:53| 3151|    14|   1000|   1000|      0|  0|1|180000|180000|1200|CA|
2015-07-13 01:25:23 : 01:25| 3152|   145|   1000|   2176|      0|  0|1|180000|180000|1200|CA|
2015-07-13 02:03:41 : 02:03| 3153|   316|   1000|   1057|      0|  0|1|180000|180000|1200|CA|
2015-07-13 02:52:22 : ============================= ATTACK LOG ==============================
2015-07-13 02:52:22 :                    --------  LOOT --------       ----- BONUS ------   
2015-07-13 02:52:22 :  TIME|TROP.|SEARCH|   GOLD| ELIXIR|DARK EL|TR.|S|  GOLD|ELIXIR|  DE|L.
2015-07-13 03:20:21 : ============================= ATTACK LOG ==============================
2015-07-13 03:20:21 :                    --------  LOOT --------       ----- BONUS ------   
2015-07-13 03:20:21 :  TIME|TROP.|SEARCH|   GOLD| ELIXIR|DARK EL|TR.|S|  GOLD|ELIXIR|  DE|L.
2015-07-13 03:26:36 : 03:26| 3154|    35|   1000|   1000|      0|  0|1|180000|180000|1200|CA|
2015-07-13 03:42:13 : 03:42| 3155|   106|   1031|   1000|      0|  0|1|180000|180000|1200|CA|
2015-07-13 03:44:13 : ============================= ATTACK LOG ==============================
2015-07-13 03:44:13 :                    --------  LOOT --------       ----- BONUS ------   
2015-07-13 03:44:13 :  TIME|TROP.|SEARCH|   GOLD| ELIXIR|DARK EL|TR.|S|  GOLD|ELIXIR|  DE|L.
2015-07-13 03:52:59 : 03:52| 3156|    58|   1000|   1000|      0|  0|1|180000|180000|1200|CA|
2015-07-13 04:00:47 : 04:00| 3158|    39|   1000|   1000|      0|  0|1|180000|180000|1200|CA|
2015-07-13 04:08:28 : 04:08| 3159|     5|   1000|   1000|      0|  0|1|180000|180000|1200|CA|
2015-07-13 04:21:50 : 04:21| 3152|   101|   1000|   1000|      0|  0|1|180000|180000|1200|CA|
2015-07-13 04:42:31 : 04:42| 3153|   169|   1000|   1000|      0|  0|1|180000|180000|1200|CA|
2015-07-13 05:05:36 : 05:05| 3154|   194|   1000|   1000|      0|  0|1|180000|180000|1200|CA|
2015-07-13 05:09:46 : 05:09| 3155|    16|   1000|   1000|      0|  0|1|180000|180000|1200|CA|
2015-07-13 05:18:54 : 05:18| 3156|    62|   1000|   1000|      0|  0|1|180000|180000|1200|CA|
2015-07-13 05:40:47 : 05:40| 3157|   185|   1000|   1000|      0|  0|1|180000|180000|1200|CA|
2015-07-13 05:44:33 : 05:44| 3158|    12|   1000|   1000|      0|  0|1|180000|180000|1200|CA|
2015-07-13 05:58:51 : 05:58| 3160|   111|   1000|   1000|      0|  0|1|180000|180000|1200|CA|
2015-07-13 06:04:49 : 06:04| 3164|     8|      0|      0|      0|-34|0|     0|     0|   0|--|
2015-07-13 06:29:12 : 06:29| 3130|   201|   1000|   1000|      0|  0|1|180000|180000|1200|CA|
2015-07-13 06:38:52 : 06:38| 3132|    70|   1000|   1000|      0|  0|1|180000|180000|1200|CA|
2015-07-13 06:48:40 : 06:48| 3138|    72|   1000|   1000|      0|  0|1|180000|180000|1200|CA|
2015-07-13 07:12:08 : 07:12| 3139|   199|   1000|   1072|      0|  0|1|180000|180000|1200|CA|
2015-07-13 07:18:14 : 07:18| 3144|    28|   1233|   1232|      0|  0|1|180000|180000|1200|CA|
2015-07-13 07:41:54 : 07:41| 3145|   202|   1000|   1000|      0|  0|1|180000|180000|1200|CA|
2015-07-13 07:52:55 : 07:52| 3147|    76|   1058|   9747|      0|  0|1|180000|180000|1200|CA|
2015-07-13 07:58:39 : 07:58| 3148|    32|   1000|   1000|      0|  0|1|180000|180000|1200|CA|
2015-07-13 08:10:55 : 08:10| 3149|    89|   1035|   1003|      0|  0|1|180000|180000|1200|CA|
2015-07-13 08:28:07 : 08:28| 3150|   131|   1000|   1261|      0|  0|1|180000|180000|1200|CA|
2015-07-13 08:30:40 : 08:30| 3151|     2|   1000|   1000|      0|  0|1|180000|180000|1200|CA|
2015-07-13 08:43:48 : 08:43| 3163|    99|   1000|   1000|      0|  0|1|180000|180000|1200|CA|
2015-07-13 09:05:04 : 09:05| 3170|   176|   1000|   1000|      0|  0|1|180000|180000|1200|CA|
2015-07-13 09:16:53 : 09:16| 3173|    84|   1000|   1000|      0|  0|1|180000|180000|1200|CA|
2015-07-13 09:20:27 : 09:20| 3175|     5|   1000|   1000|      0|  0|1|180000|180000|1200|CA|
2015-07-13 09:29:03 : 09:29| 3183|    54|   1000|   1000|      0|  0|1|180000|180000|1200|CA|
2015-07-13 10:00:59 : 10:00| 3185|   270|   1000|   1020|      0|  0|1|180000|180000|1200|CA|
2015-07-13 17:13:33 : ============================= ATTACK LOG ==============================
2015-07-13 17:13:33 :                    --------  LOOT --------       ----- BONUS ------   
2015-07-13 17:13:33 :  TIME|TROP.|SEARCH|   GOLD| ELIXIR|DARK EL|TR.|S|  GOLD|ELIXIR|  DE|L.
2015-07-13 21:05:00 : ============================= ATTACK LOG ==============================
2015-07-13 21:05:00 :                    --------  LOOT --------       ----- BONUS ------   
2015-07-13 21:05:00 :  TIME|TROP.|SEARCH|   GOLD| ELIXIR|DARK EL|TR.|S|  GOLD|ELIXIR|  DE|L.
2015-07-13 21:08:39 : 21:08| 3155|     9|   1000|   1000|      0|  0|1|180000|180000|1200|CA|
2015-07-13 21:19:15 : 21:19| 3156|    48|   1000|   1000|      0|  0|1|180000|180000|1200|CA|
2015-07-13 21:52:59 : 21:52| 3163|   225|   1000|   1837|      0|  0|1|180000|180000|1200|CA|
2015-07-13 22:14:05 : 22:14| 3168|   124|   2251|   1000|      0|  0|1|180000|180000|1200|CA|
2015-07-13 22:33:09 : 22:33| 3170|   119|   1000|   1000|      0|  0|1|180000|180000|1200|CA|
2015-07-13 22:55:34 : 22:55| 3171|   141|   1000|   1000|      0|  0|1|180000|180000|1200|CA|
2015-07-13 23:04:59 : 23:04| 3172|    42|   1000|   1000|      0|  0|1|180000|180000|1200|CA|
2015-07-13 23:50:58 : 23:50| 3173|   326|   1000|   1000|      0|  0|1|180000|180000|1200|CA|
2015-07-14 00:04:48 : 00:04| 3177|    43|   1000|   1030|      0|  0|1|180000|180000|1200|CA|
2015-07-14 00:34:17 : 00:34| 3178|   197|   1000|   1068|      0|  0|1|180000|180000|1200|CA|
2015-07-14 01:41:22 : 01:41| 3179|   456|   1000|   1000|      0|  0|1|180000|180000|1200|CA|
2015-07-14 01:43:27 : ============================= ATTACK LOG ==============================
2015-07-14 01:43:27 :                    --------  LOOT --------       ----- BONUS ------   
2015-07-14 01:43:27 :  TIME|TROP.|SEARCH|   GOLD| ELIXIR|DARK EL|TR.|S|  GOLD|ELIXIR|  DE|L.
