2015-07-07 10:25:06 : ~~~ Clash Game Bot v4.0 Powered by GameBot.org ~~~
2015-07-07 10:25:06 : Executable running on WIN_81  X64
2015-07-07 10:25:06 : =================== Bot Start ====================
2015-07-07 10:25:07 : Trying to locate Main Screen
2015-07-07 10:25:07 : Main Screen Located
2015-07-07 10:25:07 : Click 1,1,1,0 #0166 | Away
2015-07-07 10:25:08 : Detecting your Buildings..
2015-07-07 10:25:08 : Click 1,1,2,200 
2015-07-07 10:25:08 : Click 430,242,1,0 
2015-07-07 10:25:12 : Your Town Hall is Level: 6
2015-07-07 10:25:12 : Click 1,1,2,200 
2015-07-07 10:25:19 : Total No. of Dark Barracks: 0
2015-07-07 10:25:19 : Language setting is English: Correct.
2015-07-07 10:25:20 : Trying to locate Main Screen
2015-07-07 10:25:20 : Main Screen Located
2015-07-07 10:25:24 : Click 1,1,1,0 #0332 | Away
2015-07-07 10:25:26 : Checking if Village needs Rearming..
2015-07-07 10:25:26 : Click 1,1,1,0 #0224 | Away
2015-07-07 10:25:27 : Click 430,242,1,0 #0225 | Rearm - Click Town Hall
2015-07-07 10:25:34 : Click 1,1,1,0 #0234 | Away
2015-07-07 10:25:37 : PureClick 1,1,1,0 #0319 | Away
2015-07-07 10:25:38 : Village Report
2015-07-07 10:25:38 : No. of Free/Total Builders: 1/3
2015-07-07 10:25:38 :  [T]: 1 062
2015-07-07 10:25:38 :  [G]: 87 517 [E]: 342 433 [GEM]: 617
2015-07-07 10:25:41 : Checking Army Camp...
2015-07-07 10:25:41 : Click 1,1,1,0 #0292 | Away
2015-07-07 10:25:41 : Click 40,525,1,0 #0293 | Train - Click Army Camp
2015-07-07 10:25:43 : Total Army Camp capacity: 135/135
2015-07-07 10:25:43 : Click 1,1,1,0 #0295 | Away
2015-07-07 10:25:43 : Training Troops...
2015-07-07 10:25:43 : Click 1,1,1,0 #0268 | Away
2015-07-07 10:25:43 : Click 40,525,1,0 #0293 | Train - Click Army Camp
2015-07-07 10:25:45 : Click 773,337,1,0 #9999
2015-07-07 10:25:46 : Click 773,337,1,0 #0271 | Train - Next Button 
2015-07-07 10:25:46 : Click 773,337,1,0 #0271 | Train - Next Button 
2015-07-07 10:25:47 : Click 773,337,1,0 #0271 | Train - Next Button 
2015-07-07 10:25:49 : Click 84,336,1,0 #0272 | Train - Prev Button 
2015-07-07 10:25:50 : Your Army Camps are now Full
2015-07-07 10:25:50 : Click 496,197,10,0 #0284 | Train - Remove Troops
2015-07-07 10:25:50 : Click 496,197,10,0 #0284 | Train - Remove Troops
2015-07-07 10:25:51 : Click 496,197,10,0 #0284 | Train - Remove Troops
2015-07-07 10:25:51 : Click 496,197,10,0 #0284 | Train - Remove Troops
2015-07-07 10:25:51 : Click 496,197,10,0 #0284 | Train - Remove Troops
2015-07-07 10:25:52 : Click 301,310,21,20 #0266 | Train - TrainIT Selected Troop
2015-07-07 10:25:55 : Click 442,310,2,20 #0266 | Train - TrainIT Selected Troop
2015-07-07 10:25:55 : Click 220,310,14,20 #0266 | Train - TrainIT Selected Troop
2015-07-07 10:25:57 : Click 84,336,1,0 #0286 | Train - Prev Button 
2015-07-07 10:25:58 : Click 496,197,10,0 #0284 | Train - Remove Troops
2015-07-07 10:25:58 : Click 496,197,10,0 #0284 | Train - Remove Troops
2015-07-07 10:25:59 : Click 496,197,10,0 #0284 | Train - Remove Troops
2015-07-07 10:25:59 : Click 496,197,10,0 #0284 | Train - Remove Troops
2015-07-07 10:26:00 : Click 301,310,21,20 #0266 | Train - TrainIT Selected Troop
2015-07-07 10:26:02 : Click 442,310,2,20 #0266 | Train - TrainIT Selected Troop
2015-07-07 10:26:03 : Click 220,310,14,20 #0266 | Train - TrainIT Selected Troop
2015-07-07 10:26:05 : Click 84,336,1,0 #0286 | Train - Prev Button 
2015-07-07 10:26:05 : Click 496,197,10,0 #0284 | Train - Remove Troops
2015-07-07 10:26:06 : Click 496,197,10,0 #0284 | Train - Remove Troops
2015-07-07 10:26:06 : Click 496,197,10,0 #0284 | Train - Remove Troops
2015-07-07 10:26:07 : Click 496,197,10,0 #0284 | Train - Remove Troops
2015-07-07 10:26:08 : Click 301,310,21,20 #0266 | Train - TrainIT Selected Troop
2015-07-07 10:26:10 : Click 442,310,2,20 #0266 | Train - TrainIT Selected Troop
2015-07-07 10:26:11 : Click 220,310,14,20 #0266 | Train - TrainIT Selected Troop
2015-07-07 10:26:12 : Click 84,336,1,0 #0286 | Train - Prev Button 
2015-07-07 10:26:15 : Click 1,1,2,250 #0291 | Away
2015-07-07 10:26:19 : Requesting Clan Castle Troops
2015-07-07 10:26:19 : Click 40,525,1,0 #9999
2015-07-07 10:26:19 : Your Clan Castle is already full or you are not in a clan.
2015-07-07 10:26:19 : Click 1,1,2,0 #9999
2015-07-07 10:26:20 : Checking Troop Upgrade in Laboratory ...
2015-07-07 10:26:20 : Updating village values [E]: 342433
2015-07-07 10:26:20 : Click 618,199,1,0 #0197
2015-07-07 10:26:21 : Click 523,590,1,0 #0198
2015-07-07 10:26:24 : Healing Spell value read error, close bot and try again!
2015-07-07 10:26:24 : Click 1,1,2,200 
2015-07-07 10:26:25 : Checking Upgrade
2015-07-07 10:26:25 : PureClick 1,1,1,0 #0319 | Away
2015-07-07 10:26:26 : Updating Village Resource Values
2015-07-07 10:26:26 : No. of Free/Total Builders: 1/3
2015-07-07 10:26:26 :  [T]: 1 062
2015-07-07 10:26:26 :  [G]: 87 517 [E]: 342 433 [GEM]: 617
2015-07-07 10:26:26 : Checking Upgrade 1
2015-07-07 10:26:26 : Click 476,243,1,0 #0296
2015-07-07 10:26:29 : Click 458,588,1,0 #0297
2015-07-07 10:26:30 : Click 440,480,1,0 #0299
2015-07-07 10:26:31 : Upgrade #1 complete
2015-07-07 10:26:31 : Click 1,1,2,0 #0301 | Away
2015-07-07 10:26:32 : Gold used = 32000
2015-07-07 10:26:33 : Checking Upgrade Walls
2015-07-07 10:26:33 : Click 1,1,1,0 #0313 | Away
2015-07-07 10:26:33 : Gold is below minimum, Skipping Upgrade
2015-07-07 10:26:33 : Click 1,1,1,0 #0314 | Away
2015-07-07 10:26:33 : Click 820,40,1,0 #0315
2015-07-07 10:26:35 : Going to Attack...
2015-07-07 10:26:35 : Click 60,614,1,0 #0149
2015-07-07 10:26:37 : Click 217,510,1,0 #0150
2015-07-07 10:26:41 : ============== Searching For Dead Base ===============
2015-07-07 10:26:41 : ~~~~~~~~~~~~~~~ SEARCH CONDITIONS ~~~~~~~~~~~~~~~~
2015-07-07 10:26:41 : Meet: Gold + Elixir, Max TH 4-6
2015-07-07 10:26:41 : ~~~~~~~~~~~~~~ RESOURCE CONDITIONS ~~~~~~~~~~~~~~~
2015-07-07 10:26:41 : Aim:           [G+E]: 160000 [D]:    0 [T]: 0 [TH]:4-6
2015-07-07 10:26:41 : ============== Searching For Live Base ===============
2015-07-07 10:26:42 : ~~~~~~~~~~~~~~~ SEARCH CONDITIONS ~~~~~~~~~~~~~~~~
2015-07-07 10:26:42 : Meet: Gold + Elixir, Max TH 4-6, TH Outside
2015-07-07 10:26:42 : ~~~~~~~~~~~~~~ RESOURCE CONDITIONS ~~~~~~~~~~~~~~~
2015-07-07 10:26:42 : Aim:           [G+E]: 200000 [D]:    0 [T]: 0 [TH]:4-6, Out
2015-07-07 10:26:42 : ~~~~~~~~~~~~~~~ ADVANCED SETTINGS ~~~~~~~~~~~~~~~~
2015-07-07 10:26:42 : AttackTH, Attack2:Extreme
2015-07-07 10:26:42 : ==================================================
2015-07-07 10:26:43 :   1> [G]: 105964 [E]:  93499 [D]:  541 [T]:24 [TH]: 7, Out
2015-07-07 10:26:43 : Click 825,527,1,0 #0155 | Attack - Next Button
