2015-07-10 02:35:49 : ~~~ Clash Game Bot v4.0 Powered by GameBot.org ~~~
2015-07-10 02:35:49 : Executable running on WIN_81  X64
2015-07-10 02:35:49 : =================== Bot Start ====================
2015-07-10 02:35:49 : Trying to locate Main Screen
2015-07-10 02:35:49 : Main Screen Located
2015-07-10 02:35:50 : Detecting your Buildings..
2015-07-10 02:35:51 : Town Hall Position: 430, 237
2015-07-10 02:35:52 : Taking snapshot for later review
2015-07-10 02:35:55 : Read building Name String = Town Hall (Level 6)
2015-07-10 02:35:55 : 1st $aString = 2, Town Hall , Level 6)
2015-07-10 02:35:55 : 2nd $aString = 2, Level 6, 
2015-07-10 02:35:55 : 3rd $aString = 2, Level, 6
2015-07-10 02:35:55 : Your Town Hall is Level: 6
2015-07-10 02:35:56 : Language setting is English: Correct.
2015-07-10 02:35:57 : Trying to locate Main Screen
2015-07-10 02:35:57 : Main Screen Located
2015-07-10 02:36:00 : Collecting Resources
2015-07-10 02:36:08 : Checking if Village needs Rearming..
2015-07-10 02:36:10 : Taking snapshot for later review
2015-07-10 02:36:19 : Village Report
2015-07-10 02:36:19 : No. of Free/Total Builders: 0/3
2015-07-10 02:36:19 :  [T]: 1 052
2015-07-10 02:36:19 :  [G]: 205 946 [E]: 75 540 [GEM]: 672
2015-07-10 02:36:24 : Func Train 
2015-07-10 02:36:24 : Checking Army Camp...
2015-07-10 02:36:25 : $sArmyInfo = 126#140
2015-07-10 02:36:25 : $CurCamp = 126
2015-07-10 02:36:25 : $TotalCamp = 140
2015-07-10 02:36:26 : Total Army Camp capacity: 126/140
2015-07-10 02:36:26 : $hBitmapFirst made
2015-07-10 02:36:26 : Calling CGBfunctions.dll/searchIdentifyTroopTrained 
2015-07-10 02:36:27 : Dll return $FullTemp :Barbarian|9-20|42#Archer|70-22|49#Giant|134-23|7
2015-07-10 02:36:27 : $Trooptype split # : 3
2015-07-10 02:36:27 : Start the Loop
2015-07-10 02:36:27 : $TroopTypeT[$i] split : 1
2015-07-10 02:36:27 :  - No. of Barbarians: 42
2015-07-10 02:36:27 : $TroopTypeT[$i] split : 2
2015-07-10 02:36:27 :  - No. of Archers: 49
2015-07-10 02:36:27 : $TroopTypeT[$i] split : 3
2015-07-10 02:36:27 :  - No. of Giants: 7
2015-07-10 02:36:27 : Training Troops...
2015-07-10 02:36:29 : This is not a Barrack
2015-07-10 02:36:30 : Barrack1 selected
2015-07-10 02:36:30 : Barrack1 selected
2015-07-10 02:36:30 : Train: need to make normal troops: True
2015-07-10 02:36:30 : Train: need to make dark troops: False
2015-07-10 02:36:30 : Barrack1 selected
2015-07-10 02:36:31 : Barrack2 selected
2015-07-10 02:36:31 : Barrack2 selected
2015-07-10 02:36:32 : Barrack3 selected
2015-07-10 02:36:32 : Barrack3 selected
2015-07-10 02:36:32 : This is not a Barrack
2015-07-10 02:36:33 : This is not a Barrack
2015-07-10 02:36:33 : This is not a Barrack
2015-07-10 02:36:33 : This is not a Barrack
2015-07-10 02:36:33 : This is not a Barrack
2015-07-10 02:36:34 : ---------COMPUTE TROOPS TO MAKE------------------------
2015-07-10 02:36:34 : -- AnotherTroops to train:0 + 10*5
2015-07-10 02:36:34 : Need to train Giant:10
2015-07-10 02:36:34 : -- AnotherTroops to train:50 + 0*2
2015-07-10 02:36:34 : -- AnotherTroops to train:50 + 0*14
2015-07-10 02:36:34 : -- AnotherTroops to train:50 + 0*25
2015-07-10 02:36:35 : -- AnotherTroops to train:50 + 0*5
2015-07-10 02:36:35 : -- AnotherTroops to train:50 + 0*4
2015-07-10 02:36:35 : -- AnotherTroops to train:50 + 0*20
2015-07-10 02:36:35 : -- AnotherTroops dark to train:50 + 0*2
2015-07-10 02:36:35 : -- AnotherTroops dark to train:50 + 0*5
2015-07-10 02:36:35 : -- AnotherTroops dark to train:50 + 0*8
2015-07-10 02:36:35 : -- AnotherTroops dark to train:50 + 0*30
2015-07-10 02:36:35 : -- AnotherTroops dark to train:50 + 0*12
2015-07-10 02:36:35 : -- AnotherTroops dark to train:50 + 0*30
2015-07-10 02:36:35 : --------------AnotherTroops TOTAL to train:50
2015-07-10 02:36:35 : Need to train (height) GOBL:1 BARB: 37 ARCH: 55 AND 50 other troops space
2015-07-10 02:36:35 : BARRACKNUM: 3
2015-07-10 02:36:35 : ArchEBarrack: 18
2015-07-10 02:36:35 : GiantEBarrack: 3
2015-07-10 02:36:35 : BarbEBarrack: 12
2015-07-10 02:36:35 : DARKBARRACKNUM: 1
2015-07-10 02:36:35 : Barrack3 selected
2015-07-10 02:36:37 : Call Func TrainIt for Arch
2015-07-10 02:36:38 : Func GetGemName 1
2015-07-10 02:36:38 : Func GetFullName 1
2015-07-10 02:36:40 : Call Func TrainIt for Giant
2015-07-10 02:36:40 : Func GetGemName 2
2015-07-10 02:36:40 : Func GetFullName 2
2015-07-10 02:36:40 : Call Func TrainIt for Barb
2015-07-10 02:36:40 : Func GetGemName 0
2015-07-10 02:36:40 : Func GetFullName 0
2015-07-10 02:36:42 : troopSecondArch: 18
2015-07-10 02:36:42 : troopSecondGiant: 3
2015-07-10 02:36:42 : troopSecondBarb: 12
2015-07-10 02:36:42 : ###CurArch = 55 - (18 - 0)
2015-07-10 02:36:42 : ###CurGiant = 11 - (3 - 0)
2015-07-10 02:36:42 : ###CurBarb = 37 - (12 - 0)
2015-07-10 02:36:42 : BARRACK 0 STATUS: True
2015-07-10 02:36:43 : Barrack2 selected
2015-07-10 02:36:43 : Barrack2 selected
2015-07-10 02:36:45 : Call Func TrainIt for Arch
2015-07-10 02:36:45 : Func GetGemName 1
2015-07-10 02:36:45 : Func GetFullName 1
2015-07-10 02:36:47 : Call Func TrainIt for Giant
2015-07-10 02:36:47 : Func GetGemName 2
2015-07-10 02:36:47 : Func GetFullName 2
2015-07-10 02:36:48 : Call Func TrainIt for Barb
2015-07-10 02:36:48 : Func GetGemName 0
2015-07-10 02:36:48 : Func GetFullName 0
2015-07-10 02:36:49 : troopSecondArch: 18
2015-07-10 02:36:49 : troopSecondGiant: 3
2015-07-10 02:36:50 : troopSecondBarb: 12
2015-07-10 02:36:50 : ###CurArch = 37 - (18 - 0)
2015-07-10 02:36:50 : ###CurGiant = 8 - (3 - 0)
2015-07-10 02:36:50 : ###CurBarb = 25 - (12 - 0)
2015-07-10 02:36:50 : BARRACK 1 STATUS: True
2015-07-10 02:36:50 : Barrack1 selected
2015-07-10 02:36:50 : Barrack1 selected
2015-07-10 02:36:52 : Call Func TrainIt for Arch
2015-07-10 02:36:52 : Func GetGemName 1
2015-07-10 02:36:52 : Func GetFullName 1
2015-07-10 02:36:54 : Call Func TrainIt for Giant
2015-07-10 02:36:54 : Func GetGemName 2
2015-07-10 02:36:54 : Func GetFullName 2
2015-07-10 02:36:54 : Call Func TrainIt for Barb
2015-07-10 02:36:54 : Func GetGemName 0
2015-07-10 02:36:54 : Func GetFullName 0
2015-07-10 02:36:56 : troopSecondArch: 18
2015-07-10 02:36:56 : troopSecondGiant: 3
2015-07-10 02:36:56 : troopSecondBarb: 12
2015-07-10 02:36:56 : ###CurArch = 19 - (18 - 0)
2015-07-10 02:36:56 : ###CurGiant = 5 - (3 - 0)
2015-07-10 02:36:56 : ###CurBarb = 13 - (12 - 0)
2015-07-10 02:36:56 : BARRACK 2 STATUS: True
2015-07-10 02:36:57 : This is not a Barrack
2015-07-10 02:36:57 : This is not a Barrack
2015-07-10 02:36:58 : This is not a Barrack
2015-07-10 02:36:58 : This is not a Barrack
2015-07-10 02:36:58 : This is not a Barrack
2015-07-10 02:36:58 : ---================================================================---
2015-07-10 02:37:02 : Request CC not Planned, Skipped..
2015-07-10 02:37:04 : Checking Troop Upgrade in Laboratory ...
2015-07-10 02:37:04 : Updating village values [E]: 69210
2015-07-10 02:37:05 : ButtonPixel = 483, 565
2015-07-10 02:37:05 : #1: 050702, #2: 708CB0, #3: 603818, #4: D8FF58
2015-07-10 02:37:05 : Taking snapshot for later review
2015-07-10 02:37:06 : Taking snapshot for later review
2015-07-10 02:37:07 : Taking debug snapshot for later review
2015-07-10 02:37:07 : Barbarian
2015-07-10 02:37:07 : _GetPixelColor(+47, +6): DFDFDF
2015-07-10 02:37:07 : _GetPixelColor(+68, +79): 818181
2015-07-10 02:37:07 : _GetPixelColor(+68, +82): 000000
2015-07-10 02:37:07 : _GetPixelColor(+81, +82): A6A6A6
2015-07-10 02:37:07 : _GetPixelColor(+49, +78): 000000
2015-07-10 02:37:07 : _GetPixelColor(+79, +78): A6A6A6
2015-07-10 02:37:07 : _GetPixelColor(+3, +19): CBCBCB
2015-07-10 02:37:07 : _GetPixelColor(+8, +59): C9C9C9
2015-07-10 02:37:07 : Taking debug snapshot for later review
2015-07-10 02:37:07 : Archer
2015-07-10 02:37:07 : _GetPixelColor(+47, +6): 9C9C9C
2015-07-10 02:37:07 : _GetPixelColor(+68, +79): 8E8E8E
2015-07-10 02:37:07 : _GetPixelColor(+68, +82): 000000
2015-07-10 02:37:07 : _GetPixelColor(+81, +82): 6E6E6E
2015-07-10 02:37:07 : _GetPixelColor(+49, +78): 000000
2015-07-10 02:37:07 : _GetPixelColor(+79, +78): 6F6F6F
2015-07-10 02:37:08 : _GetPixelColor(+3, +19): CBCBCB
2015-07-10 02:37:08 : _GetPixelColor(+8, +59): 757575
2015-07-10 02:37:08 : Taking debug snapshot for later review
2015-07-10 02:37:08 : Giant
2015-07-10 02:37:08 : _GetPixelColor(+47, +6): D2D2D2
2015-07-10 02:37:08 : _GetPixelColor(+68, +79): E70A12
2015-07-10 02:37:08 : _GetPixelColor(+68, +82): E60A12
2015-07-10 02:37:08 : _GetPixelColor(+81, +82): 909090
2015-07-10 02:37:08 : _GetPixelColor(+49, +78): E40C14
2015-07-10 02:37:08 : _GetPixelColor(+79, +78): 7F7F7F
2015-07-10 02:37:08 : _GetPixelColor(+3, +19): D5D5D5
2015-07-10 02:37:08 : _GetPixelColor(+8, +59): 303030
2015-07-10 02:37:08 : Taking debug snapshot for later review
2015-07-10 02:37:08 : Goblin
2015-07-10 02:37:08 : _GetPixelColor(+47, +6): C1C1C1
2015-07-10 02:37:08 : _GetPixelColor(+68, +79): 575757
2015-07-10 02:37:08 : _GetPixelColor(+68, +82): 000000
2015-07-10 02:37:09 : _GetPixelColor(+81, +82): A4A4A4
2015-07-10 02:37:09 : _GetPixelColor(+49, +78): 000000
2015-07-10 02:37:09 : _GetPixelColor(+79, +78): 878787
2015-07-10 02:37:09 : _GetPixelColor(+3, +19): D5D5D5
2015-07-10 02:37:09 : _GetPixelColor(+8, +59): 676767
2015-07-10 02:37:09 : Taking debug snapshot for later review
2015-07-10 02:37:09 : Wall Breaker
2015-07-10 02:37:09 : _GetPixelColor(+47, +6): BEBEBE
2015-07-10 02:37:09 : _GetPixelColor(+68, +79): D5131A
2015-07-10 02:37:09 : _GetPixelColor(+68, +82): 3D0C0D
2015-07-10 02:37:09 : _GetPixelColor(+81, +82): 8E8E8E
2015-07-10 02:37:09 : _GetPixelColor(+49, +78): CA151C
2015-07-10 02:37:09 : _GetPixelColor(+79, +78): 7A7A7A
2015-07-10 02:37:09 : _GetPixelColor(+3, +19): B2B2B2
2015-07-10 02:37:09 : _GetPixelColor(+8, +59): 292929
2015-07-10 02:37:09 : Taking debug snapshot for later review
2015-07-10 02:37:09 : Balloon
2015-07-10 02:37:09 : _GetPixelColor(+47, +6): 777777
2015-07-10 02:37:09 : _GetPixelColor(+68, +79): 5A5A5A
2015-07-10 02:37:10 : _GetPixelColor(+68, +82): 292929
2015-07-10 02:37:10 : _GetPixelColor(+81, +82): 6E6E6E
2015-07-10 02:37:10 : _GetPixelColor(+49, +78): 000000
2015-07-10 02:37:10 : _GetPixelColor(+79, +78): 717171
2015-07-10 02:37:10 : _GetPixelColor(+3, +19): B3B3B3
2015-07-10 02:37:10 : _GetPixelColor(+8, +59): B3B3B3
2015-07-10 02:37:10 : Taking debug snapshot for later review
2015-07-10 02:37:10 : Wizard
2015-07-10 02:37:10 : _GetPixelColor(+47, +6): 7E7E7E
2015-07-10 02:37:10 : _GetPixelColor(+68, +79): E70A12
2015-07-10 02:37:10 : _GetPixelColor(+68, +82): E60A12
2015-07-10 02:37:10 : _GetPixelColor(+81, +82): 909090
2015-07-10 02:37:10 : _GetPixelColor(+49, +78): E30A12
2015-07-10 02:37:10 : _GetPixelColor(+79, +78): 7F7F7F
2015-07-10 02:37:10 : _GetPixelColor(+3, +19): CCCCCC
2015-07-10 02:37:10 : _GetPixelColor(+8, +59): 303030
2015-07-10 02:37:10 : Taking debug snapshot for later review
2015-07-10 02:37:10 : Healer
2015-07-10 02:37:11 : _GetPixelColor(+47, +6): E8E8E0
2015-07-10 02:37:11 : _GetPixelColor(+68, +79): BEBEBA
2015-07-10 02:37:11 : _GetPixelColor(+68, +82): E3E3DF
2015-07-10 02:37:11 : _GetPixelColor(+81, +82): E3E3DF
2015-07-10 02:37:11 : _GetPixelColor(+49, +78): CBCBC7
2015-07-10 02:37:11 : _GetPixelColor(+79, +78): CFCFCB
2015-07-10 02:37:11 : _GetPixelColor(+3, +19): E8E8E0
2015-07-10 02:37:11 : _GetPixelColor(+8, +59): E8E8E0
2015-07-10 02:37:11 : Taking debug snapshot for later review
2015-07-10 02:37:11 : Dragon
2015-07-10 02:37:11 : _GetPixelColor(+47, +6): E8E8E0
2015-07-10 02:37:11 : _GetPixelColor(+68, +79): E7E7DF
2015-07-10 02:37:11 : _GetPixelColor(+68, +82): E8E8E0
2015-07-10 02:37:11 : _GetPixelColor(+81, +82): D6D6D2
2015-07-10 02:37:11 : _GetPixelColor(+49, +78): 9C9C98
2015-07-10 02:37:11 : _GetPixelColor(+79, +78): D3D3CF
2015-07-10 02:37:11 : _GetPixelColor(+3, +19): E8E8E0
2015-07-10 02:37:11 : _GetPixelColor(+8, +59): E8E8E0
2015-07-10 02:37:11 : Taking debug snapshot for later review
2015-07-10 02:37:12 : Pekka
2015-07-10 02:37:12 : _GetPixelColor(+47, +6): E8E8E0
2015-07-10 02:37:12 : _GetPixelColor(+68, +79): ACACA8
2015-07-10 02:37:12 : _GetPixelColor(+68, +82): ADADA9
2015-07-10 02:37:12 : _GetPixelColor(+81, +82): B0B0AC
2015-07-10 02:37:12 : _GetPixelColor(+49, +78): 969692
2015-07-10 02:37:12 : _GetPixelColor(+79, +78): B0B0AC
2015-07-10 02:37:12 : _GetPixelColor(+3, +19): E8E8E0
2015-07-10 02:37:12 : _GetPixelColor(+8, +59): 93938F
2015-07-10 02:37:12 : Taking debug snapshot for later review
2015-07-10 02:37:12 : Lightning Spell
2015-07-10 02:37:12 : _GetPixelColor(+47, +6): BFBFBF
2015-07-10 02:37:12 : _GetPixelColor(+68, +79): E70A12
2015-07-10 02:37:12 : _GetPixelColor(+68, +82): E70A12
2015-07-10 02:37:12 : _GetPixelColor(+81, +82): 919191
2015-07-10 02:37:12 : _GetPixelColor(+49, +78): E30A12
2015-07-10 02:37:12 : _GetPixelColor(+79, +78): 808080
2015-07-10 02:37:12 : _GetPixelColor(+3, +19): D2D2D2
2015-07-10 02:37:12 : _GetPixelColor(+8, +59): 303030
2015-07-10 02:37:12 : Taking debug snapshot for later review
2015-07-10 02:37:13 : Healing Spell
2015-07-10 02:37:13 : _GetPixelColor(+47, +6): 89D8E2
2015-07-10 02:37:13 : _GetPixelColor(+68, +79): E80E17
2015-07-10 02:37:13 : _GetPixelColor(+68, +82): E70C15
2015-07-10 02:37:13 : _GetPixelColor(+81, +82): E15BD7
2015-07-10 02:37:13 : _GetPixelColor(+49, +78): E40C14
2015-07-10 02:37:13 : _GetPixelColor(+79, +78): F034D0
2015-07-10 02:37:13 : _GetPixelColor(+3, +19): 95ECF8
2015-07-10 02:37:13 : _GetPixelColor(+8, +59): 303030
2015-07-10 02:37:13 : Insufficent Elixir for Giant, Lab requires: 250000 + 0 user reserve
2015-07-10 02:37:15 : No free builder, Upgrade Walls skipped..
2015-07-10 02:37:17 : ====== Waiting for full army ======
2015-07-10 02:37:37 : Func Train 
2015-07-10 02:37:37 : Checking Army Camp...
2015-07-10 02:37:38 : $sArmyInfo = 132#140
2015-07-10 02:37:38 : $CurCamp = 132
2015-07-10 02:37:38 : $TotalCamp = 140
2015-07-10 02:37:39 : Total Army Camp capacity: 132/140
2015-07-10 02:37:39 : $hBitmapFirst made
2015-07-10 02:37:39 : Calling CGBfunctions.dll/searchIdentifyTroopTrained 
2015-07-10 02:37:40 : Dll return $FullTemp :Barbarian|9-20|42#Archer|70-22|55#Giant|134-23|7
2015-07-10 02:37:40 : $Trooptype split # : 3
2015-07-10 02:37:40 : Start the Loop
2015-07-10 02:37:40 : $TroopTypeT[$i] split : 1
2015-07-10 02:37:40 :  - No. of Barbarians: 42
2015-07-10 02:37:40 : $TroopTypeT[$i] split : 2
2015-07-10 02:37:40 :  - No. of Archers: 55
2015-07-10 02:37:40 : $TroopTypeT[$i] split : 3
2015-07-10 02:37:40 :  - No. of Giants: 7
2015-07-10 02:37:40 : Training Troops...
2015-07-10 02:37:42 : This is not a Barrack
2015-07-10 02:37:42 : Barrack1 selected
2015-07-10 02:37:43 : Barrack1 selected
2015-07-10 02:37:43 : Train: need to make normal troops: True
2015-07-10 02:37:43 : Train: need to make dark troops: False
2015-07-10 02:37:43 : Barrack1 selected
2015-07-10 02:37:44 : Barrack2 selected
2015-07-10 02:37:44 : Barrack2 selected
2015-07-10 02:37:45 : Barrack3 selected
2015-07-10 02:37:45 : Barrack3 selected
2015-07-10 02:37:45 : This is not a Barrack
2015-07-10 02:37:45 : This is not a Barrack
2015-07-10 02:37:46 : This is not a Barrack
2015-07-10 02:37:46 : This is not a Barrack
2015-07-10 02:37:46 : This is not a Barrack
2015-07-10 02:37:47 : ---------COMPUTE TROOPS TO MAKE------------------------
2015-07-10 02:37:47 : BARRACKNUM: 3
2015-07-10 02:37:47 : DARKBARRACKNUM: 1
2015-07-10 02:37:47 : Barrack3 selected
2015-07-10 02:37:48 : ASSIGN TroopFirst.Arch: 16
2015-07-10 02:37:48 : ASSIGN TroopFirst.Giant: 3
2015-07-10 02:37:48 : ASSIGN TroopFirst.Barb: 12
2015-07-10 02:37:48 : Call Func TrainIt for Arch
2015-07-10 02:37:48 : Call Func TrainIt for Giant
2015-07-10 02:37:48 : Func GetGemName 2
2015-07-10 02:37:48 : Func GetFullName 2
2015-07-10 02:37:48 : Call Func TrainIt for Barb
2015-07-10 02:37:48 : Func GetGemName 0
2015-07-10 02:37:48 : Func GetFullName 0
2015-07-10 02:37:49 : troopSecondArch: 16
2015-07-10 02:37:49 : troopSecondGiant: 4
2015-07-10 02:37:49 : troopSecondBarb: 13
2015-07-10 02:37:49 : ###CurGiant = 2 - (4 - 3)
2015-07-10 02:37:49 : ###CurBarb = 1 - (13 - 12)
2015-07-10 02:37:49 : BARRACK 0 STATUS: True
2015-07-10 02:37:50 : Barrack2 selected
2015-07-10 02:37:50 : Barrack2 selected
2015-07-10 02:37:50 : ASSIGN TroopFirst.Arch: 16
2015-07-10 02:37:50 : ASSIGN TroopFirst.Giant: 3
2015-07-10 02:37:51 : ASSIGN TroopFirst.Barb: 12
2015-07-10 02:37:51 : Call Func TrainIt for Arch
2015-07-10 02:37:51 : Call Func TrainIt for Giant
2015-07-10 02:37:51 : Func GetGemName 2
2015-07-10 02:37:51 : Func GetFullName 2
2015-07-10 02:37:51 : troopSecondArch: 16
2015-07-10 02:37:52 : troopSecondGiant: 4
2015-07-10 02:37:52 : troopSecondBarb: 12
2015-07-10 02:37:52 : ###CurGiant = 1 - (4 - 3)
2015-07-10 02:37:52 : BARRACK 1 STATUS: True
2015-07-10 02:37:52 : Barrack1 selected
2015-07-10 02:37:52 : Barrack1 selected
2015-07-10 02:37:53 : ASSIGN TroopFirst.Arch: 16
2015-07-10 02:37:53 : ASSIGN TroopFirst.Giant: 3
2015-07-10 02:37:53 : ASSIGN TroopFirst.Barb: 12
2015-07-10 02:37:53 : Call Func TrainIt for Arch
2015-07-10 02:37:53 : troopSecondArch: 16
2015-07-10 02:37:53 : troopSecondGiant: 3
2015-07-10 02:37:53 : troopSecondBarb: 12
2015-07-10 02:37:53 : BARRACK 2 STATUS: True
2015-07-10 02:37:54 : This is not a Barrack
2015-07-10 02:37:54 : This is not a Barrack
2015-07-10 02:37:55 : This is not a Barrack
2015-07-10 02:37:55 : This is not a Barrack
2015-07-10 02:37:55 : This is not a Barrack
2015-07-10 02:37:56 : ---================================================================---
2015-07-10 02:38:02 : Func Train 
2015-07-10 02:38:02 : Checking Army Camp...
2015-07-10 02:38:04 : $sArmyInfo = 135#140
2015-07-10 02:38:04 : $CurCamp = 135
2015-07-10 02:38:04 : $TotalCamp = 140
2015-07-10 02:38:04 : Total Army Camp capacity: 135/140
2015-07-10 02:38:04 : $hBitmapFirst made
2015-07-10 02:38:05 : Calling CGBfunctions.dll/searchIdentifyTroopTrained 
2015-07-10 02:38:05 : Dll return $FullTemp :Barbarian|9-20|42#Archer|70-22|58#Giant|134-23|7
2015-07-10 02:38:05 : $Trooptype split # : 3
2015-07-10 02:38:05 : Start the Loop
2015-07-10 02:38:06 : $TroopTypeT[$i] split : 1
2015-07-10 02:38:06 :  - No. of Barbarians: 42
2015-07-10 02:38:06 : $TroopTypeT[$i] split : 2
2015-07-10 02:38:06 :  - No. of Archers: 58
2015-07-10 02:38:06 : $TroopTypeT[$i] split : 3
2015-07-10 02:38:06 :  - No. of Giants: 7
2015-07-10 02:38:06 : Training Troops...
2015-07-10 02:38:08 : This is not a Barrack
2015-07-10 02:38:08 : Barrack1 selected
2015-07-10 02:38:09 : Barrack1 selected
2015-07-10 02:38:09 : Train: need to make normal troops: True
2015-07-10 02:38:09 : Train: need to make dark troops: False
2015-07-10 02:38:09 : Barrack1 selected
2015-07-10 02:38:10 : Barrack2 selected
2015-07-10 02:38:10 : Barrack2 selected
2015-07-10 02:38:10 : Barrack3 selected
2015-07-10 02:38:10 : Barrack3 selected
2015-07-10 02:38:11 : This is not a Barrack
2015-07-10 02:38:11 : This is not a Barrack
2015-07-10 02:38:11 : This is not a Barrack
2015-07-10 02:38:12 : This is not a Barrack
2015-07-10 02:38:12 : This is not a Barrack
2015-07-10 02:38:13 : ---------COMPUTE TROOPS TO MAKE------------------------
2015-07-10 02:38:13 : BARRACKNUM: 3
2015-07-10 02:38:13 : DARKBARRACKNUM: 1
2015-07-10 02:38:13 : Barrack3 selected
2015-07-10 02:38:13 : ASSIGN TroopFirst.Arch: 15
2015-07-10 02:38:13 : ASSIGN TroopFirst.Giant: 4
2015-07-10 02:38:14 : ASSIGN TroopFirst.Barb: 13
2015-07-10 02:38:14 : Call Func TrainIt for Arch
2015-07-10 02:38:14 : troopSecondArch: 15
2015-07-10 02:38:14 : troopSecondGiant: 4
2015-07-10 02:38:14 : troopSecondBarb: 13
2015-07-10 02:38:14 : BARRACK 0 STATUS: True
2015-07-10 02:38:15 : Barrack2 selected
2015-07-10 02:38:15 : Barrack2 selected
2015-07-10 02:38:15 : ASSIGN TroopFirst.Arch: 15
2015-07-10 02:38:15 : ASSIGN TroopFirst.Giant: 4
2015-07-10 02:38:15 : ASSIGN TroopFirst.Barb: 12
2015-07-10 02:38:15 : Call Func TrainIt for Arch
2015-07-10 02:38:15 : troopSecondArch: 15
2015-07-10 02:38:16 : troopSecondGiant: 4
2015-07-10 02:38:16 : troopSecondBarb: 12
2015-07-10 02:38:16 : BARRACK 1 STATUS: True
2015-07-10 02:38:16 : Barrack1 selected
2015-07-10 02:38:16 : Barrack1 selected
2015-07-10 02:38:17 : ASSIGN TroopFirst.Arch: 15
2015-07-10 02:38:17 : ASSIGN TroopFirst.Giant: 3
2015-07-10 02:38:17 : ASSIGN TroopFirst.Barb: 12
2015-07-10 02:38:17 : Call Func TrainIt for Arch
2015-07-10 02:38:17 : troopSecondArch: 15
2015-07-10 02:38:17 : troopSecondGiant: 3
2015-07-10 02:38:17 : troopSecondBarb: 12
2015-07-10 02:38:17 : BARRACK 2 STATUS: True
2015-07-10 02:38:18 : This is not a Barrack
2015-07-10 02:38:18 : This is not a Barrack
2015-07-10 02:38:19 : This is not a Barrack
2015-07-10 02:38:19 : This is not a Barrack
2015-07-10 02:38:19 : This is not a Barrack
2015-07-10 02:38:20 : ---================================================================---
2015-07-10 02:38:25 : Func Train 
2015-07-10 02:38:25 : Checking Army Camp...
2015-07-10 02:38:27 : $sArmyInfo = 138#140
2015-07-10 02:38:27 : $CurCamp = 138
2015-07-10 02:38:27 : $TotalCamp = 140
2015-07-10 02:38:27 : Total Army Camp capacity: 138/140
2015-07-10 02:38:27 : $hBitmapFirst made
2015-07-10 02:38:28 : Calling CGBfunctions.dll/searchIdentifyTroopTrained 
2015-07-10 02:38:28 : Dll return $FullTemp :Barbarian|9-20|42#Archer|70-22|61#Giant|134-23|7
2015-07-10 02:38:28 : $Trooptype split # : 3
2015-07-10 02:38:28 : Start the Loop
2015-07-10 02:38:29 : $TroopTypeT[$i] split : 1
2015-07-10 02:38:29 :  - No. of Barbarians: 42
2015-07-10 02:38:29 : $TroopTypeT[$i] split : 2
2015-07-10 02:38:29 :  - No. of Archers: 61
2015-07-10 02:38:29 : $TroopTypeT[$i] split : 3
2015-07-10 02:38:29 :  - No. of Giants: 7
2015-07-10 02:38:29 : Training Troops...
2015-07-10 02:38:31 : This is not a Barrack
2015-07-10 02:38:31 : Barrack1 selected
2015-07-10 02:38:31 : Barrack1 selected
2015-07-10 02:38:32 : Train: need to make normal troops: True
2015-07-10 02:38:32 : Train: need to make dark troops: False
2015-07-10 02:38:32 : Barrack1 selected
2015-07-10 02:38:33 : Barrack2 selected
2015-07-10 02:38:33 : Barrack2 selected
2015-07-10 02:38:33 : Barrack3 selected
2015-07-10 02:38:33 : Barrack3 selected
2015-07-10 02:38:34 : This is not a Barrack
2015-07-10 02:38:34 : This is not a Barrack
2015-07-10 02:38:34 : This is not a Barrack
2015-07-10 02:38:35 : This is not a Barrack
2015-07-10 02:38:35 : This is not a Barrack
2015-07-10 02:38:36 : ---------COMPUTE TROOPS TO MAKE------------------------
2015-07-10 02:38:36 : BARRACKNUM: 3
2015-07-10 02:38:36 : DARKBARRACKNUM: 1
2015-07-10 02:38:36 : Barrack3 selected
2015-07-10 02:38:36 : ASSIGN TroopFirst.Arch: 14
2015-07-10 02:38:36 : ASSIGN TroopFirst.Giant: 4
2015-07-10 02:38:36 : ASSIGN TroopFirst.Barb: 13
2015-07-10 02:38:37 : Call Func TrainIt for Arch
2015-07-10 02:38:37 : troopSecondArch: 14
2015-07-10 02:38:37 : troopSecondGiant: 4
2015-07-10 02:38:37 : troopSecondBarb: 13
2015-07-10 02:38:37 : BARRACK 0 STATUS: True
2015-07-10 02:38:38 : Barrack2 selected
2015-07-10 02:38:38 : Barrack2 selected
2015-07-10 02:38:38 : ASSIGN TroopFirst.Arch: 14
2015-07-10 02:38:38 : ASSIGN TroopFirst.Giant: 4
2015-07-10 02:38:38 : ASSIGN TroopFirst.Barb: 12
2015-07-10 02:38:38 : Call Func TrainIt for Arch
2015-07-10 02:38:38 : troopSecondArch: 14
2015-07-10 02:38:39 : troopSecondGiant: 4
2015-07-10 02:38:39 : troopSecondBarb: 12
2015-07-10 02:38:39 : BARRACK 1 STATUS: True
2015-07-10 02:38:39 : Barrack1 selected
2015-07-10 02:38:39 : Barrack1 selected
2015-07-10 02:38:40 : ASSIGN TroopFirst.Arch: 14
2015-07-10 02:38:40 : ASSIGN TroopFirst.Giant: 3
2015-07-10 02:38:40 : ASSIGN TroopFirst.Barb: 12
2015-07-10 02:38:40 : Call Func TrainIt for Arch
2015-07-10 02:38:40 : troopSecondArch: 14
2015-07-10 02:38:40 : troopSecondGiant: 3
2015-07-10 02:38:40 : troopSecondBarb: 12
2015-07-10 02:38:40 : BARRACK 2 STATUS: True
2015-07-10 02:38:41 : This is not a Barrack
2015-07-10 02:38:41 : This is not a Barrack
2015-07-10 02:38:42 : This is not a Barrack
2015-07-10 02:38:42 : This is not a Barrack
2015-07-10 02:38:42 : This is not a Barrack
2015-07-10 02:38:43 : ---================================================================---
2015-07-10 02:38:48 : Func Train 
2015-07-10 02:38:48 : Checking Army Camp...
2015-07-10 02:38:50 : $sArmyInfo = 140#140
2015-07-10 02:38:50 : $CurCamp = 140
2015-07-10 02:38:50 : $TotalCamp = 140
2015-07-10 02:38:50 : Total Army Camp capacity: 140/140
2015-07-10 02:38:51 : Training Troops...
2015-07-10 02:38:53 : This is not a Barrack
2015-07-10 02:38:53 : Barrack1 selected
2015-07-10 02:38:53 : Barrack1 selected
2015-07-10 02:38:53 : Train: need to make normal troops: True
2015-07-10 02:38:53 : Train: need to make dark troops: False
2015-07-10 02:38:53 : Barrack1 selected
2015-07-10 02:38:54 : Barrack2 selected
2015-07-10 02:38:54 : Barrack2 selected
2015-07-10 02:38:55 : Barrack3 selected
2015-07-10 02:38:55 : Barrack3 selected
2015-07-10 02:38:55 : This is not a Barrack
2015-07-10 02:38:55 : This is not a Barrack
2015-07-10 02:38:56 : This is not a Barrack
2015-07-10 02:38:56 : This is not a Barrack
2015-07-10 02:38:56 : This is not a Barrack
2015-07-10 02:38:57 : Your Army Camps are now Full
2015-07-10 02:38:57 : RESET AT 0 CurArch
2015-07-10 02:38:57 : RESET AT 0 CurGiant
2015-07-10 02:38:57 : RESET AT 0 CurWall
2015-07-10 02:38:57 : RESET AT 0 CurBarb
2015-07-10 02:38:57 : RESET AT 0 CurGobl
2015-07-10 02:38:57 : RESET AT 0 CurHeal
2015-07-10 02:38:57 : RESET AT 0 CurPekk
2015-07-10 02:38:57 : RESET AT 0 CurBall
2015-07-10 02:38:57 : RESET AT 0 CurWiza
2015-07-10 02:38:57 : RESET AT 0 CurDrag
2015-07-10 02:38:57 : RESET AT 0 CurMini
2015-07-10 02:38:57 : RESET AT 0 CurHogs
2015-07-10 02:38:57 : RESET AT 0 CurValk
2015-07-10 02:38:58 : RESET AT 0 CurGole
2015-07-10 02:38:58 : RESET AT 0 CurWitc
2015-07-10 02:38:58 : RESET AT 0 CurLava
2015-07-10 02:38:58 : ---------COMPUTE TROOPS TO MAKE------------------------
2015-07-10 02:38:58 : -- Compute AnotherTroops to train
2015-07-10 02:38:58 : Need to train ASSIGN.... CurGiant:10
2015-07-10 02:38:58 : -- AnotherTroops to train:0 + 10*5
2015-07-10 02:38:58 : --------------AnotherTroops TOTAL to train:50
2015-07-10 02:38:58 : Need to train (height) GOBL:0 BARB: 36 ARCH: 54 AND 50 other troops space
2015-07-10 02:38:58 : BARRACKNUM: 3
2015-07-10 02:38:58 : ArchEBarrack: 18
2015-07-10 02:38:58 : GiantEBarrack: 3
2015-07-10 02:38:58 : BarbEBarrack: 12
2015-07-10 02:38:58 : DARKBARRACKNUM: 1
2015-07-10 02:38:58 : Barrack3 selected
2015-07-10 02:39:00 : Call Func TrainIt for Arch
2015-07-10 02:39:00 : Func GetGemName 1
2015-07-10 02:39:00 : Func GetFullName 1
2015-07-10 02:39:02 : Call Func TrainIt for Giant
2015-07-10 02:39:02 : Func GetGemName 2
2015-07-10 02:39:02 : Func GetFullName 2
2015-07-10 02:39:03 : Call Func TrainIt for Barb
2015-07-10 02:39:03 : Func GetGemName 0
2015-07-10 02:39:03 : Func GetFullName 0
2015-07-10 02:39:05 : troopSecondArch: 18
2015-07-10 02:39:05 : troopSecondGiant: 3
2015-07-10 02:39:05 : troopSecondBarb: 12
2015-07-10 02:39:05 : ###CurArch = 54 - (18 - 0)
2015-07-10 02:39:05 : ###CurGiant = 10 - (3 - 0)
2015-07-10 02:39:05 : ###CurBarb = 36 - (12 - 0)
2015-07-10 02:39:05 : BARRACK 0 STATUS: True
2015-07-10 02:39:06 : Barrack2 selected
2015-07-10 02:39:06 : Barrack2 selected
2015-07-10 02:39:08 : Call Func TrainIt for Arch
2015-07-10 02:39:08 : Func GetGemName 1
2015-07-10 02:39:08 : Func GetFullName 1
2015-07-10 02:39:10 : Call Func TrainIt for Giant
2015-07-10 02:39:10 : Func GetGemName 2
2015-07-10 02:39:10 : Func GetFullName 2
2015-07-10 02:39:11 : Call Func TrainIt for Barb
2015-07-10 02:39:11 : Func GetGemName 0
2015-07-10 02:39:11 : Func GetFullName 0
2015-07-10 02:39:13 : troopSecondArch: 18
2015-07-10 02:39:13 : troopSecondGiant: 3
2015-07-10 02:39:13 : troopSecondBarb: 12
2015-07-10 02:39:13 : ###CurArch = 36 - (18 - 0)
2015-07-10 02:39:13 : ###CurGiant = 7 - (3 - 0)
2015-07-10 02:39:13 : ###CurBarb = 24 - (12 - 0)
2015-07-10 02:39:13 : BARRACK 1 STATUS: True
2015-07-10 02:39:14 : Barrack1 selected
2015-07-10 02:39:14 : Barrack1 selected
2015-07-10 02:39:16 : Call Func TrainIt for Arch
2015-07-10 02:39:16 : Func GetGemName 1
2015-07-10 02:39:16 : Func GetFullName 1
2015-07-10 02:39:18 : Call Func TrainIt for Giant
2015-07-10 02:39:18 : Func GetGemName 2
2015-07-10 02:39:18 : Func GetFullName 2
2015-07-10 02:39:19 : Call Func TrainIt for Barb
2015-07-10 02:39:19 : Func GetGemName 0
2015-07-10 02:39:19 : Func GetFullName 0
2015-07-10 02:39:20 : troopSecondArch: 18
2015-07-10 02:39:21 : troopSecondGiant: 3
2015-07-10 02:39:22 : troopSecondBarb: 12
2015-07-10 02:39:22 : ###CurArch = 18 - (18 - 0)
2015-07-10 02:39:22 : ###CurGiant = 4 - (3 - 0)
2015-07-10 02:39:22 : ###CurBarb = 12 - (12 - 0)
2015-07-10 02:39:22 : BARRACK 2 STATUS: True
2015-07-10 02:39:22 : This is not a Barrack
2015-07-10 02:39:23 : This is not a Barrack
2015-07-10 02:39:23 : This is not a Barrack
2015-07-10 02:39:23 : This is not a Barrack
2015-07-10 02:39:24 : This is not a Barrack
2015-07-10 02:39:24 : ---================================================================---
2015-07-10 02:39:26 : Going to Attack...
2015-07-10 02:39:31 : Shield btn clr chk-#1: A09480, #2: BDB948, #3: CCC852, #4: BCB949
2015-07-10 02:39:32 : ============== Searching For Dead Base ===============
2015-07-10 02:39:32 : ~~~~~~~~~~~~~~~ SEARCH CONDITIONS ~~~~~~~~~~~~~~~~
2015-07-10 02:39:32 : Meet: Gold and Elixir, Max TH 7
2015-07-10 02:39:32 : ~~~~~~~~~~~~~~ RESOURCE CONDITIONS ~~~~~~~~~~~~~~~
2015-07-10 02:39:32 : Aim: [G]: 120000 [E]:  80000 [D]:    0 [T]: 0 [TH]: 7
2015-07-10 02:39:32 : ============== Searching For Live Base ===============
2015-07-10 02:39:32 : ~~~~~~~~~~~~~~~ SEARCH CONDITIONS ~~~~~~~~~~~~~~~~
2015-07-10 02:39:32 : Meet: Gold and Elixir, Max TH 4-6, TH Outside
2015-07-10 02:39:32 : ~~~~~~~~~~~~~~ RESOURCE CONDITIONS ~~~~~~~~~~~~~~~
2015-07-10 02:39:32 : Aim: [G]: 100000 [E]:  60000 [D]:    0 [T]: 0 [TH]:4-6, Out
2015-07-10 02:39:32 : ==================================================
2015-07-10 02:39:33 :   1> [G]:  58756 [E]: 107057 [D]:  N/A [T]:20 [TH]:4-6, In
2015-07-10 02:39:35 : Loop to clean screen without Clouds , n?:1
2015-07-10 02:39:37 :   2> [G]:  42855 [E]:  50253 [D]:  N/A [T]:23 [TH]: 7, Out
2015-07-10 02:39:39 : Loop to clean screen without Clouds , n?:1
2015-07-10 02:39:40 :   3> [G]:   3492 [E]:   2612 [D]:  N/A [T]:14 [TH]:4-6, In
2015-07-10 02:39:42 : Loop to clean screen without Clouds , n?:1
2015-07-10 02:39:43 :   4> [G]:  13851 [E]:  10931 [D]:  N/A [T]:25 [TH]:4-6, In
2015-07-10 02:39:44 : Loop to clean screen without Clouds , n?:1
2015-07-10 02:39:45 : Loop to clean screen without Clouds , n?:2
2015-07-10 02:39:46 : Loop to clean screen without Clouds , n?:3
2015-07-10 02:39:46 : Loop to clean screen without Clouds , n?:4
2015-07-10 02:39:47 : Loop to clean screen without Clouds , n?:5
2015-07-10 02:39:47 : Loop to clean screen without Clouds , n?:6
2015-07-10 02:39:48 : Loop to clean screen without Clouds , n?:7
2015-07-10 02:39:49 :   5> [G]:   3095 [E]:  34608 [D]:  N/A [T]:24 [TH]:4-6, In
2015-07-10 02:39:51 : Loop to clean screen without Clouds , n?:1
2015-07-10 02:39:52 :   6> [G]:  32276 [E]:  78679 [D]:  N/A [T]:30 [TH]:4-6, In
2015-07-10 02:39:54 : Loop to clean screen without Clouds , n?:1
2015-07-10 02:39:54 : Loop to clean screen without Clouds , n?:2
2015-07-10 02:39:55 : Loop to clean screen without Clouds , n?:3
2015-07-10 02:39:55 : Loop to clean screen without Clouds , n?:4
2015-07-10 02:39:56 : Loop to clean screen without Clouds , n?:5
2015-07-10 02:39:57 : Loop to clean screen without Clouds , n?:6
2015-07-10 02:39:57 : Loop to clean screen without Clouds , n?:7
2015-07-10 02:39:58 :   7> [G]:  11131 [E]:   5845 [D]:  N/A [T]:22 [TH]:4-6, In
2015-07-10 02:40:00 : Loop to clean screen without Clouds , n?:1
2015-07-10 02:40:01 :   8> [G]:  40899 [E]:  19689 [D]:  N/A [T]:22 [TH]:4-6, In
2015-07-10 02:40:01 : Aim: [G]: 118000 [E]:  78000 [D]:    0 [T]: 0 [TH]: 7
2015-07-10 02:40:01 : Aim: [G]:  98000 [E]:  58000 [D]:    0 [T]: 0 [TH]:4-6, Out
2015-07-10 02:40:03 : Loop to clean screen without Clouds , n?:1
2015-07-10 02:40:03 : Loop to clean screen without Clouds , n?:2
2015-07-10 02:40:04 : Loop to clean screen without Clouds , n?:3
2015-07-10 02:40:05 : Loop to clean screen without Clouds , n?:4
2015-07-10 02:40:05 : Loop to clean screen without Clouds , n?:5
2015-07-10 02:40:06 : Loop to clean screen without Clouds , n?:6
2015-07-10 02:40:06 : Loop to clean screen without Clouds , n?:7
2015-07-10 02:40:07 :   9> [G]:   1476 [E]:   7575 [D]:  N/A [T]:23 [TH]:4-6, In
2015-07-10 02:40:09 : Loop to clean screen without Clouds , n?:1
2015-07-10 02:40:10 :  10> [G]:   2306 [E]:   8928 [D]:  N/A [T]:12 [TH]:4-6, In
2015-07-10 02:40:12 : Loop to clean screen without Clouds , n?:1
2015-07-10 02:40:12 : Loop to clean screen without Clouds , n?:2
2015-07-10 02:40:13 : Loop to clean screen without Clouds , n?:3
2015-07-10 02:40:13 : Loop to clean screen without Clouds , n?:4
2015-07-10 02:40:14 : Loop to clean screen without Clouds , n?:5
2015-07-10 02:40:15 : Loop to clean screen without Clouds , n?:6
2015-07-10 02:40:15 : Loop to clean screen without Clouds , n?:7
2015-07-10 02:40:16 : Loop to clean screen without Clouds , n?:8
2015-07-10 02:40:17 :  11> [G]:  66716 [E]:  89529 [D]:  N/A [T]:26 [TH]:4-6, In
2015-07-10 02:40:19 : Loop to clean screen without Clouds , n?:1
2015-07-10 02:40:20 :  12> [G]:  57450 [E]:  30140 [D]:  N/A [T]:31 [TH]:4-6, In
2015-07-10 02:40:22 : Loop to clean screen without Clouds , n?:1
2015-07-10 02:40:23 : Loop to clean screen without Clouds , n?:2
2015-07-10 02:40:23 : Loop to clean screen without Clouds , n?:3
2015-07-10 02:40:24 : Loop to clean screen without Clouds , n?:4
2015-07-10 02:40:25 : Loop to clean screen without Clouds , n?:5
2015-07-10 02:40:25 : Loop to clean screen without Clouds , n?:6
2015-07-10 02:40:26 :  13> [G]:  20301 [E]:  17385 [D]:  N/A [T]:31 [TH]:4-6, In
2015-07-10 02:40:28 : Loop to clean screen without Clouds , n?:1
2015-07-10 02:40:30 :  14> [G]:  79344 [E]:  98211 [D]:  N/A [T]:21 [TH]:4-6, In
2015-07-10 02:40:31 : Loop to clean screen without Clouds , n?:1
2015-07-10 02:40:32 : Loop to clean screen without Clouds , n?:2
2015-07-10 02:40:33 :  15> [G]: 137987 [E]:  35706 [D]:  N/A [T]:20 [TH]: 7, In
2015-07-10 02:40:35 : Loop to clean screen without Clouds , n?:1
2015-07-10 02:40:36 :  16> [G]:  16418 [E]:  13090 [D]:  N/A [T]:29 [TH]:4-6, In
2015-07-10 02:40:36 : Aim: [G]: 116000 [E]:  76000 [D]:    0 [T]: 0 [TH]: 7
2015-07-10 02:40:36 : Aim: [G]:  96000 [E]:  56000 [D]:    0 [T]: 0 [TH]:4-6, Out
2015-07-10 02:40:38 : Loop to clean screen without Clouds , n?:1
2015-07-10 02:40:39 :  17> [G]:   4741 [E]:   7224 [D]:  N/A [T]:26 [TH]:4-6, In
2015-07-10 02:40:41 : Loop to clean screen without Clouds , n?:1
2015-07-10 02:40:41 : Loop to clean screen without Clouds , n?:2
2015-07-10 02:40:42 : Loop to clean screen without Clouds , n?:3
2015-07-10 02:40:43 : Loop to clean screen without Clouds , n?:4
2015-07-10 02:40:43 : Loop to clean screen without Clouds , n?:5
2015-07-10 02:40:44 : Loop to clean screen without Clouds , n?:6
2015-07-10 02:40:44 : Loop to clean screen without Clouds , n?:7
2015-07-10 02:40:45 : Loop to clean screen without Clouds , n?:8
2015-07-10 02:40:46 :  18> [G]:  35614 [E]:   7229 [D]:   24 [T]:26 [TH]: 7, In
2015-07-10 02:40:48 : Loop to clean screen without Clouds , n?:1
2015-07-10 02:40:49 :  19> [G]: 134351 [E]:  33631 [D]:  N/A [T]:28 [TH]:4-6, In
2015-07-10 02:40:51 : Loop to clean screen without Clouds , n?:1
2015-07-10 02:40:52 : Loop to clean screen without Clouds , n?:2
2015-07-10 02:40:52 : Loop to clean screen without Clouds , n?:3
2015-07-10 02:40:53 : Loop to clean screen without Clouds , n?:4
2015-07-10 02:40:53 : Loop to clean screen without Clouds , n?:5
2015-07-10 02:40:54 : Loop to clean screen without Clouds , n?:6
2015-07-10 02:40:54 : Loop to clean screen without Clouds , n?:7
2015-07-10 02:40:55 : Loop to clean screen without Clouds , n?:8
2015-07-10 02:40:56 : Loop to clean screen without Clouds , n?:9
2015-07-10 02:40:56 : Loop to clean screen without Clouds , n?:10
2015-07-10 02:40:57 : Loop to clean screen without Clouds , n?:11
2015-07-10 02:40:57 : Loop to clean screen without Clouds , n?:12
2015-07-10 02:40:58 :  20> [G]:  29740 [E]:  11863 [D]:  N/A [T]:23 [TH]:4-6, In
2015-07-10 02:41:00 : Loop to clean screen without Clouds , n?:1
2015-07-10 02:41:01 :  21> [G]:  41328 [E]:  24481 [D]:  N/A [T]:26 [TH]:4-6, In
2015-07-10 02:41:03 : Loop to clean screen without Clouds , n?:1
2015-07-10 02:41:03 : Loop to clean screen without Clouds , n?:2
2015-07-10 02:41:04 : Loop to clean screen without Clouds , n?:3
2015-07-10 02:41:04 : Loop to clean screen without Clouds , n?:4
2015-07-10 02:41:05 : Loop to clean screen without Clouds , n?:5
2015-07-10 02:41:06 : Loop to clean screen without Clouds , n?:6
2015-07-10 02:41:06 : Loop to clean screen without Clouds , n?:7
2015-07-10 02:41:07 :  22> [G]:  29680 [E]:   4866 [D]:  N/A [T]:23 [TH]:4-6, In
2015-07-10 02:41:09 : Loop to clean screen without Clouds , n?:1
2015-07-10 02:41:10 :  23> [G]:  10169 [E]:   7032 [D]:  N/A [T]:13 [TH]:4-6, In
2015-07-10 02:41:12 : Loop to clean screen without Clouds , n?:1
2015-07-10 02:41:12 : Loop to clean screen without Clouds , n?:2
2015-07-10 02:41:13 : Loop to clean screen without Clouds , n?:3
2015-07-10 02:41:14 : Loop to clean screen without Clouds , n?:4
2015-07-10 02:41:14 : Loop to clean screen without Clouds , n?:5
2015-07-10 02:41:15 : Loop to clean screen without Clouds , n?:6
2015-07-10 02:41:15 : Loop to clean screen without Clouds , n?:7
2015-07-10 02:41:16 : Loop to clean screen without Clouds , n?:8
2015-07-10 02:41:17 :  24> [G]:  28291 [E]:  28187 [D]:   59 [T]:28 [TH]: 7, In
2015-07-10 02:41:17 : Aim: [G]: 114000 [E]:  74000 [D]:    0 [T]: 0 [TH]: 7
2015-07-10 02:41:17 : Aim: [G]:  94000 [E]:  54000 [D]:    0 [T]: 0 [TH]:4-6, Out
2015-07-10 02:41:19 : Loop to clean screen without Clouds , n?:1
2015-07-10 02:41:20 :  25> [G]:  14944 [E]:  24685 [D]:  N/A [T]:33 [TH]:4-6, In
2015-07-10 02:41:23 : Loop to clean screen without Clouds , n?:1
2015-07-10 02:41:23 : Loop to clean screen without Clouds , n?:2
2015-07-10 02:41:24 : Loop to clean screen without Clouds , n?:3
2015-07-10 02:41:25 : Loop to clean screen without Clouds , n?:4
2015-07-10 02:41:25 : Loop to clean screen without Clouds , n?:5
2015-07-10 02:41:26 : Loop to clean screen without Clouds , n?:6
2015-07-10 02:41:26 :  26> [G]:   3190 [E]:  23730 [D]:  N/A [T]:23 [TH]:4-6, In
2015-07-10 02:41:28 : Loop to clean screen without Clouds , n?:1
2015-07-10 02:41:29 : Loop to clean screen without Clouds , n?:2
2015-07-10 02:41:30 :  27> [G]:  31608 [E]:   1923 [D]:  104 [T]:21 [TH]: 7, In
2015-07-10 02:41:32 : Loop to clean screen without Clouds , n?:1
2015-07-10 02:41:33 :  28> [G]:  30184 [E]:  13749 [D]:  N/A [T]:34 [TH]:4-6, In
2015-07-10 02:41:35 : Loop to clean screen without Clouds , n?:1
2015-07-10 02:41:35 : Loop to clean screen without Clouds , n?:2
2015-07-10 02:41:36 : Loop to clean screen without Clouds , n?:3
2015-07-10 02:41:37 : Loop to clean screen without Clouds , n?:4
2015-07-10 02:41:37 : Loop to clean screen without Clouds , n?:5
2015-07-10 02:41:38 : Loop to clean screen without Clouds , n?:6
2015-07-10 02:41:38 : Loop to clean screen without Clouds , n?:7
2015-07-10 02:41:39 : Loop to clean screen without Clouds , n?:8
2015-07-10 02:41:39 : Loop to clean screen without Clouds , n?:9
2015-07-10 02:41:40 :  29> [G]:  34971 [E]:  14457 [D]:  N/A [T]:23 [TH]:4-6, In
2015-07-10 02:41:42 : Loop to clean screen without Clouds , n?:1
2015-07-10 02:41:43 :  30> [G]:  51505 [E]: 104683 [D]:  N/A [T]:21 [TH]:4-6, In
2015-07-10 02:41:45 : Loop to clean screen without Clouds , n?:1
2015-07-10 02:41:45 : Loop to clean screen without Clouds , n?:2
2015-07-10 02:41:46 : Loop to clean screen without Clouds , n?:3
2015-07-10 02:41:47 : Loop to clean screen without Clouds , n?:4
2015-07-10 02:41:47 : Loop to clean screen without Clouds , n?:5
2015-07-10 02:41:48 : Loop to clean screen without Clouds , n?:6
2015-07-10 02:41:48 : Loop to clean screen without Clouds , n?:7
2015-07-10 02:41:49 : Loop to clean screen without Clouds , n?:8
2015-07-10 02:41:50 :  31> [G]:  91736 [E]:  14235 [D]:  N/A [T]:34 [TH]:4-6, In
2015-07-10 02:41:52 : Loop to clean screen without Clouds , n?:1
2015-07-10 02:41:52 :  32> [G]:  66326 [E]:  39786 [D]:  N/A [T]:19 [TH]:4-6, In
2015-07-10 02:41:52 : Aim: [G]: 112000 [E]:  72000 [D]:    0 [T]: 0 [TH]: 7
2015-07-10 02:41:52 : Aim: [G]:  92000 [E]:  52000 [D]:    0 [T]: 0 [TH]:4-6, Out
2015-07-10 02:41:54 : Loop to clean screen without Clouds , n?:1
2015-07-10 02:41:55 : Loop to clean screen without Clouds , n?:2
2015-07-10 02:41:55 : Loop to clean screen without Clouds , n?:3
2015-07-10 02:41:56 : Loop to clean screen without Clouds , n?:4
2015-07-10 02:41:57 : Loop to clean screen without Clouds , n?:5
2015-07-10 02:41:57 : Loop to clean screen without Clouds , n?:6
2015-07-10 02:41:58 : Loop to clean screen without Clouds , n?:7
2015-07-10 02:41:58 : Loop to clean screen without Clouds , n?:8
