2015-07-08 21:20:27 : ~~~ Clash Game Bot v4.0 Powered by GameBot.org ~~~
2015-07-08 21:20:27 : Executable running on WIN_81  X64
2015-07-08 21:20:27 : =================== Bot Start ====================
2015-07-08 21:20:28 : Trying to locate Main Screen
2015-07-08 21:20:28 : Zooming Out
2015-07-08 21:20:30 : Main Screen Located
2015-07-08 21:20:31 : Detecting your Buildings..
2015-07-08 21:20:31 : Town Hall Position: 430, 237
2015-07-08 21:20:33 : Taking snapshot for later review
2015-07-08 21:20:36 : Read building Name String = Clan Castle (Level 4)
2015-07-08 21:20:36 : 1st $aString = 2, Clan Castle , Level 4)
2015-07-08 21:20:36 : 2nd $aString = 2, Level 4, 
2015-07-08 21:20:36 : 3rd $aString = 2, Level, 4
2015-07-08 21:20:36 : Your Town Hall is Level: 4
2015-07-08 21:20:37 : Language setting is English: Correct.
2015-07-08 21:20:38 : Trying to locate Main Screen
2015-07-08 21:20:38 : Main Screen Located
2015-07-08 21:20:39 : Halt Attack, Stay Online/Collect...
2015-07-08 21:20:41 : Profile Report
2015-07-08 21:20:41 : Opening Profile page to read atk, def, donated ad received...
2015-07-08 21:20:42 :  [ATKW]:  [DEFW]:  [TDON]:  [TREC]: 
2015-07-08 21:20:47 : Checking if Village needs Rearming..
2015-07-08 21:20:49 : Taking snapshot for later review
2015-07-08 21:20:58 : Village Report
2015-07-08 21:20:58 : No. of Free/Total Builders: 0/5
2015-07-08 21:20:59 :  [T]: 3 247
2015-07-08 21:20:59 :  [G]: 712 222 [E]: 6 001 000 [D]: 69 311 [GEM]: 2 016
2015-07-08 21:21:02 : Func Train 
2015-07-08 21:21:05 : Request CC not Planned, Skipped..
2015-07-08 21:21:09 : No free builder, Upgrade Walls skipped..
2015-07-08 21:21:29 : Func Train 
2015-07-08 21:21:31 : Time Idle: 00:00:20
2015-07-08 21:21:50 : Func Train 
2015-07-08 21:21:51 : Time Idle: 00:00:41
2015-07-08 21:22:11 : Func Train 
2015-07-08 21:22:12 : Time Idle: 00:01:02
2015-07-08 21:22:32 : Func Train 
2015-07-08 21:22:33 : Time Idle: 00:01:23
2015-07-08 21:22:53 : Func Train 
2015-07-08 21:22:54 : Time Idle: 00:01:44
2015-07-08 21:23:14 : Func Train 
2015-07-08 21:23:15 : Time Idle: 00:02:05
2015-07-08 21:23:35 : Func Train 
2015-07-08 21:23:36 : Time Idle: 00:02:26
2015-07-08 21:23:56 : Func Train 
2015-07-08 21:23:57 : Time Idle: 00:02:47
2015-07-08 21:24:16 : Func Train 
2015-07-08 21:24:18 : Time Idle: 00:03:07
2015-07-08 21:24:38 : Func Train 
2015-07-08 21:24:39 : Time Idle: 00:03:29
2015-07-08 21:24:59 : Func Train 
2015-07-08 21:25:01 : Time Idle: 00:03:51
2015-07-08 21:25:21 : Func Train 
2015-07-08 21:25:22 : Time Idle: 00:04:11
2015-07-08 21:25:42 : Func Train 
2015-07-08 21:25:43 : Time Idle: 00:04:32
2015-07-08 21:26:03 : Func Train 
2015-07-08 21:26:04 : Time Idle: 00:04:53
2015-07-08 21:26:24 : Func Train 
2015-07-08 21:26:25 : Time Idle: 00:05:14
2015-07-08 21:26:44 : Func Train 
2015-07-08 21:26:45 : Time Idle: 00:05:35
2015-07-08 21:27:05 : Func Train 
2015-07-08 21:27:06 : Time Idle: 00:05:56
2015-07-08 21:27:26 : Func Train 
2015-07-08 21:27:27 : Time Idle: 00:06:17
2015-07-08 21:27:48 : Func Train 
2015-07-08 21:27:49 : Time Idle: 00:06:38
2015-07-08 21:28:08 : Func Train 
2015-07-08 21:28:10 : Time Idle: 00:06:59
2015-07-08 21:28:29 : Func Train 
2015-07-08 21:28:30 : Time Idle: 00:07:20
2015-07-08 21:28:50 : Func Train 
2015-07-08 21:28:51 : Time Idle: 00:07:40
2015-07-08 21:29:10 : Func Train 
2015-07-08 21:29:11 : Time Idle: 00:08:01
2015-07-08 21:29:31 : Func Train 
2015-07-08 21:29:32 : Time Idle: 00:08:22
2015-07-08 21:29:52 : Func Train 
2015-07-08 21:29:53 : Time Idle: 00:08:42
2015-07-08 21:30:13 : Func Train 
2015-07-08 21:30:14 : Time Idle: 00:09:04
2015-07-08 21:30:34 : Func Train 
2015-07-08 21:30:35 : Time Idle: 00:09:24
2015-07-08 21:30:56 : Func Train 
2015-07-08 21:30:57 : Time Idle: 00:09:46
2015-07-08 21:31:16 : Func Train 
2015-07-08 21:31:17 : Time Idle: 00:10:07
2015-07-08 21:31:37 : Func Train 
2015-07-08 21:31:38 : Time Idle: 00:10:28
2015-07-08 21:31:58 : Func Train 
2015-07-08 21:31:59 : Time Idle: 00:10:48
2015-07-08 21:32:19 : Func Train 
2015-07-08 21:32:20 : Time Idle: 00:11:10
2015-07-08 21:32:40 : Func Train 
2015-07-08 21:32:41 : Time Idle: 00:11:30
2015-07-08 21:33:01 : Func Train 
2015-07-08 21:33:02 : Time Idle: 00:11:52
2015-07-08 21:33:22 : Func Train 
2015-07-08 21:33:23 : Time Idle: 00:12:12
2015-07-08 21:33:43 : Func Train 
2015-07-08 21:33:44 : Time Idle: 00:12:33
2015-07-08 21:34:05 : Func Train 
2015-07-08 21:34:06 : Time Idle: 00:12:55
2015-07-08 21:34:26 : Func Train 
2015-07-08 21:34:27 : Time Idle: 00:13:16
2015-07-08 21:34:46 : Func Train 
2015-07-08 21:34:47 : Time Idle: 00:13:36
2015-07-08 21:35:07 : Func Train 
2015-07-08 21:35:08 : Time Idle: 00:13:57
2015-07-08 21:35:28 : Func Train 
2015-07-08 21:35:29 : Time Idle: 00:14:18
2015-07-08 21:35:48 : Func Train 
2015-07-08 21:35:50 : Time Idle: 00:14:39
2015-07-08 21:36:10 : Func Train 
2015-07-08 21:36:11 : Time Idle: 00:15:00
2015-07-08 21:36:31 : Func Train 
2015-07-08 21:36:32 : Time Idle: 00:15:21
2015-07-08 21:36:52 : Func Train 
2015-07-08 21:36:53 : Time Idle: 00:15:42
2015-07-08 21:37:14 : Func Train 
2015-07-08 21:37:15 : Time Idle: 00:16:04
2015-07-08 21:37:35 : Func Train 
2015-07-08 21:37:36 : Time Idle: 00:16:25
2015-07-08 21:37:56 : Func Train 
2015-07-08 21:37:57 : Time Idle: 00:16:46
2015-07-08 21:38:16 : Func Train 
2015-07-08 21:38:17 : Time Idle: 00:17:07
2015-07-08 21:38:37 : Func Train 
2015-07-08 21:38:38 : Time Idle: 00:17:27
2015-07-08 21:38:58 : Func Train 
2015-07-08 21:38:59 : Time Idle: 00:17:48
2015-07-08 21:39:19 : Func Train 
2015-07-08 21:39:20 : Time Idle: 00:18:09
2015-07-08 21:39:40 : Func Train 
2015-07-08 21:39:41 : Time Idle: 00:18:30
2015-07-08 21:40:01 : Func Train 
2015-07-08 21:40:02 : Time Idle: 00:18:51
2015-07-08 21:40:23 : Func Train 
2015-07-08 21:40:24 : Time Idle: 00:19:13
2015-07-08 21:40:44 : Func Train 
2015-07-08 21:40:45 : Time Idle: 00:19:34
2015-07-08 21:41:04 : Func Train 
2015-07-08 21:41:06 : Time Idle: 00:19:55
2015-07-08 21:41:25 : Func Train 
2015-07-08 21:41:26 : Time Idle: 00:20:15
2015-07-08 21:41:46 : Func Train 
2015-07-08 21:41:47 : Time Idle: 00:20:36
2015-07-08 21:42:07 : Func Train 
2015-07-08 21:42:08 : Time Idle: 00:20:57
2015-07-08 21:42:28 : Func Train 
2015-07-08 21:42:29 : Time Idle: 00:21:18
2015-07-08 21:42:48 : Func Train 
2015-07-08 21:42:49 : Time Idle: 00:21:38
2015-07-08 21:43:10 : Func Train 
2015-07-08 21:43:11 : Time Idle: 00:22:00
2015-07-08 21:43:32 : Func Train 
2015-07-08 21:43:33 : Time Idle: 00:22:22
2015-07-08 21:43:53 : Func Train 
2015-07-08 21:43:54 : Time Idle: 00:22:43
2015-07-08 21:44:14 : Func Train 
2015-07-08 21:44:15 : Time Idle: 00:23:03
2015-07-08 21:44:34 : Func Train 
2015-07-08 21:44:35 : Time Idle: 00:23:24
2015-07-08 21:44:55 : Func Train 
2015-07-08 21:44:56 : Time Idle: 00:23:45
2015-07-08 21:45:17 : Func Train 
2015-07-08 21:45:18 : Time Idle: 00:24:07
2015-07-08 21:45:37 : Func Train 
2015-07-08 21:45:38 : Time Idle: 00:24:27
2015-07-08 21:45:58 : Func Train 
2015-07-08 21:45:59 : Time Idle: 00:24:48
2015-07-08 21:46:19 : Func Train 
2015-07-08 21:46:20 : Time Idle: 00:25:09
2015-07-08 21:46:41 : Func Train 
2015-07-08 21:46:42 : Time Idle: 00:25:31
2015-07-08 21:47:03 : Func Train 
2015-07-08 21:47:04 : Time Idle: 00:25:53
2015-07-08 21:47:24 : Func Train 
2015-07-08 21:47:25 : Time Idle: 00:26:13
2015-07-08 21:47:44 : Func Train 
2015-07-08 21:47:45 : Time Idle: 00:26:34
2015-07-08 21:48:05 : Func Train 
2015-07-08 21:48:07 : Time Idle: 00:26:55
2015-07-08 21:48:26 : Func Train 
2015-07-08 21:48:27 : Time Idle: 00:27:16
2015-07-08 21:48:47 : Func Train 
2015-07-08 21:48:48 : Time Idle: 00:27:37
2015-07-08 21:49:09 : Func Train 
2015-07-08 21:49:10 : Time Idle: 00:27:58
2015-07-08 21:49:29 : Func Train 
2015-07-08 21:49:30 : Time Idle: 00:28:19
2015-07-08 21:49:51 : Func Train 
2015-07-08 21:49:52 : Time Idle: 00:28:41
2015-07-08 21:50:12 : Func Train 
2015-07-08 21:50:13 : Time Idle: 00:29:01
2015-07-08 21:50:32 : Func Train 
2015-07-08 21:50:34 : Time Idle: 00:29:22
2015-07-08 21:50:53 : Func Train 
2015-07-08 21:50:54 : Time Idle: 00:29:43
2015-07-08 21:51:15 : Func Train 
2015-07-08 21:51:16 : Time Idle: 00:30:04
2015-07-08 21:51:35 : Func Train 
2015-07-08 21:51:37 : Time Idle: 00:30:25
2015-07-08 21:51:56 : Func Train 
2015-07-08 21:51:57 : Time Idle: 00:30:46
2015-07-08 21:52:17 : Func Train 
2015-07-08 21:52:18 : Time Idle: 00:31:06
2015-07-08 21:52:38 : Func Train 
2015-07-08 21:52:39 : Time Idle: 00:31:27
2015-07-08 21:52:59 : Func Train 
2015-07-08 21:53:01 : Time Idle: 00:31:50
2015-07-08 21:53:21 : Func Train 
2015-07-08 21:53:22 : Time Idle: 00:32:10
2015-07-08 21:53:42 : Func Train 
2015-07-08 21:53:43 : Time Idle: 00:32:31
2015-07-08 21:54:03 : Func Train 
2015-07-08 21:54:04 : Time Idle: 00:32:52
2015-07-08 21:54:24 : Func Train 
2015-07-08 21:54:25 : Time Idle: 00:33:13
2015-07-08 21:54:44 : Func Train 
2015-07-08 21:54:46 : Time Idle: 00:33:34
2015-07-08 21:55:06 : Func Train 
2015-07-08 21:55:07 : Time Idle: 00:33:55
2015-07-08 21:55:26 : Func Train 
2015-07-08 21:55:27 : Time Idle: 00:34:16
2015-07-08 21:55:47 : Func Train 
2015-07-08 21:55:48 : Time Idle: 00:34:36
2015-07-08 21:56:09 : Func Train 
2015-07-08 21:56:10 : Time Idle: 00:34:58
2015-07-08 21:56:29 : Func Train 
2015-07-08 21:56:30 : Time Idle: 00:35:19
2015-07-08 21:56:50 : Func Train 
2015-07-08 21:56:51 : Time Idle: 00:35:40
2015-07-08 21:57:12 : Func Train 
2015-07-08 21:57:13 : Time Idle: 00:36:01
2015-07-08 21:57:32 : Func Train 
2015-07-08 21:57:33 : Time Idle: 00:36:22
2015-07-08 21:57:53 : Func Train 
2015-07-08 21:57:54 : Time Idle: 00:36:42
2015-07-08 21:58:14 : Func Train 
2015-07-08 21:58:15 : Time Idle: 00:37:03
2015-07-08 21:58:35 : Func Train 
2015-07-08 21:58:36 : Time Idle: 00:37:24
2015-07-08 21:58:55 : Func Train 
2015-07-08 21:58:56 : Time Idle: 00:37:45
2015-07-08 21:59:17 : Func Train 
2015-07-08 21:59:19 : Time Idle: 00:38:07
2015-07-08 21:59:38 : Func Train 
2015-07-08 21:59:39 : Time Idle: 00:38:27
2015-07-08 21:59:59 : Func Train 
2015-07-08 22:00:00 : Time Idle: 00:38:48
2015-07-08 22:00:20 : Func Train 
2015-07-08 22:00:21 : Time Idle: 00:39:09
2015-07-08 22:00:40 : Func Train 
2015-07-08 22:00:41 : Time Idle: 00:39:29
2015-07-08 22:01:01 : Func Train 
2015-07-08 22:01:02 : Time Idle: 00:39:51
2015-07-08 22:01:22 : Func Train 
2015-07-08 22:01:23 : Time Idle: 00:40:11
2015-07-08 22:01:43 : Func Train 
2015-07-08 22:01:44 : Time Idle: 00:40:32
2015-07-08 22:02:04 : Func Train 
2015-07-08 22:02:05 : Time Idle: 00:40:53
2015-07-08 22:02:26 : Func Train 
2015-07-08 22:02:27 : Time Idle: 00:41:15
2015-07-08 22:02:47 : Func Train 
2015-07-08 22:02:48 : Time Idle: 00:41:36
2015-07-08 22:03:07 : Func Train 
2015-07-08 22:03:08 : Time Idle: 00:41:56
2015-07-08 22:03:28 : Func Train 
2015-07-08 22:03:29 : Time Idle: 00:42:17
2015-07-08 22:03:49 : Func Train 
2015-07-08 22:03:50 : Time Idle: 00:42:38
2015-07-08 22:04:09 : Func Train 
2015-07-08 22:04:10 : Time Idle: 00:42:58
2015-07-08 22:04:30 : Func Train 
2015-07-08 22:04:31 : Time Idle: 00:43:19
2015-07-08 22:04:51 : Func Train 
2015-07-08 22:04:52 : Time Idle: 00:43:40
2015-07-08 22:05:11 : Waiting for Main Screen
2015-07-08 22:05:18 : Trying to locate Main Screen
2015-07-08 22:05:18 : Main Screen Located
2015-07-08 22:05:19 : Halt Attack, Stay Online/Collect...
2015-07-08 22:05:21 : Profile Report
2015-07-08 22:05:21 : Opening Profile page to read atk, def, donated ad received...
2015-07-08 22:05:23 :  [ATKW]: 30 [DEFW]: 0 [TDON]: 456 [TREC]: 110
2015-07-08 22:05:27 : Checking if Village needs Rearming..
2015-07-08 22:05:29 : Taking snapshot for later review
2015-07-08 22:05:36 : Another Device has connected, waiting 2 minutes 0 seconds
