2015-07-09 23:11:35 : ~~~ Clash Game Bot v4.0 Powered by GameBot.org ~~~
2015-07-09 23:11:35 : Au3 Script running on WIN_81  X64
2015-07-09 23:11:35 : =================== Bot Start ====================
2015-07-09 23:11:36 : Trying to locate Main Screen
2015-07-09 23:11:37 : Waiting for Main Screen
2015-07-09 23:11:40 : Main Screen Located
2015-07-09 23:11:41 : Detecting your Buildings..
2015-07-09 23:11:41 : Town Hall Position: 430, 237
2015-07-09 23:11:43 : Taking snapshot for later review
2015-07-09 23:11:48 : Read building Name String = Town Hall (Level 6)
2015-07-09 23:11:48 : 1st $aString = 2, Town Hall , Level 6)
2015-07-09 23:11:48 : 2nd $aString = 2, Level 6, 
2015-07-09 23:11:48 : 3rd $aString = 2, Level, 6
2015-07-09 23:11:48 : Your Town Hall is Level: 6
2015-07-09 23:11:49 : Language setting is English: Correct.
2015-07-09 23:11:50 : Trying to locate Main Screen
2015-07-09 23:11:50 : Main Screen Located
2015-07-09 23:11:52 : Profile Report
2015-07-09 23:11:52 : Opening Profile page to read atk, def, donated ad received...
2015-07-09 23:11:53 :  [ATKW]: 39 [DEFW]: 2 [TDON]: 302 [TREC]: 326
2015-07-09 23:12:00 : Village Report
2015-07-09 23:12:00 : No. of Free/Total Builders: 0/3
2015-07-09 23:12:00 :  [T]: 1 005
2015-07-09 23:12:00 :  [G]: 91 512 [E]: 542 298 [GEM]: 672
2015-07-09 23:12:03 : Donation not Planned, Skipped..
2015-07-09 23:12:04 : Func Train 
2015-07-09 23:12:04 : Checking Army Camp...
2015-07-09 23:12:05 : $sArmyInfo = 90#135
2015-07-09 23:12:05 : $CurCamp = 90
2015-07-09 23:12:05 : $TotalCamp = 135
2015-07-09 23:12:06 : Total Army Camp capacity: 90/135
2015-07-09 23:12:06 : $hBitmapFirst made
2015-07-09 23:12:06 : Calling CGBfunctions.dll/searchIdentifyTroopTrained 
2015-07-09 23:12:09 : Dll return $FullTemp :Barbarian|9-20|1#Archer|70-22|54#Giant|134-23|7
2015-07-09 23:12:09 : $Trooptype split # : 3
2015-07-09 23:12:09 : Start the Loop
2015-07-09 23:12:09 : $TroopTypeT[$i] split : 1
2015-07-09 23:12:09 :  - No. of Barbarians: 1
2015-07-09 23:12:09 : $TroopTypeT[$i] split : 2
2015-07-09 23:12:09 :  - No. of Archers: 54
2015-07-09 23:12:09 : $TroopTypeT[$i] split : 3
2015-07-09 23:12:09 :  - No. of Giants: 7
2015-07-09 23:12:09 : Training Troops...
2015-07-09 23:12:11 : This is not a Barrack
2015-07-09 23:12:11 : Barrack1 selected
2015-07-09 23:12:11 : Barrack1 selected
2015-07-09 23:12:12 : Barrack1 selected
