2015-07-08 17:24:47 : ~~~ Clash Game Bot v4.0 Powered by GameBot.org ~~~
2015-07-08 17:24:47 : Executable running on WIN_81  X64
2015-07-08 17:24:47 : =================== Bot Start ====================
2015-07-08 17:24:47 : Trying to locate Main Screen
2015-07-08 17:24:47 : Main Screen Located
2015-07-08 17:24:48 : Detecting your Buildings..
2015-07-08 17:24:49 : Town Hall Position: 430, 237
2015-07-08 17:24:50 : Taking snapshot for later review
2015-07-08 17:24:52 : Read building Name String = 
2015-07-08 17:24:52 : Your Town Hall Level was not found, please restart the bot6
2015-07-08 17:24:54 : Total No. of Dark Barracks: 2
2015-07-08 17:24:54 : - Dark Barrack 1: (514,655)
2015-07-08 17:24:54 : - Dark Barrack 2: (663,623)
2015-07-08 17:24:54 : Language setting is English: Correct.
2015-07-08 17:24:55 : Trying to locate Main Screen
2015-07-08 17:24:55 : Main Screen Located
2015-07-08 17:24:57 : ClashGameBot was Paused!
2015-07-08 17:25:09 : ClashGameBot was Resumed.
2015-07-08 17:25:10 : Profile Report
2015-07-08 17:25:10 : Opening Profile page to read atk, def, donated ad received...
2015-07-08 17:25:11 :  [ATKW]:  [DEFW]:  [TDON]:  [TREC]: 
2015-07-08 17:25:15 : Checking if Village needs Rearming..
2015-07-08 17:25:18 : Taking snapshot for later review
2015-07-08 17:25:18 : ClashGameBot was Paused!
2015-07-08 17:25:33 : ClashGameBot was Resumed.
