2015-07-12 14:45:33 : ~~~ Clash Game Bot v4.0 Powered by GameBot.org ~~~
2015-07-12 14:45:33 : Au3 Script running on WIN_81  X64
2015-07-12 14:45:33 : =================== Bot Start ====================
2015-07-12 14:45:33 : Trying to locate Main Screen
2015-07-12 14:45:33 : Main Screen Located
2015-07-12 14:45:34 : Detecting your Buildings..
2015-07-12 14:45:35 : Town Hall Position: 430, 237
2015-07-12 14:45:36 : Taking snapshot for later review
2015-07-12 14:45:41 : Read building Name String = Town Hall (Level 6)
2015-07-12 14:45:41 : 1st $aString = 2, Town Hall , Level 6)
2015-07-12 14:45:41 : 2nd $aString = 2, Level 6, 
2015-07-12 14:45:41 : 3rd $aString = 2, Level, 6
2015-07-12 14:45:41 : Your Town Hall is Level: 6
2015-07-12 14:45:42 : Language setting is English: Correct.
2015-07-12 14:45:43 : Trying to locate Main Screen
2015-07-12 14:45:43 : Main Screen Located
2015-07-12 14:45:43 : Gold Storages are full!
2015-07-12 14:45:46 : Collecting Resources
2015-07-12 14:45:53 : Checking if Village needs Rearming..
2015-07-12 14:45:55 : Taking snapshot for later review
2015-07-12 14:46:04 : Village Report
2015-07-12 14:46:04 : No. of Free/Total Builders: 0/3
2015-07-12 14:46:04 :  [T]: 1 100
2015-07-12 14:46:04 :  [G]: 2 001 000 [E]: 1 367 542 [GEM]: 672
2015-07-12 14:46:07 : Func Train 
2015-07-12 14:46:07 : Checking Army Camp...
2015-07-12 14:46:09 : $sArmyInfo = 89#140
2015-07-12 14:46:09 : $CurCamp = 89
2015-07-12 14:46:09 : $TotalCamp = 140
2015-07-12 14:46:09 : Total Army Camp capacity: 89/140
2015-07-12 14:46:09 : $hBitmapFirst made
2015-07-12 14:46:10 : Calling CGBfunctions.dll/searchIdentifyTroopTrained 
2015-07-12 14:46:12 : Dll return $FullTemp :Barbarian|9-20|24#Archer|70-22|40#Giant|134-23|5
2015-07-12 14:46:12 : $Trooptype split # : 3
2015-07-12 14:46:12 : Start the Loop
2015-07-12 14:46:12 : $TroopTypeT[$i] split : 1
2015-07-12 14:46:12 :  - No. of Barbarians: 24
2015-07-12 14:46:12 : $TroopTypeT[$i] split : 2
2015-07-12 14:46:12 :  - No. of Archers: 40
2015-07-12 14:46:13 : $TroopTypeT[$i] split : 3
2015-07-12 14:46:13 :  - No. of Giants: 5
2015-07-12 14:46:14 : Training Troops...
2015-07-12 14:46:16 : Barrack #1 is available
