2015-07-08 17:18:19 : Starting BlueStacks
2015-07-08 17:18:25 : BlueStacks Loaded, took 6.45 seconds to begin.
2015-07-08 17:18:26 : ~~~ Clash Game Bot v4.0 Powered by GameBot.org ~~~
2015-07-08 17:18:26 : Executable running on WIN_81  X64
2015-07-08 17:18:26 : =================== Bot Start ====================
2015-07-08 17:18:26 : Trying to locate Main Screen
2015-07-08 17:18:30 : Waiting for Main Screen
2015-07-08 17:18:47 : Zooming Out
2015-07-08 17:18:49 : Main Screen Located
2015-07-08 17:18:51 : Detecting your Buildings..
2015-07-08 17:18:59 : Your Town Hall is Level: 6
2015-07-08 17:19:09 : Total No. of Barracks: 3
2015-07-08 17:19:15 : Total No. of Dark Barracks: 0
2015-07-08 17:19:16 : Locating Army Camp...
2015-07-08 17:19:20 : Army Camp: (562,163)
2015-07-08 17:19:25 : $TotalCamp = 135
2015-07-08 17:19:25 : Locating Clan Castle...
2015-07-08 17:19:29 : Clan Castle: (430,108)
2015-07-08 17:19:33 : Total No. of Gold Mines: 6
2015-07-08 17:19:40 : Total No. of Elixir Collectors: 3
2015-07-08 17:19:43 : Language setting is English: Correct.
2015-07-08 17:19:44 : Trying to locate Main Screen
2015-07-08 17:19:44 : Main Screen Located
2015-07-08 17:19:46 : Profile Report
2015-07-08 17:19:46 : Opening Profile page to read atk, def, donated ad received...
2015-07-08 17:19:48 :  [ATKW]: 26 [DEFW]: 0 [TDON]: 182 [TREC]: 171
2015-07-08 17:19:52 : Checking if Village needs Rearming..
2015-07-08 17:20:04 : Village Report
2015-07-08 17:20:04 : No. of Free/Total Builders: 0/3
2015-07-08 17:20:04 :  [T]: 987
2015-07-08 17:20:05 :  [G]: 77 437 [E]: 1 301 288 [GEM]: 632
2015-07-08 17:20:09 : Chat Request: any
2015-07-08 17:20:09 : Archers Keyword found: any
2015-07-08 17:20:09 : Donating Archers
2015-07-08 17:20:12 : Chat Request: any
2015-07-08 17:20:12 : Archers Keyword found: any
2015-07-08 17:20:13 : Donating Archers
2015-07-08 17:20:16 : Checking Army Camp...
2015-07-08 17:20:18 : Total Army Camp capacity: 130/135
2015-07-08 17:20:21 :  - No. of Barbarians: 41
2015-07-08 17:20:21 :  - No. of Archers: 39
2015-07-08 17:20:21 :  - No. of Giants: 10
2015-07-08 17:20:22 : Training Troops...
2015-07-08 17:20:47 : ClashGameBot was Paused!
