2015-07-07 10:20:00 : ~~~ Clash Game Bot v4.0 Powered by GameBot.org ~~~
2015-07-07 10:20:00 : Executable running on WIN_81  X64
2015-07-07 10:20:00 : =================== Bot Start ====================
2015-07-07 10:20:00 : Trying to locate Main Screen
2015-07-07 10:20:00 : Main Screen Located
2015-07-07 10:20:00 : Click 1,1,1,0 #0166 | Away
2015-07-07 10:20:02 : Detecting your Buildings..
2015-07-07 10:20:02 : Click 1,1,2,200 
2015-07-07 10:20:02 : Click 430,242,1,0 
2015-07-07 10:20:06 : Your Town Hall is Level: 6
2015-07-07 10:20:06 : Click 1,1,2,200 
2015-07-07 10:20:16 : Total No. of Barracks: 3
2015-07-07 10:20:22 : Total No. of Dark Barracks: 0
2015-07-07 10:20:23 : Locating Army Camp...
2015-07-07 10:20:31 : Army Camp: (561,167)
2015-07-07 10:20:36 : Click 1,1,1,0 
2015-07-07 10:20:36 : Click 40,525,1,0 
2015-07-07 10:20:38 : $TotalCamp = 135
2015-07-07 10:20:38 : Click 1,1,1,0 #0206 | Away
2015-07-07 10:20:38 : Locating Clan Castle...
2015-07-07 10:20:53 : Click 1,1,2,200 #0327 | Away
2015-07-07 10:20:56 : Total No. of Gold Mines: 6
2015-07-07 10:21:03 : Total No. of Elixir Collectors: 3
2015-07-07 10:21:05 : Language setting is English: Correct.
2015-07-07 10:21:06 : Trying to locate Main Screen
2015-07-07 10:21:06 : Main Screen Located
2015-07-07 10:21:09 : Click 1,1,1,0 #0332 | Away
2015-07-07 10:21:11 : Checking if Village needs Rearming..
2015-07-07 10:21:11 : Click 1,1,1,0 #0224 | Away
2015-07-07 10:21:11 : Click 430,242,1,0 #0225 | Rearm - Click Town Hall
2015-07-07 10:21:17 : ClashGameBot was Paused!
