2015-07-09 22:11:52 : ~~~ Clash Game Bot v4.0 Powered by GameBot.org ~~~
2015-07-09 22:11:52 : Executable running on WIN_81  X64
2015-07-09 22:11:52 : =================== Bot Start ====================
2015-07-09 22:11:53 : Trying to locate Main Screen
2015-07-09 22:11:53 : Main Screen Located
2015-07-09 22:11:54 : Detecting your Buildings..
2015-07-09 22:11:54 : Town Hall Position: 430, 237
2015-07-09 22:11:56 : Taking snapshot for later review
2015-07-09 22:11:59 : Read building Name String = Town Hall (Level 6)
2015-07-09 22:11:59 : 1st $aString = 2, Town Hall , Level 6)
2015-07-09 22:11:59 : 2nd $aString = 2, Level 6, 
2015-07-09 22:11:59 : 3rd $aString = 2, Level, 6
2015-07-09 22:11:59 : Your Town Hall is Level: 6
2015-07-09 22:12:00 : Language setting is English: Correct.
2015-07-09 22:12:01 : Trying to locate Main Screen
2015-07-09 22:12:01 : Main Screen Located
2015-07-09 22:12:03 : Profile Report
2015-07-09 22:12:03 : Opening Profile page to read atk, def, donated ad received...
2015-07-09 22:12:04 :  [ATKW]: 38 [DEFW]: 2 [TDON]: 302 [TREC]: 326
2015-07-09 22:12:12 : Village Report
2015-07-09 22:12:12 : No. of Free/Total Builders: 0/3
2015-07-09 22:12:12 :  [T]: 1 013
2015-07-09 22:12:12 :  [G]: 1 343 866 [E]: 1 174 835 [GEM]: 632
2015-07-09 22:12:14 : Donation not Planned, Skipped..
2015-07-09 22:12:15 : Func Train 
2015-07-09 22:12:15 : Checking Army Camp...
2015-07-09 22:12:17 : $sArmyInfo = 69#135
2015-07-09 22:12:17 : $CurCamp = 69
2015-07-09 22:12:17 : $TotalCamp = 135
2015-07-09 22:12:17 : Total Army Camp capacity: 69/135
2015-07-09 22:12:17 : $hBitmapFirst made
2015-07-09 22:12:18 : Calling CGBfunctions.dll/searchIdentifyTroopTrained 
2015-07-09 22:12:18 : Dll return $FullTemp :Archer|8-22|54#Giant|71-23|3
2015-07-09 22:12:18 : $Trooptype split # : 2
2015-07-09 22:12:18 : Start the Loop
2015-07-09 22:12:19 : $TroopTypeT[$i] split : 1
2015-07-09 22:12:19 :  - No. of Archers: 54
2015-07-09 22:12:19 : $TroopTypeT[$i] split : 2
2015-07-09 22:12:19 :  - No. of Giants: 3
2015-07-09 22:12:19 : Training Troops...
2015-07-09 22:12:21 : This is not a Barrack
2015-07-09 22:12:21 : Barrack1 selected
2015-07-09 22:12:21 : Barrack1 selected
2015-07-09 22:12:22 : Train: need to make normal troops: True
2015-07-09 22:12:22 : Train: need to make dark troops: False
2015-07-09 22:12:22 : Barrack1 selected
2015-07-09 22:12:22 : Barrack2 selected
2015-07-09 22:12:22 : Barrack2 selected
2015-07-09 22:12:23 : Barrack3 selected
2015-07-09 22:12:23 : Barrack3 selected
2015-07-09 22:12:24 : This is not a Barrack
2015-07-09 22:12:24 : This is not a Barrack
2015-07-09 22:12:24 : This is not a Barrack
2015-07-09 22:12:24 : This is not a Barrack
2015-07-09 22:12:25 : This is not a Barrack
2015-07-09 22:12:26 : Train: need to make normal troops: True
2015-07-09 22:12:26 : Train: need to make dark troops: False
2015-07-09 22:12:26 : Barrack3 selected
2015-07-09 22:12:27 : This is not a Barrack
2015-07-09 22:12:27 : This is not a Barrack
2015-07-09 22:12:27 : This is not a Barrack
2015-07-09 22:12:27 : This is not a Barrack
2015-07-09 22:12:27 : This is not a Barrack
2015-07-09 22:12:27 : This is not a Barrack
2015-07-09 22:12:29 : ---------COMPUTE TROOPS TO MAKE------------------------
2015-07-09 22:12:29 : -- AnotherTroops to train:0 + 9*5
2015-07-09 22:12:29 : Need to train Giant:9
2015-07-09 22:12:29 : -- AnotherTroops to train:45 + 0*2
2015-07-09 22:12:29 : -- AnotherTroops to train:45 + 0*14
2015-07-09 22:12:29 : -- AnotherTroops to train:45 + 0*25
2015-07-09 22:12:29 : -- AnotherTroops to train:45 + 0*5
2015-07-09 22:12:29 : -- AnotherTroops to train:45 + 0*4
2015-07-09 22:12:29 : -- AnotherTroops to train:45 + 0*20
2015-07-09 22:12:29 : -- AnotherTroops dark to train:45 + 0*2
2015-07-09 22:12:29 : -- AnotherTroops dark to train:45 + 0*5
2015-07-09 22:12:29 : -- AnotherTroops dark to train:45 + 0*8
2015-07-09 22:12:29 : -- AnotherTroops dark to train:45 + 0*30
2015-07-09 22:12:29 : -- AnotherTroops dark to train:45 + 0*12
2015-07-09 22:12:29 : -- AnotherTroops dark to train:45 + 0*30
2015-07-09 22:12:29 : --------------AnotherTroops TOTAL to train:45
2015-07-09 22:12:29 : Need to train (height) GOBL:0 BARB: 36 ARCH: 0 AND 45 other troops space
2015-07-09 22:12:29 : BARRACKNUM: 3
2015-07-09 22:12:29 : GiantEBarrack: 2
2015-07-09 22:12:29 : BarbEBarrack: 12
2015-07-09 22:12:29 : DARKBARRACKNUM: 1
2015-07-09 22:12:29 : Barrack3 selected
2015-07-09 22:12:30 : Call Func TrainIt for Giant
2015-07-09 22:12:30 : Func GetGemName 2
2015-07-09 22:12:31 : Func GetFullName 2
