2015-07-13 17:21:39 : ~~~ Clash Game Bot v4.0 Powered by GameBot.org ~~~
2015-07-13 17:21:39 : Executable running on WIN_81  X64
2015-07-13 17:21:39 : =================== Bot Start ====================
2015-07-13 17:21:39 : Trying to locate Main Screen
2015-07-13 17:21:39 : Main Screen Located
2015-07-13 17:21:40 : Detecting your Buildings..
2015-07-13 17:21:45 : Your Town Hall is Level: 6
2015-07-13 17:21:46 : Language setting is English: Correct.
2015-07-13 17:21:47 : Trying to locate Main Screen
2015-07-13 17:21:47 : Main Screen Located
2015-07-13 17:21:49 : Collecting Resources
2015-07-13 17:21:57 : Checking if Village needs Rearming..
2015-07-13 17:22:08 : Village Report
2015-07-13 17:22:08 : No. of Free/Total Builders: 0/3
2015-07-13 17:22:08 :  [T]: 1 096
2015-07-13 17:22:08 :  [G]: 379 553 [E]: 920 809 [GEM]: 681
2015-07-13 17:22:12 : Checking Army Camp...
2015-07-13 17:22:14 : Total Army Camp capacity: 53/150
2015-07-13 17:22:15 :  - No. of Barbarians: 12
2015-07-13 17:22:15 :  - No. of Archers: 21
2015-07-13 17:22:15 :  - No. of Giants: 4
2015-07-13 17:22:15 : Training Troops...
2015-07-13 17:22:22 : Requesting Clan Castle Troops
2015-07-13 17:22:28 : No free builder, Upgrade Walls skipped..
