2015-07-09 23:01:50 : ~~~ Clash Game Bot v4.0 Powered by GameBot.org ~~~
2015-07-09 23:01:50 : Executable running on WIN_81  X64
2015-07-09 23:01:50 : =================== Bot Start ====================
2015-07-09 23:01:51 : Trying to locate Main Screen
2015-07-09 23:01:51 : Main Screen Located
2015-07-09 23:01:52 : Detecting your Buildings..
2015-07-09 23:01:52 : Town Hall Position: 430, 237
2015-07-09 23:01:54 : Taking snapshot for later review
2015-07-09 23:01:59 : Read building Name String = Town Hall (Level 6)
2015-07-09 23:01:59 : 1st $aString = 2, Town Hall , Level 6)
2015-07-09 23:01:59 : 2nd $aString = 2, Level 6, 
2015-07-09 23:01:59 : 3rd $aString = 2, Level, 6
2015-07-09 23:01:59 : Your Town Hall is Level: 6
2015-07-09 23:02:00 : Language setting is English: Correct.
2015-07-09 23:02:01 : Trying to locate Main Screen
2015-07-09 23:02:01 : Main Screen Located
2015-07-09 23:02:03 : Profile Report
2015-07-09 23:02:03 : Opening Profile page to read atk, def, donated ad received...
2015-07-09 23:02:04 :  [ATKW]: 39 [DEFW]: 2 [TDON]: 302 [TREC]: 326
2015-07-09 23:02:12 : Village Report
2015-07-09 23:02:12 : No. of Free/Total Builders: 1/3
2015-07-09 23:02:12 :  [T]: 1 005
2015-07-09 23:02:12 :  [G]: 1 490 676 [E]: 1 299 008 [GEM]: 632
2015-07-09 23:02:14 : Donation not Planned, Skipped..
2015-07-09 23:02:15 : Func Train 
2015-07-09 23:02:15 : Checking Army Camp...
2015-07-09 23:02:17 : $sArmyInfo = 23#135
2015-07-09 23:02:17 : $CurCamp = 23
2015-07-09 23:02:17 : $TotalCamp = 135
2015-07-09 23:02:17 : Total Army Camp capacity: 23/135
2015-07-09 23:02:17 : $hBitmapFirst made
2015-07-09 23:02:18 : Calling CGBfunctions.dll/searchIdentifyTroopTrained 
2015-07-09 23:02:20 : Dll return $FullTemp :Archer|8-22|18#Giant|71-23|1
2015-07-09 23:02:20 : $Trooptype split # : 2
2015-07-09 23:02:20 : Start the Loop
2015-07-09 23:02:21 : $TroopTypeT[$i] split : 1
2015-07-09 23:02:21 :  - No. of Archers: 18
2015-07-09 23:02:21 : $TroopTypeT[$i] split : 2
2015-07-09 23:02:21 :  - No. of Giants: 1
2015-07-09 23:02:21 : Training Troops...
2015-07-09 23:02:23 : This is not a Barrack
2015-07-09 23:02:23 : Barrack1 selected
2015-07-09 23:02:23 : Barrack1 selected
2015-07-09 23:02:24 : Train: need to make normal troops: True
2015-07-09 23:02:24 : Train: need to make dark troops: False
2015-07-09 23:02:24 : Barrack1 selected
2015-07-09 23:02:24 : Barrack2 selected
2015-07-09 23:02:24 : Barrack2 selected
2015-07-09 23:02:25 : Barrack3 selected
2015-07-09 23:02:25 : Barrack3 selected
2015-07-09 23:02:26 : This is not a Barrack
2015-07-09 23:02:26 : This is not a Barrack
2015-07-09 23:02:26 : This is not a Barrack
2015-07-09 23:02:26 : This is not a Barrack
2015-07-09 23:02:27 : This is not a Barrack
2015-07-09 23:02:28 : ---------COMPUTE TROOPS TO MAKE------------------------
2015-07-09 23:02:28 : -- AnotherTroops to train:0 + 9*5
2015-07-09 23:02:28 : Need to train Giant:9
2015-07-09 23:02:28 : -- AnotherTroops to train:45 + 0*2
2015-07-09 23:02:28 : -- AnotherTroops to train:45 + 0*14
2015-07-09 23:02:28 : -- AnotherTroops to train:45 + 0*25
2015-07-09 23:02:28 : -- AnotherTroops to train:45 + 0*5
2015-07-09 23:02:28 : -- AnotherTroops to train:45 + 0*4
2015-07-09 23:02:28 : -- AnotherTroops to train:45 + 0*20
2015-07-09 23:02:28 : -- AnotherTroops dark to train:45 + 0*2
2015-07-09 23:02:28 : -- AnotherTroops dark to train:45 + 0*5
2015-07-09 23:02:28 : -- AnotherTroops dark to train:45 + 0*8
2015-07-09 23:02:28 : -- AnotherTroops dark to train:45 + 0*30
2015-07-09 23:02:28 : -- AnotherTroops dark to train:45 + 0*12
2015-07-09 23:02:28 : -- AnotherTroops dark to train:45 + 0*30
2015-07-09 23:02:28 : --------------AnotherTroops TOTAL to train:45
2015-07-09 23:02:28 : Need to train (height) GOBL:0 BARB: 36 ARCH: 36 AND 45 other troops space
2015-07-09 23:02:28 : BARRACKNUM: 3
2015-07-09 23:02:28 : ArchEBarrack: 12
2015-07-09 23:02:28 : GiantEBarrack: 2
2015-07-09 23:02:28 : BarbEBarrack: 12
2015-07-09 23:02:28 : DARKBARRACKNUM: 1
2015-07-09 23:02:28 : Barrack3 selected
2015-07-09 23:02:30 : Call Func TrainIt for Arch
2015-07-09 23:02:30 : Func GetGemName 1
2015-07-09 23:02:30 : Func GetFullName 1
2015-07-09 23:02:31 : Call Func TrainIt for Giant
2015-07-09 23:02:31 : Func GetGemName 2
2015-07-09 23:02:31 : Func GetFullName 2
2015-07-09 23:02:32 : Call Func TrainIt for Barb
2015-07-09 23:02:32 : Func GetGemName 0
2015-07-09 23:02:32 : Func GetFullName 0
2015-07-09 23:02:34 : troopSecondArch: 12
2015-07-09 23:02:34 : troopSecondGiant: 2
2015-07-09 23:02:34 : troopSecondBarb: 12
2015-07-09 23:02:34 : ###CurArch = 36 - (12 - 0)
2015-07-09 23:02:34 : ###CurGiant = 8 - (2 - 0)
2015-07-09 23:02:34 : ###CurBarb = 36 - (12 - 0)
2015-07-09 23:02:34 : BARRACK 0 STATUS: True
2015-07-09 23:02:35 : Barrack2 selected
2015-07-09 23:02:35 : Barrack2 selected
2015-07-09 23:02:35 : Call Func TrainIt for Arch
2015-07-09 23:02:35 : Func GetGemName 1
2015-07-09 23:02:35 : Func GetFullName 1
2015-07-09 23:02:37 : Call Func TrainIt for Giant
2015-07-09 23:02:37 : Func GetGemName 2
2015-07-09 23:02:37 : Func GetFullName 2
2015-07-09 23:02:38 : Call Func TrainIt for Barb
2015-07-09 23:02:38 : Func GetGemName 0
2015-07-09 23:02:38 : Func GetFullName 0
2015-07-09 23:02:39 : troopSecondArch: 12
2015-07-09 23:02:39 : troopSecondGiant: 2
2015-07-09 23:02:39 : troopSecondBarb: 12
2015-07-09 23:02:39 : ###CurArch = 24 - (12 - 0)
2015-07-09 23:02:39 : ###CurGiant = 6 - (2 - 0)
2015-07-09 23:02:39 : ###CurBarb = 24 - (12 - 0)
2015-07-09 23:02:40 : BARRACK 1 STATUS: True
2015-07-09 23:02:40 : Barrack1 selected
2015-07-09 23:02:40 : Barrack1 selected
2015-07-09 23:02:41 : Call Func TrainIt for Arch
2015-07-09 23:02:41 : Func GetGemName 1
2015-07-09 23:02:41 : Func GetFullName 1
2015-07-09 23:02:43 : Call Func TrainIt for Giant
2015-07-09 23:02:43 : Func GetGemName 2
2015-07-09 23:02:43 : Func GetFullName 2
2015-07-09 23:02:43 : Call Func TrainIt for Barb
2015-07-09 23:02:43 : Func GetGemName 0
2015-07-09 23:02:43 : Func GetFullName 0
2015-07-09 23:02:45 : troopSecondArch: 12
2015-07-09 23:02:45 : troopSecondGiant: 2
2015-07-09 23:02:45 : troopSecondBarb: 12
2015-07-09 23:02:45 : ###CurArch = 12 - (12 - 0)
2015-07-09 23:02:45 : ###CurGiant = 4 - (2 - 0)
2015-07-09 23:02:45 : ###CurBarb = 12 - (12 - 0)
2015-07-09 23:02:45 : BARRACK 2 STATUS: True
2015-07-09 23:02:47 : This is not a Barrack
2015-07-09 23:02:47 : This is not a Barrack
2015-07-09 23:02:47 : This is not a Barrack
2015-07-09 23:02:48 : This is not a Barrack
2015-07-09 23:02:48 : This is not a Barrack
2015-07-09 23:02:48 : ---================================================================---
2015-07-09 23:02:52 : Request CC not Planned, Skipped..
2015-07-09 23:02:55 : Checking Upgrade Walls
2015-07-09 23:02:56 : Upgrading Wall using Gold
2015-07-09 23:02:56 : Wall level: 5 ?Position: [418,212], Verifying..
2015-07-09 23:03:00 : Read Wall String = Wall (Level 5
2015-07-09 23:03:00 : 1st $aString = 2, Wall , Level 5
2015-07-09 23:03:00 : 3rd $aString = 2, Level, 5
2015-07-09 23:03:03 : ButtonPixel = 485, 568
2015-07-09 23:03:03 : Color #1: F5F8F2, #2: D6714A, #3: F0E850, #4: F5F9F2
2015-07-09 23:03:05 : Upgrade complete
2015-07-09 23:03:07 : ====== Waiting for full army ======
2015-07-09 23:03:07 : Donation not Planned, Skipped..
2015-07-09 23:03:09 : Donation not Planned, Skipped..
2015-07-09 23:03:10 : Donation not Planned, Skipped..
2015-07-09 23:03:12 : Donation not Planned, Skipped..
2015-07-09 23:03:13 : Donation not Planned, Skipped..
2015-07-09 23:03:15 : Donation not Planned, Skipped..
2015-07-09 23:03:16 : Donation not Planned, Skipped..
2015-07-09 23:03:18 : Donation not Planned, Skipped..
2015-07-09 23:03:19 : Donation not Planned, Skipped..
2015-07-09 23:03:21 : Donation not Planned, Skipped..
2015-07-09 23:03:27 : Func Train 
2015-07-09 23:03:27 : Checking Army Camp...
2015-07-09 23:03:28 : $sArmyInfo = 28#135
2015-07-09 23:03:28 : $CurCamp = 28
2015-07-09 23:03:28 : $TotalCamp = 135
2015-07-09 23:03:29 : Total Army Camp capacity: 28/135
2015-07-09 23:03:29 : $hBitmapFirst made
2015-07-09 23:03:29 : Calling CGBfunctions.dll/searchIdentifyTroopTrained 
2015-07-09 23:03:30 : Dll return $FullTemp :Archer|8-22|23#Giant|71-23|1
2015-07-09 23:03:30 : $Trooptype split # : 2
2015-07-09 23:03:30 : Start the Loop
2015-07-09 23:03:30 : $TroopTypeT[$i] split : 1
2015-07-09 23:03:30 :  - No. of Archers: 23
2015-07-09 23:03:30 : $TroopTypeT[$i] split : 2
2015-07-09 23:03:30 :  - No. of Giants: 1
2015-07-09 23:03:30 : Training Troops...
2015-07-09 23:03:32 : This is not a Barrack
2015-07-09 23:03:32 : Barrack1 selected
2015-07-09 23:03:33 : Barrack1 selected
2015-07-09 23:03:33 : Train: need to make normal troops: True
2015-07-09 23:03:33 : Train: need to make dark troops: False
2015-07-09 23:03:33 : Barrack1 selected
2015-07-09 23:03:34 : Barrack2 selected
2015-07-09 23:03:34 : Barrack2 selected
2015-07-09 23:03:34 : Barrack3 selected
2015-07-09 23:03:35 : Barrack3 selected
2015-07-09 23:03:35 : This is not a Barrack
2015-07-09 23:03:35 : This is not a Barrack
2015-07-09 23:03:36 : This is not a Barrack
2015-07-09 23:03:36 : This is not a Barrack
2015-07-09 23:03:36 : This is not a Barrack
2015-07-09 23:03:37 : ---------COMPUTE TROOPS TO MAKE------------------------
2015-07-09 23:03:37 : BARRACKNUM: 3
2015-07-09 23:03:37 : DARKBARRACKNUM: 1
2015-07-09 23:03:37 : Barrack3 selected
2015-07-09 23:03:37 : ASSIGN TroopFirst.Arch: 10
2015-07-09 23:03:38 : ASSIGN TroopFirst.Giant: 2
2015-07-09 23:03:38 : ASSIGN TroopFirst.Barb: 12
2015-07-09 23:03:38 : Call Func TrainIt for Giant
2015-07-09 23:03:38 : Func GetGemName 2
2015-07-09 23:03:38 : Func GetFullName 2
2015-07-09 23:03:39 : troopSecondArch: 10
2015-07-09 23:03:39 : troopSecondGiant: 3
2015-07-09 23:03:39 : troopSecondBarb: 12
2015-07-09 23:03:39 : ###CurGiant = 2 - (3 - 2)
2015-07-09 23:03:39 : BARRACK 0 STATUS: True
2015-07-09 23:03:40 : Barrack2 selected
2015-07-09 23:03:40 : Barrack2 selected
2015-07-09 23:03:40 : ASSIGN TroopFirst.Arch: 10
2015-07-09 23:03:40 : ASSIGN TroopFirst.Giant: 2
2015-07-09 23:03:40 : ASSIGN TroopFirst.Barb: 12
2015-07-09 23:03:40 : Call Func TrainIt for Giant
2015-07-09 23:03:40 : Func GetGemName 2
2015-07-09 23:03:40 : Func GetFullName 2
2015-07-09 23:03:41 : troopSecondArch: 10
2015-07-09 23:03:41 : troopSecondGiant: 3
2015-07-09 23:03:41 : troopSecondBarb: 12
2015-07-09 23:03:41 : ###CurGiant = 1 - (3 - 2)
2015-07-09 23:03:41 : BARRACK 1 STATUS: True
2015-07-09 23:03:42 : Barrack1 selected
2015-07-09 23:03:42 : Barrack1 selected
2015-07-09 23:03:42 : ASSIGN TroopFirst.Arch: 10
2015-07-09 23:03:42 : ASSIGN TroopFirst.Giant: 2
2015-07-09 23:03:42 : ASSIGN TroopFirst.Barb: 12
2015-07-09 23:03:42 : troopSecondArch: 10
2015-07-09 23:03:43 : troopSecondGiant: 2
2015-07-09 23:03:43 : troopSecondBarb: 12
2015-07-09 23:03:43 : BARRACK 2 STATUS: True
2015-07-09 23:03:43 : This is not a Barrack
2015-07-09 23:03:44 : This is not a Barrack
2015-07-09 23:03:44 : This is not a Barrack
2015-07-09 23:03:44 : This is not a Barrack
2015-07-09 23:03:45 : This is not a Barrack
2015-07-09 23:03:45 : ---================================================================---
2015-07-09 23:03:49 : Time Idle: 00:00:41
2015-07-09 23:03:49 : ====== Waiting for full army ======
2015-07-09 23:03:49 : Donation not Planned, Skipped..
2015-07-09 23:03:50 : Donation not Planned, Skipped..
2015-07-09 23:03:52 : Donation not Planned, Skipped..
2015-07-09 23:03:54 : Donation not Planned, Skipped..
2015-07-09 23:03:55 : Donation not Planned, Skipped..
2015-07-09 23:03:57 : Donation not Planned, Skipped..
2015-07-09 23:03:58 : Donation not Planned, Skipped..
2015-07-09 23:04:00 : Donation not Planned, Skipped..
2015-07-09 23:04:01 : Donation not Planned, Skipped..
2015-07-09 23:04:03 : Donation not Planned, Skipped..
2015-07-09 23:04:09 : Func Train 
2015-07-09 23:04:09 : Checking Army Camp...
2015-07-09 23:04:10 : $sArmyInfo = 33#135
2015-07-09 23:04:10 : $CurCamp = 33
2015-07-09 23:04:10 : $TotalCamp = 135
2015-07-09 23:04:11 : Total Army Camp capacity: 33/135
2015-07-09 23:04:11 : $hBitmapFirst made
2015-07-09 23:04:11 : Calling CGBfunctions.dll/searchIdentifyTroopTrained 
2015-07-09 23:04:12 : Dll return $FullTemp :Archer|8-22|28#Giant|71-23|1
2015-07-09 23:04:12 : $Trooptype split # : 2
2015-07-09 23:04:12 : Start the Loop
2015-07-09 23:04:12 : $TroopTypeT[$i] split : 1
2015-07-09 23:04:12 :  - No. of Archers: 28
2015-07-09 23:04:12 : $TroopTypeT[$i] split : 2
2015-07-09 23:04:12 :  - No. of Giants: 1
2015-07-09 23:04:12 : Training Troops...
2015-07-09 23:04:14 : This is not a Barrack
2015-07-09 23:04:14 : Barrack1 selected
2015-07-09 23:04:14 : Barrack1 selected
2015-07-09 23:04:15 : Train: need to make normal troops: True
2015-07-09 23:04:15 : Train: need to make dark troops: False
2015-07-09 23:04:15 : Barrack1 selected
2015-07-09 23:04:16 : Barrack2 selected
2015-07-09 23:04:16 : Barrack2 selected
2015-07-09 23:04:16 : Barrack3 selected
2015-07-09 23:04:16 : Barrack3 selected
2015-07-09 23:04:17 : This is not a Barrack
2015-07-09 23:04:17 : This is not a Barrack
2015-07-09 23:04:17 : This is not a Barrack
2015-07-09 23:04:18 : This is not a Barrack
2015-07-09 23:04:18 : This is not a Barrack
2015-07-09 23:04:19 : ---------COMPUTE TROOPS TO MAKE------------------------
2015-07-09 23:04:19 : BARRACKNUM: 3
2015-07-09 23:04:19 : DARKBARRACKNUM: 1
2015-07-09 23:04:19 : Barrack3 selected
2015-07-09 23:04:19 : ASSIGN TroopFirst.Arch: 8
2015-07-09 23:04:19 : ASSIGN TroopFirst.Giant: 3
2015-07-09 23:04:19 : ASSIGN TroopFirst.Barb: 12
2015-07-09 23:04:20 : troopSecondArch: 8
2015-07-09 23:04:20 : troopSecondGiant: 3
2015-07-09 23:04:20 : troopSecondBarb: 12
2015-07-09 23:04:20 : BARRACK 0 STATUS: True
2015-07-09 23:04:21 : Barrack2 selected
2015-07-09 23:04:21 : Barrack2 selected
2015-07-09 23:04:21 : ASSIGN TroopFirst.Arch: 8
2015-07-09 23:04:21 : ASSIGN TroopFirst.Giant: 3
2015-07-09 23:04:21 : ASSIGN TroopFirst.Barb: 12
2015-07-09 23:04:21 : troopSecondArch: 8
2015-07-09 23:04:21 : troopSecondGiant: 3
2015-07-09 23:04:21 : troopSecondBarb: 12
2015-07-09 23:04:22 : BARRACK 1 STATUS: True
2015-07-09 23:04:22 : Barrack1 selected
2015-07-09 23:04:22 : Barrack1 selected
2015-07-09 23:04:22 : ASSIGN TroopFirst.Arch: 8
2015-07-09 23:04:22 : ASSIGN TroopFirst.Giant: 2
2015-07-09 23:04:23 : ASSIGN TroopFirst.Barb: 12
2015-07-09 23:04:23 : troopSecondArch: 8
2015-07-09 23:04:23 : troopSecondGiant: 2
2015-07-09 23:04:23 : troopSecondBarb: 12
2015-07-09 23:04:23 : BARRACK 2 STATUS: True
2015-07-09 23:04:24 : This is not a Barrack
2015-07-09 23:04:24 : This is not a Barrack
2015-07-09 23:04:24 : This is not a Barrack
2015-07-09 23:04:25 : This is not a Barrack
2015-07-09 23:04:25 : This is not a Barrack
2015-07-09 23:04:25 : ---================================================================---
2015-07-09 23:04:28 : Time Idle: 00:01:21
2015-07-09 23:04:28 : ====== Waiting for full army ======
2015-07-09 23:04:28 : Donation not Planned, Skipped..
2015-07-09 23:04:30 : Donation not Planned, Skipped..
2015-07-09 23:04:32 : Donation not Planned, Skipped..
2015-07-09 23:04:33 : Donation not Planned, Skipped..
2015-07-09 23:04:35 : Donation not Planned, Skipped..
2015-07-09 23:04:36 : Donation not Planned, Skipped..
2015-07-09 23:04:38 : Donation not Planned, Skipped..
2015-07-09 23:04:39 : Donation not Planned, Skipped..
2015-07-09 23:04:41 : Donation not Planned, Skipped..
2015-07-09 23:04:42 : Donation not Planned, Skipped..
2015-07-09 23:04:49 : Waiting for Main Screen
2015-07-09 23:04:51 : ClashGameBot was Paused!
