2015-07-08 21:15:45 : ~~~ Clash Game Bot v4.0 Powered by GameBot.org ~~~
2015-07-08 21:15:45 : Executable running on WIN_81  X64
2015-07-08 21:15:45 : =================== Bot Start ====================
2015-07-08 21:15:45 : Trying to locate Main Screen
2015-07-08 21:15:45 : Main Screen Located
2015-07-08 21:15:47 : Detecting your Buildings..
2015-07-08 21:15:47 : Town Hall Position: 430, 237
2015-07-08 21:15:49 : Taking snapshot for later review
2015-07-08 21:15:52 : Read building Name String = Town Hall (Level 6)
2015-07-08 21:15:52 : 1st $aString = 2, Town Hall , Level 6)
2015-07-08 21:15:52 : 2nd $aString = 2, Level 6, 
2015-07-08 21:15:52 : 3rd $aString = 2, Level, 6
2015-07-08 21:15:52 : Your Town Hall is Level: 6
2015-07-08 21:15:53 : Language setting is English: Correct.
2015-07-08 21:15:54 : Trying to locate Main Screen
2015-07-08 21:15:54 : Main Screen Located
2015-07-08 21:15:56 : Profile Report
2015-07-08 21:15:56 : Opening Profile page to read atk, def, donated ad received...
2015-07-08 21:15:57 :  [ATKW]: 26 [DEFW]: 0 [TDON]: 218 [TREC]: 191
2015-07-08 21:16:02 : Checking if Village needs Rearming..
2015-07-08 21:16:04 : Taking snapshot for later review
2015-07-08 21:16:13 : Village Report
2015-07-08 21:16:13 : No. of Free/Total Builders: 0/3
2015-07-08 21:16:13 :  [T]: 987
2015-07-08 21:16:13 :  [G]: 82 454 [E]: 705 992 [GEM]: 632
2015-07-08 21:16:15 : Donation not Planned, Skipped..
2015-07-08 21:16:17 : Func Train 
2015-07-08 21:16:17 : Checking Army Camp...
2015-07-08 21:16:18 : $sArmyInfo = 135#135
2015-07-08 21:16:18 : $CurCamp = 135
2015-07-08 21:16:18 : $TotalCamp = 135
2015-07-08 21:16:19 : Total Army Camp capacity: 135/135
2015-07-08 21:16:19 : Training Troops...
2015-07-08 21:16:21 : This is not a Barrack
2015-07-08 21:16:21 : Barrack1 selected
2015-07-08 21:16:21 : Barrack1 selected
2015-07-08 21:16:21 : Train: need to make normal troops: True
2015-07-08 21:16:21 : Train: need to make dark troops: False
2015-07-08 21:16:21 : Barrack1 selected
2015-07-08 21:16:22 : Barrack2 selected
2015-07-08 21:16:22 : Barrack2 selected
2015-07-08 21:16:23 : Barrack3 selected
2015-07-08 21:16:23 : Barrack3 selected
2015-07-08 21:16:23 : This is not a Barrack
2015-07-08 21:16:24 : This is not a Barrack
2015-07-08 21:16:24 : This is not a Barrack
2015-07-08 21:16:24 : This is not a Barrack
2015-07-08 21:16:24 : This is not a Barrack
2015-07-08 21:16:25 : Your Army Camps are now Full
2015-07-08 21:16:25 : RESET AT 0 CurArch
2015-07-08 21:16:25 : RESET AT 0 CurGiant
2015-07-08 21:16:25 : RESET AT 0 CurWall
2015-07-08 21:16:25 : RESET AT 0 CurBarb
2015-07-08 21:16:25 : RESET AT 0 CurGobl
2015-07-08 21:16:25 : RESET AT 0 CurHeal
2015-07-08 21:16:25 : RESET AT 0 CurPekk
2015-07-08 21:16:25 : RESET AT 0 CurBall
2015-07-08 21:16:25 : RESET AT 0 CurWiza
2015-07-08 21:16:25 : RESET AT 0 CurDrag
2015-07-08 21:16:26 : RESET AT 0 CurMini
2015-07-08 21:16:26 : RESET AT 0 CurHogs
2015-07-08 21:16:26 : RESET AT 0 CurValk
2015-07-08 21:16:26 : RESET AT 0 CurGole
2015-07-08 21:16:26 : RESET AT 0 CurWitc
2015-07-08 21:16:26 : RESET AT 0 CurLava
2015-07-08 21:16:26 : ---------COMPUTE TROOPS TO MAKE------------------------
2015-07-08 21:16:26 : -- Compute AnotherTroops to train
2015-07-08 21:16:26 : Need to train ASSIGN.... CurGiant:15
2015-07-08 21:16:26 : -- AnotherTroops to train:0 + 15*5
2015-07-08 21:16:26 : --------------AnotherTroops TOTAL to train:75
2015-07-08 21:16:26 : Need to train (height) GOBL:0 BARB: 24 ARCH: 36 AND 75 other troops space
2015-07-08 21:16:26 : BARRACKNUM: 3
2015-07-08 21:16:26 : ArchEBarrack: 12
2015-07-08 21:16:26 : GiantEBarrack: 5
2015-07-08 21:16:26 : BarbEBarrack: 8
2015-07-08 21:16:26 : DARKBARRACKNUM: 1
2015-07-08 21:16:26 : Barrack3 selected
2015-07-08 21:16:33 : Barrack2 selected
2015-07-08 21:16:36 : Barrack1 selected
2015-07-08 21:16:39 : This is not a Barrack
2015-07-08 21:16:39 : ---================================================================---
2015-07-08 21:16:41 : ClashGameBot was Paused!
