2015-07-08 11:40:47 : ~~~ Clash Game Bot v4.0 Powered by GameBot.org ~~~
2015-07-08 11:40:47 : Executable running on WIN_81  X64
2015-07-08 11:40:47 : =================== Bot Start ====================
2015-07-08 11:40:47 : Trying to locate Main Screen
2015-07-08 11:40:49 : Click 126,700,2,500 #0126
2015-07-08 11:40:50 : Waiting for Main Screen
2015-07-08 11:40:58 : Main Screen Located
2015-07-08 11:40:58 : Click 1,1,1,0 #0166 | Away
2015-07-08 11:41:06 : Detecting your Buildings..
2015-07-08 11:41:06 : Click 1,1,2,200 
2015-07-08 11:41:06 : Click 430,242,1,0 
2015-07-08 11:41:10 : Your Town Hall is Level: 6
2015-07-08 11:41:10 : Click 1,1,2,200 
2015-07-08 11:41:17 : Total No. of Dark Barracks: 0
2015-07-08 11:41:17 : Language setting is English: Correct.
2015-07-08 11:41:18 : Trying to locate Main Screen
2015-07-08 11:41:18 : Main Screen Located
2015-07-08 11:41:18 : Gold Storages are full!
2015-07-08 11:41:20 : Click 1,1,1,0 #0221 | Away
2015-07-08 11:41:20 : Profile Report
2015-07-08 11:41:20 : Opening Profile page to read atk, def, donated ad received...
2015-07-08 11:41:20 : Click 220,33,1,0 #0222 | Profile - Profile Button
2015-07-08 11:41:21 :  [ATKW]: 26 [DEFW]: 0 [TDON]: 140 [TREC]: 171
2015-07-08 11:41:21 : Click 820,40,1,0 #0223 | Profile - Close Page
2015-07-08 11:41:24 : Click 1,1,1,0 #0332 | Away
2015-07-08 11:41:26 : Checking if Village needs Rearming..
2015-07-08 11:41:26 : Click 1,1,1,0 #0224 | Away
2015-07-08 11:41:26 : Click 430,242,1,0 #0225 | Rearm - Click Town Hall
2015-07-08 11:41:34 : Click 1,1,1,0 #0234 | Away
2015-07-08 11:41:36 : PureClick 1,1,1,0 #0319 | Away
2015-07-08 11:41:37 : Village Report
2015-07-08 11:41:37 : No. of Free/Total Builders: 0/3
2015-07-08 11:41:37 :  [T]: 1 036
2015-07-08 11:41:37 :  [G]: 1 501 000 [E]: 1 483 162 [GEM]: 632
2015-07-08 11:41:39 : Click 1,1,1,0 #0167 | Away
2015-07-08 11:41:39 : Click 19,349,1,0 #0168 | Donate - Open Chat
2015-07-08 11:41:40 : Click 189,24,1,0 #0169 | Donate - Select Clan Tab
2015-07-08 11:41:40 : Click 331,330,1,0 #0173 | Donate - Click Chat
2015-07-08 11:41:42 : Checking Army Camp...
2015-07-08 11:41:43 : Click 1,1,1,0 #0292 | Away
2015-07-08 11:41:43 : Click 40,525,1,0 #0293 | Train - Click Army Camp
2015-07-08 11:41:44 : Total Army Camp capacity: 135/135
2015-07-08 11:41:44 : Click 1,1,1,0 #0295 | Away
2015-07-08 11:41:44 : Training Troops...
2015-07-08 11:41:45 : Click 1,1,1,0 #0268 | Away
2015-07-08 11:41:45 : Click 40,525,1,0 #0293 | Train - Click Army Camp
2015-07-08 11:41:47 : Click 773,337,1,0 #9999
2015-07-08 11:41:47 : Click 773,337,1,0 #0271 | Train - Next Button 
2015-07-08 11:41:48 : Click 773,337,1,0 #0271 | Train - Next Button 
2015-07-08 11:41:48 : Click 773,337,1,0 #0271 | Train - Next Button 
2015-07-08 11:41:49 : ClashGameBot was Paused!
2015-07-08 11:42:05 : ClashGameBot was Resumed.
2015-07-08 11:42:06 : Click 84,336,1,0 #0272 | Train - Prev Button 
2015-07-08 11:42:08 : Your Army Camps are now Full
2015-07-08 11:42:08 : Click 496,197,10,0 #0284 | Train - Remove Troops
2015-07-08 11:42:08 : Click 496,197,10,0 #0284 | Train - Remove Troops
2015-07-08 11:42:08 : Click 496,197,10,0 #0284 | Train - Remove Troops
2015-07-08 11:42:09 : Click 496,197,10,0 #0284 | Train - Remove Troops
2015-07-08 11:42:10 : Click 301,310,18,20 #0266 | Train - TrainIT Selected Troop
2015-07-08 11:42:12 : Click 442,310,3,20 #0266 | Train - TrainIT Selected Troop
2015-07-08 11:42:12 : Click 220,310,12,20 #0266 | Train - TrainIT Selected Troop
2015-07-08 11:42:14 : Click 84,336,1,0 #0286 | Train - Prev Button 
2015-07-08 11:42:15 : Click 496,197,10,0 #0284 | Train - Remove Troops
2015-07-08 11:42:15 : Click 496,197,10,0 #0284 | Train - Remove Troops
2015-07-08 11:42:15 : Click 496,197,10,0 #0284 | Train - Remove Troops
2015-07-08 11:42:16 : Click 496,197,10,0 #0284 | Train - Remove Troops
2015-07-08 11:42:17 : Click 301,310,18,20 #0266 | Train - TrainIT Selected Troop
2015-07-08 11:42:19 : Click 442,310,3,20 #0266 | Train - TrainIT Selected Troop
2015-07-08 11:42:20 : Click 220,310,12,20 #0266 | Train - TrainIT Selected Troop
2015-07-08 11:42:21 : Click 84,336,1,0 #0286 | Train - Prev Button 
2015-07-08 11:42:22 : Click 496,197,10,0 #0284 | Train - Remove Troops
2015-07-08 11:42:22 : Click 496,197,10,0 #0284 | Train - Remove Troops
2015-07-08 11:42:23 : Click 496,197,10,0 #0284 | Train - Remove Troops
2015-07-08 11:42:24 : Click 301,310,18,20 #0266 | Train - TrainIT Selected Troop
2015-07-08 11:42:26 : Click 442,310,3,20 #0266 | Train - TrainIT Selected Troop
2015-07-08 11:42:26 : Click 220,310,12,20 #0266 | Train - TrainIT Selected Troop
2015-07-08 11:42:28 : Click 84,336,1,0 #0286 | Train - Prev Button 
2015-07-08 11:42:30 : Click 1,1,2,250 #0291 | Away
2015-07-08 11:42:34 : Requesting Clan Castle Troops
2015-07-08 11:42:34 : Click 40,525,1,0 #9999
2015-07-08 11:42:35 : Your Clan Castle is already full or you are not in a clan.
2015-07-08 11:42:35 : Click 1,1,2,0 #9999
2015-07-08 11:42:36 : Checking Troop Upgrade in Laboratory ...
2015-07-08 11:42:36 : Updating village values [E]: 1481002
2015-07-08 11:42:36 : Click 618,199,1,0 #0197
2015-07-08 11:42:37 : Click 523,590,1,0 #0198
2015-07-08 11:42:38 : Click 697,457,1,0 #0200
2015-07-08 11:42:39 : Click 525,490,1,0 #0202
2015-07-08 11:42:41 : ClashGameBot was Paused!
