2015-07-10 11:53:08 : Starting BlueStacks
2015-07-10 11:53:17 : BlueStacks Loaded, took 8.93 seconds to begin.
2015-07-10 11:53:17 : ~~~ Clash Game Bot v4.0 Powered by GameBot.org ~~~
2015-07-10 11:53:17 : Executable running on WIN_81  X64
2015-07-10 11:53:17 : =================== Bot Start ====================
2015-07-10 11:53:18 : Trying to locate Main Screen
2015-07-10 11:53:21 : Waiting for Main Screen
2015-07-10 11:53:46 : Zooming Out
2015-07-10 11:53:48 : Main Screen Located
2015-07-10 11:53:50 : Detecting your Buildings..
2015-07-10 11:53:50 : Town Hall Position: 430, 237
2015-07-10 11:53:52 : Taking snapshot for later review
2015-07-10 11:53:58 : Read building Name String = Town Hall (Level 6)
2015-07-10 11:53:58 : 1st $aString = 2, Town Hall , Level 6)
2015-07-10 11:53:58 : 2nd $aString = 2, Level 6, 
2015-07-10 11:53:58 : 3rd $aString = 2, Level, 6
2015-07-10 11:53:58 : Your Town Hall is Level: 6
2015-07-10 11:53:59 : Language setting is English: Correct.
2015-07-10 11:54:00 : Trying to locate Main Screen
2015-07-10 11:54:01 : Main Screen Located
2015-07-10 11:54:03 : Collecting Resources
2015-07-10 11:54:11 : Checking if Village needs Rearming..
2015-07-10 11:54:13 : Taking snapshot for later review
2015-07-10 11:54:23 : Village Report
2015-07-10 11:54:23 : No. of Free/Total Builders: 0/3
2015-07-10 11:54:23 :  [T]: 1 108
2015-07-10 11:54:23 :  [G]: 1 037 409 [E]: 1 450 469 [GEM]: 672
2015-07-10 11:54:26 : Func Train 
2015-07-10 11:54:26 : Checking Army Camp...
2015-07-10 11:54:28 : $sArmyInfo = 135#140
2015-07-10 11:54:28 : $CurCamp = 135
2015-07-10 11:54:28 : $TotalCamp = 140
2015-07-10 11:54:28 : Total Army Camp capacity: 135/140
2015-07-10 11:54:28 : $hBitmapFirst made
2015-07-10 11:54:29 : Calling CGBfunctions.dll/searchIdentifyTroopTrained 
2015-07-10 11:54:32 : Dll return $FullTemp :Barbarian|9-20|36#Archer|70-22|54#Giant|134-23|9
2015-07-10 11:54:32 : $Trooptype split # : 3
2015-07-10 11:54:32 : Start the Loop
2015-07-10 11:54:32 : $TroopTypeT[$i] split : 1
2015-07-10 11:54:32 :  - No. of Barbarians: 36
2015-07-10 11:54:32 : $TroopTypeT[$i] split : 2
2015-07-10 11:54:32 :  - No. of Archers: 54
2015-07-10 11:54:32 : $TroopTypeT[$i] split : 3
2015-07-10 11:54:32 :  - No. of Giants: 9
2015-07-10 11:54:32 : Training Troops...
2015-07-10 11:54:34 : This is not a Barrack
2015-07-10 11:54:34 : Barrack1 selected
2015-07-10 11:54:35 : Barrack1 selected
2015-07-10 11:54:35 : Train: need to make normal troops: True
2015-07-10 11:54:35 : Train: need to make dark troops: False
2015-07-10 11:54:35 : Barrack1 selected
2015-07-10 11:54:36 : Barrack2 selected
2015-07-10 11:54:36 : Barrack2 selected
2015-07-10 11:54:36 : Barrack3 selected
2015-07-10 11:54:37 : Barrack3 selected
2015-07-10 11:54:37 : This is not a Barrack
2015-07-10 11:54:37 : This is not a Barrack
2015-07-10 11:54:38 : This is not a Barrack
2015-07-10 11:54:38 : This is not a Barrack
2015-07-10 11:54:38 : This is not a Barrack
2015-07-10 11:54:39 : ---------COMPUTE TROOPS TO MAKE------------------------
2015-07-10 11:54:39 : -- AnotherTroops to train:0 + 10*5
2015-07-10 11:54:39 : Need to train Giant:10
2015-07-10 11:54:39 : -- AnotherTroops to train:50 + 0*2
2015-07-10 11:54:39 : -- AnotherTroops to train:50 + 0*14
2015-07-10 11:54:39 : -- AnotherTroops to train:50 + 0*25
2015-07-10 11:54:39 : -- AnotherTroops to train:50 + 0*5
2015-07-10 11:54:39 : -- AnotherTroops to train:50 + 0*4
2015-07-10 11:54:39 : -- AnotherTroops to train:50 + 0*20
2015-07-10 11:54:39 : -- AnotherTroops dark to train:50 + 0*2
2015-07-10 11:54:39 : -- AnotherTroops dark to train:50 + 0*5
2015-07-10 11:54:39 : -- AnotherTroops dark to train:50 + 0*8
2015-07-10 11:54:39 : -- AnotherTroops dark to train:50 + 0*30
2015-07-10 11:54:39 : -- AnotherTroops dark to train:50 + 0*12
2015-07-10 11:54:39 : -- AnotherTroops dark to train:50 + 0*30
2015-07-10 11:54:39 : --------------AnotherTroops TOTAL to train:50
2015-07-10 11:54:39 : Need to train (height) GOBL:0 BARB: 0 ARCH: 0 AND 50 other troops space
2015-07-10 11:54:39 : BARRACKNUM: 3
2015-07-10 11:54:39 : DARKBARRACKNUM: 1
2015-07-10 11:54:40 : Barrack3 selected
2015-07-10 11:54:40 : Call Func TrainIt for Giant
2015-07-10 11:54:40 : Func GetGemName 2
2015-07-10 11:54:40 : Func GetFullName 2
2015-07-10 11:54:41 : troopSecondGiant: 1
2015-07-10 11:54:42 : ###CurGiant = 1 - (1 - 0)
2015-07-10 11:54:42 : BARRACK 0 STATUS: True
2015-07-10 11:54:42 : Barrack2 selected
2015-07-10 11:54:42 : Barrack2 selected
2015-07-10 11:54:44 : BARRACK 1 STATUS: False
2015-07-10 11:54:45 : Barrack1 selected
2015-07-10 11:54:45 : Barrack1 selected
2015-07-10 11:54:46 : BARRACK 2 STATUS: False
2015-07-10 11:54:47 : This is not a Barrack
2015-07-10 11:54:47 : This is not a Barrack
2015-07-10 11:54:48 : This is not a Barrack
2015-07-10 11:54:48 : This is not a Barrack
2015-07-10 11:54:48 : This is not a Barrack
2015-07-10 11:54:49 : ---================================================================---
2015-07-10 11:54:53 : Requesting Clan Castle Troops
2015-07-10 11:54:53 : Your Clan Castle is already full or you are not in a clan.
2015-07-10 11:54:54 : Checking Troop Upgrade in Laboratory ...
2015-07-10 11:54:54 : Updating village values [E]: 1449719
2015-07-10 11:54:56 : ButtonPixel = 483, 565
2015-07-10 11:54:56 : #1: 050702, #2: 708CB0, #3: 603818, #4: D8FF58
2015-07-10 11:54:56 : Taking snapshot for later review
2015-07-10 11:54:57 : Taking snapshot for later review
2015-07-10 11:54:57 : Taking debug snapshot for later review
2015-07-10 11:54:59 : Barbarian
2015-07-10 11:54:59 : _GetPixelColor(+47, +6): DFDFDF
2015-07-10 11:54:59 : _GetPixelColor(+68, +79): 818181
2015-07-10 11:54:59 : _GetPixelColor(+68, +82): 000000
2015-07-10 11:54:59 : _GetPixelColor(+81, +82): A6A6A6
2015-07-10 11:54:59 : _GetPixelColor(+49, +78): 000000
2015-07-10 11:54:59 : _GetPixelColor(+79, +78): A6A6A6
2015-07-10 11:54:59 : _GetPixelColor(+3, +19): CBCBCB
2015-07-10 11:54:59 : _GetPixelColor(+8, +59): C9C9C9
2015-07-10 11:54:59 : Taking debug snapshot for later review
2015-07-10 11:54:59 : Archer
2015-07-10 11:54:59 : _GetPixelColor(+47, +6): 9C9C9C
2015-07-10 11:54:59 : _GetPixelColor(+68, +79): 8E8E8E
2015-07-10 11:54:59 : _GetPixelColor(+68, +82): 000000
2015-07-10 11:54:59 : _GetPixelColor(+81, +82): 6E6E6E
2015-07-10 11:54:59 : _GetPixelColor(+49, +78): 000000
2015-07-10 11:54:59 : _GetPixelColor(+79, +78): 6F6F6F
2015-07-10 11:54:59 : _GetPixelColor(+3, +19): CBCBCB
2015-07-10 11:54:59 : _GetPixelColor(+8, +59): 757575
2015-07-10 11:54:59 : Taking debug snapshot for later review
2015-07-10 11:55:00 : Giant
2015-07-10 11:55:00 : _GetPixelColor(+47, +6): D2D2D2
2015-07-10 11:55:00 : _GetPixelColor(+68, +79): FFFFFF
2015-07-10 11:55:00 : _GetPixelColor(+68, +82): FEFEFE
2015-07-10 11:55:00 : _GetPixelColor(+81, +82): 909090
2015-07-10 11:55:00 : _GetPixelColor(+49, +78): FBFBFB
2015-07-10 11:55:00 : _GetPixelColor(+79, +78): 7F7F7F
2015-07-10 11:55:00 : _GetPixelColor(+3, +19): D5D5D5
2015-07-10 11:55:00 : _GetPixelColor(+8, +59): 303030
2015-07-10 11:55:00 : Taking debug snapshot for later review
2015-07-10 11:55:00 : Goblin
2015-07-10 11:55:00 : _GetPixelColor(+47, +6): C1C1C1
2015-07-10 11:55:00 : _GetPixelColor(+68, +79): 575757
2015-07-10 11:55:00 : _GetPixelColor(+68, +82): 000000
2015-07-10 11:55:00 : _GetPixelColor(+81, +82): A4A4A4
2015-07-10 11:55:00 : _GetPixelColor(+49, +78): 000000
2015-07-10 11:55:00 : _GetPixelColor(+79, +78): 878787
2015-07-10 11:55:00 : _GetPixelColor(+3, +19): D5D5D5
2015-07-10 11:55:00 : _GetPixelColor(+8, +59): 676767
2015-07-10 11:55:00 : Taking debug snapshot for later review
2015-07-10 11:55:01 : Wall Breaker
2015-07-10 11:55:01 : _GetPixelColor(+47, +6): BEBEBE
2015-07-10 11:55:01 : _GetPixelColor(+68, +79): EAEAEA
2015-07-10 11:55:01 : _GetPixelColor(+68, +82): 424242
2015-07-10 11:55:01 : _GetPixelColor(+81, +82): 8E8E8E
2015-07-10 11:55:01 : _GetPixelColor(+49, +78): DDDDDD
2015-07-10 11:55:01 : _GetPixelColor(+79, +78): 7A7A7A
2015-07-10 11:55:01 : _GetPixelColor(+3, +19): B2B2B2
2015-07-10 11:55:01 : _GetPixelColor(+8, +59): 292929
2015-07-10 11:55:01 : Taking debug snapshot for later review
2015-07-10 11:55:01 : Balloon
2015-07-10 11:55:01 : _GetPixelColor(+47, +6): 777777
2015-07-10 11:55:01 : _GetPixelColor(+68, +79): 5A5A5A
2015-07-10 11:55:01 : _GetPixelColor(+68, +82): 292929
2015-07-10 11:55:01 : _GetPixelColor(+81, +82): 6E6E6E
2015-07-10 11:55:01 : _GetPixelColor(+49, +78): 000000
2015-07-10 11:55:01 : _GetPixelColor(+79, +78): 717171
2015-07-10 11:55:02 : _GetPixelColor(+3, +19): B3B3B3
2015-07-10 11:55:02 : _GetPixelColor(+8, +59): B3B3B3
2015-07-10 11:55:02 : Taking debug snapshot for later review
2015-07-10 11:55:02 : Wizard
2015-07-10 11:55:02 : _GetPixelColor(+47, +6): 7E7E7E
2015-07-10 11:55:02 : _GetPixelColor(+68, +79): FFFFFF
2015-07-10 11:55:02 : _GetPixelColor(+68, +82): FEFEFE
2015-07-10 11:55:02 : _GetPixelColor(+81, +82): 909090
2015-07-10 11:55:02 : _GetPixelColor(+49, +78): F9F9F9
2015-07-10 11:55:02 : _GetPixelColor(+79, +78): 7F7F7F
2015-07-10 11:55:02 : _GetPixelColor(+3, +19): CCCCCC
2015-07-10 11:55:02 : _GetPixelColor(+8, +59): 303030
2015-07-10 11:55:02 : Taking debug snapshot for later review
2015-07-10 11:55:02 : Healer
2015-07-10 11:55:02 : _GetPixelColor(+47, +6): E8E8E0
2015-07-10 11:55:02 : _GetPixelColor(+68, +79): BEBEBA
2015-07-10 11:55:02 : _GetPixelColor(+68, +82): E3E3DF
2015-07-10 11:55:03 : _GetPixelColor(+81, +82): E3E3DF
2015-07-10 11:55:03 : _GetPixelColor(+49, +78): CBCBC7
2015-07-10 11:55:03 : _GetPixelColor(+79, +78): CFCFCB
2015-07-10 11:55:03 : _GetPixelColor(+3, +19): E8E8E0
2015-07-10 11:55:03 : _GetPixelColor(+8, +59): E8E8E0
2015-07-10 11:55:03 : Taking debug snapshot for later review
2015-07-10 11:55:03 : Dragon
2015-07-10 11:55:03 : _GetPixelColor(+47, +6): E8E8E0
2015-07-10 11:55:03 : _GetPixelColor(+68, +79): E7E7DF
2015-07-10 11:55:03 : _GetPixelColor(+68, +82): E8E8E0
2015-07-10 11:55:03 : _GetPixelColor(+81, +82): D6D6D2
2015-07-10 11:55:03 : _GetPixelColor(+49, +78): 9C9C98
2015-07-10 11:55:03 : _GetPixelColor(+79, +78): D3D3CF
2015-07-10 11:55:03 : _GetPixelColor(+3, +19): E8E8E0
2015-07-10 11:55:03 : _GetPixelColor(+8, +59): E8E8E0
2015-07-10 11:55:03 : Taking debug snapshot for later review
2015-07-10 11:55:03 : Pekka
2015-07-10 11:55:03 : _GetPixelColor(+47, +6): E8E8E0
2015-07-10 11:55:04 : _GetPixelColor(+68, +79): ACACA8
2015-07-10 11:55:04 : _GetPixelColor(+68, +82): ADADA9
2015-07-10 11:55:04 : _GetPixelColor(+81, +82): B0B0AC
2015-07-10 11:55:04 : _GetPixelColor(+49, +78): 969692
2015-07-10 11:55:04 : _GetPixelColor(+79, +78): B0B0AC
2015-07-10 11:55:04 : _GetPixelColor(+3, +19): E8E8E0
2015-07-10 11:55:04 : _GetPixelColor(+8, +59): 93938F
2015-07-10 11:55:04 : Taking debug snapshot for later review
2015-07-10 11:55:04 : Lightning Spell
2015-07-10 11:55:04 : _GetPixelColor(+47, +6): BFBFBF
2015-07-10 11:55:04 : _GetPixelColor(+68, +79): FFFFFF
2015-07-10 11:55:04 : _GetPixelColor(+68, +82): FEFEFE
2015-07-10 11:55:04 : _GetPixelColor(+81, +82): 919191
2015-07-10 11:55:04 : _GetPixelColor(+49, +78): FAFAFA
2015-07-10 11:55:04 : _GetPixelColor(+79, +78): 808080
2015-07-10 11:55:04 : _GetPixelColor(+3, +19): D2D2D2
2015-07-10 11:55:04 : _GetPixelColor(+8, +59): 303030
2015-07-10 11:55:04 : Taking debug snapshot for later review
2015-07-10 11:55:05 : Healing Spell
2015-07-10 11:55:05 : _GetPixelColor(+47, +6): 8DDFEB
2015-07-10 11:55:05 : _GetPixelColor(+68, +79): FFFFFF
2015-07-10 11:55:05 : _GetPixelColor(+68, +82): FFFFFF
2015-07-10 11:55:05 : _GetPixelColor(+81, +82): E15EDA
2015-07-10 11:55:05 : _GetPixelColor(+49, +78): FCFFFF
2015-07-10 11:55:05 : _GetPixelColor(+79, +78): F138D5
2015-07-10 11:55:05 : _GetPixelColor(+3, +19): 95ECF8
2015-07-10 11:55:05 : _GetPixelColor(+8, +59): 303030
2015-07-10 11:55:05 : Barbarian Red text upgrade value = 
2015-07-10 11:55:05 : Barbarian White text upgrade value = 
2015-07-10 11:55:05 : Archer Red text upgrade value = 
2015-07-10 11:55:05 : Archer White text upgrade value = 
2015-07-10 11:55:05 : Giant Red text upgrade value = 
2015-07-10 11:55:05 : Giant White text upgrade value = 250000
2015-07-10 11:55:05 : Goblin Red text upgrade value = 
2015-07-10 11:55:05 : Goblin White text upgrade value = 
2015-07-10 11:55:05 : Wall Breaker Red text upgrade value = 
2015-07-10 11:55:05 : Wall Breaker White text upgrade value = 250000
2015-07-10 11:55:05 : Balloon Red text upgrade value = 
2015-07-10 11:55:05 : Balloon White text upgrade value = 
2015-07-10 11:55:05 : Wizard Red text upgrade value = 
2015-07-10 11:55:05 : Wizard White text upgrade value = 450000
2015-07-10 11:55:06 : Healer Red text upgrade value = 
2015-07-10 11:55:06 : Healer White text upgrade value = 
2015-07-10 11:55:06 : Dragon Red text upgrade value = 
2015-07-10 11:55:06 : Dragon White text upgrade value = 
2015-07-10 11:55:06 : Pekka Red text upgrade value = 
2015-07-10 11:55:06 : Pekka White text upgrade value = 
2015-07-10 11:55:06 : Lightning Spell Red text upgrade value = 
2015-07-10 11:55:06 : Lightning Spell White text upgrade value = 1000000
2015-07-10 11:55:06 : Healing Spell Red text upgrade value = 
2015-07-10 11:55:06 : Healing Spell White text upgrade value = 600000
2015-07-10 11:55:06 : Giant not unlocked yet, select another troop
2015-07-10 11:55:09 : No free builder, Upgrade Walls skipped..
2015-07-10 11:55:11 : ====== Waiting for full army ======
2015-07-10 11:55:30 : Func Train 
2015-07-10 11:55:30 : Checking Army Camp...
2015-07-10 11:55:32 : $sArmyInfo = 135#140
2015-07-10 11:55:32 : $CurCamp = 135
2015-07-10 11:55:32 : $TotalCamp = 140
2015-07-10 11:55:32 : Total Army Camp capacity: 135/140
2015-07-10 11:55:32 : $hBitmapFirst made
2015-07-10 11:55:33 : Calling CGBfunctions.dll/searchIdentifyTroopTrained 
2015-07-10 11:55:33 : Dll return $FullTemp :Barbarian|9-20|36#Archer|70-22|54#Giant|134-23|9
2015-07-10 11:55:33 : $Trooptype split # : 3
2015-07-10 11:55:33 : Start the Loop
2015-07-10 11:55:33 : $TroopTypeT[$i] split : 1
2015-07-10 11:55:33 :  - No. of Barbarians: 36
2015-07-10 11:55:34 : $TroopTypeT[$i] split : 2
2015-07-10 11:55:34 :  - No. of Archers: 54
2015-07-10 11:55:34 : $TroopTypeT[$i] split : 3
2015-07-10 11:55:34 :  - No. of Giants: 9
2015-07-10 11:55:34 : Training Troops...
2015-07-10 11:55:36 : This is not a Barrack
2015-07-10 11:55:36 : Barrack1 selected
2015-07-10 11:55:36 : Barrack1 selected
2015-07-10 11:55:37 : Train: need to make normal troops: True
2015-07-10 11:55:37 : Train: need to make dark troops: False
2015-07-10 11:55:37 : Barrack1 selected
2015-07-10 11:55:38 : Barrack2 selected
2015-07-10 11:55:38 : Barrack2 selected
2015-07-10 11:55:38 : Barrack3 selected
2015-07-10 11:55:38 : Barrack3 selected
2015-07-10 11:55:39 : This is not a Barrack
2015-07-10 11:55:39 : This is not a Barrack
2015-07-10 11:55:39 : This is not a Barrack
2015-07-10 11:55:40 : This is not a Barrack
2015-07-10 11:55:40 : This is not a Barrack
2015-07-10 11:55:41 : ---------COMPUTE TROOPS TO MAKE------------------------
2015-07-10 11:55:41 : BARRACKNUM: 3
2015-07-10 11:55:41 : DARKBARRACKNUM: 1
2015-07-10 11:55:41 : Barrack3 selected
2015-07-10 11:55:42 : ASSIGN TroopFirst.Giant: 1
2015-07-10 11:55:42 : troopSecondGiant: 1
2015-07-10 11:55:43 : BARRACK 0 STATUS: True
2015-07-10 11:55:43 : Barrack2 selected
2015-07-10 11:55:43 : Barrack2 selected
2015-07-10 11:55:45 : BARRACK 1 STATUS: False
2015-07-10 11:55:46 : Barrack1 selected
2015-07-10 11:55:46 : Barrack1 selected
2015-07-10 11:55:47 : BARRACK 2 STATUS: False
2015-07-10 11:55:48 : This is not a Barrack
2015-07-10 11:55:48 : This is not a Barrack
2015-07-10 11:55:49 : This is not a Barrack
2015-07-10 11:55:49 : This is not a Barrack
2015-07-10 11:55:49 : This is not a Barrack
2015-07-10 11:55:49 : ---================================================================---
