2015-07-12 14:55:02 : ~~~ Clash Game Bot v4.0 Powered by GameBot.org ~~~
2015-07-12 14:55:02 : Au3 Script running on WIN_81  X64
2015-07-12 14:55:02 : =================== Bot Start ====================
2015-07-12 14:55:02 : Trying to locate Main Screen
2015-07-12 14:55:02 : Zooming Out
2015-07-12 14:55:04 : Main Screen Located
2015-07-12 14:55:05 : Detecting your Buildings..
2015-07-12 14:55:05 : Town Hall Position: 430, 237
2015-07-12 14:55:07 : Taking snapshot for later review
2015-07-12 14:55:09 : Read building Name String = 
2015-07-12 14:55:09 : Your Town Hall Level was not found, please restart the bot6
2015-07-12 14:55:10 : Language setting is English: Correct.
2015-07-12 14:55:11 : Trying to locate Main Screen
2015-07-12 14:55:11 : Main Screen Located
2015-07-12 14:55:11 : Gold Storages are full!
2015-07-12 14:55:13 : Collecting Resources
2015-07-12 14:55:20 : Checking if Village needs Rearming..
2015-07-12 14:55:22 : Taking snapshot for later review
2015-07-12 14:55:31 : Village Report
2015-07-12 14:55:31 : Cannot get Free/Total Builders
2015-07-12 14:55:31 : No. of Free/Total Builders: 0/0
2015-07-12 14:55:32 :  [T]: 
2015-07-12 14:55:32 :  [G]:  [E]:  [GEM]: 
