2015-07-08 01:17:27 : Starting BlueStacks
2015-07-08 01:17:33 : BlueStacks Loaded, took 6.49 seconds to begin.
2015-07-08 01:17:34 : ~~~ Clash Game Bot v4.0 Powered by GameBot.org ~~~
2015-07-08 01:17:34 : Executable running on WIN_81  X64
2015-07-08 01:17:34 : =================== Bot Start ====================
2015-07-08 01:17:34 : Trying to locate Main Screen
2015-07-08 01:17:38 : Waiting for Main Screen
2015-07-08 01:17:55 : Zooming Out
2015-07-08 01:17:57 : Main Screen Located
2015-07-08 01:17:58 : Detecting your Buildings..
2015-07-08 01:18:03 : Your Town Hall is Level: 6
2015-07-08 01:18:11 : Total No. of Dark Barracks: 0
2015-07-08 01:18:12 : Language setting is English: Correct.
2015-07-08 01:18:13 : Trying to locate Main Screen
2015-07-08 01:18:13 : Main Screen Located
2015-07-08 01:18:15 : Profile Report
2015-07-08 01:18:15 : Opening Profile page to read atk, def, donated ad received...
2015-07-08 01:18:16 :  [ATKW]: 14 [DEFW]: 0 [TDON]: 80 [TREC]: 171
2015-07-08 01:18:21 : Checking if Village needs Rearming..
2015-07-08 01:18:33 : Village Report
2015-07-08 01:18:33 : No. of Free/Total Builders: 0/3
2015-07-08 01:18:33 :  [T]: 1 042
2015-07-08 01:18:33 :  [G]: 82 401 [E]: 1 305 010 [GEM]: 627
2015-07-08 01:18:38 : Chat Request: moodless
2015-07-08 01:18:40 : Chat Request: moodless
2015-07-08 01:18:42 : Checking Army Camp...
2015-07-08 01:18:44 : Total Army Camp capacity: 135/135
2015-07-08 01:18:44 : Training Troops...
2015-07-08 01:18:51 : Your Army Camps are now Full
2015-07-08 01:19:17 : Requesting Clan Castle Troops
2015-07-08 01:19:17 : Your Clan Castle is already full or you are not in a clan.
2015-07-08 01:19:18 : Checking Troop Upgrade in Laboratory ...
2015-07-08 01:19:19 : Updating village values [E]: 1299940
2015-07-08 01:19:21 : Healing Spell value read error, close bot and try again!
2015-07-08 01:19:23 : No free builder, Upgrade Walls skipped..
2015-07-08 01:19:26 : Profile Report
2015-07-08 01:19:26 : Opening Profile page to read atk, def, donated ad received...
2015-07-08 01:19:27 :  [ATKW]: 14 [DEFW]: 0 [TDON]: 80 [TREC]: 171
2015-07-08 01:19:29 : Going to Attack...
2015-07-08 01:19:35 : ============== Searching For Dead Base ===============
2015-07-08 01:19:35 : ~~~~~~~~~~~~~~~ SEARCH CONDITIONS ~~~~~~~~~~~~~~~~
2015-07-08 01:19:35 : Meet: Gold + Elixir, Max TH 4-6
2015-07-08 01:19:35 : ~~~~~~~~~~~~~~ RESOURCE CONDITIONS ~~~~~~~~~~~~~~~
2015-07-08 01:19:35 : Aim:           [G+E]: 160000 [D]:    0 [T]: 0 [TH]:4-6
2015-07-08 01:19:35 : ============== Searching For Live Base ===============
2015-07-08 01:19:35 : ~~~~~~~~~~~~~~~ SEARCH CONDITIONS ~~~~~~~~~~~~~~~~
2015-07-08 01:19:35 : Meet: Gold + Elixir, Max TH 4-6, TH Outside, Enabled after 150 searches
2015-07-08 01:19:35 : ~~~~~~~~~~~~~~ RESOURCE CONDITIONS ~~~~~~~~~~~~~~~
2015-07-08 01:19:35 : Aim:           [G+E]: 160000 [D]:    0 [T]: 0 [TH]:4-6, Out
2015-07-08 01:19:35 : ==================================================
2015-07-08 01:19:36 :   1> [G]:  37628 [E]:  21773 [D]:  N/A [T]:29 [TH]:4-6, In
2015-07-08 01:19:39 :   2> [G]:  12828 [E]:  72334 [D]:  N/A [T]:19 [TH]:4-6, In
2015-07-08 01:19:47 :   3> [G]:  20204 [E]:  54322 [D]:  N/A [T]:28 [TH]: -, -
2015-07-08 01:19:50 :   4> [G]:  16030 [E]:  32397 [D]:  N/A [T]:27 [TH]:4-6, In
2015-07-08 01:19:54 :   5> [G]:  74045 [E]:  36273 [D]:  N/A [T]:33 [TH]: -, -
2015-07-08 01:19:59 :   6> [G]:  38718 [E]:  74770 [D]:  N/A [T]:23 [TH]: 7, Out
2015-07-08 01:20:03 :   7> [G]:  11158 [E]:   3799 [D]:  N/A [T]:32 [TH]: -, -
2015-07-08 01:20:06 :   8> [G]:  53332 [E]: 152007 [D]:   61 [T]:30 [TH]: 7, In
2015-07-08 01:20:10 :   9> [G]:  45769 [E]:  71060 [D]:  N/A [T]:20 [TH]: -, -
2015-07-08 01:20:14 :  10> [G]:   1796 [E]:    703 [D]:  N/A [T]:14 [TH]: -, -
2015-07-08 01:20:17 :  11> [G]:  20057 [E]:  32862 [D]:  N/A [T]:21 [TH]:4-6, In
2015-07-08 01:20:24 :  12> [G]:   3460 [E]:  13030 [D]:  N/A [T]:17 [TH]: -, -
2015-07-08 01:20:27 :  13> [G]:  32591 [E]:  22747 [D]:  N/A [T]:27 [TH]:4-6, Out
2015-07-08 01:20:35 :  14> [G]:  77598 [E]:  76018 [D]:  N/A [T]:29 [TH]: -, -
2015-07-08 01:20:37 :  15> [G]:  13612 [E]:  18258 [D]:  N/A [T]:26 [TH]:4-6, In
2015-07-08 01:20:45 :  16> [G]:  15360 [E]:  45478 [D]:  N/A [T]:21 [TH]: 7, In
2015-07-08 01:20:49 :  17> [G]: 107883 [E]:  71115 [D]:  N/A [T]:30 [TH]: -, -
2015-07-08 01:20:51 :  18> [G]:  57121 [E]:  68922 [D]:  N/A [T]:22 [TH]:4-6, In
2015-07-08 01:20:59 :  19> [G]: 171943 [E]:  89042 [D]:  N/A [T]:32 [TH]: -, -
2015-07-08 01:21:03 :  20> [G]:  32413 [E]:  35754 [D]:  N/A [T]:27 [TH]: -, -
2015-07-08 01:21:03 : Aim:           [G+E]: 156000 [D]:    0 [T]: 0 [TH]:4-6
2015-07-08 01:21:06 :  21> [G]:  68958 [E]:   3938 [D]:   70 [T]:27 [TH]: 7, In
2015-07-08 01:21:13 :  22> [G]:  51631 [E]:  66800 [D]:  N/A [T]:28 [TH]:4-6, In
2015-07-08 01:21:16 :  23> [G]:  16333 [E]:   9349 [D]:  N/A [T]:34 [TH]:4-6, In
2015-07-08 01:21:23 :  24> [G]:  35954 [E]:  42183 [D]:  N/A [T]:25 [TH]:4-6, In
2015-07-08 01:21:26 :  25> [G]:  21086 [E]:  64556 [D]:  N/A [T]:27 [TH]: 7, In
2015-07-08 01:21:32 :  26> [G]:  24525 [E]:  15525 [D]:  N/A [T]:15 [TH]:4-6, In
2015-07-08 01:21:36 :  27> [G]:   4584 [E]:   8622 [D]:  N/A [T]:29 [TH]: -, -
2015-07-08 01:21:39 :  28> [G]:  82044 [E]:  97054 [D]:  N/A [T]:27 [TH]:4-6, In
2015-07-08 01:21:43 :  29> [G]:  15513 [E]:  14431 [D]:  N/A [T]:16 [TH]: -, -
2015-07-08 01:21:46 :  30> [G]:   4473 [E]:   6252 [D]:  N/A [T]:22 [TH]:4-6, In
2015-07-08 01:21:53 :  31> [G]:  57555 [E]:   7704 [D]:  N/A [T]:32 [TH]:4-6, In
2015-07-08 01:21:55 :  32> [G]:  36203 [E]:  79572 [D]:  N/A [T]:26 [TH]:4-6, In
2015-07-08 01:22:02 :  33> [G]:  15862 [E]:  27795 [D]:  N/A [T]:29 [TH]:4-6, In
2015-07-08 01:22:05 :  34> [G]:  44291 [E]:  90074 [D]:  N/A [T]:24 [TH]:4-6, In
2015-07-08 01:22:12 :  35> [G]:   4877 [E]:  56001 [D]:  N/A [T]:21 [TH]:4-6, In
2015-07-08 01:22:15 :  36> [G]:  62544 [E]:  31331 [D]:  N/A [T]:22 [TH]: 7, In
2015-07-08 01:22:21 :  37> [G]:   8313 [E]:   8716 [D]:  N/A [T]:32 [TH]:4-6, In
2015-07-08 01:22:25 :  38> [G]:  75638 [E]:  28708 [D]:  N/A [T]:21 [TH]: -, -
2015-07-08 01:22:27 :  39> [G]:  24139 [E]:   7764 [D]:  N/A [T]:22 [TH]:4-6, In
2015-07-08 01:22:34 :  40> [G]:  70905 [E]:  38028 [D]:  N/A [T]:31 [TH]:4-6, In
2015-07-08 01:22:34 : Aim:           [G+E]: 152000 [D]:    0 [T]: 0 [TH]:4-6
2015-07-08 01:22:38 :  41> [G]:  12772 [E]:  27270 [D]:  N/A [T]:28 [TH]: -, -
2015-07-08 01:22:40 :  42> [G]:   8804 [E]:  30910 [D]:  N/A [T]:31 [TH]:4-6, In
2015-07-08 01:22:48 :  43> [G]:  26557 [E]:  37997 [D]:  N/A [T]:31 [TH]:4-6, In
2015-07-08 01:22:51 :  44> [G]: 176995 [E]: 197037 [D]:  188 [T]:34 [TH]: 7, Out
2015-07-08 01:22:57 :  45> [G]:  46155 [E]:  21590 [D]:  N/A [T]:14 [TH]:4-6, In
2015-07-08 01:23:00 :  46> [G]:  36542 [E]:  19354 [D]:  N/A [T]:28 [TH]: 7, In
2015-07-08 01:23:07 :  47> [G]:  11424 [E]:   4154 [D]:  N/A [T]:23 [TH]: 7, In
2015-07-08 01:23:09 :  48> [G]:  18815 [E]:  79695 [D]:  N/A [T]:34 [TH]:4-6, In
2015-07-08 01:23:17 :  49> [G]:  69159 [E]:  38963 [D]:  N/A [T]:34 [TH]: -, -
2015-07-08 01:23:20 :  50> [G]:  68537 [E]:  21792 [D]:  N/A [T]:25 [TH]:4-6, In
2015-07-08 01:23:28 :  51> [G]:  11141 [E]:  17880 [D]:  N/A [T]:24 [TH]: -, -
2015-07-08 01:23:32 :  52> [G]:  17142 [E]:  19782 [D]:  N/A [T]:33 [TH]: -, -
2015-07-08 01:23:34 :  53> [G]: 128838 [E]:   3052 [D]:  111 [T]:33 [TH]: 7, In
2015-07-08 01:23:41 :  54> [G]:  49308 [E]:   4526 [D]:  N/A [T]:26 [TH]:4-6, In
2015-07-08 01:23:44 :  55> [G]:   2590 [E]:  39751 [D]:  N/A [T]:24 [TH]:4-6, In
2015-07-08 01:23:50 :  56> [G]:  12850 [E]:   7755 [D]:  N/A [T]:25 [TH]:4-6, In
2015-07-08 01:23:53 :  57> [G]:  16320 [E]:  16427 [D]:  N/A [T]:25 [TH]:4-6, In
2015-07-08 01:24:00 :  58> [G]:  72711 [E]:  39789 [D]:  N/A [T]:22 [TH]:4-6, In
2015-07-08 01:24:03 :  59> [G]:  47591 [E]:   3572 [D]:  104 [T]:32 [TH]: 7, In
2015-07-08 01:24:10 :  60> [G]:  50916 [E]:   5249 [D]:  N/A [T]:26 [TH]: 7, In
2015-07-08 01:24:10 : Aim:           [G+E]: 148000 [D]:    0 [T]: 0 [TH]:4-6
2015-07-08 01:24:13 :  61> [G]:  10508 [E]:  31159 [D]:  N/A [T]:25 [TH]:4-6, In
2015-07-08 01:24:19 :  62> [G]:  24788 [E]:  54150 [D]:  N/A [T]:26 [TH]:4-6, In
2015-07-08 01:24:23 :  63> [G]: 210993 [E]: 217566 [D]:  N/A [T]:26 [TH]: -, -
2015-07-08 01:24:27 :  64> [G]: 108625 [E]:  74326 [D]:    8 [T]:16 [TH]: 7, In
2015-07-08 01:24:29 :  65> [G]:   3203 [E]:  39372 [D]:  N/A [T]:27 [TH]: 7, In
2015-07-08 01:24:36 :  66> [G]:   3557 [E]:   7219 [D]:  N/A [T]:13 [TH]:4-6, In
2015-07-08 01:24:39 :  67> [G]:  11584 [E]:  10864 [D]:  N/A [T]:25 [TH]:4-6, In
2015-07-08 01:24:46 :  68> [G]:  79724 [E]: 233655 [D]:  220 [T]:20 [TH]: 7, Out
2015-07-08 01:24:50 :  69> [G]: 153646 [E]:  64176 [D]:  149 [T]:30 [TH]: -, -
2015-07-08 01:24:54 :  70> [G]:  16487 [E]:  26995 [D]:  N/A [T]:29 [TH]: -, -
2015-07-08 01:24:56 :  71> [G]:  38231 [E]:  26232 [D]:  N/A [T]:32 [TH]:4-6, In
2015-07-08 01:25:03 :  72> [G]:   8058 [E]:  29173 [D]:  N/A [T]:16 [TH]:4-6, In
2015-07-08 01:25:07 :  73> [G]:  19982 [E]:   3971 [D]:  N/A [T]:13 [TH]: -, -
2015-07-08 01:25:12 :  74> [G]:  16249 [E]:   9481 [D]:  N/A [T]:25 [TH]: -, -
2015-07-08 01:25:15 :  75> [G]:  30649 [E]:  36318 [D]:  N/A [T]:28 [TH]: -, -
2015-07-08 01:25:19 :  76> [G]:   8849 [E]:   2444 [D]:  N/A [T]:30 [TH]: -, -
2015-07-08 01:25:23 :  77> [G]:  40102 [E]:  16087 [D]:  N/A [T]:32 [TH]: -, -
2015-07-08 01:25:26 :  78> [G]:   5436 [E]:  24827 [D]:  N/A [T]:30 [TH]:4-6, In
2015-07-08 01:25:33 :  79> [G]:   7461 [E]:  16730 [D]:  N/A [T]:29 [TH]: -, -
2015-07-08 01:25:36 :  80> [G]:  25122 [E]:  36991 [D]:  N/A [T]:28 [TH]:4-6, In
2015-07-08 01:25:36 : Aim:           [G+E]: 144000 [D]:    0 [T]: 0 [TH]:4-6
2015-07-08 01:25:43 :  81> [G]:  19611 [E]:  36649 [D]:  N/A [T]:29 [TH]:4-6, In
2015-07-08 01:25:46 :  82> [G]:  56607 [E]:   9274 [D]:  N/A [T]:34 [TH]: -, -
2015-07-08 01:25:50 :  83> [G]:  17438 [E]:  37778 [D]:  N/A [T]:20 [TH]: -, -
2015-07-08 01:25:53 :  84> [G]:  12555 [E]:  23977 [D]:  N/A [T]:15 [TH]:4-6, In
2015-07-08 01:25:59 :  85> [G]:  49722 [E]:  14207 [D]:  N/A [T]:33 [TH]:4-6, In
2015-07-08 01:26:03 :  86> [G]:  94772 [E]:  59422 [D]:  N/A [T]:21 [TH]:4-6, In
2015-07-08 01:26:03 : ~~~~~~~~~~~~~~~~ Dead Base Found! ~~~~~~~~~~~~~~~~
2015-07-08 01:26:05 : ================ Search Complete =================
2015-07-08 01:26:05 : Initiating attack for: Dead Base
2015-07-08 01:26:08 : -Archers 105
2015-07-08 01:26:08 : -Giants 6
2015-07-08 01:26:08 : -Clan Castle 
2015-07-08 01:26:08 : -Rage Spells 2
2015-07-08 01:26:08 : -Heal Spells 2
2015-07-08 01:26:08 :  ====== Start Attack ====== 
2015-07-08 01:26:10 : Calculating Smart Attack Strategy
2015-07-08 01:26:12 : Calculated  (in 2.1 seconds) :
2015-07-08 01:26:12 : Locating Village Pump & Mines
2015-07-08 01:26:20 : Located  (in 7.4 seconds) :
2015-07-08 01:26:20 : [6] Gold Mines
2015-07-08 01:26:20 : [6] Elixir Collectors
2015-07-08 01:26:20 : [0] Dark Elixir Drill/s
2015-07-08 01:26:20 : Attacking on all sides
2015-07-08 01:26:22 : Dropping 1  of Giants => on each side (side : 1)
2015-07-08 01:26:22 : Dropping 4  of Archers => on each side (side : 1)
2015-07-08 01:26:23 : Dropping 1  of Giants => on each side (side : 2)
2015-07-08 01:26:24 : Dropping 4  of Archers => on each side (side : 2)
2015-07-08 01:26:25 : Dropping 1  of Giants => on each side (side : 3)
2015-07-08 01:26:25 : Dropping 4  of Archers => on each side (side : 3)
2015-07-08 01:26:26 : Dropping 1  of Giants => on each side (side : 4)
2015-07-08 01:26:27 : Dropping 4  of Archers => on each side (side : 4)
2015-07-08 01:26:28 : Dropping 1  of Giants => on each side (side : 5)
2015-07-08 01:26:28 : Dropping 4  of Archers => on each side (side : 5)
2015-07-08 01:26:29 : Dropping 1  of Giants => on each side (side : 6)
2015-07-08 01:26:30 : Dropping 4  of Archers => on each side (side : 6)
2015-07-08 01:26:31 : Dropping 1  of Giants => on each side (side : 7)
2015-07-08 01:26:31 : Dropping 4  of Archers => on each side (side : 7)
2015-07-08 01:26:32 : Dropping 1  of Giants => on each side (side : 8)
2015-07-08 01:26:33 : Dropping 4  of Archers => on each side (side : 8)
2015-07-08 01:26:34 : Dropping 1  of Giants => on each side (side : 9)
2015-07-08 01:26:34 : Dropping 4  of Archers => on each side (side : 9)
2015-07-08 01:26:35 : Dropping 1  of Giants => on each side (side : 10)
2015-07-08 01:26:36 : Dropping 4  of Archers => on each side (side : 10)
2015-07-08 01:26:37 : Dropping 1  of Giants => on each side (side : 11)
2015-07-08 01:26:37 : Dropping 4  of Archers => on each side (side : 11)
2015-07-08 01:26:38 : Dropping 1  of Giants => on each side (side : 12)
2015-07-08 01:26:39 : Dropping 4  of Archers => on each side (side : 12)
2015-07-08 01:26:40 : Dropping 4  of Archers => on each side (side : 1)
2015-07-08 01:26:40 : Dropping 4  of Archers => on each side (side : 2)
2015-07-08 01:26:41 : Dropping 4  of Archers => on each side (side : 3)
2015-07-08 01:26:42 : Dropping 4  of Archers => on each side (side : 4)
2015-07-08 01:26:43 : Dropping 4  of Archers => on each side (side : 5)
2015-07-08 01:26:44 : Dropping 4  of Archers => on each side (side : 6)
2015-07-08 01:26:45 : Dropping 4  of Archers => on each side (side : 7)
2015-07-08 01:26:45 : Dropping 4  of Archers => on each side (side : 8)
2015-07-08 01:26:46 : Dropping 4  of Archers => on each side (side : 9)
2015-07-08 01:26:47 : Dropping 4  of Archers => on each side (side : 10)
2015-07-08 01:26:48 : Dropping 4  of Archers => on each side (side : 11)
2015-07-08 01:26:49 : Dropping 4  of Archers => on each side (side : 12)
2015-07-08 01:26:51 : Dropping last 9  of Archers
2015-07-08 01:26:52 : Dropping left over troops
2015-07-08 01:26:52 : Checking remaining unused troops for: Dead Base
2015-07-08 01:26:56 : -Archers 0
2015-07-08 01:26:56 : -Clan Castle 
2015-07-08 01:26:56 : -Rage Spells 2
2015-07-08 01:26:56 : -Heal Spells 2
2015-07-08 01:27:04 : Checking remaining unused troops for: Dead Base
2015-07-08 01:27:08 : -Archers 0
2015-07-08 01:27:08 : -Clan Castle 
2015-07-08 01:27:08 : -Rage Spells 2
2015-07-08 01:27:08 : -Heal Spells 2
2015-07-08 01:27:18 : Finished Attacking, waiting for the battle to end
2015-07-08 01:27:18 : Checking if the battle has finished
2015-07-08 01:27:19 : detected [G]: 59386 [E]: 3672 [DE]:  |  Exit in 18.7 sec.
2015-07-08 01:27:20 : detected [G]: 59386 [E]: 3672 [DE]:  |  Exit in 17.4 sec.
2015-07-08 01:27:22 : detected [G]: 59386 [E]: 3672 [DE]:  |  Exit in 16.1 sec.
2015-07-08 01:27:23 : detected [G]: 59386 [E]: 3672 [DE]:  |  Exit in 14.7 sec.
2015-07-08 01:27:24 : detected [G]: 59386 [E]: 3672 [DE]:  |  Exit in 13.4 sec.
2015-07-08 01:27:26 : detected [G]: 59386 [E]: 3672 [DE]:  |  Exit in 12.0 sec.
2015-07-08 01:27:27 : detected [G]: 59386 [E]: 3672 [DE]:  |  Exit in 10.7 sec.
2015-07-08 01:27:28 : detected [G]: 59386 [E]: 3672 [DE]:  |  Exit in 9.4 sec.
2015-07-08 01:27:30 : detected [G]: 59386 [E]: 3672 [DE]:  |  Exit in 8.0 sec.
2015-07-08 01:27:31 : detected [G]: 59386 [E]: 3672 [DE]:  |  Exit in 6.7 sec.
2015-07-08 01:27:32 : detected [G]: 59386 [E]: 3672 [DE]:  |  Exit in 5.4 sec.
2015-07-08 01:27:34 : detected [G]: 59386 [E]: 3672 [DE]:  |  Exit in 4.0 sec.
2015-07-08 01:27:35 : detected [G]: 59386 [E]: 3672 [DE]:  |  Exit in 2.7 sec.
2015-07-08 01:27:36 : detected [G]: 59386 [E]: 3672 [DE]:  |  Exit in 1.4 sec.
2015-07-08 01:27:38 : detected [G]: 59386 [E]: 3672 [DE]:  |  Exit in 0.0 sec.
2015-07-08 01:27:38 : Gold & Elixir & DE no change detected, exit
2015-07-08 01:27:38 : Returning Home
2015-07-08 01:27:43 : Loot: [G]: 35 386 [E]: 55 750 [DE]: 55 750 [T]: -25
2015-07-08 01:27:43 : Stars earned: 0
2015-07-08 01:27:43 : Taking snapshot of your loot
2015-07-08 01:27:43 : Pushbullet: Last Raid screenshot has been sent!
2015-07-08 01:27:55 : Trying to locate Main Screen
2015-07-08 01:27:55 : Main Screen Located
2015-07-08 01:27:57 : Profile Report
2015-07-08 01:27:57 : Opening Profile page to read atk, def, donated ad received...
2015-07-08 01:27:58 :  [ATKW]: 14 [DEFW]: 0 [TDON]: 80 [TREC]: 171
2015-07-08 01:28:02 : Checking if Village needs Rearming..
2015-07-08 01:28:14 : Village Report
2015-07-08 01:28:14 : No. of Free/Total Builders: 0/3
2015-07-08 01:28:14 :  [T]: 1 017
2015-07-08 01:28:14 :  [G]: 96 287 [E]: 1 355 690 [GEM]: 627
2015-07-08 01:28:18 : Chat Request: any
2015-07-08 01:28:18 : Archers Keyword found: any
2015-07-08 01:28:19 : Donating Archers
2015-07-08 01:28:21 : Chat Request: moodless
2015-07-08 01:28:23 : Chat Request: moodless
2015-07-08 01:28:25 : Checking Army Camp...
2015-07-08 01:28:27 : Total Army Camp capacity: 48/135
2015-07-08 01:28:28 :  - No. of Archers: 48
2015-07-08 01:28:28 : Training Troops...
2015-07-08 01:28:45 : Requesting Clan Castle Troops
2015-07-08 01:28:45 : Your Clan Castle is already full or you are not in a clan.
2015-07-08 01:28:46 : Checking Troop Upgrade in Laboratory ...
2015-07-08 01:28:46 : Updating village values [E]: 1355834
2015-07-08 01:28:48 : Healing Spell value read error, close bot and try again!
2015-07-08 01:28:51 : No free builder, Upgrade Walls skipped..
2015-07-08 01:28:52 : ====== Waiting for full army ======
2015-07-08 01:29:13 : Checking Army Camp...
2015-07-08 01:29:15 : Total Army Camp capacity: 63/135
2015-07-08 01:29:16 :  - No. of Archers: 48
2015-07-08 01:29:16 :  - No. of Giants: 3
2015-07-08 01:29:16 : Training Troops...
2015-07-08 01:29:32 : Time Idle: 00:00:39
2015-07-08 01:29:32 : ====== Waiting for full army ======
2015-07-08 01:29:52 : Checking Army Camp...
2015-07-08 01:29:54 : Total Army Camp capacity: 63/135
2015-07-08 01:29:55 :  - No. of Archers: 48
2015-07-08 01:29:55 :  - No. of Giants: 3
2015-07-08 01:29:55 : Training Troops...
2015-07-08 01:30:10 : Time Idle: 00:01:18
2015-07-08 01:30:10 : ====== Waiting for full army ======
2015-07-08 01:30:30 : Checking Army Camp...
2015-07-08 01:30:32 : Total Army Camp capacity: 63/135
2015-07-08 01:30:33 :  - No. of Archers: 48
2015-07-08 01:30:33 :  - No. of Giants: 3
2015-07-08 01:30:34 : Training Troops...
2015-07-08 01:30:49 : Time Idle: 00:01:56
2015-07-08 01:30:49 : ====== Waiting for full army ======
2015-07-08 01:31:10 : Checking Army Camp...
2015-07-08 01:31:12 : Total Army Camp capacity: 78/135
2015-07-08 01:31:13 :  - No. of Archers: 48
2015-07-08 01:31:13 :  - No. of Giants: 6
2015-07-08 01:31:13 : Training Troops...
2015-07-08 01:31:29 : Time Idle: 00:02:36
2015-07-08 01:31:29 : ====== Waiting for full army ======
2015-07-08 01:31:49 : Checking Army Camp...
2015-07-08 01:31:51 : Total Army Camp capacity: 78/135
2015-07-08 01:31:52 :  - No. of Archers: 48
2015-07-08 01:31:52 :  - No. of Giants: 6
2015-07-08 01:31:52 : Training Troops...
2015-07-08 01:32:07 : Time Idle: 00:03:15
2015-07-08 01:32:07 : ====== Waiting for full army ======
2015-07-08 01:32:12 : Chat Request: any
2015-07-08 01:32:12 : Archers Keyword found: any
2015-07-08 01:32:13 : Donating Archers
2015-07-08 01:32:15 : Chat Request: moodless
2015-07-08 01:32:17 : Chat Request: moodless
2015-07-08 01:32:25 : ClashGameBot was Paused!
