2015-07-09 20:41:52 : ~~~ Clash Game Bot v4.0 Powered by GameBot.org ~~~
2015-07-09 20:41:52 : Executable running on WIN_81  X64
2015-07-09 20:41:52 : =================== Bot Start ====================
2015-07-09 20:41:52 : Trying to locate Main Screen
2015-07-09 20:41:52 : Main Screen Located
2015-07-09 20:41:53 : Detecting your Buildings..
2015-07-09 20:41:54 : Town Hall Position: 430, 237
2015-07-09 20:41:55 : Taking snapshot for later review
2015-07-09 20:41:58 : Read building Name String = Town Hall (Level 6)
2015-07-09 20:41:58 : 1st $aString = 2, Town Hall , Level 6)
2015-07-09 20:41:58 : 2nd $aString = 2, Level 6, 
2015-07-09 20:41:58 : 3rd $aString = 2, Level, 6
2015-07-09 20:41:58 : Your Town Hall is Level: 6
2015-07-09 20:41:59 : Language setting is English: Correct.
2015-07-09 20:42:00 : Trying to locate Main Screen
2015-07-09 20:42:00 : Main Screen Located
2015-07-09 20:42:02 : Profile Report
2015-07-09 20:42:02 : Opening Profile page to read atk, def, donated ad received...
2015-07-09 20:42:03 :  [ATKW]:  [DEFW]:  [TDON]:  [TREC]: 
2015-07-09 20:42:11 : Village Report
2015-07-09 20:42:11 : No. of Free/Total Builders: 0/3
2015-07-09 20:42:11 :  [T]: 1 070
2015-07-09 20:42:11 :  [G]: 954 099 [E]: 843 040 [GEM]: 632
2015-07-09 20:42:16 : Chat Request: balloon
2015-07-09 20:42:18 : Chat Request: 3 orabove dragon
2015-07-09 20:42:19 : Func Train 
2015-07-09 20:42:19 : Checking Army Camp...
2015-07-09 20:42:21 : $sArmyInfo = 126#135
2015-07-09 20:42:21 : $CurCamp = 126
2015-07-09 20:42:21 : $TotalCamp = 135
2015-07-09 20:42:21 : Total Army Camp capacity: 126/135
2015-07-09 20:42:21 : $hBitmapFirst made
2015-07-09 20:42:22 : Calling CGBfunctions.dll/searchIdentifyTroopTrained 
2015-07-09 20:42:22 : Dll return $FullTemp :Barbarian|9-20|17#Archer|70-22|49#Giant|134-23|12
2015-07-09 20:42:22 : $Trooptype split # : 3
2015-07-09 20:42:22 : Start the Loop
2015-07-09 20:42:23 : $TroopTypeT[$i] split : 1
2015-07-09 20:42:23 :  - No. of Barbarians: 17
2015-07-09 20:42:23 : $TroopTypeT[$i] split : 2
2015-07-09 20:42:23 :  - No. of Archers: 49
2015-07-09 20:42:23 : $TroopTypeT[$i] split : 3
2015-07-09 20:42:23 :  - No. of Giants: 12
2015-07-09 20:42:23 : Training Troops...
2015-07-09 20:42:25 : This is not a Barrack
2015-07-09 20:42:25 : Barrack1 selected
2015-07-09 20:42:25 : Barrack1 selected
2015-07-09 20:42:26 : Train: need to make normal troops: True
2015-07-09 20:42:26 : Train: need to make dark troops: False
2015-07-09 20:42:26 : Barrack1 selected
2015-07-09 20:42:26 : Barrack2 selected
2015-07-09 20:42:26 : Barrack2 selected
2015-07-09 20:42:27 : Barrack3 selected
2015-07-09 20:42:27 : Barrack3 selected
2015-07-09 20:42:28 : This is not a Barrack
2015-07-09 20:42:28 : This is not a Barrack
2015-07-09 20:42:28 : This is not a Barrack
2015-07-09 20:42:28 : This is not a Barrack
2015-07-09 20:42:29 : This is not a Barrack
2015-07-09 20:42:30 : Barrack3 selected
2015-07-09 20:42:30 : AfterAttack: False
2015-07-09 20:42:32 : Barrack2 selected
2015-07-09 20:42:32 : AfterAttack: False
2015-07-09 20:42:34 : Barrack1 selected
2015-07-09 20:42:34 : AfterAttack: False
2015-07-09 20:42:37 : This is not a Barrack
2015-07-09 20:42:37 : ---================================================================---
2015-07-09 20:42:41 : Requesting Clan Castle Troops
2015-07-09 20:42:41 : Your Clan Castle is already full or you are not in a clan.
2015-07-09 20:42:44 : No free builder, Upgrade Walls skipped..
2015-07-09 20:42:46 : ====== Waiting for full army ======
