2015-07-08 16:49:27 : ~~~ Clash Game Bot v4.0 Powered by GameBot.org ~~~
2015-07-08 16:49:27 : Executable running on WIN_81  X64
2015-07-08 16:49:27 : =================== Bot Start ====================
2015-07-08 16:49:27 : Trying to locate Main Screen
2015-07-08 16:49:32 : Waiting for Main Screen
2015-07-08 16:49:40 : Zooming Out
2015-07-08 16:49:42 : Main Screen Located
2015-07-08 16:49:43 : Detecting your Buildings..
2015-07-08 16:49:44 : Town Hall Position: 430, 237
2015-07-08 16:49:46 : Taking snapshot for later review
2015-07-08 16:49:51 : Read building Name String = Town Hall (Level 6)
2015-07-08 16:49:51 : 1st $aString = 2, Town Hall , Level 6)
2015-07-08 16:49:51 : 2nd $aString = 2, Level 6, 
2015-07-08 16:49:51 : 3rd $aString = 2, Level, 6
2015-07-08 16:49:51 : Your Town Hall is Level: 6
2015-07-08 16:49:57 : Total No. of Dark Barracks: 0
2015-07-08 16:49:58 : Language setting is English: Correct.
2015-07-08 16:49:59 : Trying to locate Main Screen
2015-07-08 16:49:59 : Main Screen Located
2015-07-08 16:50:01 : Profile Report
2015-07-08 16:50:01 : Opening Profile page to read atk, def, donated ad received...
2015-07-08 16:50:02 :  [ATKW]: 26 [DEFW]: 0 [TDON]: 182 [TREC]: 171
