2015-07-08 21:13:04 : ~~~ Clash Game Bot v4.0 Powered by GameBot.org ~~~
2015-07-08 21:13:04 : Executable running on WIN_81  X64
2015-07-08 21:13:04 : =================== Bot Start ====================
2015-07-08 21:13:04 : Trying to locate Main Screen
2015-07-08 21:13:04 : Main Screen Located
2015-07-08 21:13:06 : Detecting your Buildings..
2015-07-08 21:13:06 : Town Hall Position: 430, 237
2015-07-08 21:13:08 : Taking snapshot for later review
2015-07-08 21:13:11 : Read building Name String = Town Hall (Level 6)
2015-07-08 21:13:11 : 1st $aString = 2, Town Hall , Level 6)
2015-07-08 21:13:11 : 2nd $aString = 2, Level 6, 
2015-07-08 21:13:11 : 3rd $aString = 2, Level, 6
2015-07-08 21:13:11 : Your Town Hall is Level: 6
2015-07-08 21:13:12 : Language setting is English: Correct.
2015-07-08 21:13:13 : Trying to locate Main Screen
2015-07-08 21:13:13 : Main Screen Located
2015-07-08 21:13:15 : Profile Report
2015-07-08 21:13:15 : Opening Profile page to read atk, def, donated ad received...
2015-07-08 21:13:16 :  [ATKW]: 26 [DEFW]: 0 [TDON]: 218 [TREC]: 191
2015-07-08 21:13:20 : Checking if Village needs Rearming..
2015-07-08 21:13:22 : Taking snapshot for later review
2015-07-08 21:13:33 : Village Report
2015-07-08 21:13:33 : No. of Free/Total Builders: 0/3
2015-07-08 21:13:33 :  [T]: 987
2015-07-08 21:13:33 :  [G]: 77 437 [E]: 696 452 [GEM]: 632
2015-07-08 21:13:35 : Donation not Planned, Skipped..
2015-07-08 21:13:36 : Func Train 
2015-07-08 21:13:36 : Checking Army Camp...
2015-07-08 21:13:38 : $sArmyInfo = 135#135
2015-07-08 21:13:38 : $CurCamp = 135
2015-07-08 21:13:38 : $TotalCamp = 135
2015-07-08 21:13:38 : Total Army Camp capacity: 135/135
2015-07-08 21:13:38 : Training Troops...
2015-07-08 21:13:40 : This is not a Barrack
2015-07-08 21:13:40 : Barrack1 selected
2015-07-08 21:13:41 : Barrack1 selected
2015-07-08 21:13:41 : Train: need to make normal troops: True
2015-07-08 21:13:41 : Train: need to make dark troops: False
2015-07-08 21:13:41 : Barrack1 selected
2015-07-08 21:13:42 : Barrack2 selected
2015-07-08 21:13:42 : Barrack2 selected
2015-07-08 21:13:42 : Barrack3 selected
2015-07-08 21:13:42 : Barrack3 selected
2015-07-08 21:13:43 : This is not a Barrack
2015-07-08 21:13:43 : This is not a Barrack
2015-07-08 21:13:43 : This is not a Barrack
2015-07-08 21:13:43 : This is not a Barrack
2015-07-08 21:13:44 : This is not a Barrack
2015-07-08 21:13:45 : Your Army Camps are now Full
2015-07-08 21:13:45 : RESET AT 0 CurArch
2015-07-08 21:13:45 : RESET AT 0 CurGiant
2015-07-08 21:13:45 : RESET AT 0 CurWall
2015-07-08 21:13:45 : RESET AT 0 CurBarb
2015-07-08 21:13:45 : RESET AT 0 CurGobl
2015-07-08 21:13:45 : RESET AT 0 CurHeal
2015-07-08 21:13:45 : RESET AT 0 CurPekk
2015-07-08 21:13:45 : RESET AT 0 CurBall
2015-07-08 21:13:45 : RESET AT 0 CurWiza
2015-07-08 21:13:45 : RESET AT 0 CurDrag
2015-07-08 21:13:45 : RESET AT 0 CurMini
2015-07-08 21:13:45 : RESET AT 0 CurHogs
2015-07-08 21:13:45 : RESET AT 0 CurValk
2015-07-08 21:13:45 : RESET AT 0 CurGole
2015-07-08 21:13:45 : RESET AT 0 CurWitc
2015-07-08 21:13:45 : RESET AT 0 CurLava
2015-07-08 21:13:45 : ---------COMPUTE TROOPS TO MAKE------------------------
2015-07-08 21:13:45 : -- Compute AnotherTroops to train
2015-07-08 21:13:45 : Need to train ASSIGN.... CurGiant:15
2015-07-08 21:13:45 : -- AnotherTroops to train:0 + 15*5
2015-07-08 21:13:45 : --------------AnotherTroops TOTAL to train:75
2015-07-08 21:13:45 : Need to train (height) GOBL:0 BARB: 24 ARCH: 36 AND 75 other troops space
2015-07-08 21:13:45 : BARRACKNUM: 3
2015-07-08 21:13:45 : ArchEBarrack: 12
2015-07-08 21:13:45 : GiantEBarrack: 5
2015-07-08 21:13:45 : BarbEBarrack: 8
2015-07-08 21:13:45 : DARKBARRACKNUM: 1
2015-07-08 21:13:45 : Barrack3 selected
2015-07-08 21:13:53 : Barrack2 selected
2015-07-08 21:13:55 : Barrack1 selected
2015-07-08 21:13:57 : This is not a Barrack
2015-07-08 21:13:57 : ---================================================================---
2015-07-08 21:14:02 : ClashGameBot was Paused!
