2015-07-07 10:22:31 : ~~~ Clash Game Bot v4.0 Powered by GameBot.org ~~~
2015-07-07 10:22:31 : Executable running on WIN_81  X64
2015-07-07 10:22:31 : =================== Bot Start ====================
2015-07-07 10:22:32 : Trying to locate Main Screen
2015-07-07 10:22:32 : Main Screen Located
2015-07-07 10:22:32 : Click 1,1,1,0 #0166 | Away
2015-07-07 10:22:33 : Detecting your Buildings..
2015-07-07 10:22:33 : Click 1,1,2,200 
2015-07-07 10:22:33 : Click 430,242,1,0 
2015-07-07 10:22:38 : Your Town Hall is Level: 6
2015-07-07 10:22:38 : Click 1,1,2,200 
2015-07-07 10:22:44 : Total No. of Dark Barracks: 0
2015-07-07 10:22:44 : Language setting is English: Correct.
2015-07-07 10:22:45 : Trying to locate Main Screen
2015-07-07 10:22:46 : Main Screen Located
2015-07-07 10:22:48 : Click 1,1,1,0 #0332 | Away
2015-07-07 10:22:50 : Checking if Village needs Rearming..
2015-07-07 10:22:50 : Click 1,1,1,0 #0224 | Away
2015-07-07 10:22:51 : Click 430,242,1,0 #0225 | Rearm - Click Town Hall
2015-07-07 10:22:58 : Click 1,1,1,0 #0234 | Away
2015-07-07 10:23:01 : PureClick 1,1,1,0 #0319 | Away
2015-07-07 10:23:01 : Village Report
2015-07-07 10:23:01 : No. of Free/Total Builders: 1/3
2015-07-07 10:23:02 :  [T]: 1 062
2015-07-07 10:23:02 :  [G]: 88 767 [E]: 337 753 [GEM]: 617
2015-07-07 10:23:05 : Checking Army Camp...
2015-07-07 10:23:05 : Click 1,1,1,0 #0292 | Away
2015-07-07 10:23:05 : Click 40,525,1,0 #0293 | Train - Click Army Camp
2015-07-07 10:23:07 : Total Army Camp capacity: 135/135
2015-07-07 10:23:07 : Click 1,1,1,0 #0295 | Away
2015-07-07 10:23:07 : Training Troops...
2015-07-07 10:23:07 : Click 1,1,1,0 #0268 | Away
2015-07-07 10:23:07 : Click 40,525,1,0 #0293 | Train - Click Army Camp
2015-07-07 10:23:09 : Click 773,337,1,0 #9999
2015-07-07 10:23:10 : Click 773,337,1,0 #0271 | Train - Next Button 
2015-07-07 10:23:11 : Click 773,337,1,0 #0271 | Train - Next Button 
2015-07-07 10:23:11 : Click 773,337,1,0 #0271 | Train - Next Button 
2015-07-07 10:23:13 : Click 84,336,1,0 #0272 | Train - Prev Button 
2015-07-07 10:23:14 : Your Army Camps are now Full
2015-07-07 10:23:14 : Click 496,197,10,0 #0284 | Train - Remove Troops
2015-07-07 10:23:14 : Click 496,197,10,0 #0284 | Train - Remove Troops
2015-07-07 10:23:15 : Click 496,197,10,0 #0284 | Train - Remove Troops
2015-07-07 10:23:15 : Click 496,197,10,0 #0284 | Train - Remove Troops
2015-07-07 10:23:16 : Click 496,197,10,0 #0284 | Train - Remove Troops
2015-07-07 10:23:16 : Click 496,197,10,0 #0284 | Train - Remove Troops
2015-07-07 10:23:17 : Click 301,310,21,20 #0266 | Train - TrainIT Selected Troop
2015-07-07 10:23:19 : Click 442,310,2,20 #0266 | Train - TrainIT Selected Troop
2015-07-07 10:23:20 : Click 220,310,14,20 #0266 | Train - TrainIT Selected Troop
2015-07-07 10:23:23 : Click 84,336,1,0 #0286 | Train - Prev Button 
2015-07-07 10:23:24 : Click 496,197,10,0 #0284 | Train - Remove Troops
2015-07-07 10:23:24 : Click 496,197,10,0 #0284 | Train - Remove Troops
2015-07-07 10:23:25 : Click 496,197,10,0 #0284 | Train - Remove Troops
2015-07-07 10:23:25 : Click 496,197,10,0 #0284 | Train - Remove Troops
2015-07-07 10:23:26 : Click 496,197,10,0 #0284 | Train - Remove Troops
2015-07-07 10:23:26 : Click 496,197,10,0 #0284 | Train - Remove Troops
2015-07-07 10:23:27 : Click 301,310,21,20 #0266 | Train - TrainIT Selected Troop
2015-07-07 10:23:29 : Click 442,310,2,20 #0266 | Train - TrainIT Selected Troop
2015-07-07 10:23:30 : Click 220,310,14,20 #0266 | Train - TrainIT Selected Troop
2015-07-07 10:23:32 : Click 84,336,1,0 #0286 | Train - Prev Button 
2015-07-07 10:23:33 : Click 496,197,10,0 #0284 | Train - Remove Troops
2015-07-07 10:23:33 : Click 496,197,10,0 #0284 | Train - Remove Troops
2015-07-07 10:23:34 : Click 301,310,21,20 #0266 | Train - TrainIT Selected Troop
2015-07-07 10:23:36 : Click 442,310,2,20 #0266 | Train - TrainIT Selected Troop
2015-07-07 10:23:37 : Click 220,310,14,20 #0266 | Train - TrainIT Selected Troop
2015-07-07 10:23:39 : Click 84,336,1,0 #0286 | Train - Prev Button 
2015-07-07 10:23:41 : Click 1,1,2,250 #0291 | Away
2015-07-07 10:23:45 : Requesting Clan Castle Troops
2015-07-07 10:23:45 : Click 40,525,1,0 #9999
2015-07-07 10:23:45 : Your Clan Castle is already full or you are not in a clan.
2015-07-07 10:23:45 : Click 1,1,2,0 #9999
2015-07-07 10:23:47 : Checking Troop Upgrade in Laboratory ...
2015-07-07 10:23:47 : Updating village values [E]: 342433
2015-07-07 10:23:47 : Click 618,199,1,0 #0197
2015-07-07 10:23:48 : Click 523,590,1,0 #0198
2015-07-07 10:23:50 : Healing Spell value read error, close bot and try again!
2015-07-07 10:23:50 : Click 1,1,2,200 
2015-07-07 10:23:51 : Checking Upgrade
2015-07-07 10:23:51 : PureClick 1,1,1,0 #0319 | Away
2015-07-07 10:23:52 : Updating Village Resource Values
2015-07-07 10:23:52 : No. of Free/Total Builders: 1/3
2015-07-07 10:23:52 :  [T]: 1 062
2015-07-07 10:23:52 :  [G]: 88 767 [E]: 342 433 [GEM]: 617
2015-07-07 10:23:52 : Checking Upgrade 1
2015-07-07 10:23:52 : Insufficent Gold for #1, requires: 32000 + 250000
2015-07-07 10:23:52 : No Upgrades Available
2015-07-07 10:23:53 : Checking Upgrade Walls
2015-07-07 10:23:53 : Click 1,1,1,0 #0313 | Away
2015-07-07 10:23:54 : Gold is below minimum, Skipping Upgrade
2015-07-07 10:23:54 : Click 1,1,1,0 #0314 | Away
2015-07-07 10:23:54 : Click 820,40,1,0 #0315
2015-07-07 10:23:56 : Going to Attack...
2015-07-07 10:23:56 : Click 60,614,1,0 #0149
2015-07-07 10:23:57 : Click 217,510,1,0 #0150
2015-07-07 10:24:00 : Click 516,399,1,0 #0153
2015-07-07 10:24:01 : ============== Searching For Dead Base ===============
2015-07-07 10:24:01 : ~~~~~~~~~~~~~~~ SEARCH CONDITIONS ~~~~~~~~~~~~~~~~
2015-07-07 10:24:01 : Meet: Gold + Elixir, Max TH 4-6
2015-07-07 10:24:01 : ~~~~~~~~~~~~~~ RESOURCE CONDITIONS ~~~~~~~~~~~~~~~
2015-07-07 10:24:01 : Aim:           [G+E]: 160000 [D]:    0 [T]: 0 [TH]:4-6
2015-07-07 10:24:01 : ============== Searching For Live Base ===============
2015-07-07 10:24:01 : ~~~~~~~~~~~~~~~ SEARCH CONDITIONS ~~~~~~~~~~~~~~~~
2015-07-07 10:24:01 : Meet: Gold + Elixir, Max TH 4-6, TH Outside
2015-07-07 10:24:01 : ~~~~~~~~~~~~~~ RESOURCE CONDITIONS ~~~~~~~~~~~~~~~
2015-07-07 10:24:01 : Aim:           [G+E]: 200000 [D]:    0 [T]: 0 [TH]:4-6, Out
2015-07-07 10:24:01 : ~~~~~~~~~~~~~~~ ADVANCED SETTINGS ~~~~~~~~~~~~~~~~
2015-07-07 10:24:01 : AttackTH, Attack2:Extreme
2015-07-07 10:24:02 : ==================================================
2015-07-07 10:24:04 :   1> [G]:  23479 [E]:  51902 [D]:  N/A [T]:30 [TH]: -, -
2015-07-07 10:24:04 : Click 825,527,1,0 #0155 | Attack - Next Button
2015-07-07 10:24:07 :   2> [G]:  19581 [E]:  38006 [D]:  N/A [T]:20 [TH]:4-6, In
2015-07-07 10:24:07 : Click 825,527,1,0 #0155 | Attack - Next Button
2015-07-07 10:24:15 :   3> [G]:  88021 [E]: 202522 [D]:  N/A [T]:33 [TH]: -, -
2015-07-07 10:24:15 : Click 825,527,1,0 #0155 | Attack - Next Button
2015-07-07 10:24:17 :   4> [G]:  26181 [E]:  29097 [D]:  N/A [T]:34 [TH]:4-6, In
2015-07-07 10:24:17 : Click 825,527,1,0 #0155 | Attack - Next Button
