2015-07-07 10:30:43 : 10:30| 1062|     2| 108353|  94482|      0|-22|0|     0|     0|   0|--|
2015-07-07 11:07:19 : 11:07| 1047|     2| 146303|  82384|      0|-16|0|     0|     0|   0|--|
2015-07-07 11:28:14 : 11:28| 1031|    36|  46548|  57974|      0|-18|0|     0|     0|   0|--|
2015-07-07 11:51:22 : 11:51| 1013|    21|  86804|  71340|      0|  0|1|  3000|  3000|   0|S2|
2015-07-07 12:14:35 : 12:14| 1019|    69| 142519|  96262|      0|-16|0|     0|     0|   0|--|
2015-07-07 12:29:25 : 12:29| 1003|    15| 105332|  91224|      0|  0|1|  3000|  3000|   0|S2|
2015-07-07 12:47:06 : 12:47| 1010|     7|  54779|  57650|      0|-21|0|     0|     0|   0|--|
2015-07-07 13:05:36 : 13:05|  989|     6|  82827|  18873|      0|  0|1|  3000|  3000|   0|S2|
2015-07-07 13:28:27 : 13:28|  999|    70| 175169| 122059|      0|-21|0|     0|     0|   0|--|
2015-07-07 13:45:54 : 13:45|  978|    71| 180304| 120700|      0|  0|1|  3000|  3000|   0|S2|
2015-07-07 19:23:23 : 19:23|  988|   124|  80834|  29127|      0|  0|1|  3000|  3000|   0|S2|
2015-07-07 19:45:54 : 19:45|  993|   162|  48749|  33057|      0|  0|1|  3000|  3000|   0|S2|
2015-07-07 19:55:31 : 19:55| 1001|    51| 217719| 187997|      0|  0|2|  3000|  3000|   0|S2|
2015-07-07 20:19:42 : 20:19| 1022|   106| 107825|  82271|      0|  0|2|  3000|  3000|   0|S2|
2015-07-07 20:34:26 : 20:34| 1031|    58|  35413|  81113|      0|  0|2|  3000|  3000|   0|S2|
2015-07-07 20:52:36 : 20:52| 1046|    69|  30000|  20548|      0|-16|0|     0|     0|   0|--|
2015-07-07 21:08:53 : 21:08| 1030|    29| 125165|  40156|      0|  0|1|  3000|  3000|   0|S2|
2015-07-07 21:31:05 : 21:31| 1038|    81|  85125|  81258|      0|  0|1|  3000|  3000|   0|S2|
2015-07-07 21:43:30 : 21:43| 1048|     5|  73052|  72643|      0|  0|1|  3000|  3000|   0|S2|
2015-07-07 22:01:00 : 22:01| 1056|     5| 203878| 177764|      0|-22|0|     0|     0|   0|--|
2015-07-08 01:27:43 : 01:27| 1042|    86|  35386|  55750|      0|-25|0|     0|     0|   0|--|
2015-07-08 01:33:41 : ============================= ATTACK LOG ==============================
2015-07-08 01:33:41 :                    --------  LOOT --------       ----- BONUS ------   
2015-07-08 01:33:41 :  TIME|TROP.|SEARCH|   GOLD| ELIXIR|DARK EL|TR.|S|  GOLD|ELIXIR|  DE|L.
2015-07-08 01:48:53 : 01:48| 1017|    84| 111379|  46292|      0|  0|2|  3000|  3000|   0|S2|
2015-07-08 02:02:26 : 02:02| 1028|    39|  90064|  54344|      0|  0|1|  3000|  3000|   0|S2|
2015-07-08 02:18:16 : 02:18| 1038|     9|  63139|  97183|      0|-20|0|     0|     0|   0|--|
2015-07-08 02:40:29 : 02:40| 1018|    63|  84629|  74424|      0|  0|1|  3000|  3000|   0|S2|
2015-07-08 02:54:15 : 02:54| 1027|    11| 124799| 112433|      0|-25|0|     0|     0|   0|--|
2015-07-08 03:14:22 : 03:14| 1002|    24| 243485| 146708|      0|  0|2|  3000|  3000|   0|S2|
2015-07-08 03:29:57 : 03:29| 1012|    11|  22235|  11749|      0|-21|0|     0|     0|   0|--|
2015-07-08 03:49:12 : 03:49|  991|    21|  29164| 207012|      0|  0|2|  3000|  3000|   0|S2|
2015-07-08 04:05:29 : 04:05| 1001|    10| 174985| 115463|      0|  0|1|  3000|  3000|   0|S2|
2015-07-08 04:27:00 : 04:27| 1010|    56| 206505| 174014|      0|  0|1|  3000|  3000|   0|S2|
2015-07-08 04:41:10 : 04:41| 1018|     3|  36905|  74736|      0|-22|0|     0|     0|   0|--|
2015-07-08 05:02:55 : 05:02|  996|    53|  93959|  56790|      0|  0|1|  3000|  3000|   0|S2|
2015-07-08 05:25:09 : 05:25| 1006|   113|  35467|  35095|      0|  0|1|  3000|  3000|   0|S2|
2015-07-08 05:35:07 : 05:35| 1011|     4| 114890|  51370|      0|  0|1|  3000|  3000|   0|S2|
2015-07-08 05:53:11 : 05:53| 1020|    11|  54400|  85447|      0|  0|1|  3000|  3000|   0|S2|
2015-07-08 06:12:46 : 06:12| 1026|    34| 177188|  91624|      0|  0|1|  3000|  3000|   0|S2|
2015-07-08 11:44:38 : ============================= ATTACK LOG ==============================
2015-07-08 11:44:38 :                    --------  LOOT --------       ----- BONUS ------   
2015-07-08 11:44:38 :  TIME|TROP.|SEARCH|   GOLD| ELIXIR|DARK EL|TR.|S|  GOLD|ELIXIR|  DE|L.
2015-07-08 11:54:20 : 11:54| 1036|    51|  64329|  34317|      0|-31|0|     0|     0|   0|--|
2015-07-08 16:49:22 : ============================= ATTACK LOG ==============================
2015-07-08 16:49:22 :                    --------  LOOT --------       ----- BONUS ------   
2015-07-08 16:49:22 :  TIME|TROP.|SEARCH|   GOLD| ELIXIR|DARK EL|TR.|S|  GOLD|ELIXIR|  DE|L.
2015-07-08 16:50:13 : ============================= ATTACK LOG ==============================
2015-07-08 16:50:13 :                    --------  LOOT --------       ----- BONUS ------   
2015-07-08 16:50:13 :  TIME|TROP.|SEARCH|   GOLD| ELIXIR|DARK EL|TR.|S|  GOLD|ELIXIR|  DE|L.
2015-07-08 16:50:40 : ============================= ATTACK LOG ==============================
2015-07-08 16:50:40 :                    --------  LOOT --------       ----- BONUS ------   
2015-07-08 16:50:40 :  TIME|TROP.|SEARCH|   GOLD| ELIXIR|DARK EL|TR.|S|  GOLD|ELIXIR|  DE|L.
2015-07-08 16:52:16 : ============================= ATTACK LOG ==============================
2015-07-08 16:52:16 :                    --------  LOOT --------       ----- BONUS ------   
2015-07-08 16:52:16 :  TIME|TROP.|SEARCH|   GOLD| ELIXIR|DARK EL|TR.|S|  GOLD|ELIXIR|  DE|L.
2015-07-08 16:54:43 : ============================= ATTACK LOG ==============================
2015-07-08 16:54:43 :                    --------  LOOT --------       ----- BONUS ------   
2015-07-08 16:54:43 :  TIME|TROP.|SEARCH|   GOLD| ELIXIR|DARK EL|TR.|S|  GOLD|ELIXIR|  DE|L.
2015-07-08 16:56:33 : ============================= ATTACK LOG ==============================
2015-07-08 16:56:33 :                    --------  LOOT --------       ----- BONUS ------   
2015-07-08 16:56:33 :  TIME|TROP.|SEARCH|   GOLD| ELIXIR|DARK EL|TR.|S|  GOLD|ELIXIR|  DE|L.
2015-07-08 16:58:39 : ============================= ATTACK LOG ==============================
2015-07-08 16:58:39 :                    --------  LOOT --------       ----- BONUS ------   
2015-07-08 16:58:39 :  TIME|TROP.|SEARCH|   GOLD| ELIXIR|DARK EL|TR.|S|  GOLD|ELIXIR|  DE|L.
2015-07-08 17:02:04 : ============================= ATTACK LOG ==============================
2015-07-08 17:02:04 :                    --------  LOOT --------       ----- BONUS ------   
2015-07-08 17:02:04 :  TIME|TROP.|SEARCH|   GOLD| ELIXIR|DARK EL|TR.|S|  GOLD|ELIXIR|  DE|L.
2015-07-08 17:02:51 : ============================= ATTACK LOG ==============================
2015-07-08 17:02:51 :                    --------  LOOT --------       ----- BONUS ------   
2015-07-08 17:02:51 :  TIME|TROP.|SEARCH|   GOLD| ELIXIR|DARK EL|TR.|S|  GOLD|ELIXIR|  DE|L.
2015-07-08 17:07:01 : ============================= ATTACK LOG ==============================
2015-07-08 17:07:01 :                    --------  LOOT --------       ----- BONUS ------   
2015-07-08 17:07:01 :  TIME|TROP.|SEARCH|   GOLD| ELIXIR|DARK EL|TR.|S|  GOLD|ELIXIR|  DE|L.
2015-07-08 17:09:20 : ============================= ATTACK LOG ==============================
2015-07-08 17:09:20 :                    --------  LOOT --------       ----- BONUS ------   
2015-07-08 17:09:20 :  TIME|TROP.|SEARCH|   GOLD| ELIXIR|DARK EL|TR.|S|  GOLD|ELIXIR|  DE|L.
2015-07-08 17:10:54 : ============================= ATTACK LOG ==============================
2015-07-08 17:10:54 :                    --------  LOOT --------       ----- BONUS ------   
2015-07-08 17:10:54 :  TIME|TROP.|SEARCH|   GOLD| ELIXIR|DARK EL|TR.|S|  GOLD|ELIXIR|  DE|L.
2015-07-08 17:13:16 : ============================= ATTACK LOG ==============================
2015-07-08 17:13:16 :                    --------  LOOT --------       ----- BONUS ------   
2015-07-08 17:13:16 :  TIME|TROP.|SEARCH|   GOLD| ELIXIR|DARK EL|TR.|S|  GOLD|ELIXIR|  DE|L.
2015-07-08 17:13:34 : ============================= ATTACK LOG ==============================
2015-07-08 17:13:34 :                    --------  LOOT --------       ----- BONUS ------   
2015-07-08 17:13:34 :  TIME|TROP.|SEARCH|   GOLD| ELIXIR|DARK EL|TR.|S|  GOLD|ELIXIR|  DE|L.
2015-07-08 17:14:37 : ============================= ATTACK LOG ==============================
2015-07-08 17:14:37 :                    --------  LOOT --------       ----- BONUS ------   
2015-07-08 17:14:37 :  TIME|TROP.|SEARCH|   GOLD| ELIXIR|DARK EL|TR.|S|  GOLD|ELIXIR|  DE|L.
2015-07-08 17:15:29 : ============================= ATTACK LOG ==============================
2015-07-08 17:15:29 :                    --------  LOOT --------       ----- BONUS ------   
2015-07-08 17:15:29 :  TIME|TROP.|SEARCH|   GOLD| ELIXIR|DARK EL|TR.|S|  GOLD|ELIXIR|  DE|L.
2015-07-08 17:17:49 : ============================= ATTACK LOG ==============================
2015-07-08 17:17:49 :                    --------  LOOT --------       ----- BONUS ------   
2015-07-08 17:17:49 :  TIME|TROP.|SEARCH|   GOLD| ELIXIR|DARK EL|TR.|S|  GOLD|ELIXIR|  DE|L.
2015-07-08 17:24:03 : ============================= ATTACK LOG ==============================
2015-07-08 17:24:03 :                    --------  LOOT --------       ----- BONUS ------   
2015-07-08 17:24:03 :  TIME|TROP.|SEARCH|   GOLD| ELIXIR|DARK EL|TR.|S|  GOLD|ELIXIR|  DE|L.
2015-07-08 17:24:44 : ============================= ATTACK LOG ==============================
2015-07-08 17:24:44 :                    --------  LOOT --------       ----- BONUS ------   
2015-07-08 17:24:44 :  TIME|TROP.|SEARCH|   GOLD| ELIXIR|DARK EL|TR.|S|  GOLD|ELIXIR|  DE|L.
2015-07-08 17:26:03 : ============================= ATTACK LOG ==============================
2015-07-08 17:26:03 :                    --------  LOOT --------       ----- BONUS ------   
2015-07-08 17:26:03 :  TIME|TROP.|SEARCH|   GOLD| ELIXIR|DARK EL|TR.|S|  GOLD|ELIXIR|  DE|L.
2015-07-08 17:29:01 : ============================= ATTACK LOG ==============================
2015-07-08 17:29:01 :                    --------  LOOT --------       ----- BONUS ------   
2015-07-08 17:29:01 :  TIME|TROP.|SEARCH|   GOLD| ELIXIR|DARK EL|TR.|S|  GOLD|ELIXIR|  DE|L.
2015-07-08 17:32:55 : ============================= ATTACK LOG ==============================
2015-07-08 17:32:55 :                    --------  LOOT --------       ----- BONUS ------   
2015-07-08 17:32:55 :  TIME|TROP.|SEARCH|   GOLD| ELIXIR|DARK EL|TR.|S|  GOLD|ELIXIR|  DE|L.
2015-07-08 20:24:24 : ============================= ATTACK LOG ==============================
2015-07-08 20:24:24 :                    --------  LOOT --------       ----- BONUS ------   
2015-07-08 20:24:24 :  TIME|TROP.|SEARCH|   GOLD| ELIXIR|DARK EL|TR.|S|  GOLD|ELIXIR|  DE|L.
2015-07-08 20:54:57 : ============================= ATTACK LOG ==============================
2015-07-08 20:54:57 :                    --------  LOOT --------       ----- BONUS ------   
2015-07-08 20:54:57 :  TIME|TROP.|SEARCH|   GOLD| ELIXIR|DARK EL|TR.|S|  GOLD|ELIXIR|  DE|L.
2015-07-08 22:22:20 : ============================= ATTACK LOG ==============================
2015-07-08 22:22:20 :                    --------  LOOT --------       ----- BONUS ------   
2015-07-08 22:22:20 :  TIME|TROP.|SEARCH|   GOLD| ELIXIR|DARK EL|TR.|S|  GOLD|ELIXIR|  DE|L.
2015-07-08 23:23:38 : ============================= ATTACK LOG ==============================
2015-07-08 23:23:38 :                    --------  LOOT --------       ----- BONUS ------   
2015-07-08 23:23:38 :  TIME|TROP.|SEARCH|   GOLD| ELIXIR|DARK EL|TR.|S|  GOLD|ELIXIR|  DE|L.
2015-07-08 23:26:45 : ============================= ATTACK LOG ==============================
2015-07-08 23:26:45 :                    --------  LOOT --------       ----- BONUS ------   
2015-07-08 23:26:45 :  TIME|TROP.|SEARCH|   GOLD| ELIXIR|DARK EL|TR.|S|  GOLD|ELIXIR|  DE|L.
2015-07-08 23:35:24 : ============================= ATTACK LOG ==============================
2015-07-08 23:35:24 :                    --------  LOOT --------       ----- BONUS ------   
2015-07-08 23:35:24 :  TIME|TROP.|SEARCH|   GOLD| ELIXIR|DARK EL|TR.|S|  GOLD|ELIXIR|  DE|L.
2015-07-08 23:37:09 : ============================= ATTACK LOG ==============================
2015-07-08 23:37:09 :                    --------  LOOT --------       ----- BONUS ------   
2015-07-08 23:37:09 :  TIME|TROP.|SEARCH|   GOLD| ELIXIR|DARK EL|TR.|S|  GOLD|ELIXIR|  DE|L.
2015-07-08 23:41:54 : ============================= ATTACK LOG ==============================
2015-07-08 23:41:54 :                    --------  LOOT --------       ----- BONUS ------   
2015-07-08 23:41:54 :  TIME|TROP.|SEARCH|   GOLD| ELIXIR|DARK EL|TR.|S|  GOLD|ELIXIR|  DE|L.
2015-07-09 00:12:19 : ============================= ATTACK LOG ==============================
2015-07-09 00:12:19 :                    --------  LOOT --------       ----- BONUS ------   
2015-07-09 00:12:19 :  TIME|TROP.|SEARCH|   GOLD| ELIXIR|DARK EL|TR.|S|  GOLD|ELIXIR|  DE|L.
2015-07-09 00:14:05 : ============================= ATTACK LOG ==============================
2015-07-09 00:14:05 :                    --------  LOOT --------       ----- BONUS ------   
2015-07-09 00:14:05 :  TIME|TROP.|SEARCH|   GOLD| ELIXIR|DARK EL|TR.|S|  GOLD|ELIXIR|  DE|L.
2015-07-09 00:32:51 : ============================= ATTACK LOG ==============================
2015-07-09 00:32:51 :                    --------  LOOT --------       ----- BONUS ------   
2015-07-09 00:32:51 :  TIME|TROP.|SEARCH|   GOLD| ELIXIR|DARK EL|TR.|S|  GOLD|ELIXIR|  DE|L.
2015-07-09 00:38:45 : ============================= ATTACK LOG ==============================
2015-07-09 00:38:45 :                    --------  LOOT --------       ----- BONUS ------   
2015-07-09 00:38:45 :  TIME|TROP.|SEARCH|   GOLD| ELIXIR|DARK EL|TR.|S|  GOLD|ELIXIR|  DE|L.
2015-07-09 00:52:50 : ============================= ATTACK LOG ==============================
2015-07-09 00:52:50 :                    --------  LOOT --------       ----- BONUS ------   
2015-07-09 00:52:50 :  TIME|TROP.|SEARCH|   GOLD| ELIXIR|DARK EL|TR.|S|  GOLD|ELIXIR|  DE|L.
2015-07-09 02:01:48 : ============================= ATTACK LOG ==============================
2015-07-09 02:01:48 :                    --------  LOOT --------       ----- BONUS ------   
2015-07-09 02:01:48 :  TIME|TROP.|SEARCH|   GOLD| ELIXIR|DARK EL|TR.|S|  GOLD|ELIXIR|  DE|L.
2015-07-09 02:47:07 : ============================= ATTACK LOG ==============================
2015-07-09 02:47:07 :                    --------  LOOT --------       ----- BONUS ------   
2015-07-09 02:47:07 :  TIME|TROP.|SEARCH|   GOLD| ELIXIR|DARK EL|TR.|S|  GOLD|ELIXIR|  DE|L.
2015-07-09 02:49:51 : ============================= ATTACK LOG ==============================
2015-07-09 02:49:51 :                    --------  LOOT --------       ----- BONUS ------   
2015-07-09 02:49:51 :  TIME|TROP.|SEARCH|   GOLD| ELIXIR|DARK EL|TR.|S|  GOLD|ELIXIR|  DE|L.
2015-07-09 02:51:57 : ============================= ATTACK LOG ==============================
2015-07-09 02:51:57 :                    --------  LOOT --------       ----- BONUS ------   
2015-07-09 02:51:57 :  TIME|TROP.|SEARCH|   GOLD| ELIXIR|DARK EL|TR.|S|  GOLD|ELIXIR|  DE|L.
2015-07-09 02:55:53 : ============================= ATTACK LOG ==============================
2015-07-09 02:55:53 :                    --------  LOOT --------       ----- BONUS ------   
2015-07-09 02:55:53 :  TIME|TROP.|SEARCH|   GOLD| ELIXIR|DARK EL|TR.|S|  GOLD|ELIXIR|  DE|L.
2015-07-09 03:05:52 : ============================= ATTACK LOG ==============================
2015-07-09 03:05:52 :                    --------  LOOT --------       ----- BONUS ------   
2015-07-09 03:05:52 :  TIME|TROP.|SEARCH|   GOLD| ELIXIR|DARK EL|TR.|S|  GOLD|ELIXIR|  DE|L.
2015-07-09 03:10:45 : ============================= ATTACK LOG ==============================
2015-07-09 03:10:45 :                    --------  LOOT --------       ----- BONUS ------   
2015-07-09 03:10:45 :  TIME|TROP.|SEARCH|   GOLD| ELIXIR|DARK EL|TR.|S|  GOLD|ELIXIR|  DE|L.
2015-07-09 03:11:47 : ============================= ATTACK LOG ==============================
2015-07-09 03:11:47 :                    --------  LOOT --------       ----- BONUS ------   
2015-07-09 03:11:47 :  TIME|TROP.|SEARCH|   GOLD| ELIXIR|DARK EL|TR.|S|  GOLD|ELIXIR|  DE|L.
2015-07-09 03:20:39 : ============================= ATTACK LOG ==============================
2015-07-09 03:20:39 :                    --------  LOOT --------       ----- BONUS ------   
2015-07-09 03:20:39 :  TIME|TROP.|SEARCH|   GOLD| ELIXIR|DARK EL|TR.|S|  GOLD|ELIXIR|  DE|L.
2015-07-09 03:37:21 : ============================= ATTACK LOG ==============================
2015-07-09 03:37:21 :                    --------  LOOT --------       ----- BONUS ------   
2015-07-09 03:37:21 :  TIME|TROP.|SEARCH|   GOLD| ELIXIR|DARK EL|TR.|S|  GOLD|ELIXIR|  DE|L.
2015-07-09 03:37:29 : ============================= ATTACK LOG ==============================
2015-07-09 03:37:29 :                    --------  LOOT --------       ----- BONUS ------   
2015-07-09 03:37:29 :  TIME|TROP.|SEARCH|   GOLD| ELIXIR|DARK EL|TR.|S|  GOLD|ELIXIR|  DE|L.
2015-07-09 03:38:28 : ============================= ATTACK LOG ==============================
2015-07-09 03:38:28 :                    --------  LOOT --------       ----- BONUS ------   
2015-07-09 03:38:28 :  TIME|TROP.|SEARCH|   GOLD| ELIXIR|DARK EL|TR.|S|  GOLD|ELIXIR|  DE|L.
2015-07-09 03:42:34 : ============================= ATTACK LOG ==============================
2015-07-09 03:42:34 :                    --------  LOOT --------       ----- BONUS ------   
2015-07-09 03:42:34 :  TIME|TROP.|SEARCH|   GOLD| ELIXIR|DARK EL|TR.|S|  GOLD|ELIXIR|  DE|L.
2015-07-09 03:54:08 : ============================= ATTACK LOG ==============================
2015-07-09 03:54:08 :                    --------  LOOT --------       ----- BONUS ------   
2015-07-09 03:54:08 :  TIME|TROP.|SEARCH|   GOLD| ELIXIR|DARK EL|TR.|S|  GOLD|ELIXIR|  DE|L.
2015-07-09 03:56:27 : ============================= ATTACK LOG ==============================
2015-07-09 03:56:27 :                    --------  LOOT --------       ----- BONUS ------   
2015-07-09 03:56:27 :  TIME|TROP.|SEARCH|   GOLD| ELIXIR|DARK EL|TR.|S|  GOLD|ELIXIR|  DE|L.
2015-07-09 03:58:08 : ============================= ATTACK LOG ==============================
2015-07-09 03:58:08 :                    --------  LOOT --------       ----- BONUS ------   
2015-07-09 03:58:08 :  TIME|TROP.|SEARCH|   GOLD| ELIXIR|DARK EL|TR.|S|  GOLD|ELIXIR|  DE|L.
2015-07-09 03:58:34 : ============================= ATTACK LOG ==============================
2015-07-09 03:58:34 :                    --------  LOOT --------       ----- BONUS ------   
2015-07-09 03:58:34 :  TIME|TROP.|SEARCH|   GOLD| ELIXIR|DARK EL|TR.|S|  GOLD|ELIXIR|  DE|L.
2015-07-09 03:59:15 : ============================= ATTACK LOG ==============================
2015-07-09 03:59:15 :                    --------  LOOT --------       ----- BONUS ------   
2015-07-09 03:59:15 :  TIME|TROP.|SEARCH|   GOLD| ELIXIR|DARK EL|TR.|S|  GOLD|ELIXIR|  DE|L.
2015-07-09 04:04:29 : ============================= ATTACK LOG ==============================
2015-07-09 04:04:29 :                    --------  LOOT --------       ----- BONUS ------   
2015-07-09 04:04:29 :  TIME|TROP.|SEARCH|   GOLD| ELIXIR|DARK EL|TR.|S|  GOLD|ELIXIR|  DE|L.
2015-07-09 04:04:42 : ============================= ATTACK LOG ==============================
2015-07-09 04:04:42 :                    --------  LOOT --------       ----- BONUS ------   
2015-07-09 04:04:42 :  TIME|TROP.|SEARCH|   GOLD| ELIXIR|DARK EL|TR.|S|  GOLD|ELIXIR|  DE|L.
2015-07-09 04:05:42 : ============================= ATTACK LOG ==============================
2015-07-09 04:05:42 :                    --------  LOOT --------       ----- BONUS ------   
2015-07-09 04:05:42 :  TIME|TROP.|SEARCH|   GOLD| ELIXIR|DARK EL|TR.|S|  GOLD|ELIXIR|  DE|L.
2015-07-09 04:06:05 : ============================= ATTACK LOG ==============================
2015-07-09 04:06:05 :                    --------  LOOT --------       ----- BONUS ------   
2015-07-09 04:06:05 :  TIME|TROP.|SEARCH|   GOLD| ELIXIR|DARK EL|TR.|S|  GOLD|ELIXIR|  DE|L.
2015-07-09 04:06:18 : ============================= ATTACK LOG ==============================
2015-07-09 04:06:18 :                    --------  LOOT --------       ----- BONUS ------   
2015-07-09 04:06:18 :  TIME|TROP.|SEARCH|   GOLD| ELIXIR|DARK EL|TR.|S|  GOLD|ELIXIR|  DE|L.
2015-07-09 04:07:29 : ============================= ATTACK LOG ==============================
2015-07-09 04:07:29 :                    --------  LOOT --------       ----- BONUS ------   
2015-07-09 04:07:29 :  TIME|TROP.|SEARCH|   GOLD| ELIXIR|DARK EL|TR.|S|  GOLD|ELIXIR|  DE|L.
2015-07-09 04:09:25 : ============================= ATTACK LOG ==============================
2015-07-09 04:09:25 :                    --------  LOOT --------       ----- BONUS ------   
2015-07-09 04:09:25 :  TIME|TROP.|SEARCH|   GOLD| ELIXIR|DARK EL|TR.|S|  GOLD|ELIXIR|  DE|L.
2015-07-09 04:13:27 : ============================= ATTACK LOG ==============================
2015-07-09 04:13:27 :                    --------  LOOT --------       ----- BONUS ------   
2015-07-09 04:13:27 :  TIME|TROP.|SEARCH|   GOLD| ELIXIR|DARK EL|TR.|S|  GOLD|ELIXIR|  DE|L.
2015-07-09 11:30:58 : ============================= ATTACK LOG ==============================
2015-07-09 11:30:58 :                    --------  LOOT --------       ----- BONUS ------   
2015-07-09 11:30:58 :  TIME|TROP.|SEARCH|   GOLD| ELIXIR|DARK EL|TR.|S|  GOLD|ELIXIR|  DE|L.
2015-07-09 11:49:55 : ============================= ATTACK LOG ==============================
2015-07-09 11:49:55 :                    --------  LOOT --------       ----- BONUS ------   
2015-07-09 11:49:55 :  TIME|TROP.|SEARCH|   GOLD| ELIXIR|DARK EL|TR.|S|  GOLD|ELIXIR|  DE|L.
2015-07-09 12:04:35 : ============================= ATTACK LOG ==============================
2015-07-09 12:04:35 :                    --------  LOOT --------       ----- BONUS ------   
2015-07-09 12:04:35 :  TIME|TROP.|SEARCH|   GOLD| ELIXIR|DARK EL|TR.|S|  GOLD|ELIXIR|  DE|L.
2015-07-09 12:04:50 : ============================= ATTACK LOG ==============================
2015-07-09 12:04:50 :                    --------  LOOT --------       ----- BONUS ------   
2015-07-09 12:04:50 :  TIME|TROP.|SEARCH|   GOLD| ELIXIR|DARK EL|TR.|S|  GOLD|ELIXIR|  DE|L.
2015-07-09 12:06:47 : ============================= ATTACK LOG ==============================
2015-07-09 12:06:47 :                    --------  LOOT --------       ----- BONUS ------   
2015-07-09 12:06:47 :  TIME|TROP.|SEARCH|   GOLD| ELIXIR|DARK EL|TR.|S|  GOLD|ELIXIR|  DE|L.
2015-07-09 12:55:16 : ============================= ATTACK LOG ==============================
2015-07-09 12:55:16 :                    --------  LOOT --------       ----- BONUS ------   
2015-07-09 12:55:16 :  TIME|TROP.|SEARCH|   GOLD| ELIXIR|DARK EL|TR.|S|  GOLD|ELIXIR|  DE|L.
2015-07-09 12:57:34 : ============================= ATTACK LOG ==============================
2015-07-09 12:57:34 :                    --------  LOOT --------       ----- BONUS ------   
2015-07-09 12:57:34 :  TIME|TROP.|SEARCH|   GOLD| ELIXIR|DARK EL|TR.|S|  GOLD|ELIXIR|  DE|L.
2015-07-09 12:59:02 : ============================= ATTACK LOG ==============================
2015-07-09 12:59:02 :                    --------  LOOT --------       ----- BONUS ------   
2015-07-09 12:59:02 :  TIME|TROP.|SEARCH|   GOLD| ELIXIR|DARK EL|TR.|S|  GOLD|ELIXIR|  DE|L.
2015-07-09 13:00:45 : ============================= ATTACK LOG ==============================
2015-07-09 13:00:45 :                    --------  LOOT --------       ----- BONUS ------   
2015-07-09 13:00:45 :  TIME|TROP.|SEARCH|   GOLD| ELIXIR|DARK EL|TR.|S|  GOLD|ELIXIR|  DE|L.
2015-07-09 13:12:34 : ============================= ATTACK LOG ==============================
2015-07-09 13:12:34 :                    --------  LOOT --------       ----- BONUS ------   
2015-07-09 13:12:34 :  TIME|TROP.|SEARCH|   GOLD| ELIXIR|DARK EL|TR.|S|  GOLD|ELIXIR|  DE|L.
2015-07-09 13:13:33 : ============================= ATTACK LOG ==============================
2015-07-09 13:13:33 :                    --------  LOOT --------       ----- BONUS ------   
2015-07-09 13:13:33 :  TIME|TROP.|SEARCH|   GOLD| ELIXIR|DARK EL|TR.|S|  GOLD|ELIXIR|  DE|L.
2015-07-09 13:14:31 : ============================= ATTACK LOG ==============================
2015-07-09 13:14:31 :                    --------  LOOT --------       ----- BONUS ------   
2015-07-09 13:14:31 :  TIME|TROP.|SEARCH|   GOLD| ELIXIR|DARK EL|TR.|S|  GOLD|ELIXIR|  DE|L.
2015-07-09 13:15:36 : ============================= ATTACK LOG ==============================
2015-07-09 13:15:36 :                    --------  LOOT --------       ----- BONUS ------   
2015-07-09 13:15:36 :  TIME|TROP.|SEARCH|   GOLD| ELIXIR|DARK EL|TR.|S|  GOLD|ELIXIR|  DE|L.
2015-07-09 13:20:53 : ============================= ATTACK LOG ==============================
2015-07-09 13:20:53 :                    --------  LOOT --------       ----- BONUS ------   
2015-07-09 13:20:53 :  TIME|TROP.|SEARCH|   GOLD| ELIXIR|DARK EL|TR.|S|  GOLD|ELIXIR|  DE|L.
2015-07-09 13:23:49 : ============================= ATTACK LOG ==============================
2015-07-09 13:23:49 :                    --------  LOOT --------       ----- BONUS ------   
2015-07-09 13:23:49 :  TIME|TROP.|SEARCH|   GOLD| ELIXIR|DARK EL|TR.|S|  GOLD|ELIXIR|  DE|L.
2015-07-09 13:39:16 : ============================= ATTACK LOG ==============================
2015-07-09 13:39:16 :                    --------  LOOT --------       ----- BONUS ------   
2015-07-09 13:39:16 :  TIME|TROP.|SEARCH|   GOLD| ELIXIR|DARK EL|TR.|S|  GOLD|ELIXIR|  DE|L.
2015-07-09 14:24:10 : ============================= ATTACK LOG ==============================
2015-07-09 14:24:10 :                    --------  LOOT --------       ----- BONUS ------   
2015-07-09 14:24:10 :  TIME|TROP.|SEARCH|   GOLD| ELIXIR|DARK EL|TR.|S|  GOLD|ELIXIR|  DE|L.
2015-07-09 14:27:12 : ============================= ATTACK LOG ==============================
2015-07-09 14:27:12 :                    --------  LOOT --------       ----- BONUS ------   
2015-07-09 14:27:12 :  TIME|TROP.|SEARCH|   GOLD| ELIXIR|DARK EL|TR.|S|  GOLD|ELIXIR|  DE|L.
2015-07-09 14:27:50 : ============================= ATTACK LOG ==============================
2015-07-09 14:27:50 :                    --------  LOOT --------       ----- BONUS ------   
2015-07-09 14:27:50 :  TIME|TROP.|SEARCH|   GOLD| ELIXIR|DARK EL|TR.|S|  GOLD|ELIXIR|  DE|L.
2015-07-09 14:36:58 : ============================= ATTACK LOG ==============================
2015-07-09 14:36:58 :                    --------  LOOT --------       ----- BONUS ------   
2015-07-09 14:36:58 :  TIME|TROP.|SEARCH|   GOLD| ELIXIR|DARK EL|TR.|S|  GOLD|ELIXIR|  DE|L.
2015-07-09 14:40:24 : ============================= ATTACK LOG ==============================
2015-07-09 14:40:24 :                    --------  LOOT --------       ----- BONUS ------   
2015-07-09 14:40:24 :  TIME|TROP.|SEARCH|   GOLD| ELIXIR|DARK EL|TR.|S|  GOLD|ELIXIR|  DE|L.
2015-07-09 14:41:11 : ============================= ATTACK LOG ==============================
2015-07-09 14:41:11 :                    --------  LOOT --------       ----- BONUS ------   
2015-07-09 14:41:11 :  TIME|TROP.|SEARCH|   GOLD| ELIXIR|DARK EL|TR.|S|  GOLD|ELIXIR|  DE|L.
2015-07-09 14:46:51 : ============================= ATTACK LOG ==============================
2015-07-09 14:46:51 :                    --------  LOOT --------       ----- BONUS ------   
2015-07-09 14:46:51 :  TIME|TROP.|SEARCH|   GOLD| ELIXIR|DARK EL|TR.|S|  GOLD|ELIXIR|  DE|L.
2015-07-09 15:10:32 : ============================= ATTACK LOG ==============================
2015-07-09 15:10:32 :                    --------  LOOT --------       ----- BONUS ------   
2015-07-09 15:10:32 :  TIME|TROP.|SEARCH|   GOLD| ELIXIR|DARK EL|TR.|S|  GOLD|ELIXIR|  DE|L.
2015-07-09 15:11:55 : ============================= ATTACK LOG ==============================
2015-07-09 15:11:55 :                    --------  LOOT --------       ----- BONUS ------   
2015-07-09 15:11:55 :  TIME|TROP.|SEARCH|   GOLD| ELIXIR|DARK EL|TR.|S|  GOLD|ELIXIR|  DE|L.
2015-07-09 15:16:15 : ============================= ATTACK LOG ==============================
2015-07-09 15:16:15 :                    --------  LOOT --------       ----- BONUS ------   
2015-07-09 15:16:15 :  TIME|TROP.|SEARCH|   GOLD| ELIXIR|DARK EL|TR.|S|  GOLD|ELIXIR|  DE|L.
2015-07-09 15:19:03 : ============================= ATTACK LOG ==============================
2015-07-09 15:19:03 :                    --------  LOOT --------       ----- BONUS ------   
2015-07-09 15:19:03 :  TIME|TROP.|SEARCH|   GOLD| ELIXIR|DARK EL|TR.|S|  GOLD|ELIXIR|  DE|L.
2015-07-09 15:40:19 : 15:40| 1017|   125| 106264|  91902|      0|  0|3|  3000|  3000|   0|S2|
2015-07-09 16:08:41 : 16:08| 1035|   137|  39144|   1348|      0|  0|1|  3000|  3000|   0|S2|
2015-07-09 16:43:57 : ============================= ATTACK LOG ==============================
2015-07-09 16:43:57 :                    --------  LOOT --------       ----- BONUS ------   
2015-07-09 16:43:57 :  TIME|TROP.|SEARCH|   GOLD| ELIXIR|DARK EL|TR.|S|  GOLD|ELIXIR|  DE|L.
2015-07-09 16:55:03 : 16:55| 1042|    22|  66825|  54880|      0|  0|1|  3000|  3000|   0|S2|
2015-07-09 17:00:25 : ============================= ATTACK LOG ==============================
2015-07-09 17:00:25 :                    --------  LOOT --------       ----- BONUS ------   
2015-07-09 17:00:25 :  TIME|TROP.|SEARCH|   GOLD| ELIXIR|DARK EL|TR.|S|  GOLD|ELIXIR|  DE|L.
2015-07-09 17:46:10 : ============================= ATTACK LOG ==============================
2015-07-09 17:46:10 :                    --------  LOOT --------       ----- BONUS ------   
2015-07-09 17:46:10 :  TIME|TROP.|SEARCH|   GOLD| ELIXIR|DARK EL|TR.|S|  GOLD|ELIXIR|  DE|L.
2015-07-09 17:57:22 : 17:57| 1048|    59|  96566|  51250|      0|  0|1|  3000|  3000|   0|S2|
2015-07-09 18:11:20 : ============================= ATTACK LOG ==============================
2015-07-09 18:11:20 :                    --------  LOOT --------       ----- BONUS ------   
2015-07-09 18:11:20 :  TIME|TROP.|SEARCH|   GOLD| ELIXIR|DARK EL|TR.|S|  GOLD|ELIXIR|  DE|L.
2015-07-09 18:30:10 : 18:30| 1037|    11|      0|      0|      0|  0|0|     0|     0|   0|--|
2015-07-09 18:56:55 : 18:56| 1019|    81|  61659|  44702|      0|  0|1|  3000|  3000|   0|S2|
2015-07-09 19:11:38 : 19:11| 1030|    33| 202796| 131457|      0|  0|1|  3000|  3000|   0|S2|
2015-07-09 19:37:44 : 19:37| 1034|    85|  73059|  61250|      0|  0|1|  3000|  3000|   0|S2|
2015-07-09 19:42:06 : ============================= ATTACK LOG ==============================
2015-07-09 19:42:06 :                    --------  LOOT --------       ----- BONUS ------   
2015-07-09 19:42:06 :  TIME|TROP.|SEARCH|   GOLD| ELIXIR|DARK EL|TR.|S|  GOLD|ELIXIR|  DE|L.
2015-07-09 19:53:27 : 19:53| 1044|    52|  16276|  52496|      0|  0|1|  3000|  3000|   0|S2|
2015-07-09 20:23:25 : 20:23| 1052|   145|  85988|  22960|      0|  0|1|  3000|  3000|   0|S2|
2015-07-09 20:30:28 : 20:30| 1061|    29|  90452|  61801|      0|  0|1|  3000|  3000|   0|S2|
2015-07-09 20:48:52 : 20:48| 1070|    13|  31876|  45155|      0|  0|1|  3000|  3000|   0|S2|
2015-07-09 21:23:24 : 21:23| 1078|    86| 160140| 113072|      0|-18|0|     0|     0|   0|--|
2015-07-09 21:31:23 : 21:31| 1060|    28| 149883|  93832|      0|  0|1|  3000|  3000|   0|S2|
2015-07-09 21:47:39 : 21:47| 1070|    21|  21017|  76520|      0|-30|0|     0|     0|   0|--|
2015-07-09 22:06:49 : 22:06| 1040|    22|  63601|  71016|      0|-27|0|     0|     0|   0|--|
2015-07-09 22:09:45 : ============================= ATTACK LOG ==============================
2015-07-09 22:09:45 :                    --------  LOOT --------       ----- BONUS ------   
2015-07-09 22:09:45 :  TIME|TROP.|SEARCH|   GOLD| ELIXIR|DARK EL|TR.|S|  GOLD|ELIXIR|  DE|L.
2015-07-09 22:15:47 : ============================= ATTACK LOG ==============================
2015-07-09 22:15:47 :                    --------  LOOT --------       ----- BONUS ------   
2015-07-09 22:15:47 :  TIME|TROP.|SEARCH|   GOLD| ELIXIR|DARK EL|TR.|S|  GOLD|ELIXIR|  DE|L.
2015-07-09 22:16:01 : ============================= ATTACK LOG ==============================
2015-07-09 22:16:01 :                    --------  LOOT --------       ----- BONUS ------   
2015-07-09 22:16:01 :  TIME|TROP.|SEARCH|   GOLD| ELIXIR|DARK EL|TR.|S|  GOLD|ELIXIR|  DE|L.
2015-07-09 22:21:12 : ============================= ATTACK LOG ==============================
2015-07-09 22:21:12 :                    --------  LOOT --------       ----- BONUS ------   
2015-07-09 22:21:12 :  TIME|TROP.|SEARCH|   GOLD| ELIXIR|DARK EL|TR.|S|  GOLD|ELIXIR|  DE|L.
2015-07-09 22:29:04 : ============================= ATTACK LOG ==============================
2015-07-09 22:29:04 :                    --------  LOOT --------       ----- BONUS ------   
2015-07-09 22:29:04 :  TIME|TROP.|SEARCH|   GOLD| ELIXIR|DARK EL|TR.|S|  GOLD|ELIXIR|  DE|L.
2015-07-09 22:50:51 : 22:50| 1013|   122| 143648|  76198|      0|  0|2|  3000|  3000|   0|S2|
2015-07-09 22:55:20 : 22:55| 1029|    16|  34662|  65495|      0|-24|0|     0|     0|   0|--|
2015-07-09 23:01:16 : ============================= ATTACK LOG ==============================
2015-07-09 23:01:16 :                    --------  LOOT --------       ----- BONUS ------   
2015-07-09 23:01:16 :  TIME|TROP.|SEARCH|   GOLD| ELIXIR|DARK EL|TR.|S|  GOLD|ELIXIR|  DE|L.
2015-07-09 23:11:31 : ============================= ATTACK LOG ==============================
2015-07-09 23:11:31 :                    --------  LOOT --------       ----- BONUS ------   
2015-07-09 23:11:31 :  TIME|TROP.|SEARCH|   GOLD| ELIXIR|DARK EL|TR.|S|  GOLD|ELIXIR|  DE|L.
2015-07-09 23:14:14 : ============================= ATTACK LOG ==============================
2015-07-09 23:14:14 :                    --------  LOOT --------       ----- BONUS ------   
2015-07-09 23:14:14 :  TIME|TROP.|SEARCH|   GOLD| ELIXIR|DARK EL|TR.|S|  GOLD|ELIXIR|  DE|L.
2015-07-09 23:46:23 : ============================= ATTACK LOG ==============================
2015-07-09 23:46:23 :                    --------  LOOT --------       ----- BONUS ------   
2015-07-09 23:46:23 :  TIME|TROP.|SEARCH|   GOLD| ELIXIR|DARK EL|TR.|S|  GOLD|ELIXIR|  DE|L.
2015-07-09 23:48:55 : ============================= ATTACK LOG ==============================
2015-07-09 23:48:55 :                    --------  LOOT --------       ----- BONUS ------   
2015-07-09 23:48:55 :  TIME|TROP.|SEARCH|   GOLD| ELIXIR|DARK EL|TR.|S|  GOLD|ELIXIR|  DE|L.
2015-07-09 23:49:43 : ============================= ATTACK LOG ==============================
2015-07-09 23:49:43 :                    --------  LOOT --------       ----- BONUS ------   
2015-07-09 23:49:43 :  TIME|TROP.|SEARCH|   GOLD| ELIXIR|DARK EL|TR.|S|  GOLD|ELIXIR|  DE|L.
2015-07-09 23:50:42 : ============================= ATTACK LOG ==============================
2015-07-09 23:50:42 :                    --------  LOOT --------       ----- BONUS ------   
2015-07-09 23:50:42 :  TIME|TROP.|SEARCH|   GOLD| ELIXIR|DARK EL|TR.|S|  GOLD|ELIXIR|  DE|L.
2015-07-09 23:51:51 : ============================= ATTACK LOG ==============================
2015-07-09 23:51:51 :                    --------  LOOT --------       ----- BONUS ------   
2015-07-09 23:51:51 :  TIME|TROP.|SEARCH|   GOLD| ELIXIR|DARK EL|TR.|S|  GOLD|ELIXIR|  DE|L.
2015-07-09 23:52:56 : ============================= ATTACK LOG ==============================
2015-07-09 23:52:56 :                    --------  LOOT --------       ----- BONUS ------   
2015-07-09 23:52:56 :  TIME|TROP.|SEARCH|   GOLD| ELIXIR|DARK EL|TR.|S|  GOLD|ELIXIR|  DE|L.
2015-07-09 23:54:26 : ============================= ATTACK LOG ==============================
2015-07-09 23:54:26 :                    --------  LOOT --------       ----- BONUS ------   
2015-07-09 23:54:26 :  TIME|TROP.|SEARCH|   GOLD| ELIXIR|DARK EL|TR.|S|  GOLD|ELIXIR|  DE|L.
2015-07-09 23:55:12 : ============================= ATTACK LOG ==============================
2015-07-09 23:55:12 :                    --------  LOOT --------       ----- BONUS ------   
2015-07-09 23:55:12 :  TIME|TROP.|SEARCH|   GOLD| ELIXIR|DARK EL|TR.|S|  GOLD|ELIXIR|  DE|L.
2015-07-09 23:56:21 : ============================= ATTACK LOG ==============================
2015-07-09 23:56:21 :                    --------  LOOT --------       ----- BONUS ------   
2015-07-09 23:56:21 :  TIME|TROP.|SEARCH|   GOLD| ELIXIR|DARK EL|TR.|S|  GOLD|ELIXIR|  DE|L.
2015-07-09 23:57:22 : ============================= ATTACK LOG ==============================
2015-07-09 23:57:22 :                    --------  LOOT --------       ----- BONUS ------   
2015-07-09 23:57:22 :  TIME|TROP.|SEARCH|   GOLD| ELIXIR|DARK EL|TR.|S|  GOLD|ELIXIR|  DE|L.
2015-07-09 23:58:16 : ============================= ATTACK LOG ==============================
2015-07-09 23:58:16 :                    --------  LOOT --------       ----- BONUS ------   
2015-07-09 23:58:16 :  TIME|TROP.|SEARCH|   GOLD| ELIXIR|DARK EL|TR.|S|  GOLD|ELIXIR|  DE|L.
2015-07-10 00:05:48 : ============================= ATTACK LOG ==============================
2015-07-10 00:05:48 :                    --------  LOOT --------       ----- BONUS ------   
2015-07-10 00:05:48 :  TIME|TROP.|SEARCH|   GOLD| ELIXIR|DARK EL|TR.|S|  GOLD|ELIXIR|  DE|L.
2015-07-10 00:16:45 : ============================= ATTACK LOG ==============================
2015-07-10 00:16:45 :                    --------  LOOT --------       ----- BONUS ------   
2015-07-10 00:16:45 :  TIME|TROP.|SEARCH|   GOLD| ELIXIR|DARK EL|TR.|S|  GOLD|ELIXIR|  DE|L.
2015-07-10 00:43:25 : ============================= ATTACK LOG ==============================
2015-07-10 00:43:25 :                    --------  LOOT --------       ----- BONUS ------   
2015-07-10 00:43:25 :  TIME|TROP.|SEARCH|   GOLD| ELIXIR|DARK EL|TR.|S|  GOLD|ELIXIR|  DE|L.
2015-07-10 00:55:19 : 00:55| 1005|    67|  45081|      0|      0|-18|0|     0|     0|   0|--|
2015-07-10 01:10:25 : 01:10|  987|    36| 126186| 122639|      0|  0|3|  3000|  3000|   0|S2|
2015-07-10 01:35:21 : 01:35| 1006|    82| 150493|  64473|      0|  0|3|  3000|  3000|   0|S2|
2015-07-10 02:05:38 : 02:05| 1038|   178|  27571|  30767|      0|-20|0|     0|     0|   0|--|
2015-07-10 02:08:39 : ============================= ATTACK LOG ==============================
2015-07-10 02:08:39 :                    --------  LOOT --------       ----- BONUS ------   
2015-07-10 02:08:39 :  TIME|TROP.|SEARCH|   GOLD| ELIXIR|DARK EL|TR.|S|  GOLD|ELIXIR|  DE|L.
2015-07-10 02:15:18 : ============================= ATTACK LOG ==============================
2015-07-10 02:15:18 :                    --------  LOOT --------       ----- BONUS ------   
2015-07-10 02:15:18 :  TIME|TROP.|SEARCH|   GOLD| ELIXIR|DARK EL|TR.|S|  GOLD|ELIXIR|  DE|L.
2015-07-10 02:22:33 : 02:22| 1018|     3| 155607| 154434|      0|  0|3|  3000|  3000|   0|S2|
2015-07-10 02:49:20 : 02:49| 1052|    47| 110517|  36000|      0|  0|2|  3000|  3000|   0|S2|
2015-07-10 03:10:18 : 03:10| 1074|    70| 127823|  84850|      0|  0|2|  3000|  3000|   0|S2|
2015-07-10 03:25:59 : 03:25| 1090|    15| 186125| 226707|      0|  0|2|  3000|  3000|   0|S2|
2015-07-10 03:45:17 : 03:45| 1106|    18| 101336| 185134|      0|-30|0|     0|     0|   0|--|
2015-07-10 04:03:08 : 04:03| 1076|    15|  97721| 155974|      0|  0|1|  3000|  3000|   0|S2|
2015-07-10 04:23:32 : 04:23| 1084|    17| 107574|  80669|      0|  0|2|  3000|  3000|   0|S2|
2015-07-10 04:42:46 : 04:42| 1097|    20|  54699|  74973|      0|  0|1|  3000|  3000|   0|S2|
2015-07-10 05:01:55 : 05:01| 1107|    16|      0| 184529|      0|  0|2|  3000|  3000|   0|S2|
2015-07-10 05:24:04 : 05:24| 1124|    47| 118693|  72554|      0|  0|2|  3000|  3000|   0|S2|
2015-07-10 05:40:20 : 05:40| 1133|     4|   1000| 259218|      0|  0|1|  3000|  3000|   0|S2|
2015-07-10 06:02:23 : 06:02| 1144|    38|  56921| 257018|      0|-26|0|     0|     0|   0|--|
2015-07-10 11:52:54 : ============================= ATTACK LOG ==============================
2015-07-10 11:52:54 :                    --------  LOOT --------       ----- BONUS ------   
2015-07-10 11:52:54 :  TIME|TROP.|SEARCH|   GOLD| ELIXIR|DARK EL|TR.|S|  GOLD|ELIXIR|  DE|L.
2015-07-10 12:02:14 : 12:02| 1108|    41| 174941|  63442|      0|  0|1|  3000|  3000|   0|S2|
2015-07-10 12:22:31 : 12:22| 1114|    35|  64588|  40051|      0|  0|1|  3000|  3000|   0|S2|
2015-07-10 12:45:44 : 12:45| 1124|    32| 119264| 133151|      0|-17|0|     0|     0|   0|--|
2015-07-10 13:13:54 : 13:13| 1107|   100| 121866|  55193|      0|  0|1|  3000|  3000|   0|S2|
2015-07-10 13:27:05 : 13:27| 1116|    14| 147462| 113800|      0|  0|1|  3000|  3000|   0|S2|
2015-07-10 13:46:42 : 13:46| 1121|    25|  63554|  18844|      0|  0|1|  3000|  3000|   0|S2|
2015-07-10 14:04:57 : 14:04| 1130|    10| 107622|  80838|      0|  0|1|  3000|  3000|   0|S2|
2015-07-10 14:22:57 : 14:22| 1140|     4| 101476|  52330|      0|  0|1|  3000|  3000|   0|S2|
2015-07-10 14:44:47 : 14:44| 1145|    38| 126545|  78807|      0|  0|2|  3000|  3000|   0|S2|
2015-07-10 15:01:12 : 15:01| 1164|    16|  85901|  61839|      0|-27|0|     0|     0|   0|--|
2015-07-10 15:20:09 : 15:20| 1137|    18| 105120|  21806|      0|-22|0|     0|     0|   0|--|
2015-07-10 15:44:44 : 15:44| 1115|    98| 140620|  89753|      0|  0|1|  3000|  3000|   0|S2|
2015-07-10 16:02:09 : 16:02| 1121|    79| 109904|  59990|      0|  0|1|  3000|  3000|   0|S2|
2015-07-10 16:23:56 : ============================= ATTACK LOG ==============================
2015-07-10 16:23:56 :                    --------  LOOT --------       ----- BONUS ------   
2015-07-10 16:23:56 :  TIME|TROP.|SEARCH|   GOLD| ELIXIR|DARK EL|TR.|S|  GOLD|ELIXIR|  DE|L.
2015-07-10 16:47:32 : ============================= ATTACK LOG ==============================
2015-07-10 16:47:32 :                    --------  LOOT --------       ----- BONUS ------   
2015-07-10 16:47:32 :  TIME|TROP.|SEARCH|   GOLD| ELIXIR|DARK EL|TR.|S|  GOLD|ELIXIR|  DE|L.
2015-07-10 16:52:00 : ============================= ATTACK LOG ==============================
2015-07-10 16:52:00 :                    --------  LOOT --------       ----- BONUS ------   
2015-07-10 16:52:00 :  TIME|TROP.|SEARCH|   GOLD| ELIXIR|DARK EL|TR.|S|  GOLD|ELIXIR|  DE|L.
2015-07-10 16:54:17 : ============================= ATTACK LOG ==============================
2015-07-10 16:54:17 :                    --------  LOOT --------       ----- BONUS ------   
2015-07-10 16:54:17 :  TIME|TROP.|SEARCH|   GOLD| ELIXIR|DARK EL|TR.|S|  GOLD|ELIXIR|  DE|L.
2015-07-10 16:59:12 : ============================= ATTACK LOG ==============================
2015-07-10 16:59:12 :                    --------  LOOT --------       ----- BONUS ------   
2015-07-10 16:59:12 :  TIME|TROP.|SEARCH|   GOLD| ELIXIR|DARK EL|TR.|S|  GOLD|ELIXIR|  DE|L.
2015-07-11 14:06:16 : 14:06| 1111|     1| 106355|  90773|      0|  0|1|  3000|  3000|   0|S2|
2015-07-11 14:36:21 : 14:36| 1120|   159|  88746|  60500|      0|  0|2|  3000|  3000|   0|S2|
2015-07-11 14:43:34 : 14:43| 1135|     5| 131498|  71395|      0|  0|2|  3000|  3000|   0|S2|
2015-07-11 15:06:32 : 15:06| 1147|    76|  85431| 103501|      0|  0|1|  3000|  3000|   0|S2|
2015-07-11 15:20:52 : 15:20| 1151|    27|  23002|  25778|      0|-28|0|     0|     0|   0|--|
2015-07-11 15:40:57 : 15:40| 1123|    49|  86250| 103290|      0|-20|0|     0|     0|   0|--|
2015-07-11 16:00:38 : 16:00| 1103|    76|  97585|  30095|      0|-19|0|     0|     0|   0|--|
2015-07-11 16:21:20 : 16:21| 1084|    73| 234627| 223108|      0|  0|3|  3000|  3000|   0|S2|
2015-07-11 16:34:27 : 16:34| 1099|    12| 129271|  45344|      0|  0|1|  3000|  3000|   0|S2|
2015-07-11 16:54:09 : 16:54| 1103|    38|  95722|  31614|      0|-28|0|     0|     0|   0|--|
2015-07-11 17:17:39 : 17:17| 1075|    65|  75500|  70000|      0|-19|0|     0|     0|   0|--|
2015-07-11 17:41:44 : 17:41| 1056|   105| 187991|  29841|      0|  0|1|  3000|  3000|   0|S2|
2015-07-11 17:44:55 : ============================= ATTACK LOG ==============================
2015-07-11 17:44:55 :                    --------  LOOT --------       ----- BONUS ------   
2015-07-11 17:44:55 :  TIME|TROP.|SEARCH|   GOLD| ELIXIR|DARK EL|TR.|S|  GOLD|ELIXIR|  DE|L.
2015-07-12 03:32:51 : ============================= ATTACK LOG ==============================
2015-07-12 03:32:51 :                    --------  LOOT --------       ----- BONUS ------   
2015-07-12 03:32:51 :  TIME|TROP.|SEARCH|   GOLD| ELIXIR|DARK EL|TR.|S|  GOLD|ELIXIR|  DE|L.
2015-07-12 04:05:06 : ============================= ATTACK LOG ==============================
2015-07-12 04:05:06 :                    --------  LOOT --------       ----- BONUS ------   
2015-07-12 04:05:06 :  TIME|TROP.|SEARCH|   GOLD| ELIXIR|DARK EL|TR.|S|  GOLD|ELIXIR|  DE|L.
2015-07-12 13:27:13 : ============================= ATTACK LOG ==============================
2015-07-12 13:27:13 :                    --------  LOOT --------       ----- BONUS ------   
2015-07-12 13:27:13 :  TIME|TROP.|SEARCH|   GOLD| ELIXIR|DARK EL|TR.|S|  GOLD|ELIXIR|  DE|L.
2015-07-12 13:45:23 : 13:45| 1083|    49| 103983|  38798|      0|-17|0|     0|     0|   0|--|
2015-07-12 14:05:52 : 14:05| 1066|    82| 148403| 138224|      0|  0|2|  3000|  3000|   0|S2|
2015-07-12 14:19:26 : 14:19| 1084|    28| 159460|  68367|      0|  0|1|  3000|  3000|   0|S2|
2015-07-12 14:43:59 : 14:43| 1091|   114| 154562|  85762|      0|  0|1|  3000|  3000|   0|S2|
2015-07-12 14:45:10 : ============================= ATTACK LOG ==============================
2015-07-12 14:45:10 :                    --------  LOOT --------       ----- BONUS ------   
2015-07-12 14:45:10 :  TIME|TROP.|SEARCH|   GOLD| ELIXIR|DARK EL|TR.|S|  GOLD|ELIXIR|  DE|L.
2015-07-12 14:54:59 : ============================= ATTACK LOG ==============================
2015-07-12 14:54:59 :                    --------  LOOT --------       ----- BONUS ------   
2015-07-12 14:54:59 :  TIME|TROP.|SEARCH|   GOLD| ELIXIR|DARK EL|TR.|S|  GOLD|ELIXIR|  DE|L.
2015-07-12 16:08:22 : ============================= ATTACK LOG ==============================
2015-07-12 16:08:22 :                    --------  LOOT --------       ----- BONUS ------   
2015-07-12 16:08:22 :  TIME|TROP.|SEARCH|   GOLD| ELIXIR|DARK EL|TR.|S|  GOLD|ELIXIR|  DE|L.
2015-07-13 17:19:02 : 17:19| 1118|    19| 258736| 269043|      9|-22|0|     0|     0|   0|--|
2015-07-13 17:22:52 : ============================= ATTACK LOG ==============================
2015-07-13 17:22:52 :                    --------  LOOT --------       ----- BONUS ------   
2015-07-13 17:22:52 :  TIME|TROP.|SEARCH|   GOLD| ELIXIR|DARK EL|TR.|S|  GOLD|ELIXIR|  DE|L.
2015-07-13 17:31:22 : ============================= ATTACK LOG ==============================
2015-07-13 17:31:22 :                    --------  LOOT --------       ----- BONUS ------   
2015-07-13 17:31:22 :  TIME|TROP.|SEARCH|   GOLD| ELIXIR|DARK EL|TR.|S|  GOLD|ELIXIR|  DE|L.
2015-07-13 17:44:08 : 17:44| 1096|    39|  58790|  56368|     46|-25|0|     0|     0|   0|--|
2015-07-13 18:01:57 : 18:01| 1071|    36| 121177|  36510|      0|  0|2|  3000|  3000|   0|S2|
2015-07-13 18:19:24 : 18:19| 1085|    16| 108462|  27412|      0|-23|0|     0|     0|   0|--|
2015-07-13 18:38:08 : 18:38| 1062|     8| 178534|  38724|      0|-22|0|     0|     0|   0|--|
2015-07-13 19:00:42 : 19:00| 1040|    50| 211899|      0|      6|-17|0|     0|     0|   0|--|
2015-07-13 19:19:29 : 19:19| 1023|    34| 161847|  55333|      0|  0|1|  3000|  3000|   0|S2|
2015-07-13 19:38:30 : 19:38| 1033|    32| 137388|  77007|      0|-19|0|     0|     0|   0|--|
2015-07-13 19:56:11 : 19:56| 1014|     9| 107716|  57598|      0|-19|0|     0|     0|   0|--|
2015-07-13 20:19:39 : 20:19|  995|    55| 104493|  62286|      0|  0|3|  3000|  3000|   0|S2|
2015-07-13 20:35:01 : 20:35| 1014|     5| 240932|  84645|      0|  0|1|  3000|  3000|   0|S2|
2015-07-13 20:57:31 : 20:57| 1025|    42| 163993| 129778|      0|  0|2|  3000|  3000|   0|S2|
